  2025-03-02 20:41:41 App\Jobs\FundRequestCallbackJob ................ RUNNING
  2025-03-02 20:41:41 App\Jobs\FundRequestCallbackJob  2025-03-02 20:41:41 App\Jobs\FundRequestCallbackJob ................ RUNNING
 ................ RUNNING
  2025-03-02 20:41:41 App\Jobs\FundRequestCallbackJob ................ RUNNING
  2025-03-02 20:41:41 App\Jobs\FundRequestCallbackJob .......... 238.01ms DONE
  2025-03-02 20:41:41 App\Jobs\FundRequestCallbackJob  2025-03-02 20:41:41 App\Jobs\FundRequestCallbackJob .......... 239.46ms DONE
 .......... 239.57ms DONE
  2025-03-02 20:41:41 App\Jobs\FundRequestCallbackJob .......... 235.44ms DONE
  2025-03-02 20:41:41 App\Jobs\FundRequestCallbackJob  2025-03-02 20:41:41 App\Jobs\FundRequestCallbackJob  2025-03-02 20:41:41 App\Jobs\FundRequestCallbackJob ................ RUNNING
 ................ RUNNING
 ................ RUNNING
  2025-03-02 20:41:41 App\Jobs\FundRequestCallbackJob ................ RUNNING
  2025-03-02 20:41:41 App\Jobs\FundRequestCallbackJob .......... 212.87ms DONE
  2025-03-02 20:41:41 App\Jobs\FundRequestCallbackJob .......... 215.99ms DONE
  2025-03-02 20:41:41 App\Jobs\FundRequestCallbackJob .......... 215.98ms DONE
  2025-03-02 20:41:41 App\Jobs\FundRequestCallbackJob ................ RUNNING
  2025-03-02 20:41:41 App\Jobs\FundRequestCallbackJob ................ RUNNING
  2025-03-02 20:41:41 App\Jobs\FundRequestCallbackJob ................ RUNNING
  2025-03-02 20:41:41 App\Jobs\FundRequestCallbackJob .......... 227.97ms DONE
  2025-03-02 20:41:41 App\Jobs\FundRequestCallbackJob ................ RUNNING
  2025-03-02 20:41:41 App\Jobs\FundRequestCallbackJob .......... 213.14ms DONE
  2025-03-02 20:41:41 App\Jobs\FundRequestCallbackJob .......... 212.18ms DONE
  2025-03-02 20:41:41 App\Jobs\FundRequestCallbackJob .......... 221.42ms DONE
  2025-03-02 20:41:41 App\Jobs\FundRequestCallbackJob ................ RUNNING
  2025-03-02 20:41:41 App\Jobs\FundRequestCallbackJob ................ RUNNING
  2025-03-02 20:41:41 App\Jobs\FundRequestCallbackJob ................ RUNNING
  2025-03-02 20:41:41 App\Jobs\FundRequestCallbackJob .......... 223.27ms DONE
  2025-03-02 20:41:41 App\Jobs\FundRequestCallbackJob ................ RUNNING
  2025-03-02 20:41:42 App\Jobs\FundRequestCallbackJob .......... 213.62ms DONE
  2025-03-02 20:41:42 App\Jobs\FundRequestCallbackJob .......... 231.94ms DONE
  2025-03-02 20:41:42 App\Jobs\FundRequestCallbackJob .......... 224.20ms DONE
  2025-03-02 20:41:42 App\Jobs\FundRequestCallbackJob ................ RUNNING
  2025-03-02 20:41:42 App\Jobs\FundRequestCallbackJob .......... 217.84ms DONE
  2025-03-02 20:41:42 App\Jobs\FundRequestCallbackJob ................ RUNNING
  2025-03-02 20:41:42 App\Jobs\FundRequestCallbackJob ................ RUNNING
  2025-03-02 20:41:42 App\Jobs\FundRequestCallbackJob ................ RUNNING
  2025-03-02 20:41:42 App\Jobs\FundRequestCallbackJob .......... 224.63ms DONE
  2025-03-02 20:41:42 App\Jobs\FundRequestCallbackJob .......... 216.81ms DONE
  2025-03-02 20:41:42 App\Jobs\FundRequestCallbackJob .......... 219.93ms DONE
  2025-03-02 20:41:42 App\Jobs\FundRequestCallbackJob ................ RUNNING
  2025-03-02 20:41:42 App\Jobs\FundRequestCallbackJob ................ RUNNING
  2025-03-02 20:41:42 App\Jobs\FundRequestCallbackJob ................ RUNNING
  2025-03-02 20:41:42 App\Jobs\FundRequestCallbackJob .......... 222.28ms DONE
  2025-03-02 20:41:42 App\Jobs\FundRequestCallbackJob ................ RUNNING
  2025-03-02 20:41:42 App\Jobs\FundRequestCallbackJob .......... 214.75ms DONE
  2025-03-02 20:41:42 App\Jobs\FundRequestCallbackJob .......... 215.34ms DONE
  2025-03-02 20:41:42 App\Jobs\FundRequestCallbackJob ................ RUNNING
  2025-03-02 20:41:42 App\Jobs\FundRequestCallbackJob .......... 226.09ms DONE
  2025-03-02 20:41:42 App\Jobs\FundRequestCallbackJob .......... 215.32ms DONE
  2025-03-02 20:41:42 App\Jobs\FundRequestCallbackJob .......... 214.96ms DONE
  2025-03-02 20:46:03 App\Jobs\FundRequestCallbackJob ................ RUNNING
  2025-03-02 20:46:04 App\Jobs\FundRequestCallbackJob .......... 215.54ms DONE
  2025-03-02 20:46:06 App\Jobs\FundRequestCallbackJob ................ RUNNING
  2025-03-02 20:46:06 App\Jobs\FundRequestCallbackJob ................ RUNNING
  2025-03-02 20:46:07 App\Jobs\FundRequestCallbackJob .......... 215.75ms DONE
  2025-03-02 20:46:07 App\Jobs\FundRequestCallbackJob .......... 214.25ms DONE
  2025-03-05 16:02:03 App\Jobs\FundRequestCallbackJob ................ RUNNING
  2025-03-05 16:02:04 App\Jobs\FundRequestCallbackJob .......... 490.11ms DONE
  2025-03-05 16:10:04 App\Jobs\FundRequestCallbackJob ................ RUNNING
  2025-03-05 16:10:04 App\Jobs\FundRequestCallbackJob .......... 517.73ms DONE
  2025-03-05 16:38:05 App\Jobs\FundRequestCallbackJob ................ RUNNING
  2025-03-05 16:38:05 App\Jobs\FundRequestCallbackJob .......... 481.68ms DONE
  2025-03-05 17:04:03 App\Jobs\FundRequestCallbackJob ................ RUNNING
  2025-03-05 17:04:04 App\Jobs\FundRequestCallbackJob .......... 463.76ms DONE
  2025-03-05 18:43:22 App\Jobs\FundRequestCallbackJob ................ RUNNING
  2025-03-05 18:43:23 App\Jobs\FundRequestCallbackJob .......... 479.48ms DONE
  2025-03-05 19:02:05 App\Jobs\FundRequestCallbackJob ................ RUNNING
  2025-03-05 19:02:05 App\Jobs\FundRequestCallbackJob .......... 456.76ms DONE
  2025-03-05 21:43:23 App\Jobs\FundRequestCallbackJob ................ RUNNING
  2025-03-05 21:43:24 App\Jobs\FundRequestCallbackJob .......... 516.55ms DONE
  2025-03-05 22:44:05 App\Jobs\FundRequestCallbackJob ................ RUNNING
  2025-03-05 22:44:05 App\Jobs\FundRequestCallbackJob .......... 441.19ms DONE
  2025-03-06 00:26:03 App\Jobs\FundRequestCallbackJob ................ RUNNING
  2025-03-06 00:26:04 App\Jobs\FundRequestCallbackJob .......... 459.07ms DONE
  2025-03-06 00:56:03 App\Jobs\FundRequestCallbackJob ................ RUNNING
  2025-03-06 00:56:04 App\Jobs\FundRequestCallbackJob .......... 314.19ms DONE
