[2025-03-28 00:02:01] production.INFO: Scheduler Now working  
[2025-03-28 00:04:02] production.INFO: Scheduler Now working  
[2025-03-28 00:06:01] production.INFO: Scheduler Now working  
[2025-03-28 00:06:53] production.INFO: Scheduler Now working  
[2025-03-28 00:08:01] production.INFO: Scheduler Now working  
[2025-03-28 00:10:01] production.INFO: Scheduler Now working  
[2025-03-28 00:12:02] production.INFO: Scheduler Now working  
[2025-03-28 00:14:01] production.INFO: Scheduler Now working  
[2025-03-28 00:16:01] production.INFO: Scheduler Now working  
[2025-03-28 00:18:02] production.INFO: Scheduler Now working  
[2025-03-28 00:20:01] production.INFO: Scheduler Now working  
[2025-03-28 00:22:01] production.INFO: Scheduler Now working  
[2025-03-28 00:24:02] production.INFO: Scheduler Now working  
[2025-03-28 00:26:01] production.INFO: Scheduler Now working  
[2025-03-28 00:28:02] production.INFO: Scheduler Now working  
[2025-03-28 00:32:02] production.INFO: Scheduler Now working  
[2025-03-28 00:34:01] production.INFO: Scheduler Now working  
[2025-03-28 00:36:01] production.INFO: Scheduler Now working  
[2025-03-28 00:36:47] production.INFO: Scheduler Now working  
[2025-03-28 00:38:01] production.INFO: Scheduler Now working  
[2025-03-28 00:40:02] production.INFO: Scheduler Now working  
[2025-03-28 00:42:01] production.INFO: Scheduler Now working  
[2025-03-28 00:44:01] production.INFO: Scheduler Now working  
[2025-03-28 00:46:02] production.INFO: Scheduler Now working  
[2025-03-28 00:48:01] production.INFO: Scheduler Now working  
[2025-03-28 00:50:02] production.INFO: Scheduler Now working  
[2025-03-28 00:52:02] production.INFO: Scheduler Now working  
[2025-03-28 00:54:01] production.INFO: Scheduler Now working  
[2025-03-28 00:56:02] production.INFO: Scheduler Now working  
[2025-03-28 00:58:01] production.INFO: Scheduler Now working  
[2025-03-28 01:02:01] production.INFO: Scheduler Now working  
[2025-03-28 01:04:02] production.INFO: Scheduler Now working  
[2025-03-28 01:06:02] production.INFO: Scheduler Now working  
[2025-03-28 01:06:45] production.INFO: Scheduler Now working  
[2025-03-28 01:08:02] production.INFO: Scheduler Now working  
[2025-03-28 01:10:01] production.INFO: Scheduler Now working  
[2025-03-28 01:12:02] production.INFO: Scheduler Now working  
[2025-03-28 01:14:01] production.INFO: Scheduler Now working  
[2025-03-28 01:16:01] production.INFO: Scheduler Now working  
[2025-03-28 01:18:02] production.INFO: Scheduler Now working  
[2025-03-28 01:20:01] production.INFO: Scheduler Now working  
[2025-03-28 01:22:01] production.INFO: Scheduler Now working  
[2025-03-28 01:24:02] production.INFO: Scheduler Now working  
[2025-03-28 01:26:01] production.INFO: Scheduler Now working  
[2025-03-28 01:28:01] production.INFO: Scheduler Now working  
[2025-03-28 01:32:02] production.INFO: Scheduler Now working  
[2025-03-28 01:34:01] production.INFO: Scheduler Now working  
[2025-03-28 01:36:01] production.INFO: Scheduler Now working  
[2025-03-28 01:36:44] production.INFO: Scheduler Now working  
[2025-03-28 01:38:01] production.INFO: Scheduler Now working  
[2025-03-28 01:40:01] production.INFO: Scheduler Now working  
[2025-03-28 01:42:02] production.INFO: Scheduler Now working  
[2025-03-28 01:44:01] production.INFO: Scheduler Now working  
[2025-03-28 01:46:02] production.INFO: Scheduler Now working  
[2025-03-28 01:48:01] production.INFO: Scheduler Now working  
[2025-03-28 01:50:01] production.INFO: Scheduler Now working  
[2025-03-28 01:52:02] production.INFO: Scheduler Now working  
[2025-03-28 01:54:01] production.INFO: Scheduler Now working  
[2025-03-28 01:56:01] production.INFO: Scheduler Now working  
[2025-03-28 01:58:02] production.INFO: Scheduler Now working  
[2025-03-28 02:02:01] production.INFO: Scheduler Now working  
[2025-03-28 02:04:01] production.INFO: Scheduler Now working  
[2025-03-28 02:06:02] production.INFO: Scheduler Now working  
[2025-03-28 02:06:44] production.INFO: Scheduler Now working  
[2025-03-28 02:08:01] production.INFO: Scheduler Now working  
[2025-03-28 02:10:02] production.INFO: Scheduler Now working  
[2025-03-28 02:12:01] production.INFO: Scheduler Now working  
[2025-03-28 02:14:01] production.INFO: Scheduler Now working  
[2025-03-28 02:16:02] production.INFO: Scheduler Now working  
[2025-03-28 02:18:01] production.INFO: Scheduler Now working  
[2025-03-28 02:20:02] production.INFO: Scheduler Now working  
[2025-03-28 02:22:01] production.INFO: Scheduler Now working  
[2025-03-28 02:24:01] production.INFO: Scheduler Now working  
[2025-03-28 02:26:02] production.INFO: Scheduler Now working  
[2025-03-28 02:28:01] production.INFO: Scheduler Now working  
[2025-03-28 02:32:01] production.INFO: Scheduler Now working  
[2025-03-28 02:34:02] production.INFO: Scheduler Now working  
[2025-03-28 02:36:01] production.INFO: Scheduler Now working  
[2025-03-28 02:36:44] production.INFO: Scheduler Now working  
[2025-03-28 02:38:01] production.INFO: Scheduler Now working  
[2025-03-28 02:40:02] production.INFO: Scheduler Now working  
[2025-03-28 02:42:01] production.INFO: Scheduler Now working  
[2025-03-28 02:44:02] production.INFO: Scheduler Now working  
[2025-03-28 02:46:01] production.INFO: Scheduler Now working  
[2025-03-28 02:48:01] production.INFO: Scheduler Now working  
[2025-03-28 02:50:02] production.INFO: Scheduler Now working  
[2025-03-28 02:52:01] production.INFO: Scheduler Now working  
[2025-03-28 02:54:01] production.INFO: Scheduler Now working  
[2025-03-28 02:56:02] production.INFO: Scheduler Now working  
[2025-03-28 02:58:01] production.INFO: Scheduler Now working  
[2025-03-28 03:02:01] production.INFO: Scheduler Now working  
[2025-03-28 03:04:02] production.INFO: Scheduler Now working  
[2025-03-28 03:06:01] production.INFO: Scheduler Now working  
[2025-03-28 03:06:40] production.INFO: Scheduler Now working  
[2025-03-28 03:08:01] production.INFO: Scheduler Now working  
[2025-03-28 03:10:02] production.INFO: Scheduler Now working  
[2025-03-28 03:12:01] production.INFO: Scheduler Now working  
[2025-03-28 03:14:01] production.INFO: Scheduler Now working  
[2025-03-28 03:16:02] production.INFO: Scheduler Now working  
[2025-03-28 03:18:01] production.INFO: Scheduler Now working  
[2025-03-28 03:20:02] production.INFO: Scheduler Now working  
[2025-03-28 03:22:02] production.INFO: Scheduler Now working  
[2025-03-28 03:24:01] production.INFO: Scheduler Now working  
[2025-03-28 03:26:02] production.INFO: Scheduler Now working  
[2025-03-28 03:28:01] production.INFO: Scheduler Now working  
[2025-03-28 03:32:01] production.INFO: Scheduler Now working  
[2025-03-28 03:34:02] production.INFO: Scheduler Now working  
[2025-03-28 03:36:02] production.INFO: Scheduler Now working  
[2025-03-28 03:36:43] production.INFO: Scheduler Now working  
[2025-03-28 03:38:01] production.INFO: Scheduler Now working  
[2025-03-28 03:40:01] production.INFO: Scheduler Now working  
[2025-03-28 03:42:02] production.INFO: Scheduler Now working  
[2025-03-28 03:44:01] production.INFO: Scheduler Now working  
[2025-03-28 03:46:01] production.INFO: Scheduler Now working  
[2025-03-28 03:48:02] production.INFO: Scheduler Now working  
[2025-03-28 03:50:01] production.INFO: Scheduler Now working  
[2025-03-28 03:52:01] production.INFO: Scheduler Now working  
[2025-03-28 03:54:02] production.INFO: Scheduler Now working  
[2025-03-28 03:56:01] production.INFO: Scheduler Now working  
[2025-03-28 03:58:02] production.INFO: Scheduler Now working  
[2025-03-28 04:02:02] production.INFO: Scheduler Now working  
[2025-03-28 04:04:01] production.INFO: Scheduler Now working  
[2025-03-28 04:06:01] production.INFO: Scheduler Now working  
[2025-03-28 04:06:40] production.INFO: Scheduler Now working  
[2025-03-28 04:08:02] production.INFO: Scheduler Now working  
[2025-03-28 04:10:01] production.INFO: Scheduler Now working  
[2025-03-28 04:12:01] production.INFO: Scheduler Now working  
[2025-03-28 04:14:02] production.INFO: Scheduler Now working  
[2025-03-28 04:16:01] production.INFO: Scheduler Now working  
[2025-03-28 04:18:01] production.INFO: Scheduler Now working  
[2025-03-28 04:20:02] production.INFO: Scheduler Now working  
[2025-03-28 04:22:01] production.INFO: Scheduler Now working  
[2025-03-28 04:24:01] production.INFO: Scheduler Now working  
[2025-03-28 04:26:02] production.INFO: Scheduler Now working  
[2025-03-28 04:28:01] production.INFO: Scheduler Now working  
[2025-03-28 04:32:01] production.INFO: Scheduler Now working  
[2025-03-28 04:34:02] production.INFO: Scheduler Now working  
[2025-03-28 04:36:01] production.INFO: Scheduler Now working  
[2025-03-28 04:36:41] production.INFO: Scheduler Now working  
[2025-03-28 04:38:02] production.INFO: Scheduler Now working  
[2025-03-28 04:40:01] production.INFO: Scheduler Now working  
[2025-03-28 04:42:01] production.INFO: Scheduler Now working  
[2025-03-28 04:44:02] production.INFO: Scheduler Now working  
[2025-03-28 04:46:01] production.INFO: Scheduler Now working  
[2025-03-28 04:48:01] production.INFO: Scheduler Now working  
[2025-03-28 04:50:02] production.INFO: Scheduler Now working  
[2025-03-28 04:52:01] production.INFO: Scheduler Now working  
[2025-03-28 04:54:01] production.INFO: Scheduler Now working  
[2025-03-28 04:56:02] production.INFO: Scheduler Now working  
[2025-03-28 04:58:01] production.INFO: Scheduler Now working  
[2025-03-28 05:02:01] production.INFO: Scheduler Now working  
[2025-03-28 05:04:02] production.INFO: Scheduler Now working  
[2025-03-28 05:06:01] production.INFO: Scheduler Now working  
[2025-03-28 05:06:40] production.INFO: Scheduler Now working  
[2025-03-28 05:06:41] production.ERROR: SQLSTATE[23000]: Integrity constraint violation: 1048 Column 'payment_id' cannot be null (Connection: mysql, SQL: insert into `successful_payment_collections` (`user_id`, `payment_id`, `order_amount`, `amount`, `charges`, `gst`, `updated_at`, `created_at`) values (2, ?, 799, 780.1436, 15.98, 2.8764, 2025-03-28 05:06:41, 2025-03-28 05:06:41)) {"exception":"[object] (Illuminate\\Database\\QueryException(code: 23000): SQLSTATE[23000]: Integrity constraint violation: 1048 Column 'payment_id' cannot be null (Connection: mysql, SQL: insert into `successful_payment_collections` (`user_id`, `payment_id`, `order_amount`, `amount`, `charges`, `gst`, `updated_at`, `created_at`) values (2, ?, 799, 780.1436, 15.98, 2.8764, 2025-03-28 05:06:41, 2025-03-28 05:06:41)) at /var/www/groscope/vendor/laravel/framework/src/Illuminate/Database/Connection.php:829)
[stacktrace]
#0 /var/www/groscope/vendor/laravel/framework/src/Illuminate/Database/Connection.php(783): Illuminate\\Database\\Connection->runQueryCallback()
#1 /var/www/groscope/vendor/laravel/framework/src/Illuminate/Database/MySqlConnection.php(34): Illuminate\\Database\\Connection->run()
#2 /var/www/groscope/vendor/laravel/framework/src/Illuminate/Database/Query/Processors/MySqlProcessor.php(35): Illuminate\\Database\\MySqlConnection->insert()
#3 /var/www/groscope/vendor/laravel/framework/src/Illuminate/Database/Query/Builder.php(3549): Illuminate\\Database\\Query\\Processors\\MySqlProcessor->processInsertGetId()
#4 /var/www/groscope/vendor/laravel/framework/src/Illuminate/Database/Eloquent/Builder.php(1982): Illuminate\\Database\\Query\\Builder->insertGetId()
#5 /var/www/groscope/vendor/laravel/framework/src/Illuminate/Database/Eloquent/Model.php(1334): Illuminate\\Database\\Eloquent\\Builder->__call()
#6 /var/www/groscope/vendor/laravel/framework/src/Illuminate/Database/Eloquent/Model.php(1299): Illuminate\\Database\\Eloquent\\Model->insertAndSetId()
#7 /var/www/groscope/vendor/laravel/framework/src/Illuminate/Database/Eloquent/Model.php(1138): Illuminate\\Database\\Eloquent\\Model->performInsert()
#8 /var/www/groscope/vendor/laravel/framework/src/Illuminate/Database/Eloquent/Builder.php(1025): Illuminate\\Database\\Eloquent\\Model->save()
#9 /var/www/groscope/vendor/laravel/framework/src/Illuminate/Support/helpers.php(320): Illuminate\\Database\\Eloquent\\Builder->Illuminate\\Database\\Eloquent\\{closure}()
#10 /var/www/groscope/vendor/laravel/framework/src/Illuminate/Database/Eloquent/Builder.php(1024): tap()
#11 /var/www/groscope/vendor/laravel/framework/src/Illuminate/Support/Traits/ForwardsCalls.php(23): Illuminate\\Database\\Eloquent\\Builder->create()
#12 /var/www/groscope/vendor/laravel/framework/src/Illuminate/Database/Eloquent/Model.php(2335): Illuminate\\Database\\Eloquent\\Model->forwardCallTo()
#13 /var/www/groscope/vendor/laravel/framework/src/Illuminate/Database/Eloquent/Model.php(2347): Illuminate\\Database\\Eloquent\\Model->__call()
#14 /var/www/groscope/app/Console/Commands/GetSuccessfullyPaymentCollectionCommand.php(33): Illuminate\\Database\\Eloquent\\Model::__callStatic()
#15 /var/www/groscope/vendor/laravel/framework/src/Illuminate/Container/BoundMethod.php(36): App\\Console\\Commands\\GetSuccessfullyPaymentCollectionCommand->handle()
#16 /var/www/groscope/vendor/laravel/framework/src/Illuminate/Container/Util.php(41): Illuminate\\Container\\BoundMethod::Illuminate\\Container\\{closure}()
#17 /var/www/groscope/vendor/laravel/framework/src/Illuminate/Container/BoundMethod.php(93): Illuminate\\Container\\Util::unwrapIfClosure()
#18 /var/www/groscope/vendor/laravel/framework/src/Illuminate/Container/BoundMethod.php(35): Illuminate\\Container\\BoundMethod::callBoundMethod()
#19 /var/www/groscope/vendor/laravel/framework/src/Illuminate/Container/Container.php(662): Illuminate\\Container\\BoundMethod::call()
#20 /var/www/groscope/vendor/laravel/framework/src/Illuminate/Console/Command.php(211): Illuminate\\Container\\Container->call()
#21 /var/www/groscope/vendor/symfony/console/Command/Command.php(326): Illuminate\\Console\\Command->execute()
#22 /var/www/groscope/vendor/laravel/framework/src/Illuminate/Console/Command.php(180): Symfony\\Component\\Console\\Command\\Command->run()
#23 /var/www/groscope/vendor/symfony/console/Application.php(1096): Illuminate\\Console\\Command->run()
#24 /var/www/groscope/vendor/symfony/console/Application.php(324): Symfony\\Component\\Console\\Application->doRunCommand()
#25 /var/www/groscope/vendor/symfony/console/Application.php(175): Symfony\\Component\\Console\\Application->doRun()
#26 /var/www/groscope/vendor/laravel/framework/src/Illuminate/Foundation/Console/Kernel.php(201): Symfony\\Component\\Console\\Application->run()
#27 /var/www/groscope/artisan(35): Illuminate\\Foundation\\Console\\Kernel->handle()
#28 {main}

[previous exception] [object] (PDOException(code: 23000): SQLSTATE[23000]: Integrity constraint violation: 1048 Column 'payment_id' cannot be null at /var/www/groscope/vendor/laravel/framework/src/Illuminate/Database/MySqlConnection.php:45)
[stacktrace]
#0 /var/www/groscope/vendor/laravel/framework/src/Illuminate/Database/MySqlConnection.php(45): PDOStatement->execute()
#1 /var/www/groscope/vendor/laravel/framework/src/Illuminate/Database/Connection.php(816): Illuminate\\Database\\MySqlConnection->Illuminate\\Database\\{closure}()
#2 /var/www/groscope/vendor/laravel/framework/src/Illuminate/Database/Connection.php(783): Illuminate\\Database\\Connection->runQueryCallback()
#3 /var/www/groscope/vendor/laravel/framework/src/Illuminate/Database/MySqlConnection.php(34): Illuminate\\Database\\Connection->run()
#4 /var/www/groscope/vendor/laravel/framework/src/Illuminate/Database/Query/Processors/MySqlProcessor.php(35): Illuminate\\Database\\MySqlConnection->insert()
#5 /var/www/groscope/vendor/laravel/framework/src/Illuminate/Database/Query/Builder.php(3549): Illuminate\\Database\\Query\\Processors\\MySqlProcessor->processInsertGetId()
#6 /var/www/groscope/vendor/laravel/framework/src/Illuminate/Database/Eloquent/Builder.php(1982): Illuminate\\Database\\Query\\Builder->insertGetId()
#7 /var/www/groscope/vendor/laravel/framework/src/Illuminate/Database/Eloquent/Model.php(1334): Illuminate\\Database\\Eloquent\\Builder->__call()
#8 /var/www/groscope/vendor/laravel/framework/src/Illuminate/Database/Eloquent/Model.php(1299): Illuminate\\Database\\Eloquent\\Model->insertAndSetId()
#9 /var/www/groscope/vendor/laravel/framework/src/Illuminate/Database/Eloquent/Model.php(1138): Illuminate\\Database\\Eloquent\\Model->performInsert()
#10 /var/www/groscope/vendor/laravel/framework/src/Illuminate/Database/Eloquent/Builder.php(1025): Illuminate\\Database\\Eloquent\\Model->save()
#11 /var/www/groscope/vendor/laravel/framework/src/Illuminate/Support/helpers.php(320): Illuminate\\Database\\Eloquent\\Builder->Illuminate\\Database\\Eloquent\\{closure}()
#12 /var/www/groscope/vendor/laravel/framework/src/Illuminate/Database/Eloquent/Builder.php(1024): tap()
#13 /var/www/groscope/vendor/laravel/framework/src/Illuminate/Support/Traits/ForwardsCalls.php(23): Illuminate\\Database\\Eloquent\\Builder->create()
#14 /var/www/groscope/vendor/laravel/framework/src/Illuminate/Database/Eloquent/Model.php(2335): Illuminate\\Database\\Eloquent\\Model->forwardCallTo()
#15 /var/www/groscope/vendor/laravel/framework/src/Illuminate/Database/Eloquent/Model.php(2347): Illuminate\\Database\\Eloquent\\Model->__call()
#16 /var/www/groscope/app/Console/Commands/GetSuccessfullyPaymentCollectionCommand.php(33): Illuminate\\Database\\Eloquent\\Model::__callStatic()
#17 /var/www/groscope/vendor/laravel/framework/src/Illuminate/Container/BoundMethod.php(36): App\\Console\\Commands\\GetSuccessfullyPaymentCollectionCommand->handle()
#18 /var/www/groscope/vendor/laravel/framework/src/Illuminate/Container/Util.php(41): Illuminate\\Container\\BoundMethod::Illuminate\\Container\\{closure}()
#19 /var/www/groscope/vendor/laravel/framework/src/Illuminate/Container/BoundMethod.php(93): Illuminate\\Container\\Util::unwrapIfClosure()
#20 /var/www/groscope/vendor/laravel/framework/src/Illuminate/Container/BoundMethod.php(35): Illuminate\\Container\\BoundMethod::callBoundMethod()
#21 /var/www/groscope/vendor/laravel/framework/src/Illuminate/Container/Container.php(662): Illuminate\\Container\\BoundMethod::call()
#22 /var/www/groscope/vendor/laravel/framework/src/Illuminate/Console/Command.php(211): Illuminate\\Container\\Container->call()
#23 /var/www/groscope/vendor/symfony/console/Command/Command.php(326): Illuminate\\Console\\Command->execute()
#24 /var/www/groscope/vendor/laravel/framework/src/Illuminate/Console/Command.php(180): Symfony\\Component\\Console\\Command\\Command->run()
#25 /var/www/groscope/vendor/symfony/console/Application.php(1096): Illuminate\\Console\\Command->run()
#26 /var/www/groscope/vendor/symfony/console/Application.php(324): Symfony\\Component\\Console\\Application->doRunCommand()
#27 /var/www/groscope/vendor/symfony/console/Application.php(175): Symfony\\Component\\Console\\Application->doRun()
#28 /var/www/groscope/vendor/laravel/framework/src/Illuminate/Foundation/Console/Kernel.php(201): Symfony\\Component\\Console\\Application->run()
#29 /var/www/groscope/artisan(35): Illuminate\\Foundation\\Console\\Kernel->handle()
#30 {main}
"} 
[2025-03-28 05:08:02] production.INFO: Scheduler Now working  
[2025-03-28 05:10:01] production.INFO: Scheduler Now working  
[2025-03-28 05:12:01] production.INFO: Scheduler Now working  
[2025-03-28 05:14:02] production.INFO: Scheduler Now working  
[2025-03-28 05:16:01] production.INFO: Scheduler Now working  
[2025-03-28 05:18:02] production.INFO: Scheduler Now working  
[2025-03-28 05:20:01] production.INFO: Scheduler Now working  
[2025-03-28 05:22:01] production.INFO: Scheduler Now working  
[2025-03-28 05:24:02] production.INFO: Scheduler Now working  
[2025-03-28 05:26:01] production.INFO: Scheduler Now working  
[2025-03-28 05:28:01] production.INFO: Scheduler Now working  
[2025-03-28 05:32:02] production.INFO: Scheduler Now working  
[2025-03-28 05:34:01] production.INFO: Scheduler Now working  
[2025-03-28 05:36:01] production.INFO: Scheduler Now working  
[2025-03-28 05:36:49] production.INFO: Scheduler Now working  
[2025-03-28 05:38:02] production.INFO: Scheduler Now working  
[2025-03-28 05:40:01] production.INFO: Scheduler Now working  
[2025-03-28 05:42:01] production.INFO: Scheduler Now working  
[2025-03-28 05:44:02] production.INFO: Scheduler Now working  
[2025-03-28 05:46:01] production.INFO: Scheduler Now working  
[2025-03-28 05:48:01] production.INFO: Scheduler Now working  
[2025-03-28 05:50:02] production.INFO: Scheduler Now working  
[2025-03-28 05:52:01] production.INFO: Scheduler Now working  
[2025-03-28 05:54:02] production.INFO: Scheduler Now working  
[2025-03-28 05:56:01] production.INFO: Scheduler Now working  
[2025-03-28 05:58:01] production.INFO: Scheduler Now working  
[2025-03-28 06:02:02] production.INFO: Scheduler Now working  
[2025-03-28 06:04:01] production.INFO: Scheduler Now working  
[2025-03-28 06:06:01] production.INFO: Scheduler Now working  
[2025-03-28 06:06:39] production.INFO: Scheduler Now working  
[2025-03-28 06:08:01] production.INFO: Scheduler Now working  
[2025-03-28 06:10:02] production.INFO: Scheduler Now working  
[2025-03-28 06:12:01] production.INFO: Scheduler Now working  
[2025-03-28 06:14:01] production.INFO: Scheduler Now working  
[2025-03-28 06:16:02] production.INFO: Scheduler Now working  
[2025-03-28 06:18:01] production.INFO: Scheduler Now working  
[2025-03-28 06:20:02] production.INFO: Scheduler Now working  
[2025-03-28 06:22:01] production.INFO: Scheduler Now working  
[2025-03-28 06:24:01] production.INFO: Scheduler Now working  
[2025-03-28 06:26:02] production.INFO: Scheduler Now working  
[2025-03-28 06:28:01] production.INFO: Scheduler Now working  
[2025-03-28 06:32:01] production.INFO: Scheduler Now working  
[2025-03-28 06:34:02] production.INFO: Scheduler Now working  
[2025-03-28 06:36:01] production.INFO: Scheduler Now working  
[2025-03-28 06:36:44] production.INFO: Scheduler Now working  
[2025-03-28 06:38:01] production.INFO: Scheduler Now working  
[2025-03-28 06:40:01] production.INFO: Scheduler Now working  
[2025-03-28 06:42:02] production.INFO: Scheduler Now working  
[2025-03-28 06:44:01] production.INFO: Scheduler Now working  
[2025-03-28 06:46:01] production.INFO: Scheduler Now working  
[2025-03-28 06:48:02] production.INFO: Scheduler Now working  
[2025-03-28 06:50:01] production.INFO: Scheduler Now working  
[2025-03-28 06:52:02] production.INFO: Scheduler Now working  
[2025-03-28 06:54:02] production.INFO: Scheduler Now working  
[2025-03-28 06:56:01] production.INFO: Scheduler Now working  
[2025-03-28 06:58:02] production.INFO: Scheduler Now working  
[2025-03-28 07:02:02] production.INFO: Scheduler Now working  
[2025-03-28 07:04:01] production.INFO: Scheduler Now working  
[2025-03-28 07:06:01] production.INFO: Scheduler Now working  
[2025-03-28 07:06:42] production.INFO: Scheduler Now working  
[2025-03-28 07:08:01] production.INFO: Scheduler Now working  
[2025-03-28 07:10:02] production.INFO: Scheduler Now working  
[2025-03-28 07:12:01] production.INFO: Scheduler Now working  
[2025-03-28 07:14:02] production.INFO: Scheduler Now working  
[2025-03-28 07:16:01] production.INFO: Scheduler Now working  
[2025-03-28 07:18:01] production.INFO: Scheduler Now working  
[2025-03-28 07:20:02] production.INFO: Scheduler Now working  
[2025-03-28 07:22:01] production.INFO: Scheduler Now working  
[2025-03-28 07:24:01] production.INFO: Scheduler Now working  
[2025-03-28 07:26:02] production.INFO: Scheduler Now working  
[2025-03-28 07:28:01] production.INFO: Scheduler Now working  
[2025-03-28 07:32:01] production.INFO: Scheduler Now working  
[2025-03-28 07:34:02] production.INFO: Scheduler Now working  
[2025-03-28 07:36:01] production.INFO: Scheduler Now working  
[2025-03-28 07:36:45] production.INFO: Scheduler Now working  
[2025-03-28 07:38:01] production.INFO: Scheduler Now working  
[2025-03-28 07:40:02] production.INFO: Scheduler Now working  
[2025-03-28 07:42:02] production.INFO: Scheduler Now working  
[2025-03-28 07:44:01] production.INFO: Scheduler Now working  
[2025-03-28 07:46:02] production.INFO: Scheduler Now working  
[2025-03-28 07:48:01] production.INFO: Scheduler Now working  
[2025-03-28 07:50:01] production.INFO: Scheduler Now working  
[2025-03-28 07:52:02] production.INFO: Scheduler Now working  
[2025-03-28 07:54:01] production.INFO: Scheduler Now working  
[2025-03-28 07:56:01] production.INFO: Scheduler Now working  
[2025-03-28 07:58:02] production.INFO: Scheduler Now working  
[2025-03-28 08:02:01] production.INFO: Scheduler Now working  
[2025-03-28 08:04:01] production.INFO: Scheduler Now working  
[2025-03-28 08:06:02] production.INFO: Scheduler Now working  
[2025-03-28 08:06:46] production.INFO: Scheduler Now working  
[2025-03-28 08:08:01] production.INFO: Scheduler Now working  
[2025-03-28 08:10:01] production.INFO: Scheduler Now working  
[2025-03-28 08:12:02] production.INFO: Scheduler Now working  
[2025-03-28 08:14:01] production.INFO: Scheduler Now working  
[2025-03-28 08:16:01] production.INFO: Scheduler Now working  
[2025-03-28 08:18:02] production.INFO: Scheduler Now working  
[2025-03-28 08:20:01] production.INFO: Scheduler Now working  
[2025-03-28 08:22:01] production.INFO: Scheduler Now working  
[2025-03-28 08:24:02] production.INFO: Scheduler Now working  
[2025-03-28 08:26:01] production.INFO: Scheduler Now working  
[2025-03-28 08:28:02] production.INFO: Scheduler Now working  
[2025-03-28 08:32:02] production.INFO: Scheduler Now working  
[2025-03-28 08:34:01] production.INFO: Scheduler Now working  
[2025-03-28 08:36:01] production.INFO: Scheduler Now working  
[2025-03-28 08:36:45] production.INFO: Scheduler Now working  
[2025-03-28 08:38:02] production.INFO: Scheduler Now working  
[2025-03-28 08:40:01] production.INFO: Scheduler Now working  
[2025-03-28 08:42:01] production.INFO: Scheduler Now working  
[2025-03-28 08:44:02] production.INFO: Scheduler Now working  
[2025-03-28 08:46:01] production.INFO: Scheduler Now working  
[2025-03-28 08:48:01] production.INFO: Scheduler Now working  
[2025-03-28 08:50:02] production.INFO: Scheduler Now working  
[2025-03-28 08:52:02] production.INFO: Scheduler Now working  
[2025-03-28 08:54:01] production.INFO: Scheduler Now working  
[2025-03-28 08:56:01] production.INFO: Scheduler Now working  
[2025-03-28 08:58:02] production.INFO: Scheduler Now working  
[2025-03-28 09:02:01] production.INFO: Scheduler Now working  
[2025-03-28 09:04:01] production.INFO: Scheduler Now working  
[2025-03-28 09:06:02] production.INFO: Scheduler Now working  
[2025-03-28 09:06:54] production.INFO: Scheduler Now working  
[2025-03-28 09:08:01] production.INFO: Scheduler Now working  
[2025-03-28 09:10:02] production.INFO: Scheduler Now working  
[2025-03-28 09:12:01] production.INFO: Scheduler Now working  
[2025-03-28 09:14:01] production.INFO: Scheduler Now working  
[2025-03-28 09:16:02] production.INFO: Scheduler Now working  
[2025-03-28 09:18:01] production.INFO: Scheduler Now working  
[2025-03-28 09:20:01] production.INFO: Scheduler Now working  
[2025-03-28 09:22:02] production.INFO: Scheduler Now working  
[2025-03-28 09:24:01] production.INFO: Scheduler Now working  
[2025-03-28 09:26:02] production.INFO: Scheduler Now working  
[2025-03-28 09:28:01] production.INFO: Scheduler Now working  
[2025-03-28 09:32:01] production.INFO: Scheduler Now working  
[2025-03-28 09:34:01] production.INFO: Scheduler Now working  
[2025-03-28 09:36:02] production.INFO: Scheduler Now working  
[2025-03-28 09:36:59] production.INFO: Scheduler Now working  
[2025-03-28 09:38:02] production.INFO: Scheduler Now working  
[2025-03-28 09:40:01] production.INFO: Scheduler Now working  
[2025-03-28 09:42:02] production.INFO: Scheduler Now working  
[2025-03-28 09:44:01] production.INFO: Scheduler Now working  
[2025-03-28 09:46:01] production.INFO: Scheduler Now working  
[2025-03-28 09:48:02] production.INFO: Scheduler Now working  
[2025-03-28 09:50:01] production.INFO: Scheduler Now working  
[2025-03-28 09:52:01] production.INFO: Scheduler Now working  
[2025-03-28 09:54:02] production.INFO: Scheduler Now working  
[2025-03-28 09:56:01] production.INFO: Scheduler Now working  
[2025-03-28 09:58:01] production.INFO: Scheduler Now working  
[2025-03-28 10:02:02] production.INFO: Scheduler Now working  
[2025-03-28 10:04:01] production.INFO: Scheduler Now working  
[2025-03-28 10:06:01] production.INFO: Scheduler Now working  
[2025-03-28 10:06:58] production.INFO: Scheduler Now working  
[2025-03-28 10:08:01] production.INFO: Scheduler Now working  
[2025-03-28 10:10:02] production.INFO: Scheduler Now working  
[2025-03-28 10:12:01] production.INFO: Scheduler Now working  
[2025-03-28 10:14:01] production.INFO: Scheduler Now working  
[2025-03-28 10:16:02] production.INFO: Scheduler Now working  
[2025-03-28 10:18:01] production.INFO: Scheduler Now working  
[2025-03-28 10:20:01] production.INFO: Scheduler Now working  
[2025-03-28 10:22:02] production.INFO: Scheduler Now working  
[2025-03-28 10:24:01] production.INFO: Scheduler Now working  
[2025-03-28 10:26:01] production.INFO: Scheduler Now working  
[2025-03-28 10:28:02] production.INFO: Scheduler Now working  
[2025-03-28 10:32:01] production.INFO: Scheduler Now working  
[2025-03-28 10:34:01] production.INFO: Scheduler Now working  
[2025-03-28 10:36:02] production.INFO: Scheduler Now working  
[2025-03-28 10:36:53] production.INFO: Scheduler Now working  
[2025-03-28 10:38:01] production.INFO: Scheduler Now working  
[2025-03-28 10:40:01] production.INFO: Scheduler Now working  
[2025-03-28 10:42:02] production.INFO: Scheduler Now working  
[2025-03-28 10:44:01] production.INFO: Scheduler Now working  
[2025-03-28 10:46:01] production.INFO: Scheduler Now working  
[2025-03-28 10:48:02] production.INFO: Scheduler Now working  
[2025-03-28 10:50:01] production.INFO: Scheduler Now working  
[2025-03-28 10:52:02] production.INFO: Scheduler Now working  
[2025-03-28 10:54:01] production.INFO: Scheduler Now working  
[2025-03-28 10:56:01] production.INFO: Scheduler Now working  
[2025-03-28 10:58:02] production.INFO: Scheduler Now working  
[2025-03-28 11:02:02] production.INFO: Scheduler Now working  
[2025-03-28 11:04:01] production.INFO: Scheduler Now working  
[2025-03-28 11:06:02] production.INFO: Scheduler Now working  
[2025-03-28 11:06:57] production.INFO: Scheduler Now working  
[2025-03-28 11:08:01] production.INFO: Scheduler Now working  
[2025-03-28 11:10:01] production.INFO: Scheduler Now working  
[2025-03-28 11:12:02] production.INFO: Scheduler Now working  
[2025-03-28 11:14:01] production.INFO: Scheduler Now working  
[2025-03-28 11:16:01] production.INFO: Scheduler Now working  
[2025-03-28 11:18:02] production.INFO: Scheduler Now working  
[2025-03-28 11:20:01] production.INFO: Scheduler Now working  
[2025-03-28 11:22:02] production.INFO: Scheduler Now working  
[2025-03-28 11:24:01] production.INFO: Scheduler Now working  
[2025-03-28 11:26:01] production.INFO: Scheduler Now working  
[2025-03-28 11:28:02] production.INFO: Scheduler Now working  
[2025-03-28 11:32:02] production.INFO: Scheduler Now working  
[2025-03-28 11:34:01] production.INFO: Scheduler Now working  
[2025-03-28 11:36:02] production.INFO: Scheduler Now working  
[2025-03-28 11:36:57] production.INFO: Scheduler Now working  
[2025-03-28 11:38:01] production.INFO: Scheduler Now working  
[2025-03-28 11:40:01] production.INFO: Scheduler Now working  
[2025-03-28 11:42:02] production.INFO: Scheduler Now working  
[2025-03-28 11:44:01] production.INFO: Scheduler Now working  
[2025-03-28 11:46:01] production.INFO: Scheduler Now working  
[2025-03-28 11:48:02] production.INFO: Scheduler Now working  
[2025-03-28 11:50:01] production.INFO: Scheduler Now working  
[2025-03-28 11:52:02] production.INFO: Scheduler Now working  
[2025-03-28 11:54:01] production.INFO: Scheduler Now working  
[2025-03-28 11:56:01] production.INFO: Scheduler Now working  
[2025-03-28 11:58:02] production.INFO: Scheduler Now working  
[2025-03-28 12:02:02] production.INFO: Scheduler Now working  
[2025-03-28 12:04:01] production.INFO: Scheduler Now working  
[2025-03-28 12:06:02] production.INFO: Scheduler Now working  
[2025-03-28 12:06:57] production.INFO: Scheduler Now working  
[2025-03-28 12:08:01] production.INFO: Scheduler Now working  
[2025-03-28 12:10:01] production.INFO: Scheduler Now working  
[2025-03-28 12:12:02] production.INFO: Scheduler Now working  
[2025-03-28 12:14:01] production.INFO: Scheduler Now working  
[2025-03-28 12:16:02] production.INFO: Scheduler Now working  
[2025-03-28 12:18:01] production.INFO: Scheduler Now working  
[2025-03-28 12:20:01] production.INFO: Scheduler Now working  
[2025-03-28 12:22:02] production.INFO: Scheduler Now working  
[2025-03-28 12:24:01] production.INFO: Scheduler Now working  
[2025-03-28 12:26:01] production.INFO: Scheduler Now working  
[2025-03-28 12:28:02] production.INFO: Scheduler Now working  
[2025-03-28 12:32:01] production.INFO: Scheduler Now working  
[2025-03-28 12:34:01] production.INFO: Scheduler Now working  
[2025-03-28 12:36:02] production.INFO: Scheduler Now working  
[2025-03-28 12:36:54] production.INFO: Scheduler Now working  
[2025-03-28 12:38:02] production.INFO: Scheduler Now working  
[2025-03-28 12:40:01] production.INFO: Scheduler Now working  
[2025-03-28 12:42:01] production.INFO: Scheduler Now working  
[2025-03-28 12:44:02] production.INFO: Scheduler Now working  
[2025-03-28 12:46:01] production.INFO: Scheduler Now working  
[2025-03-28 12:48:02] production.INFO: Scheduler Now working  
[2025-03-28 12:50:01] production.INFO: Scheduler Now working  
[2025-03-28 12:52:01] production.INFO: Scheduler Now working  
[2025-03-28 12:54:02] production.INFO: Scheduler Now working  
[2025-03-28 12:56:01] production.INFO: Scheduler Now working  
[2025-03-28 12:58:01] production.INFO: Scheduler Now working  
[2025-03-28 13:02:02] production.INFO: Scheduler Now working  
[2025-03-28 13:04:01] production.INFO: Scheduler Now working  
[2025-03-28 13:06:01] production.INFO: Scheduler Now working  
[2025-03-28 13:06:58] production.INFO: Scheduler Now working  
[2025-03-28 13:08:01] production.INFO: Scheduler Now working  
[2025-03-28 13:10:02] production.INFO: Scheduler Now working  
[2025-03-28 13:12:01] production.INFO: Scheduler Now working  
[2025-03-28 13:14:01] production.INFO: Scheduler Now working  
[2025-03-28 13:16:02] production.INFO: Scheduler Now working  
[2025-03-28 13:18:01] production.INFO: Scheduler Now working  
[2025-03-28 13:20:02] production.INFO: Scheduler Now working  
[2025-03-28 13:22:02] production.INFO: Scheduler Now working  
[2025-03-28 13:24:01] production.INFO: Scheduler Now working  
[2025-03-28 13:26:02] production.INFO: Scheduler Now working  
[2025-03-28 13:28:01] production.INFO: Scheduler Now working  
[2025-03-28 13:32:01] production.INFO: Scheduler Now working  
[2025-03-28 13:34:02] production.INFO: Scheduler Now working  
[2025-03-28 13:36:02] production.INFO: Scheduler Now working  
[2025-03-28 13:36:54] production.INFO: Scheduler Now working  
[2025-03-28 13:38:01] production.INFO: Scheduler Now working  
[2025-03-28 13:40:01] production.INFO: Scheduler Now working  
[2025-03-28 13:42:02] production.INFO: Scheduler Now working  
[2025-03-28 13:44:01] production.INFO: Scheduler Now working  
[2025-03-28 13:46:02] production.INFO: Scheduler Now working  
[2025-03-28 13:48:01] production.INFO: Scheduler Now working  
[2025-03-28 13:50:01] production.INFO: Scheduler Now working  
[2025-03-28 13:52:02] production.INFO: Scheduler Now working  
[2025-03-28 13:54:01] production.INFO: Scheduler Now working  
[2025-03-28 13:56:01] production.INFO: Scheduler Now working  
[2025-03-28 13:58:02] production.INFO: Scheduler Now working  
[2025-03-28 14:02:02] production.INFO: Scheduler Now working  
[2025-03-28 14:04:01] production.INFO: Scheduler Now working  
[2025-03-28 14:06:02] production.INFO: Scheduler Now working  
[2025-03-28 14:06:47] production.INFO: Scheduler Now working  
[2025-03-28 14:08:01] production.INFO: Scheduler Now working  
[2025-03-28 14:10:02] production.INFO: Scheduler Now working  
[2025-03-28 14:12:01] production.INFO: Scheduler Now working  
[2025-03-28 14:14:02] production.INFO: Scheduler Now working  
[2025-03-28 14:16:01] production.INFO: Scheduler Now working  
[2025-03-28 14:18:01] production.INFO: Scheduler Now working  
[2025-03-28 14:20:02] production.INFO: Scheduler Now working  
[2025-03-28 14:22:01] production.INFO: Scheduler Now working  
[2025-03-28 14:24:01] production.INFO: Scheduler Now working  
[2025-03-28 14:26:02] production.INFO: Scheduler Now working  
[2025-03-28 14:28:01] production.INFO: Scheduler Now working  
[2025-03-28 14:32:01] production.INFO: Scheduler Now working  
[2025-03-28 14:34:02] production.INFO: Scheduler Now working  
[2025-03-28 14:36:01] production.INFO: Scheduler Now working  
[2025-03-28 14:36:55] production.INFO: Scheduler Now working  
[2025-03-28 14:38:02] production.INFO: Scheduler Now working  
[2025-03-28 14:40:01] production.INFO: Scheduler Now working  
[2025-03-28 14:42:01] production.INFO: Scheduler Now working  
[2025-03-28 14:44:02] production.INFO: Scheduler Now working  
[2025-03-28 14:46:01] production.INFO: Scheduler Now working  
[2025-03-28 14:48:01] production.INFO: Scheduler Now working  
[2025-03-28 14:50:02] production.INFO: Scheduler Now working  
[2025-03-28 14:52:01] production.INFO: Scheduler Now working  
[2025-03-28 14:54:02] production.INFO: Scheduler Now working  
[2025-03-28 14:56:01] production.INFO: Scheduler Now working  
[2025-03-28 14:58:01] production.INFO: Scheduler Now working  
[2025-03-28 15:02:01] production.INFO: Scheduler Now working  
[2025-03-28 15:04:02] production.INFO: Scheduler Now working  
[2025-03-28 15:06:01] production.INFO: Scheduler Now working  
[2025-03-28 15:06:50] production.INFO: Scheduler Now working  
[2025-03-28 15:08:02] production.INFO: Scheduler Now working  
[2025-03-28 15:10:01] production.INFO: Scheduler Now working  
[2025-03-28 15:12:02] production.INFO: Scheduler Now working  
[2025-03-28 15:14:01] production.INFO: Scheduler Now working  
[2025-03-28 15:16:01] production.INFO: Scheduler Now working  
[2025-03-28 15:18:02] production.INFO: Scheduler Now working  
[2025-03-28 15:20:01] production.INFO: Scheduler Now working  
[2025-03-28 15:22:01] production.INFO: Scheduler Now working  
[2025-03-28 15:24:02] production.INFO: Scheduler Now working  
[2025-03-28 15:26:01] production.INFO: Scheduler Now working  
[2025-03-28 15:28:01] production.INFO: Scheduler Now working  
[2025-03-28 15:32:02] production.INFO: Scheduler Now working  
[2025-03-28 15:34:01] production.INFO: Scheduler Now working  
[2025-03-28 15:36:01] production.INFO: Scheduler Now working  
[2025-03-28 15:36:51] production.INFO: Scheduler Now working  
[2025-03-28 15:38:02] production.INFO: Scheduler Now working  
[2025-03-28 15:40:01] production.INFO: Scheduler Now working  
[2025-03-28 15:42:01] production.INFO: Scheduler Now working  
[2025-03-28 15:44:02] production.INFO: Scheduler Now working  
[2025-03-28 15:46:01] production.INFO: Scheduler Now working  
[2025-03-28 15:48:02] production.INFO: Scheduler Now working  
[2025-03-28 15:50:01] production.INFO: Scheduler Now working  
[2025-03-28 15:52:01] production.INFO: Scheduler Now working  
[2025-03-28 15:54:02] production.INFO: Scheduler Now working  
[2025-03-28 15:56:01] production.INFO: Scheduler Now working  
[2025-03-28 15:58:01] production.INFO: Scheduler Now working  
[2025-03-28 16:02:01] production.INFO: Scheduler Now working  
[2025-03-28 16:04:01] production.INFO: Scheduler Now working  
[2025-03-28 16:06:01] production.INFO: Scheduler Now working  
[2025-03-28 16:06:54] production.INFO: Scheduler Now working  
[2025-03-28 16:08:02] production.INFO: Scheduler Now working  
[2025-03-28 16:10:01] production.INFO: Scheduler Now working  
[2025-03-28 16:12:01] production.INFO: Scheduler Now working  
[2025-03-28 16:14:02] production.INFO: Scheduler Now working  
[2025-03-28 16:16:01] production.INFO: Scheduler Now working  
[2025-03-28 16:18:01] production.INFO: Scheduler Now working  
[2025-03-28 16:20:02] production.INFO: Scheduler Now working  
[2025-03-28 16:22:01] production.INFO: Scheduler Now working  
[2025-03-28 16:24:02] production.INFO: Scheduler Now working  
[2025-03-28 16:26:01] production.INFO: Scheduler Now working  
[2025-03-28 16:28:01] production.INFO: Scheduler Now working  
[2025-03-28 16:32:01] production.INFO: Scheduler Now working  
[2025-03-28 16:34:02] production.INFO: Scheduler Now working  
[2025-03-28 16:36:01] production.INFO: Scheduler Now working  
[2025-03-28 16:36:54] production.INFO: Scheduler Now working  
[2025-03-28 16:38:01] production.INFO: Scheduler Now working  
[2025-03-28 16:40:01] production.INFO: Scheduler Now working  
[2025-03-28 16:42:02] production.INFO: Scheduler Now working  
[2025-03-28 16:44:01] production.INFO: Scheduler Now working  
[2025-03-28 16:46:02] production.INFO: Scheduler Now working  
[2025-03-28 16:48:01] production.INFO: Scheduler Now working  
[2025-03-28 16:50:01] production.INFO: Scheduler Now working  
[2025-03-28 16:52:02] production.INFO: Scheduler Now working  
[2025-03-28 16:54:01] production.INFO: Scheduler Now working  
[2025-03-28 16:56:01] production.INFO: Scheduler Now working  
[2025-03-28 16:58:02] production.INFO: Scheduler Now working  
[2025-03-28 17:02:01] production.INFO: Scheduler Now working  
[2025-03-28 17:04:01] production.INFO: Scheduler Now working  
[2025-03-28 17:06:02] production.INFO: Scheduler Now working  
[2025-03-28 17:06:57] production.INFO: Scheduler Now working  
[2025-03-28 17:08:02] production.INFO: Scheduler Now working  
[2025-03-28 17:10:01] production.INFO: Scheduler Now working  
[2025-03-28 17:12:01] production.INFO: Scheduler Now working  
[2025-03-28 17:14:02] production.INFO: Scheduler Now working  
[2025-03-28 17:16:01] production.INFO: Scheduler Now working  
[2025-03-28 17:18:02] production.INFO: Scheduler Now working  
[2025-03-28 17:20:01] production.INFO: Scheduler Now working  
[2025-03-28 17:22:01] production.INFO: Scheduler Now working  
[2025-03-28 17:24:02] production.INFO: Scheduler Now working  
[2025-03-28 17:26:01] production.INFO: Scheduler Now working  
[2025-03-28 17:28:01] production.INFO: Scheduler Now working  
[2025-03-28 17:32:02] production.INFO: Scheduler Now working  
[2025-03-28 17:34:01] production.INFO: Scheduler Now working  
[2025-03-28 17:36:01] production.INFO: Scheduler Now working  
[2025-03-28 17:36:58] production.INFO: Scheduler Now working  
[2025-03-28 17:38:01] production.INFO: Scheduler Now working  
[2025-03-28 17:40:02] production.INFO: Scheduler Now working  
[2025-03-28 17:42:01] production.INFO: Scheduler Now working  
[2025-03-28 17:44:01] production.INFO: Scheduler Now working  
[2025-03-28 17:46:02] production.INFO: Scheduler Now working  
[2025-03-28 17:48:01] production.INFO: Scheduler Now working  
[2025-03-28 17:50:01] production.INFO: Scheduler Now working  
[2025-03-28 17:52:02] production.INFO: Scheduler Now working  
[2025-03-28 17:54:01] production.INFO: Scheduler Now working  
[2025-03-28 17:56:01] production.INFO: Scheduler Now working  
[2025-03-28 17:58:02] production.INFO: Scheduler Now working  
[2025-03-28 18:02:01] production.INFO: Scheduler Now working  
[2025-03-28 18:04:01] production.INFO: Scheduler Now working  
[2025-03-28 18:06:02] production.INFO: Scheduler Now working  
[2025-03-28 18:06:54] production.INFO: Scheduler Now working  
[2025-03-28 18:08:01] production.INFO: Scheduler Now working  
[2025-03-28 18:10:02] production.INFO: Scheduler Now working  
[2025-03-28 18:12:01] production.INFO: Scheduler Now working  
[2025-03-28 18:14:01] production.INFO: Scheduler Now working  
[2025-03-28 18:16:02] production.INFO: Scheduler Now working  
[2025-03-28 18:18:01] production.INFO: Scheduler Now working  
[2025-03-28 18:20:01] production.INFO: Scheduler Now working  
[2025-03-28 18:22:02] production.INFO: Scheduler Now working  
[2025-03-28 18:24:01] production.INFO: Scheduler Now working  
[2025-03-28 18:26:01] production.INFO: Scheduler Now working  
[2025-03-28 18:28:02] production.INFO: Scheduler Now working  
[2025-03-28 18:32:02] production.INFO: Scheduler Now working  
[2025-03-28 18:34:01] production.INFO: Scheduler Now working  
[2025-03-28 18:36:02] production.INFO: Scheduler Now working  
[2025-03-28 18:37:00] production.INFO: Scheduler Now working  
[2025-03-28 18:38:02] production.INFO: Scheduler Now working  
[2025-03-28 18:40:01] production.INFO: Scheduler Now working  
[2025-03-28 18:42:02] production.INFO: Scheduler Now working  
[2025-03-28 18:44:02] production.INFO: Scheduler Now working  
[2025-03-28 18:46:01] production.INFO: Scheduler Now working  
[2025-03-28 18:48:02] production.INFO: Scheduler Now working  
[2025-03-28 18:50:01] production.INFO: Scheduler Now working  
[2025-03-28 18:52:01] production.INFO: Scheduler Now working  
[2025-03-28 18:54:02] production.INFO: Scheduler Now working  
[2025-03-28 18:56:01] production.INFO: Scheduler Now working  
[2025-03-28 18:58:01] production.INFO: Scheduler Now working  
[2025-03-28 19:02:02] production.INFO: Scheduler Now working  
[2025-03-28 19:04:01] production.INFO: Scheduler Now working  
[2025-03-28 19:06:01] production.INFO: Scheduler Now working  
[2025-03-28 19:06:50] production.INFO: Scheduler Now working  
[2025-03-28 19:08:02] production.INFO: Scheduler Now working  
[2025-03-28 19:10:01] production.INFO: Scheduler Now working  
[2025-03-28 19:12:01] production.INFO: Scheduler Now working  
[2025-03-28 19:14:02] production.INFO: Scheduler Now working  
[2025-03-28 19:16:01] production.INFO: Scheduler Now working  
[2025-03-28 19:18:01] production.INFO: Scheduler Now working  
[2025-03-28 19:20:02] production.INFO: Scheduler Now working  
[2025-03-28 19:22:01] production.INFO: Scheduler Now working  
[2025-03-28 19:24:01] production.INFO: Scheduler Now working  
[2025-03-28 19:26:02] production.INFO: Scheduler Now working  
[2025-03-28 19:28:01] production.INFO: Scheduler Now working  
[2025-03-28 19:32:01] production.INFO: Scheduler Now working  
[2025-03-28 19:34:02] production.INFO: Scheduler Now working  
[2025-03-28 19:36:01] production.INFO: Scheduler Now working  
[2025-03-28 19:36:53] production.INFO: Scheduler Now working  
[2025-03-28 19:38:01] production.INFO: Scheduler Now working  
[2025-03-28 19:40:02] production.INFO: Scheduler Now working  
[2025-03-28 19:42:01] production.INFO: Scheduler Now working  
[2025-03-28 19:44:01] production.INFO: Scheduler Now working  
[2025-03-28 19:46:02] production.INFO: Scheduler Now working  
[2025-03-28 19:48:01] production.INFO: Scheduler Now working  
[2025-03-28 19:50:01] production.INFO: Scheduler Now working  
[2025-03-28 19:52:02] production.INFO: Scheduler Now working  
[2025-03-28 19:54:01] production.INFO: Scheduler Now working  
[2025-03-28 19:56:02] production.INFO: Scheduler Now working  
[2025-03-28 19:58:01] production.INFO: Scheduler Now working  
[2025-03-28 20:02:01] production.INFO: Scheduler Now working  
[2025-03-28 20:04:01] production.INFO: Scheduler Now working  
[2025-03-28 20:06:02] production.INFO: Scheduler Now working  
[2025-03-28 20:07:00] production.INFO: Scheduler Now working  
[2025-03-28 20:08:01] production.INFO: Scheduler Now working  
[2025-03-28 20:10:01] production.INFO: Scheduler Now working  
[2025-03-28 20:12:02] production.INFO: Scheduler Now working  
[2025-03-28 20:14:01] production.INFO: Scheduler Now working  
[2025-03-28 20:16:01] production.INFO: Scheduler Now working  
[2025-03-28 20:18:02] production.INFO: Scheduler Now working  
[2025-03-28 20:20:01] production.INFO: Scheduler Now working  
[2025-03-28 20:22:01] production.INFO: Scheduler Now working  
[2025-03-28 20:24:02] production.INFO: Scheduler Now working  
[2025-03-28 20:26:01] production.INFO: Scheduler Now working  
[2025-03-28 20:28:01] production.INFO: Scheduler Now working  
[2025-03-28 20:32:02] production.INFO: Scheduler Now working  
[2025-03-28 20:34:01] production.INFO: Scheduler Now working  
[2025-03-28 20:36:01] production.INFO: Scheduler Now working  
[2025-03-28 20:36:56] production.INFO: Scheduler Now working  
[2025-03-28 20:38:02] production.INFO: Scheduler Now working  
[2025-03-28 20:40:01] production.INFO: Scheduler Now working  
[2025-03-28 20:42:01] production.INFO: Scheduler Now working  
[2025-03-28 20:44:02] production.INFO: Scheduler Now working  
[2025-03-28 20:46:01] production.INFO: Scheduler Now working  
[2025-03-28 20:48:01] production.INFO: Scheduler Now working  
[2025-03-28 20:50:02] production.INFO: Scheduler Now working  
[2025-03-28 20:52:01] production.INFO: Scheduler Now working  
[2025-03-28 20:54:02] production.INFO: Scheduler Now working  
[2025-03-28 20:56:01] production.INFO: Scheduler Now working  
[2025-03-28 20:58:01] production.INFO: Scheduler Now working  
[2025-03-28 21:02:01] production.INFO: Scheduler Now working  
[2025-03-28 21:04:02] production.INFO: Scheduler Now working  
[2025-03-28 21:06:01] production.INFO: Scheduler Now working  
[2025-03-28 21:06:51] production.INFO: Scheduler Now working  
[2025-03-28 21:08:01] production.INFO: Scheduler Now working  
[2025-03-28 21:10:01] production.INFO: Scheduler Now working  
[2025-03-28 21:12:02] production.INFO: Scheduler Now working  
[2025-03-28 21:14:01] production.INFO: Scheduler Now working  
[2025-03-28 21:16:01] production.INFO: Scheduler Now working  
[2025-03-28 21:18:02] production.INFO: Scheduler Now working  
[2025-03-28 21:20:01] production.INFO: Scheduler Now working  
[2025-03-28 21:22:02] production.INFO: Scheduler Now working  
[2025-03-28 21:24:02] production.INFO: Scheduler Now working  
[2025-03-28 21:26:01] production.INFO: Scheduler Now working  
[2025-03-28 21:28:02] production.INFO: Scheduler Now working  
[2025-03-28 21:32:02] production.INFO: Scheduler Now working  
[2025-03-28 21:34:01] production.INFO: Scheduler Now working  
[2025-03-28 21:36:01] production.INFO: Scheduler Now working  
[2025-03-28 21:36:55] production.INFO: Scheduler Now working  
[2025-03-28 21:38:02] production.INFO: Scheduler Now working  
[2025-03-28 21:40:01] production.INFO: Scheduler Now working  
[2025-03-28 21:42:02] production.INFO: Scheduler Now working  
[2025-03-28 21:44:01] production.INFO: Scheduler Now working  
[2025-03-28 21:46:01] production.INFO: Scheduler Now working  
[2025-03-28 21:48:02] production.INFO: Scheduler Now working  
[2025-03-28 21:50:01] production.INFO: Scheduler Now working  
[2025-03-28 21:52:01] production.INFO: Scheduler Now working  
[2025-03-28 21:54:02] production.INFO: Scheduler Now working  
[2025-03-28 21:56:01] production.INFO: Scheduler Now working  
[2025-03-28 21:58:01] production.INFO: Scheduler Now working  
[2025-03-28 22:02:02] production.INFO: Scheduler Now working  
[2025-03-28 22:04:01] production.INFO: Scheduler Now working  
[2025-03-28 22:06:01] production.INFO: Scheduler Now working  
[2025-03-28 22:06:54] production.INFO: Scheduler Now working  
[2025-03-28 22:08:02] production.INFO: Scheduler Now working  
[2025-03-28 22:10:01] production.INFO: Scheduler Now working  
[2025-03-28 22:12:01] production.INFO: Scheduler Now working  
[2025-03-28 22:14:02] production.INFO: Scheduler Now working  
[2025-03-28 22:16:01] production.INFO: Scheduler Now working  
[2025-03-28 22:18:01] production.INFO: Scheduler Now working  
[2025-03-28 22:20:02] production.INFO: Scheduler Now working  
[2025-03-28 22:22:01] production.INFO: Scheduler Now working  
[2025-03-28 22:24:01] production.INFO: Scheduler Now working  
[2025-03-28 22:26:02] production.INFO: Scheduler Now working  
[2025-03-28 22:28:01] production.INFO: Scheduler Now working  
[2025-03-28 22:32:01] production.INFO: Scheduler Now working  
[2025-03-28 22:34:02] production.INFO: Scheduler Now working  
[2025-03-28 22:36:01] production.INFO: Scheduler Now working  
[2025-03-28 22:36:49] production.INFO: Scheduler Now working  
[2025-03-28 22:38:02] production.INFO: Scheduler Now working  
[2025-03-28 22:40:02] production.INFO: Scheduler Now working  
[2025-03-28 22:42:01] production.INFO: Scheduler Now working  
[2025-03-28 22:44:02] production.INFO: Scheduler Now working  
[2025-03-28 22:46:01] production.INFO: Scheduler Now working  
[2025-03-28 22:48:01] production.INFO: Scheduler Now working  
[2025-03-28 22:50:02] production.INFO: Scheduler Now working  
[2025-03-28 22:52:01] production.INFO: Scheduler Now working  
[2025-03-28 22:54:01] production.INFO: Scheduler Now working  
[2025-03-28 22:56:02] production.INFO: Scheduler Now working  
[2025-03-28 22:58:01] production.INFO: Scheduler Now working  
[2025-03-28 23:02:01] production.INFO: Scheduler Now working  
[2025-03-28 23:04:02] production.INFO: Scheduler Now working  
[2025-03-28 23:06:01] production.INFO: Scheduler Now working  
[2025-03-28 23:06:49] production.INFO: Scheduler Now working  
[2025-03-28 23:08:01] production.INFO: Scheduler Now working  
[2025-03-28 23:10:02] production.INFO: Scheduler Now working  
[2025-03-28 23:12:01] production.INFO: Scheduler Now working  
[2025-03-28 23:14:01] production.INFO: Scheduler Now working  
[2025-03-28 23:16:02] production.INFO: Scheduler Now working  
[2025-03-28 23:18:01] production.INFO: Scheduler Now working  
[2025-03-28 23:20:01] production.INFO: Scheduler Now working  
[2025-03-28 23:22:02] production.INFO: Scheduler Now working  
[2025-03-28 23:24:01] production.INFO: Scheduler Now working  
[2025-03-28 23:26:02] production.INFO: Scheduler Now working  
[2025-03-28 23:28:02] production.INFO: Scheduler Now working  
[2025-03-28 23:32:01] production.INFO: Scheduler Now working  
[2025-03-28 23:34:01] production.INFO: Scheduler Now working  
[2025-03-28 23:36:02] production.INFO: Scheduler Now working  
[2025-03-28 23:36:48] production.INFO: Scheduler Now working  
[2025-03-28 23:38:02] production.INFO: Scheduler Now working  
[2025-03-28 23:40:01] production.INFO: Scheduler Now working  
[2025-03-28 23:42:01] production.INFO: Scheduler Now working  
[2025-03-28 23:44:02] production.INFO: Scheduler Now working  
[2025-03-28 23:46:01] production.INFO: Scheduler Now working  
[2025-03-28 23:48:01] production.INFO: Scheduler Now working  
[2025-03-28 23:50:02] production.INFO: Scheduler Now working  
[2025-03-28 23:52:01] production.INFO: Scheduler Now working  
[2025-03-28 23:54:01] production.INFO: Scheduler Now working  
[2025-03-28 23:56:02] production.INFO: Scheduler Now working  
[2025-03-28 23:58:01] production.INFO: Scheduler Now working  
