[2025-03-07 00:55:36] production.ERROR: SQLSTATE[HY000]: General error: 2006 MySQL server has gone away {"exception":"[object] (PDOException(code: HY000): SQLSTATE[HY000]: General error: 2006 MySQL server has gone away at /var/www/groscope/vendor/laravel/framework/src/Illuminate/Database/Concerns/ManagesTransactions.php:295)
[stacktrace]
#0 /var/www/groscope/vendor/laravel/framework/src/Illuminate/Database/Concerns/ManagesTransactions.php(295): PDO->rollBack()
#1 /var/www/groscope/vendor/laravel/framework/src/Illuminate/Database/Concerns/ManagesTransactions.php(267): Illuminate\\Database\\Connection->performRollBack()
#2 /var/www/groscope/vendor/laravel/framework/src/Illuminate/Database/Concerns/ManagesTransactions.php(102): Illuminate\\Database\\Connection->rollBack()
#3 /var/www/groscope/vendor/laravel/framework/src/Illuminate/Database/Concerns/ManagesTransactions.php(37): Illuminate\\Database\\Connection->handleTransactionException()
#4 /var/www/groscope/vendor/laravel/framework/src/Illuminate/Queue/DatabaseQueue.php(223): Illuminate\\Database\\Connection->transaction()
#5 /var/www/groscope/vendor/laravel/framework/src/Illuminate/Queue/Worker.php(349): Illuminate\\Queue\\DatabaseQueue->pop()
#6 /var/www/groscope/vendor/laravel/framework/src/Illuminate/Queue/Worker.php(363): Illuminate\\Queue\\Worker->Illuminate\\Queue\\{closure}()
#7 /var/www/groscope/vendor/laravel/framework/src/Illuminate/Queue/Worker.php(162): Illuminate\\Queue\\Worker->getNextJob()
#8 /var/www/groscope/vendor/laravel/framework/src/Illuminate/Queue/Console/WorkCommand.php(137): Illuminate\\Queue\\Worker->daemon()
#9 /var/www/groscope/vendor/laravel/framework/src/Illuminate/Queue/Console/WorkCommand.php(120): Illuminate\\Queue\\Console\\WorkCommand->runWorker()
#10 /var/www/groscope/vendor/laravel/framework/src/Illuminate/Container/BoundMethod.php(36): Illuminate\\Queue\\Console\\WorkCommand->handle()
#11 /var/www/groscope/vendor/laravel/framework/src/Illuminate/Container/Util.php(41): Illuminate\\Container\\BoundMethod::Illuminate\\Container\\{closure}()
#12 /var/www/groscope/vendor/laravel/framework/src/Illuminate/Container/BoundMethod.php(93): Illuminate\\Container\\Util::unwrapIfClosure()
#13 /var/www/groscope/vendor/laravel/framework/src/Illuminate/Container/BoundMethod.php(35): Illuminate\\Container\\BoundMethod::callBoundMethod()
#14 /var/www/groscope/vendor/laravel/framework/src/Illuminate/Container/Container.php(662): Illuminate\\Container\\BoundMethod::call()
#15 /var/www/groscope/vendor/laravel/framework/src/Illuminate/Console/Command.php(211): Illuminate\\Container\\Container->call()
#16 /var/www/groscope/vendor/symfony/console/Command/Command.php(326): Illuminate\\Console\\Command->execute()
#17 /var/www/groscope/vendor/laravel/framework/src/Illuminate/Console/Command.php(180): Symfony\\Component\\Console\\Command\\Command->run()
#18 /var/www/groscope/vendor/symfony/console/Application.php(1096): Illuminate\\Console\\Command->run()
#19 /var/www/groscope/vendor/symfony/console/Application.php(324): Symfony\\Component\\Console\\Application->doRunCommand()
#20 /var/www/groscope/vendor/symfony/console/Application.php(175): Symfony\\Component\\Console\\Application->doRun()
#21 /var/www/groscope/vendor/laravel/framework/src/Illuminate/Foundation/Console/Kernel.php(201): Symfony\\Component\\Console\\Application->run()
#22 /var/www/groscope/artisan(35): Illuminate\\Foundation\\Console\\Kernel->handle()
#23 {main}
"} 
[2025-03-07 20:32:35] production.INFO: {"message":"Transaction is under processing....","data":{"reqId":"6JFJ5OOK6C30EAD4BAQHMQN75LQ50662032","deductedAmount":14.72,"serviceCharge":4.72,"transactionAmount":10,"referenceNo":"QT-1382545359036","quintus_transaction_id":"QT-1600577310226","status":"awaited","remark":"GROSC926660305356","paymentType":"IMPS"},"success":true}  
[2025-03-07 20:35:54] production.INFO: {"message":"Transaction is under processing....","data":{"reqId":"8D9AG69DA5J8FAHHBE4MAM9F64C50662035","deductedAmount":14.72,"serviceCharge":4.72,"transactionAmount":10,"referenceNo":"QT-1092216345778","quintus_transaction_id":"QT-1654696463017","status":"awaited","remark":"GROSC466897501562","paymentType":"IMPS"},"success":true}  
[2025-03-07 20:38:04] production.ERROR: cURL error 60: SSL certificate problem: certificate has expired (see https://curl.haxx.se/libcurl/c/libcurl-errors.html) for https://api.gallorummy.in/api/payout/notify/payyAdobe016gro  
[2025-03-07 20:40:05] production.ERROR: cURL error 60: SSL certificate problem: certificate has expired (see https://curl.haxx.se/libcurl/c/libcurl-errors.html) for https://api.gallorummy.in/api/payout/notify/payyAdobe016gro  
