[2025-03-31 00:02:01] production.INFO: Scheduler Now working  
[2025-03-31 00:04:02] production.INFO: Scheduler Now working  
[2025-03-31 00:06:01] production.INFO: Scheduler Now working  
[2025-03-31 00:06:46] production.INFO: Scheduler Now working  
[2025-03-31 00:08:02] production.INFO: Scheduler Now working  
[2025-03-31 00:10:01] production.INFO: Scheduler Now working  
[2025-03-31 00:12:02] production.INFO: Scheduler Now working  
[2025-03-31 00:14:01] production.INFO: Scheduler Now working  
[2025-03-31 00:16:01] production.INFO: Scheduler Now working  
[2025-03-31 00:18:02] production.INFO: Scheduler Now working  
[2025-03-31 00:20:01] production.INFO: Scheduler Now working  
[2025-03-31 00:22:01] production.INFO: Scheduler Now working  
[2025-03-31 00:24:02] production.INFO: Scheduler Now working  
[2025-03-31 00:26:01] production.INFO: Scheduler Now working  
[2025-03-31 00:28:01] production.INFO: Scheduler Now working  
[2025-03-31 00:32:01] production.INFO: Scheduler Now working  
[2025-03-31 00:34:02] production.INFO: Scheduler Now working  
[2025-03-31 00:36:01] production.INFO: Scheduler Now working  
[2025-03-31 00:36:50] production.INFO: Scheduler Now working  
[2025-03-31 00:38:01] production.INFO: Scheduler Now working  
[2025-03-31 00:40:01] production.INFO: Scheduler Now working  
[2025-03-31 00:42:02] production.INFO: Scheduler Now working  
[2025-03-31 00:44:01] production.INFO: Scheduler Now working  
[2025-03-31 00:46:01] production.INFO: Scheduler Now working  
[2025-03-31 00:48:02] production.INFO: Scheduler Now working  
[2025-03-31 00:50:01] production.INFO: Scheduler Now working  
[2025-03-31 00:52:01] production.INFO: Scheduler Now working  
[2025-03-31 00:54:02] production.INFO: Scheduler Now working  
[2025-03-31 00:56:01] production.INFO: Scheduler Now working  
[2025-03-31 00:58:01] production.INFO: Scheduler Now working  
[2025-03-31 01:02:02] production.INFO: Scheduler Now working  
[2025-03-31 01:04:01] production.INFO: Scheduler Now working  
[2025-03-31 01:06:01] production.INFO: Scheduler Now working  
[2025-03-31 01:06:41] production.INFO: Scheduler Now working  
[2025-03-31 01:08:01] production.INFO: Scheduler Now working  
[2025-03-31 01:10:02] production.INFO: Scheduler Now working  
[2025-03-31 01:12:01] production.INFO: Scheduler Now working  
[2025-03-31 01:14:01] production.INFO: Scheduler Now working  
[2025-03-31 01:16:02] production.INFO: Scheduler Now working  
[2025-03-31 01:18:01] production.INFO: Scheduler Now working  
[2025-03-31 01:20:02] production.INFO: Scheduler Now working  
[2025-03-31 01:22:02] production.INFO: Scheduler Now working  
[2025-03-31 01:24:01] production.INFO: Scheduler Now working  
[2025-03-31 01:26:02] production.INFO: Scheduler Now working  
[2025-03-31 01:28:01] production.INFO: Scheduler Now working  
[2025-03-31 01:32:01] production.INFO: Scheduler Now working  
[2025-03-31 01:34:01] production.INFO: Scheduler Now working  
[2025-03-31 01:36:02] production.INFO: Scheduler Now working  
[2025-03-31 01:36:42] production.INFO: Scheduler Now working  
[2025-03-31 01:38:02] production.INFO: Scheduler Now working  
[2025-03-31 01:40:01] production.INFO: Scheduler Now working  
[2025-03-31 01:42:02] production.INFO: Scheduler Now working  
[2025-03-31 01:44:01] production.INFO: Scheduler Now working  
[2025-03-31 01:46:01] production.INFO: Scheduler Now working  
[2025-03-31 01:48:02] production.INFO: Scheduler Now working  
[2025-03-31 01:50:01] production.INFO: Scheduler Now working  
[2025-03-31 01:52:01] production.INFO: Scheduler Now working  
[2025-03-31 01:54:02] production.INFO: Scheduler Now working  
[2025-03-31 01:56:01] production.INFO: Scheduler Now working  
[2025-03-31 01:58:01] production.INFO: Scheduler Now working  
[2025-03-31 02:02:02] production.INFO: Scheduler Now working  
[2025-03-31 02:04:02] production.INFO: Scheduler Now working  
[2025-03-31 02:06:01] production.INFO: Scheduler Now working  
[2025-03-31 02:06:40] production.INFO: Scheduler Now working  
[2025-03-31 02:08:01] production.INFO: Scheduler Now working  
[2025-03-31 02:10:02] production.INFO: Scheduler Now working  
[2025-03-31 02:12:01] production.INFO: Scheduler Now working  
[2025-03-31 02:14:01] production.INFO: Scheduler Now working  
[2025-03-31 02:16:02] production.INFO: Scheduler Now working  
[2025-03-31 02:18:01] production.INFO: Scheduler Now working  
[2025-03-31 02:20:01] production.INFO: Scheduler Now working  
[2025-03-31 02:22:02] production.INFO: Scheduler Now working  
[2025-03-31 02:24:01] production.INFO: Scheduler Now working  
[2025-03-31 02:26:01] production.INFO: Scheduler Now working  
[2025-03-31 02:28:02] production.INFO: Scheduler Now working  
[2025-03-31 02:32:02] production.INFO: Scheduler Now working  
[2025-03-31 02:34:01] production.INFO: Scheduler Now working  
[2025-03-31 02:36:02] production.INFO: Scheduler Now working  
[2025-03-31 02:36:40] production.INFO: Scheduler Now working  
[2025-03-31 02:38:02] production.INFO: Scheduler Now working  
[2025-03-31 02:40:01] production.INFO: Scheduler Now working  
[2025-03-31 02:42:02] production.INFO: Scheduler Now working  
[2025-03-31 02:44:01] production.INFO: Scheduler Now working  
[2025-03-31 02:46:01] production.INFO: Scheduler Now working  
[2025-03-31 02:48:02] production.INFO: Scheduler Now working  
[2025-03-31 02:50:01] production.INFO: Scheduler Now working  
[2025-03-31 02:52:01] production.INFO: Scheduler Now working  
[2025-03-31 02:54:02] production.INFO: Scheduler Now working  
[2025-03-31 02:56:01] production.INFO: Scheduler Now working  
[2025-03-31 02:58:01] production.INFO: Scheduler Now working  
[2025-03-31 03:02:02] production.INFO: Scheduler Now working  
[2025-03-31 03:04:01] production.INFO: Scheduler Now working  
[2025-03-31 03:06:01] production.INFO: Scheduler Now working  
[2025-03-31 03:06:37] production.INFO: Scheduler Now working  
[2025-03-31 03:08:02] production.INFO: Scheduler Now working  
[2025-03-31 03:10:01] production.INFO: Scheduler Now working  
[2025-03-31 03:12:01] production.INFO: Scheduler Now working  
[2025-03-31 03:14:02] production.INFO: Scheduler Now working  
[2025-03-31 03:16:01] production.INFO: Scheduler Now working  
[2025-03-31 03:18:01] production.INFO: Scheduler Now working  
[2025-03-31 03:20:02] production.INFO: Scheduler Now working  
[2025-03-31 03:22:01] production.INFO: Scheduler Now working  
[2025-03-31 03:24:01] production.INFO: Scheduler Now working  
[2025-03-31 03:26:02] production.INFO: Scheduler Now working  
[2025-03-31 03:28:01] production.INFO: Scheduler Now working  
[2025-03-31 03:32:01] production.INFO: Scheduler Now working  
[2025-03-31 03:34:02] production.INFO: Scheduler Now working  
[2025-03-31 03:36:01] production.INFO: Scheduler Now working  
[2025-03-31 03:36:39] production.INFO: Scheduler Now working  
[2025-03-31 03:38:01] production.INFO: Scheduler Now working  
[2025-03-31 03:40:01] production.INFO: Scheduler Now working  
[2025-03-31 03:42:02] production.INFO: Scheduler Now working  
[2025-03-31 03:44:01] production.INFO: Scheduler Now working  
[2025-03-31 03:46:01] production.INFO: Scheduler Now working  
[2025-03-31 03:48:02] production.INFO: Scheduler Now working  
[2025-03-31 03:50:01] production.INFO: Scheduler Now working  
[2025-03-31 03:52:01] production.INFO: Scheduler Now working  
[2025-03-31 03:54:02] production.INFO: Scheduler Now working  
[2025-03-31 03:56:01] production.INFO: Scheduler Now working  
[2025-03-31 03:58:01] production.INFO: Scheduler Now working  
[2025-03-31 04:02:02] production.INFO: Scheduler Now working  
[2025-03-31 04:04:01] production.INFO: Scheduler Now working  
[2025-03-31 04:06:01] production.INFO: Scheduler Now working  
[2025-03-31 04:06:39] production.INFO: Scheduler Now working  
[2025-03-31 04:08:01] production.INFO: Scheduler Now working  
[2025-03-31 04:10:01] production.INFO: Scheduler Now working  
[2025-03-31 04:12:02] production.INFO: Scheduler Now working  
[2025-03-31 04:14:01] production.INFO: Scheduler Now working  
[2025-03-31 04:16:01] production.INFO: Scheduler Now working  
[2025-03-31 04:18:02] production.INFO: Scheduler Now working  
[2025-03-31 04:20:01] production.INFO: Scheduler Now working  
[2025-03-31 04:22:01] production.INFO: Scheduler Now working  
[2025-03-31 04:24:02] production.INFO: Scheduler Now working  
[2025-03-31 04:26:01] production.INFO: Scheduler Now working  
[2025-03-31 04:28:02] production.INFO: Scheduler Now working  
[2025-03-31 04:32:02] production.INFO: Scheduler Now working  
[2025-03-31 04:34:01] production.INFO: Scheduler Now working  
[2025-03-31 04:36:01] production.INFO: Scheduler Now working  
[2025-03-31 04:36:40] production.INFO: Scheduler Now working  
[2025-03-31 04:38:01] production.INFO: Scheduler Now working  
[2025-03-31 04:40:02] production.INFO: Scheduler Now working  
[2025-03-31 04:42:01] production.INFO: Scheduler Now working  
[2025-03-31 04:44:02] production.INFO: Scheduler Now working  
[2025-03-31 04:46:01] production.INFO: Scheduler Now working  
[2025-03-31 04:48:01] production.INFO: Scheduler Now working  
[2025-03-31 04:50:02] production.INFO: Scheduler Now working  
[2025-03-31 04:52:01] production.INFO: Scheduler Now working  
[2025-03-31 04:54:01] production.INFO: Scheduler Now working  
[2025-03-31 04:56:02] production.INFO: Scheduler Now working  
[2025-03-31 04:58:01] production.INFO: Scheduler Now working  
[2025-03-31 05:02:01] production.INFO: Scheduler Now working  
[2025-03-31 05:04:02] production.INFO: Scheduler Now working  
[2025-03-31 05:06:01] production.INFO: Scheduler Now working  
[2025-03-31 05:06:36] production.INFO: Scheduler Now working  
[2025-03-31 05:06:36] production.ERROR: SQLSTATE[23000]: Integrity constraint violation: 1048 Column 'payment_id' cannot be null (Connection: mysql, SQL: insert into `successful_payment_collections` (`user_id`, `payment_id`, `order_amount`, `amount`, `charges`, `gst`, `updated_at`, `created_at`) values (2, ?, 799, 780.1436, 15.98, 2.8764, 2025-03-31 05:06:36, 2025-03-31 05:06:36)) {"exception":"[object] (Illuminate\\Database\\QueryException(code: 23000): SQLSTATE[23000]: Integrity constraint violation: 1048 Column 'payment_id' cannot be null (Connection: mysql, SQL: insert into `successful_payment_collections` (`user_id`, `payment_id`, `order_amount`, `amount`, `charges`, `gst`, `updated_at`, `created_at`) values (2, ?, 799, 780.1436, 15.98, 2.8764, 2025-03-31 05:06:36, 2025-03-31 05:06:36)) at /var/www/groscope/vendor/laravel/framework/src/Illuminate/Database/Connection.php:829)
[stacktrace]
#0 /var/www/groscope/vendor/laravel/framework/src/Illuminate/Database/Connection.php(783): Illuminate\\Database\\Connection->runQueryCallback()
#1 /var/www/groscope/vendor/laravel/framework/src/Illuminate/Database/MySqlConnection.php(34): Illuminate\\Database\\Connection->run()
#2 /var/www/groscope/vendor/laravel/framework/src/Illuminate/Database/Query/Processors/MySqlProcessor.php(35): Illuminate\\Database\\MySqlConnection->insert()
#3 /var/www/groscope/vendor/laravel/framework/src/Illuminate/Database/Query/Builder.php(3549): Illuminate\\Database\\Query\\Processors\\MySqlProcessor->processInsertGetId()
#4 /var/www/groscope/vendor/laravel/framework/src/Illuminate/Database/Eloquent/Builder.php(1982): Illuminate\\Database\\Query\\Builder->insertGetId()
#5 /var/www/groscope/vendor/laravel/framework/src/Illuminate/Database/Eloquent/Model.php(1334): Illuminate\\Database\\Eloquent\\Builder->__call()
#6 /var/www/groscope/vendor/laravel/framework/src/Illuminate/Database/Eloquent/Model.php(1299): Illuminate\\Database\\Eloquent\\Model->insertAndSetId()
#7 /var/www/groscope/vendor/laravel/framework/src/Illuminate/Database/Eloquent/Model.php(1138): Illuminate\\Database\\Eloquent\\Model->performInsert()
#8 /var/www/groscope/vendor/laravel/framework/src/Illuminate/Database/Eloquent/Builder.php(1025): Illuminate\\Database\\Eloquent\\Model->save()
#9 /var/www/groscope/vendor/laravel/framework/src/Illuminate/Support/helpers.php(320): Illuminate\\Database\\Eloquent\\Builder->Illuminate\\Database\\Eloquent\\{closure}()
#10 /var/www/groscope/vendor/laravel/framework/src/Illuminate/Database/Eloquent/Builder.php(1024): tap()
#11 /var/www/groscope/vendor/laravel/framework/src/Illuminate/Support/Traits/ForwardsCalls.php(23): Illuminate\\Database\\Eloquent\\Builder->create()
#12 /var/www/groscope/vendor/laravel/framework/src/Illuminate/Database/Eloquent/Model.php(2335): Illuminate\\Database\\Eloquent\\Model->forwardCallTo()
#13 /var/www/groscope/vendor/laravel/framework/src/Illuminate/Database/Eloquent/Model.php(2347): Illuminate\\Database\\Eloquent\\Model->__call()
#14 /var/www/groscope/app/Console/Commands/GetSuccessfullyPaymentCollectionCommand.php(33): Illuminate\\Database\\Eloquent\\Model::__callStatic()
#15 /var/www/groscope/vendor/laravel/framework/src/Illuminate/Container/BoundMethod.php(36): App\\Console\\Commands\\GetSuccessfullyPaymentCollectionCommand->handle()
#16 /var/www/groscope/vendor/laravel/framework/src/Illuminate/Container/Util.php(41): Illuminate\\Container\\BoundMethod::Illuminate\\Container\\{closure}()
#17 /var/www/groscope/vendor/laravel/framework/src/Illuminate/Container/BoundMethod.php(93): Illuminate\\Container\\Util::unwrapIfClosure()
#18 /var/www/groscope/vendor/laravel/framework/src/Illuminate/Container/BoundMethod.php(35): Illuminate\\Container\\BoundMethod::callBoundMethod()
#19 /var/www/groscope/vendor/laravel/framework/src/Illuminate/Container/Container.php(662): Illuminate\\Container\\BoundMethod::call()
#20 /var/www/groscope/vendor/laravel/framework/src/Illuminate/Console/Command.php(211): Illuminate\\Container\\Container->call()
#21 /var/www/groscope/vendor/symfony/console/Command/Command.php(326): Illuminate\\Console\\Command->execute()
#22 /var/www/groscope/vendor/laravel/framework/src/Illuminate/Console/Command.php(180): Symfony\\Component\\Console\\Command\\Command->run()
#23 /var/www/groscope/vendor/symfony/console/Application.php(1096): Illuminate\\Console\\Command->run()
#24 /var/www/groscope/vendor/symfony/console/Application.php(324): Symfony\\Component\\Console\\Application->doRunCommand()
#25 /var/www/groscope/vendor/symfony/console/Application.php(175): Symfony\\Component\\Console\\Application->doRun()
#26 /var/www/groscope/vendor/laravel/framework/src/Illuminate/Foundation/Console/Kernel.php(201): Symfony\\Component\\Console\\Application->run()
#27 /var/www/groscope/artisan(35): Illuminate\\Foundation\\Console\\Kernel->handle()
#28 {main}

[previous exception] [object] (PDOException(code: 23000): SQLSTATE[23000]: Integrity constraint violation: 1048 Column 'payment_id' cannot be null at /var/www/groscope/vendor/laravel/framework/src/Illuminate/Database/MySqlConnection.php:45)
[stacktrace]
#0 /var/www/groscope/vendor/laravel/framework/src/Illuminate/Database/MySqlConnection.php(45): PDOStatement->execute()
#1 /var/www/groscope/vendor/laravel/framework/src/Illuminate/Database/Connection.php(816): Illuminate\\Database\\MySqlConnection->Illuminate\\Database\\{closure}()
#2 /var/www/groscope/vendor/laravel/framework/src/Illuminate/Database/Connection.php(783): Illuminate\\Database\\Connection->runQueryCallback()
#3 /var/www/groscope/vendor/laravel/framework/src/Illuminate/Database/MySqlConnection.php(34): Illuminate\\Database\\Connection->run()
#4 /var/www/groscope/vendor/laravel/framework/src/Illuminate/Database/Query/Processors/MySqlProcessor.php(35): Illuminate\\Database\\MySqlConnection->insert()
#5 /var/www/groscope/vendor/laravel/framework/src/Illuminate/Database/Query/Builder.php(3549): Illuminate\\Database\\Query\\Processors\\MySqlProcessor->processInsertGetId()
#6 /var/www/groscope/vendor/laravel/framework/src/Illuminate/Database/Eloquent/Builder.php(1982): Illuminate\\Database\\Query\\Builder->insertGetId()
#7 /var/www/groscope/vendor/laravel/framework/src/Illuminate/Database/Eloquent/Model.php(1334): Illuminate\\Database\\Eloquent\\Builder->__call()
#8 /var/www/groscope/vendor/laravel/framework/src/Illuminate/Database/Eloquent/Model.php(1299): Illuminate\\Database\\Eloquent\\Model->insertAndSetId()
#9 /var/www/groscope/vendor/laravel/framework/src/Illuminate/Database/Eloquent/Model.php(1138): Illuminate\\Database\\Eloquent\\Model->performInsert()
#10 /var/www/groscope/vendor/laravel/framework/src/Illuminate/Database/Eloquent/Builder.php(1025): Illuminate\\Database\\Eloquent\\Model->save()
#11 /var/www/groscope/vendor/laravel/framework/src/Illuminate/Support/helpers.php(320): Illuminate\\Database\\Eloquent\\Builder->Illuminate\\Database\\Eloquent\\{closure}()
#12 /var/www/groscope/vendor/laravel/framework/src/Illuminate/Database/Eloquent/Builder.php(1024): tap()
#13 /var/www/groscope/vendor/laravel/framework/src/Illuminate/Support/Traits/ForwardsCalls.php(23): Illuminate\\Database\\Eloquent\\Builder->create()
#14 /var/www/groscope/vendor/laravel/framework/src/Illuminate/Database/Eloquent/Model.php(2335): Illuminate\\Database\\Eloquent\\Model->forwardCallTo()
#15 /var/www/groscope/vendor/laravel/framework/src/Illuminate/Database/Eloquent/Model.php(2347): Illuminate\\Database\\Eloquent\\Model->__call()
#16 /var/www/groscope/app/Console/Commands/GetSuccessfullyPaymentCollectionCommand.php(33): Illuminate\\Database\\Eloquent\\Model::__callStatic()
#17 /var/www/groscope/vendor/laravel/framework/src/Illuminate/Container/BoundMethod.php(36): App\\Console\\Commands\\GetSuccessfullyPaymentCollectionCommand->handle()
#18 /var/www/groscope/vendor/laravel/framework/src/Illuminate/Container/Util.php(41): Illuminate\\Container\\BoundMethod::Illuminate\\Container\\{closure}()
#19 /var/www/groscope/vendor/laravel/framework/src/Illuminate/Container/BoundMethod.php(93): Illuminate\\Container\\Util::unwrapIfClosure()
#20 /var/www/groscope/vendor/laravel/framework/src/Illuminate/Container/BoundMethod.php(35): Illuminate\\Container\\BoundMethod::callBoundMethod()
#21 /var/www/groscope/vendor/laravel/framework/src/Illuminate/Container/Container.php(662): Illuminate\\Container\\BoundMethod::call()
#22 /var/www/groscope/vendor/laravel/framework/src/Illuminate/Console/Command.php(211): Illuminate\\Container\\Container->call()
#23 /var/www/groscope/vendor/symfony/console/Command/Command.php(326): Illuminate\\Console\\Command->execute()
#24 /var/www/groscope/vendor/laravel/framework/src/Illuminate/Console/Command.php(180): Symfony\\Component\\Console\\Command\\Command->run()
#25 /var/www/groscope/vendor/symfony/console/Application.php(1096): Illuminate\\Console\\Command->run()
#26 /var/www/groscope/vendor/symfony/console/Application.php(324): Symfony\\Component\\Console\\Application->doRunCommand()
#27 /var/www/groscope/vendor/symfony/console/Application.php(175): Symfony\\Component\\Console\\Application->doRun()
#28 /var/www/groscope/vendor/laravel/framework/src/Illuminate/Foundation/Console/Kernel.php(201): Symfony\\Component\\Console\\Application->run()
#29 /var/www/groscope/artisan(35): Illuminate\\Foundation\\Console\\Kernel->handle()
#30 {main}
"} 
[2025-03-31 05:08:01] production.INFO: Scheduler Now working  
[2025-03-31 05:10:02] production.INFO: Scheduler Now working  
[2025-03-31 05:12:01] production.INFO: Scheduler Now working  
[2025-03-31 05:14:01] production.INFO: Scheduler Now working  
[2025-03-31 05:16:02] production.INFO: Scheduler Now working  
[2025-03-31 05:18:01] production.INFO: Scheduler Now working  
[2025-03-31 05:20:01] production.INFO: Scheduler Now working  
[2025-03-31 05:22:02] production.INFO: Scheduler Now working  
[2025-03-31 05:24:01] production.INFO: Scheduler Now working  
[2025-03-31 05:26:02] production.INFO: Scheduler Now working  
[2025-03-31 05:28:02] production.INFO: Scheduler Now working  
[2025-03-31 05:32:01] production.INFO: Scheduler Now working  
[2025-03-31 05:34:01] production.INFO: Scheduler Now working  
[2025-03-31 05:36:02] production.INFO: Scheduler Now working  
[2025-03-31 05:36:37] production.INFO: Scheduler Now working  
[2025-03-31 05:38:01] production.INFO: Scheduler Now working  
[2025-03-31 05:40:02] production.INFO: Scheduler Now working  
[2025-03-31 05:42:01] production.INFO: Scheduler Now working  
[2025-03-31 05:44:01] production.INFO: Scheduler Now working  
[2025-03-31 05:46:02] production.INFO: Scheduler Now working  
[2025-03-31 05:48:01] production.INFO: Scheduler Now working  
[2025-03-31 05:50:01] production.INFO: Scheduler Now working  
[2025-03-31 05:52:02] production.INFO: Scheduler Now working  
[2025-03-31 05:54:01] production.INFO: Scheduler Now working  
[2025-03-31 05:56:02] production.INFO: Scheduler Now working  
[2025-03-31 05:58:02] production.INFO: Scheduler Now working  
[2025-03-31 06:02:01] production.INFO: Scheduler Now working  
[2025-03-31 06:04:01] production.INFO: Scheduler Now working  
[2025-03-31 06:06:02] production.INFO: Scheduler Now working  
[2025-03-31 06:06:42] production.INFO: Scheduler Now working  
[2025-03-31 06:08:01] production.INFO: Scheduler Now working  
[2025-03-31 06:10:01] production.INFO: Scheduler Now working  
[2025-03-31 06:12:02] production.INFO: Scheduler Now working  
[2025-03-31 06:14:01] production.INFO: Scheduler Now working  
[2025-03-31 06:16:01] production.INFO: Scheduler Now working  
[2025-03-31 06:18:02] production.INFO: Scheduler Now working  
[2025-03-31 06:20:01] production.INFO: Scheduler Now working  
[2025-03-31 06:22:02] production.INFO: Scheduler Now working  
[2025-03-31 06:24:01] production.INFO: Scheduler Now working  
[2025-03-31 06:26:01] production.INFO: Scheduler Now working  
[2025-03-31 06:28:02] production.INFO: Scheduler Now working  
[2025-03-31 06:32:02] production.INFO: Scheduler Now working  
[2025-03-31 06:34:01] production.INFO: Scheduler Now working  
[2025-03-31 06:36:02] production.INFO: Scheduler Now working  
[2025-03-31 06:36:43] production.INFO: Scheduler Now working  
[2025-03-31 06:38:02] production.INFO: Scheduler Now working  
[2025-03-31 06:40:01] production.INFO: Scheduler Now working  
[2025-03-31 06:42:01] production.INFO: Scheduler Now working  
[2025-03-31 06:44:02] production.INFO: Scheduler Now working  
[2025-03-31 06:46:01] production.INFO: Scheduler Now working  
[2025-03-31 06:48:02] production.INFO: Scheduler Now working  
[2025-03-31 06:50:01] production.INFO: Scheduler Now working  
[2025-03-31 06:52:01] production.INFO: Scheduler Now working  
[2025-03-31 06:54:02] production.INFO: Scheduler Now working  
[2025-03-31 06:56:01] production.INFO: Scheduler Now working  
[2025-03-31 06:58:01] production.INFO: Scheduler Now working  
[2025-03-31 07:02:02] production.INFO: Scheduler Now working  
[2025-03-31 07:04:01] production.INFO: Scheduler Now working  
[2025-03-31 07:06:01] production.INFO: Scheduler Now working  
[2025-03-31 07:06:42] production.INFO: Scheduler Now working  
[2025-03-31 07:08:01] production.INFO: Scheduler Now working  
[2025-03-31 07:10:02] production.INFO: Scheduler Now working  
[2025-03-31 07:12:01] production.INFO: Scheduler Now working  
[2025-03-31 07:14:01] production.INFO: Scheduler Now working  
[2025-03-31 07:16:02] production.INFO: Scheduler Now working  
[2025-03-31 07:18:01] production.INFO: Scheduler Now working  
[2025-03-31 07:20:01] production.INFO: Scheduler Now working  
[2025-03-31 07:22:02] production.INFO: Scheduler Now working  
[2025-03-31 07:24:01] production.INFO: Scheduler Now working  
[2025-03-31 07:26:01] production.INFO: Scheduler Now working  
[2025-03-31 07:28:02] production.INFO: Scheduler Now working  
[2025-03-31 07:32:01] production.INFO: Scheduler Now working  
[2025-03-31 07:34:01] production.INFO: Scheduler Now working  
[2025-03-31 07:36:02] production.INFO: Scheduler Now working  
[2025-03-31 07:36:41] production.INFO: Scheduler Now working  
[2025-03-31 07:38:02] production.INFO: Scheduler Now working  
[2025-03-31 07:40:02] production.INFO: Scheduler Now working  
[2025-03-31 07:42:01] production.INFO: Scheduler Now working  
[2025-03-31 07:44:02] production.INFO: Scheduler Now working  
[2025-03-31 07:46:01] production.INFO: Scheduler Now working  
[2025-03-31 07:48:01] production.INFO: Scheduler Now working  
[2025-03-31 07:50:02] production.INFO: Scheduler Now working  
[2025-03-31 07:52:01] production.INFO: Scheduler Now working  
[2025-03-31 07:54:01] production.INFO: Scheduler Now working  
[2025-03-31 07:56:02] production.INFO: Scheduler Now working  
[2025-03-31 07:58:01] production.INFO: Scheduler Now working  
[2025-03-31 08:02:01] production.INFO: Scheduler Now working  
[2025-03-31 08:04:02] production.INFO: Scheduler Now working  
[2025-03-31 08:06:01] production.INFO: Scheduler Now working  
[2025-03-31 08:06:48] production.INFO: Scheduler Now working  
[2025-03-31 08:08:01] production.INFO: Scheduler Now working  
[2025-03-31 08:10:01] production.INFO: Scheduler Now working  
[2025-03-31 08:12:02] production.INFO: Scheduler Now working  
[2025-03-31 08:14:01] production.INFO: Scheduler Now working  
[2025-03-31 08:16:01] production.INFO: Scheduler Now working  
[2025-03-31 08:18:02] production.INFO: Scheduler Now working  
[2025-03-31 08:20:01] production.INFO: Scheduler Now working  
[2025-03-31 08:22:01] production.INFO: Scheduler Now working  
[2025-03-31 08:24:02] production.INFO: Scheduler Now working  
[2025-03-31 08:26:01] production.INFO: Scheduler Now working  
[2025-03-31 08:28:01] production.INFO: Scheduler Now working  
[2025-03-31 08:32:02] production.INFO: Scheduler Now working  
[2025-03-31 08:34:01] production.INFO: Scheduler Now working  
[2025-03-31 08:36:01] production.INFO: Scheduler Now working  
[2025-03-31 08:36:43] production.INFO: Scheduler Now working  
[2025-03-31 08:38:01] production.INFO: Scheduler Now working  
[2025-03-31 08:40:02] production.INFO: Scheduler Now working  
[2025-03-31 08:42:01] production.INFO: Scheduler Now working  
[2025-03-31 08:44:02] production.INFO: Scheduler Now working  
[2025-03-31 08:46:01] production.INFO: Scheduler Now working  
[2025-03-31 08:48:01] production.INFO: Scheduler Now working  
[2025-03-31 08:50:02] production.INFO: Scheduler Now working  
[2025-03-31 08:52:02] production.INFO: Scheduler Now working  
[2025-03-31 08:54:02] production.INFO: Scheduler Now working  
[2025-03-31 08:56:01] production.INFO: Scheduler Now working  
[2025-03-31 08:58:02] production.INFO: Scheduler Now working  
[2025-03-31 09:02:02] production.INFO: Scheduler Now working  
[2025-03-31 09:04:01] production.INFO: Scheduler Now working  
[2025-03-31 09:06:01] production.INFO: Scheduler Now working  
[2025-03-31 09:06:47] production.INFO: Scheduler Now working  
[2025-03-31 09:08:02] production.INFO: Scheduler Now working  
[2025-03-31 09:10:01] production.INFO: Scheduler Now working  
[2025-03-31 09:12:02] production.INFO: Scheduler Now working  
[2025-03-31 09:14:01] production.INFO: Scheduler Now working  
[2025-03-31 09:16:01] production.INFO: Scheduler Now working  
[2025-03-31 09:18:02] production.INFO: Scheduler Now working  
[2025-03-31 09:20:01] production.INFO: Scheduler Now working  
[2025-03-31 09:22:01] production.INFO: Scheduler Now working  
[2025-03-31 09:24:02] production.INFO: Scheduler Now working  
[2025-03-31 09:26:01] production.INFO: Scheduler Now working  
[2025-03-31 09:28:01] production.INFO: Scheduler Now working  
[2025-03-31 09:32:02] production.INFO: Scheduler Now working  
[2025-03-31 09:34:01] production.INFO: Scheduler Now working  
[2025-03-31 09:36:01] production.INFO: Scheduler Now working  
[2025-03-31 09:36:57] production.INFO: Scheduler Now working  
[2025-03-31 09:38:01] production.INFO: Scheduler Now working  
[2025-03-31 09:40:01] production.INFO: Scheduler Now working  
[2025-03-31 09:42:02] production.INFO: Scheduler Now working  
[2025-03-31 09:44:01] production.INFO: Scheduler Now working  
[2025-03-31 09:46:01] production.INFO: Scheduler Now working  
[2025-03-31 09:48:02] production.INFO: Scheduler Now working  
[2025-03-31 09:50:01] production.INFO: Scheduler Now working  
[2025-03-31 09:52:02] production.INFO: Scheduler Now working  
[2025-03-31 09:54:01] production.INFO: Scheduler Now working  
[2025-03-31 09:56:01] production.INFO: Scheduler Now working  
[2025-03-31 09:58:02] production.INFO: Scheduler Now working  
[2025-03-31 10:02:02] production.INFO: Scheduler Now working  
[2025-03-31 10:04:01] production.INFO: Scheduler Now working  
[2025-03-31 10:06:01] production.INFO: Scheduler Now working  
[2025-03-31 10:06:57] production.INFO: Scheduler Now working  
[2025-03-31 10:08:01] production.INFO: Scheduler Now working  
[2025-03-31 10:10:02] production.INFO: Scheduler Now working  
[2025-03-31 10:12:01] production.INFO: Scheduler Now working  
[2025-03-31 10:14:01] production.INFO: Scheduler Now working  
[2025-03-31 10:16:02] production.INFO: Scheduler Now working  
[2025-03-31 10:18:01] production.INFO: Scheduler Now working  
[2025-03-31 10:20:01] production.INFO: Scheduler Now working  
[2025-03-31 10:22:02] production.INFO: Scheduler Now working  
[2025-03-31 10:24:01] production.INFO: Scheduler Now working  
[2025-03-31 10:26:02] production.INFO: Scheduler Now working  
[2025-03-31 10:28:01] production.INFO: Scheduler Now working  
[2025-03-31 10:32:01] production.INFO: Scheduler Now working  
[2025-03-31 10:34:01] production.INFO: Scheduler Now working  
[2025-03-31 10:36:02] production.INFO: Scheduler Now working  
[2025-03-31 10:36:51] production.INFO: Scheduler Now working  
[2025-03-31 10:38:01] production.INFO: Scheduler Now working  
[2025-03-31 10:40:02] production.INFO: Scheduler Now working  
[2025-03-31 10:42:01] production.INFO: Scheduler Now working  
[2025-03-31 10:44:01] production.INFO: Scheduler Now working  
[2025-03-31 10:46:02] production.INFO: Scheduler Now working  
[2025-03-31 10:48:01] production.INFO: Scheduler Now working  
[2025-03-31 10:50:01] production.INFO: Scheduler Now working  
[2025-03-31 10:52:02] production.INFO: Scheduler Now working  
[2025-03-31 10:54:01] production.INFO: Scheduler Now working  
[2025-03-31 10:56:01] production.INFO: Scheduler Now working  
[2025-03-31 10:58:02] production.INFO: Scheduler Now working  
[2025-03-31 11:02:01] production.INFO: Scheduler Now working  
[2025-03-31 11:04:01] production.INFO: Scheduler Now working  
[2025-03-31 11:06:02] production.INFO: Scheduler Now working  
[2025-03-31 11:06:53] production.INFO: Scheduler Now working  
[2025-03-31 11:08:02] production.INFO: Scheduler Now working  
[2025-03-31 11:10:01] production.INFO: Scheduler Now working  
[2025-03-31 11:12:01] production.INFO: Scheduler Now working  
[2025-03-31 11:14:02] production.INFO: Scheduler Now working  
[2025-03-31 11:16:01] production.INFO: Scheduler Now working  
[2025-03-31 11:18:01] production.INFO: Scheduler Now working  
[2025-03-31 11:20:02] production.INFO: Scheduler Now working  
[2025-03-31 11:22:01] production.INFO: Scheduler Now working  
[2025-03-31 11:24:01] production.INFO: Scheduler Now working  
[2025-03-31 11:26:02] production.INFO: Scheduler Now working  
[2025-03-31 11:28:01] production.INFO: Scheduler Now working  
[2025-03-31 11:32:01] production.INFO: Scheduler Now working  
[2025-03-31 11:34:02] production.INFO: Scheduler Now working  
[2025-03-31 11:36:01] production.INFO: Scheduler Now working  
[2025-03-31 11:36:53] production.INFO: Scheduler Now working  
[2025-03-31 11:38:01] production.INFO: Scheduler Now working  
[2025-03-31 11:40:02] production.INFO: Scheduler Now working  
[2025-03-31 11:42:01] production.INFO: Scheduler Now working  
[2025-03-31 11:44:01] production.INFO: Scheduler Now working  
[2025-03-31 11:46:02] production.INFO: Scheduler Now working  
[2025-03-31 11:48:01] production.INFO: Scheduler Now working  
[2025-03-31 11:50:01] production.INFO: Scheduler Now working  
[2025-03-31 11:52:02] production.INFO: Scheduler Now working  
[2025-03-31 11:54:01] production.INFO: Scheduler Now working  
[2025-03-31 11:56:02] production.INFO: Scheduler Now working  
[2025-03-31 11:58:02] production.INFO: Scheduler Now working  
[2025-03-31 12:02:01] production.INFO: Scheduler Now working  
[2025-03-31 12:04:01] production.INFO: Scheduler Now working  
[2025-03-31 12:06:02] production.INFO: Scheduler Now working  
[2025-03-31 12:06:52] production.INFO: Scheduler Now working  
[2025-03-31 12:08:02] production.INFO: Scheduler Now working  
[2025-03-31 12:10:01] production.INFO: Scheduler Now working  
[2025-03-31 12:12:01] production.INFO: Scheduler Now working  
[2025-03-31 12:14:02] production.INFO: Scheduler Now working  
[2025-03-31 12:16:01] production.INFO: Scheduler Now working  
[2025-03-31 12:18:01] production.INFO: Scheduler Now working  
[2025-03-31 12:20:02] production.INFO: Scheduler Now working  
[2025-03-31 12:22:01] production.INFO: Scheduler Now working  
[2025-03-31 12:24:02] production.INFO: Scheduler Now working  
[2025-03-31 12:26:01] production.INFO: Scheduler Now working  
[2025-03-31 12:28:01] production.INFO: Scheduler Now working  
[2025-03-31 12:32:01] production.INFO: Scheduler Now working  
[2025-03-31 12:34:02] production.INFO: Scheduler Now working  
[2025-03-31 12:36:01] production.INFO: Scheduler Now working  
[2025-03-31 12:36:53] production.INFO: Scheduler Now working  
[2025-03-31 12:38:02] production.INFO: Scheduler Now working  
[2025-03-31 12:40:01] production.INFO: Scheduler Now working  
[2025-03-31 12:42:01] production.INFO: Scheduler Now working  
[2025-03-31 12:44:02] production.INFO: Scheduler Now working  
[2025-03-31 12:46:01] production.INFO: Scheduler Now working  
[2025-03-31 12:48:01] production.INFO: Scheduler Now working  
[2025-03-31 12:50:02] production.INFO: Scheduler Now working  
[2025-03-31 12:52:01] production.INFO: Scheduler Now working  
[2025-03-31 12:54:01] production.INFO: Scheduler Now working  
[2025-03-31 12:56:02] production.INFO: Scheduler Now working  
[2025-03-31 12:58:01] production.INFO: Scheduler Now working  
[2025-03-31 13:02:01] production.INFO: Scheduler Now working  
[2025-03-31 13:04:02] production.INFO: Scheduler Now working  
[2025-03-31 13:06:01] production.INFO: Scheduler Now working  
[2025-03-31 13:06:50] production.INFO: Scheduler Now working  
[2025-03-31 13:08:02] production.INFO: Scheduler Now working  
[2025-03-31 13:10:01] production.INFO: Scheduler Now working  
[2025-03-31 13:12:01] production.INFO: Scheduler Now working  
[2025-03-31 13:14:02] production.INFO: Scheduler Now working  
[2025-03-31 13:16:01] production.INFO: Scheduler Now working  
[2025-03-31 13:18:01] production.INFO: Scheduler Now working  
[2025-03-31 13:20:02] production.INFO: Scheduler Now working  
[2025-03-31 13:22:01] production.INFO: Scheduler Now working  
[2025-03-31 13:24:01] production.INFO: Scheduler Now working  
[2025-03-31 13:26:02] production.INFO: Scheduler Now working  
[2025-03-31 13:28:01] production.INFO: Scheduler Now working  
[2025-03-31 13:32:01] production.INFO: Scheduler Now working  
[2025-03-31 13:34:02] production.INFO: Scheduler Now working  
[2025-03-31 13:36:01] production.INFO: Scheduler Now working  
[2025-03-31 13:36:47] production.INFO: Scheduler Now working  
[2025-03-31 13:38:01] production.INFO: Scheduler Now working  
[2025-03-31 13:40:02] production.INFO: Scheduler Now working  
[2025-03-31 13:42:01] production.INFO: Scheduler Now working  
[2025-03-31 13:44:01] production.INFO: Scheduler Now working  
[2025-03-31 13:46:02] production.INFO: Scheduler Now working  
[2025-03-31 13:48:01] production.INFO: Scheduler Now working  
[2025-03-31 13:50:02] production.INFO: Scheduler Now working  
[2025-03-31 13:52:01] production.INFO: Scheduler Now working  
[2025-03-31 13:54:01] production.INFO: Scheduler Now working  
[2025-03-31 13:56:02] production.INFO: Scheduler Now working  
[2025-03-31 13:58:01] production.INFO: Scheduler Now working  
[2025-03-31 14:02:01] production.INFO: Scheduler Now working  
[2025-03-31 14:04:02] production.INFO: Scheduler Now working  
[2025-03-31 14:06:01] production.INFO: Scheduler Now working  
[2025-03-31 14:06:50] production.INFO: Scheduler Now working  
[2025-03-31 14:08:01] production.INFO: Scheduler Now working  
[2025-03-31 14:10:02] production.INFO: Scheduler Now working  
[2025-03-31 14:12:01] production.INFO: Scheduler Now working  
[2025-03-31 14:14:02] production.INFO: Scheduler Now working  
[2025-03-31 14:16:01] production.INFO: Scheduler Now working  
[2025-03-31 14:18:01] production.INFO: Scheduler Now working  
[2025-03-31 14:20:02] production.INFO: Scheduler Now working  
[2025-03-31 14:22:01] production.INFO: Scheduler Now working  
[2025-03-31 14:24:01] production.INFO: Scheduler Now working  
[2025-03-31 14:26:02] production.INFO: Scheduler Now working  
[2025-03-31 14:28:01] production.INFO: Scheduler Now working  
[2025-03-31 14:32:01] production.INFO: Scheduler Now working  
[2025-03-31 14:34:02] production.INFO: Scheduler Now working  
[2025-03-31 14:36:01] production.INFO: Scheduler Now working  
[2025-03-31 14:36:50] production.INFO: Scheduler Now working  
[2025-03-31 14:38:02] production.INFO: Scheduler Now working  
[2025-03-31 14:40:01] production.INFO: Scheduler Now working  
[2025-03-31 14:42:01] production.INFO: Scheduler Now working  
[2025-03-31 14:44:02] production.INFO: Scheduler Now working  
[2025-03-31 14:46:01] production.INFO: Scheduler Now working  
[2025-03-31 14:48:01] production.INFO: Scheduler Now working  
[2025-03-31 14:50:02] production.INFO: Scheduler Now working  
[2025-03-31 14:52:01] production.INFO: Scheduler Now working  
[2025-03-31 14:54:02] production.INFO: Scheduler Now working  
[2025-03-31 14:56:01] production.INFO: Scheduler Now working  
[2025-03-31 14:58:01] production.INFO: Scheduler Now working  
[2025-03-31 15:02:01] production.INFO: Scheduler Now working  
[2025-03-31 15:04:02] production.INFO: Scheduler Now working  
[2025-03-31 15:06:01] production.INFO: Scheduler Now working  
[2025-03-31 15:06:50] production.INFO: Scheduler Now working  
[2025-03-31 15:08:01] production.INFO: Scheduler Now working  
[2025-03-31 15:10:01] production.INFO: Scheduler Now working  
[2025-03-31 15:12:02] production.INFO: Scheduler Now working  
[2025-03-31 15:14:01] production.INFO: Scheduler Now working  
[2025-03-31 15:16:01] production.INFO: Scheduler Now working  
[2025-03-31 15:18:02] production.INFO: Scheduler Now working  
[2025-03-31 15:20:01] production.INFO: Scheduler Now working  
[2025-03-31 15:22:02] production.INFO: Scheduler Now working  
[2025-03-31 15:24:01] production.INFO: Scheduler Now working  
[2025-03-31 15:26:01] production.INFO: Scheduler Now working  
[2025-03-31 15:28:02] production.INFO: Scheduler Now working  
[2025-03-31 15:32:02] production.INFO: Scheduler Now working  
[2025-03-31 15:34:01] production.INFO: Scheduler Now working  
[2025-03-31 15:36:02] production.INFO: Scheduler Now working  
[2025-03-31 15:36:51] production.INFO: Scheduler Now working  
[2025-03-31 15:38:01] production.INFO: Scheduler Now working  
[2025-03-31 15:40:02] production.INFO: Scheduler Now working  
[2025-03-31 15:42:01] production.INFO: Scheduler Now working  
[2025-03-31 15:44:01] production.INFO: Scheduler Now working  
[2025-03-31 15:46:02] production.INFO: Scheduler Now working  
[2025-03-31 15:48:01] production.INFO: Scheduler Now working  
[2025-03-31 15:50:01] production.INFO: Scheduler Now working  
[2025-03-31 15:52:02] production.INFO: Scheduler Now working  
[2025-03-31 15:54:01] production.INFO: Scheduler Now working  
[2025-03-31 15:56:02] production.INFO: Scheduler Now working  
[2025-03-31 15:58:01] production.INFO: Scheduler Now working  
[2025-03-31 16:02:01] production.INFO: Scheduler Now working  
[2025-03-31 16:04:02] production.INFO: Scheduler Now working  
[2025-03-31 16:06:01] production.INFO: Scheduler Now working  
[2025-03-31 16:06:50] production.INFO: Scheduler Now working  
[2025-03-31 16:08:02] production.INFO: Scheduler Now working  
[2025-03-31 16:10:01] production.INFO: Scheduler Now working  
[2025-03-31 16:12:02] production.INFO: Scheduler Now working  
[2025-03-31 16:14:01] production.INFO: Scheduler Now working  
[2025-03-31 16:16:01] production.INFO: Scheduler Now working  
[2025-03-31 16:18:02] production.INFO: Scheduler Now working  
[2025-03-31 16:20:01] production.INFO: Scheduler Now working  
[2025-03-31 16:22:01] production.INFO: Scheduler Now working  
[2025-03-31 16:24:02] production.INFO: Scheduler Now working  
[2025-03-31 16:26:01] production.INFO: Scheduler Now working  
[2025-03-31 16:28:01] production.INFO: Scheduler Now working  
[2025-03-31 16:32:02] production.INFO: Scheduler Now working  
[2025-03-31 16:34:01] production.INFO: Scheduler Now working  
[2025-03-31 16:36:01] production.INFO: Scheduler Now working  
[2025-03-31 16:36:52] production.INFO: Scheduler Now working  
[2025-03-31 16:38:01] production.INFO: Scheduler Now working  
[2025-03-31 16:40:01] production.INFO: Scheduler Now working  
[2025-03-31 16:42:02] production.INFO: Scheduler Now working  
[2025-03-31 16:44:01] production.INFO: Scheduler Now working  
[2025-03-31 16:46:01] production.INFO: Scheduler Now working  
[2025-03-31 16:48:02] production.INFO: Scheduler Now working  
[2025-03-31 16:50:01] production.INFO: Scheduler Now working  
[2025-03-31 16:52:01] production.INFO: Scheduler Now working  
[2025-03-31 16:54:02] production.INFO: Scheduler Now working  
[2025-03-31 16:56:01] production.INFO: Scheduler Now working  
[2025-03-31 16:58:01] production.INFO: Scheduler Now working  
[2025-03-31 17:02:02] production.INFO: Scheduler Now working  
[2025-03-31 17:04:01] production.INFO: Scheduler Now working  
[2025-03-31 17:06:01] production.INFO: Scheduler Now working  
[2025-03-31 17:06:57] production.INFO: Scheduler Now working  
[2025-03-31 17:08:01] production.INFO: Scheduler Now working  
[2025-03-31 17:10:02] production.INFO: Scheduler Now working  
[2025-03-31 17:12:01] production.INFO: Scheduler Now working  
[2025-03-31 17:14:01] production.INFO: Scheduler Now working  
[2025-03-31 17:16:02] production.INFO: Scheduler Now working  
[2025-03-31 17:18:01] production.INFO: Scheduler Now working  
[2025-03-31 17:20:01] production.INFO: Scheduler Now working  
[2025-03-31 17:22:02] production.INFO: Scheduler Now working  
[2025-03-31 17:24:01] production.INFO: Scheduler Now working  
[2025-03-31 17:26:01] production.INFO: Scheduler Now working  
[2025-03-31 17:28:02] production.INFO: Scheduler Now working  
[2025-03-31 17:32:01] production.INFO: Scheduler Now working  
[2025-03-31 17:34:01] production.INFO: Scheduler Now working  
[2025-03-31 17:36:02] production.INFO: Scheduler Now working  
[2025-03-31 17:36:53] production.INFO: Scheduler Now working  
[2025-03-31 17:38:01] production.INFO: Scheduler Now working  
[2025-03-31 17:40:02] production.INFO: Scheduler Now working  
[2025-03-31 17:42:01] production.INFO: Scheduler Now working  
[2025-03-31 17:44:01] production.INFO: Scheduler Now working  
[2025-03-31 17:46:02] production.INFO: Scheduler Now working  
[2025-03-31 17:48:01] production.INFO: Scheduler Now working  
[2025-03-31 17:50:01] production.INFO: Scheduler Now working  
[2025-03-31 17:52:02] production.INFO: Scheduler Now working  
[2025-03-31 17:54:01] production.INFO: Scheduler Now working  
[2025-03-31 17:56:01] production.INFO: Scheduler Now working  
[2025-03-31 17:58:02] production.INFO: Scheduler Now working  
[2025-03-31 18:02:01] production.INFO: Scheduler Now working  
[2025-03-31 18:04:01] production.INFO: Scheduler Now working  
[2025-03-31 18:06:02] production.INFO: Scheduler Now working  
[2025-03-31 18:06:52] production.INFO: Scheduler Now working  
[2025-03-31 18:08:01] production.INFO: Scheduler Now working  
[2025-03-31 18:10:02] production.INFO: Scheduler Now working  
[2025-03-31 18:12:01] production.INFO: Scheduler Now working  
[2025-03-31 18:14:01] production.INFO: Scheduler Now working  
[2025-03-31 18:16:02] production.INFO: Scheduler Now working  
[2025-03-31 18:18:01] production.INFO: Scheduler Now working  
[2025-03-31 18:20:02] production.INFO: Scheduler Now working  
[2025-03-31 18:22:02] production.INFO: Scheduler Now working  
[2025-03-31 18:24:01] production.INFO: Scheduler Now working  
[2025-03-31 18:26:02] production.INFO: Scheduler Now working  
[2025-03-31 18:28:01] production.INFO: Scheduler Now working  
[2025-03-31 18:32:01] production.INFO: Scheduler Now working  
[2025-03-31 18:34:02] production.INFO: Scheduler Now working  
[2025-03-31 18:36:01] production.INFO: Scheduler Now working  
[2025-03-31 18:36:51] production.INFO: Scheduler Now working  
[2025-03-31 18:38:02] production.INFO: Scheduler Now working  
[2025-03-31 18:40:01] production.INFO: Scheduler Now working  
[2025-03-31 18:42:02] production.INFO: Scheduler Now working  
[2025-03-31 18:44:01] production.INFO: Scheduler Now working  
[2025-03-31 18:46:01] production.INFO: Scheduler Now working  
[2025-03-31 18:48:02] production.INFO: Scheduler Now working  
[2025-03-31 18:50:01] production.INFO: Scheduler Now working  
[2025-03-31 18:52:01] production.INFO: Scheduler Now working  
[2025-03-31 18:54:02] production.INFO: Scheduler Now working  
[2025-03-31 18:56:01] production.INFO: Scheduler Now working  
[2025-03-31 18:58:01] production.INFO: Scheduler Now working  
[2025-03-31 19:02:02] production.INFO: Scheduler Now working  
[2025-03-31 19:04:01] production.INFO: Scheduler Now working  
[2025-03-31 19:06:01] production.INFO: Scheduler Now working  
[2025-03-31 19:06:51] production.INFO: Scheduler Now working  
[2025-03-31 19:08:01] production.INFO: Scheduler Now working  
[2025-03-31 19:10:01] production.INFO: Scheduler Now working  
[2025-03-31 19:12:02] production.INFO: Scheduler Now working  
[2025-03-31 19:14:01] production.INFO: Scheduler Now working  
[2025-03-31 19:16:01] production.INFO: Scheduler Now working  
[2025-03-31 19:18:02] production.INFO: Scheduler Now working  
[2025-03-31 19:20:01] production.INFO: Scheduler Now working  
[2025-03-31 19:22:02] production.INFO: Scheduler Now working  
[2025-03-31 19:24:01] production.INFO: Scheduler Now working  
[2025-03-31 19:26:01] production.INFO: Scheduler Now working  
[2025-03-31 19:28:02] production.INFO: Scheduler Now working  
[2025-03-31 19:32:02] production.INFO: Scheduler Now working  
[2025-03-31 19:34:01] production.INFO: Scheduler Now working  
[2025-03-31 19:36:02] production.INFO: Scheduler Now working  
[2025-03-31 19:36:50] production.INFO: Scheduler Now working  
[2025-03-31 19:38:01] production.INFO: Scheduler Now working  
[2025-03-31 19:40:01] production.INFO: Scheduler Now working  
[2025-03-31 19:42:02] production.INFO: Scheduler Now working  
[2025-03-31 19:44:01] production.INFO: Scheduler Now working  
[2025-03-31 19:46:01] production.INFO: Scheduler Now working  
[2025-03-31 19:48:02] production.INFO: Scheduler Now working  
[2025-03-31 19:50:01] production.INFO: Scheduler Now working  
[2025-03-31 19:52:02] production.INFO: Scheduler Now working  
[2025-03-31 19:54:01] production.INFO: Scheduler Now working  
[2025-03-31 19:56:01] production.INFO: Scheduler Now working  
[2025-03-31 19:58:02] production.INFO: Scheduler Now working  
[2025-03-31 20:02:02] production.INFO: Scheduler Now working  
[2025-03-31 20:04:01] production.INFO: Scheduler Now working  
[2025-03-31 20:06:02] production.INFO: Scheduler Now working  
[2025-03-31 20:06:54] production.INFO: Scheduler Now working  
[2025-03-31 20:08:02] production.INFO: Scheduler Now working  
[2025-03-31 20:10:01] production.INFO: Scheduler Now working  
[2025-03-31 20:12:01] production.INFO: Scheduler Now working  
[2025-03-31 20:14:02] production.INFO: Scheduler Now working  
[2025-03-31 20:16:01] production.INFO: Scheduler Now working  
[2025-03-31 20:18:01] production.INFO: Scheduler Now working  
[2025-03-31 20:20:02] production.INFO: Scheduler Now working  
[2025-03-31 20:22:01] production.INFO: Scheduler Now working  
[2025-03-31 20:24:01] production.INFO: Scheduler Now working  
[2025-03-31 20:26:02] production.INFO: Scheduler Now working  
[2025-03-31 20:28:01] production.INFO: Scheduler Now working  
[2025-03-31 20:32:01] production.INFO: Scheduler Now working  
[2025-03-31 20:34:02] production.INFO: Scheduler Now working  
[2025-03-31 20:36:01] production.INFO: Scheduler Now working  
[2025-03-31 20:36:52] production.INFO: Scheduler Now working  
[2025-03-31 20:38:01] production.INFO: Scheduler Now working  
[2025-03-31 20:40:02] production.INFO: Scheduler Now working  
[2025-03-31 20:42:01] production.INFO: Scheduler Now working  
[2025-03-31 20:44:02] production.INFO: Scheduler Now working  
[2025-03-31 20:46:01] production.INFO: Scheduler Now working  
[2025-03-31 20:48:01] production.INFO: Scheduler Now working  
[2025-03-31 20:50:02] production.INFO: Scheduler Now working  
[2025-03-31 20:52:01] production.INFO: Scheduler Now working  
[2025-03-31 20:54:01] production.INFO: Scheduler Now working  
[2025-03-31 20:56:02] production.INFO: Scheduler Now working  
[2025-03-31 20:58:01] production.INFO: Scheduler Now working  
[2025-03-31 21:02:01] production.INFO: Scheduler Now working  
[2025-03-31 21:04:02] production.INFO: Scheduler Now working  
[2025-03-31 21:06:01] production.INFO: Scheduler Now working  
[2025-03-31 21:06:50] production.INFO: Scheduler Now working  
[2025-03-31 21:08:02] production.INFO: Scheduler Now working  
[2025-03-31 21:10:01] production.INFO: Scheduler Now working  
[2025-03-31 21:12:01] production.INFO: Scheduler Now working  
[2025-03-31 21:14:02] production.INFO: Scheduler Now working  
[2025-03-31 21:16:01] production.INFO: Scheduler Now working  
[2025-03-31 21:18:01] production.INFO: Scheduler Now working  
[2025-03-31 21:20:02] production.INFO: Scheduler Now working  
[2025-03-31 21:22:01] production.INFO: Scheduler Now working  
[2025-03-31 21:24:02] production.INFO: Scheduler Now working  
[2025-03-31 21:26:02] production.INFO: Scheduler Now working  
[2025-03-31 21:28:01] production.INFO: Scheduler Now working  
[2025-03-31 21:32:01] production.INFO: Scheduler Now working  
[2025-03-31 21:34:02] production.INFO: Scheduler Now working  
[2025-03-31 21:36:01] production.INFO: Scheduler Now working  
[2025-03-31 21:36:51] production.INFO: Scheduler Now working  
[2025-03-31 21:38:02] production.INFO: Scheduler Now working  
[2025-03-31 21:40:01] production.INFO: Scheduler Now working  
[2025-03-31 21:42:02] production.INFO: Scheduler Now working  
[2025-03-31 21:44:01] production.INFO: Scheduler Now working  
[2025-03-31 21:46:01] production.INFO: Scheduler Now working  
[2025-03-31 21:48:02] production.INFO: Scheduler Now working  
[2025-03-31 21:50:01] production.INFO: Scheduler Now working  
[2025-03-31 21:52:01] production.INFO: Scheduler Now working  
[2025-03-31 21:54:02] production.INFO: Scheduler Now working  
[2025-03-31 21:56:01] production.INFO: Scheduler Now working  
[2025-03-31 21:58:02] production.INFO: Scheduler Now working  
[2025-03-31 22:02:02] production.INFO: Scheduler Now working  
[2025-03-31 22:04:01] production.INFO: Scheduler Now working  
[2025-03-31 22:06:01] production.INFO: Scheduler Now working  
[2025-03-31 22:06:48] production.INFO: Scheduler Now working  
[2025-03-31 22:08:01] production.INFO: Scheduler Now working  
[2025-03-31 22:10:02] production.INFO: Scheduler Now working  
[2025-03-31 22:12:01] production.INFO: Scheduler Now working  
[2025-03-31 22:14:01] production.INFO: Scheduler Now working  
[2025-03-31 22:16:02] production.INFO: Scheduler Now working  
[2025-03-31 22:18:01] production.INFO: Scheduler Now working  
[2025-03-31 22:20:02] production.INFO: Scheduler Now working  
[2025-03-31 22:22:01] production.INFO: Scheduler Now working  
[2025-03-31 22:24:01] production.INFO: Scheduler Now working  
[2025-03-31 22:26:02] production.INFO: Scheduler Now working  
[2025-03-31 22:28:01] production.INFO: Scheduler Now working  
[2025-03-31 22:32:01] production.INFO: Scheduler Now working  
[2025-03-31 22:34:02] production.INFO: Scheduler Now working  
[2025-03-31 22:36:02] production.INFO: Scheduler Now working  
[2025-03-31 22:36:49] production.INFO: Scheduler Now working  
[2025-03-31 22:38:02] production.INFO: Scheduler Now working  
[2025-03-31 22:40:01] production.INFO: Scheduler Now working  
[2025-03-31 22:42:01] production.INFO: Scheduler Now working  
[2025-03-31 22:44:02] production.INFO: Scheduler Now working  
[2025-03-31 22:46:01] production.INFO: Scheduler Now working  
[2025-03-31 22:48:01] production.INFO: Scheduler Now working  
[2025-03-31 22:50:02] production.INFO: Scheduler Now working  
[2025-03-31 22:52:01] production.INFO: Scheduler Now working  
[2025-03-31 22:54:01] production.INFO: Scheduler Now working  
[2025-03-31 22:56:02] production.INFO: Scheduler Now working  
[2025-03-31 22:58:01] production.INFO: Scheduler Now working  
[2025-03-31 23:02:01] production.INFO: Scheduler Now working  
[2025-03-31 23:04:02] production.INFO: Scheduler Now working  
[2025-03-31 23:06:01] production.INFO: Scheduler Now working  
[2025-03-31 23:06:47] production.INFO: Scheduler Now working  
[2025-03-31 23:08:02] production.INFO: Scheduler Now working  
[2025-03-31 23:10:01] production.INFO: Scheduler Now working  
[2025-03-31 23:12:02] production.INFO: Scheduler Now working  
[2025-03-31 23:14:02] production.INFO: Scheduler Now working  
[2025-03-31 23:16:01] production.INFO: Scheduler Now working  
[2025-03-31 23:18:02] production.INFO: Scheduler Now working  
[2025-03-31 23:20:01] production.INFO: Scheduler Now working  
[2025-03-31 23:22:01] production.INFO: Scheduler Now working  
[2025-03-31 23:24:02] production.INFO: Scheduler Now working  
[2025-03-31 23:26:01] production.INFO: Scheduler Now working  
[2025-03-31 23:28:01] production.INFO: Scheduler Now working  
[2025-03-31 23:32:01] production.INFO: Scheduler Now working  
[2025-03-31 23:34:02] production.INFO: Scheduler Now working  
[2025-03-31 23:36:01] production.INFO: Scheduler Now working  
[2025-03-31 23:36:50] production.INFO: Scheduler Now working  
[2025-03-31 23:38:02] production.INFO: Scheduler Now working  
[2025-03-31 23:40:02] production.INFO: Scheduler Now working  
[2025-03-31 23:42:01] production.INFO: Scheduler Now working  
[2025-03-31 23:44:02] production.INFO: Scheduler Now working  
[2025-03-31 23:46:01] production.INFO: Scheduler Now working  
[2025-03-31 23:48:01] production.INFO: Scheduler Now working  
[2025-03-31 23:50:02] production.INFO: Scheduler Now working  
[2025-03-31 23:52:01] production.INFO: Scheduler Now working  
[2025-03-31 23:54:01] production.INFO: Scheduler Now working  
[2025-03-31 23:56:02] production.INFO: Scheduler Now working  
[2025-03-31 23:58:01] production.INFO: Scheduler Now working  
