[2025-04-03 00:02:01] production.INFO: Scheduler Now working  
[2025-04-03 00:04:02] production.INFO: Scheduler Now working  
[2025-04-03 00:06:01] production.INFO: Scheduler Now working  
[2025-04-03 00:06:54] production.INFO: Scheduler Now working  
[2025-04-03 00:08:01] production.INFO: Scheduler Now working  
[2025-04-03 00:10:01] production.INFO: Scheduler Now working  
[2025-04-03 00:12:02] production.INFO: Scheduler Now working  
[2025-04-03 00:14:01] production.INFO: Scheduler Now working  
[2025-04-03 00:16:01] production.INFO: Scheduler Now working  
[2025-04-03 00:18:02] production.INFO: Scheduler Now working  
[2025-04-03 00:20:01] production.INFO: Scheduler Now working  
[2025-04-03 00:22:01] production.INFO: Scheduler Now working  
[2025-04-03 00:24:02] production.INFO: Scheduler Now working  
[2025-04-03 00:26:01] production.INFO: Scheduler Now working  
[2025-04-03 00:28:02] production.INFO: Scheduler Now working  
[2025-04-03 00:32:02] production.INFO: Scheduler Now working  
[2025-04-03 00:34:01] production.INFO: Scheduler Now working  
[2025-04-03 00:36:01] production.INFO: Scheduler Now working  
[2025-04-03 00:36:44] production.INFO: Scheduler Now working  
[2025-04-03 00:38:02] production.INFO: Scheduler Now working  
[2025-04-03 00:40:01] production.INFO: Scheduler Now working  
[2025-04-03 00:42:02] production.INFO: Scheduler Now working  
[2025-04-03 00:44:01] production.INFO: Scheduler Now working  
[2025-04-03 00:46:01] production.INFO: Scheduler Now working  
[2025-04-03 00:48:02] production.INFO: Scheduler Now working  
[2025-04-03 00:50:01] production.INFO: Scheduler Now working  
[2025-04-03 00:52:01] production.INFO: Scheduler Now working  
[2025-04-03 00:54:02] production.INFO: Scheduler Now working  
[2025-04-03 00:56:01] production.INFO: Scheduler Now working  
[2025-04-03 00:58:01] production.INFO: Scheduler Now working  
[2025-04-03 01:02:02] production.INFO: Scheduler Now working  
[2025-04-03 01:04:01] production.INFO: Scheduler Now working  
[2025-04-03 01:06:01] production.INFO: Scheduler Now working  
[2025-04-03 01:06:45] production.INFO: Scheduler Now working  
[2025-04-03 01:08:01] production.INFO: Scheduler Now working  
[2025-04-03 01:10:02] production.INFO: Scheduler Now working  
[2025-04-03 01:12:01] production.INFO: Scheduler Now working  
[2025-04-03 01:14:01] production.INFO: Scheduler Now working  
[2025-04-03 01:16:02] production.INFO: Scheduler Now working  
[2025-04-03 01:18:01] production.INFO: Scheduler Now working  
[2025-04-03 01:20:01] production.INFO: Scheduler Now working  
[2025-04-03 01:22:02] production.INFO: Scheduler Now working  
[2025-04-03 01:24:01] production.INFO: Scheduler Now working  
[2025-04-03 01:26:01] production.INFO: Scheduler Now working  
[2025-04-03 01:28:02] production.INFO: Scheduler Now working  
[2025-04-03 01:32:01] production.INFO: Scheduler Now working  
[2025-04-03 01:34:01] production.INFO: Scheduler Now working  
[2025-04-03 01:36:02] production.INFO: Scheduler Now working  
[2025-04-03 01:36:39] production.INFO: Scheduler Now working  
[2025-04-03 01:38:01] production.INFO: Scheduler Now working  
[2025-04-03 01:39:01] production.ERROR: Class "App\Console\Commands\Client" not found {"exception":"[object] (Error(code: 0): Class \"App\\Console\\Commands\\Client\" not found at /var/www/groscope/app/Console/Commands/FetchRazorpayQrStatusCommand.php:24)
[stacktrace]
#0 [internal function]: App\\Console\\Commands\\FetchRazorpayQrStatusCommand->__construct()
#1 /var/www/groscope/vendor/laravel/framework/src/Illuminate/Container/Container.php(952): ReflectionClass->newInstanceArgs()
#2 /var/www/groscope/vendor/laravel/framework/src/Illuminate/Container/Container.php(795): Illuminate\\Container\\Container->build()
#3 /var/www/groscope/vendor/laravel/framework/src/Illuminate/Foundation/Application.php(986): Illuminate\\Container\\Container->resolve()
#4 /var/www/groscope/vendor/laravel/framework/src/Illuminate/Container/Container.php(731): Illuminate\\Foundation\\Application->resolve()
#5 /var/www/groscope/vendor/laravel/framework/src/Illuminate/Foundation/Application.php(971): Illuminate\\Container\\Container->make()
#6 /var/www/groscope/vendor/laravel/framework/src/Illuminate/Console/Application.php(251): Illuminate\\Foundation\\Application->make()
#7 /var/www/groscope/vendor/laravel/framework/src/Illuminate/Foundation/Console/Kernel.php(349): Illuminate\\Console\\Application->resolve()
#8 /var/www/groscope/vendor/laravel/framework/src/Illuminate/Console/Application.php(130): Illuminate\\Foundation\\Console\\Kernel->Illuminate\\Foundation\\Console\\{closure}()
#9 /var/www/groscope/vendor/laravel/framework/src/Illuminate/Console/Application.php(77): Illuminate\\Console\\Application->bootstrap()
#10 /var/www/groscope/vendor/laravel/framework/src/Illuminate/Foundation/Console/Kernel.php(481): Illuminate\\Console\\Application->__construct()
#11 /var/www/groscope/vendor/laravel/framework/src/Illuminate/Foundation/Console/Kernel.php(201): Illuminate\\Foundation\\Console\\Kernel->getArtisan()
#12 /var/www/groscope/artisan(35): Illuminate\\Foundation\\Console\\Kernel->handle()
#13 {main}
"} 
[2025-04-03 01:40:02] production.ERROR: Command class "App\Console\Commands\CheckStatusPhonePeCommand" is not correctly initialized. You probably forgot to call the parent constructor. {"exception":"[object] (Symfony\\Component\\Console\\Exception\\LogicException(code: 0): Command class \"App\\Console\\Commands\\CheckStatusPhonePeCommand\" is not correctly initialized. You probably forgot to call the parent constructor. at /var/www/groscope/vendor/symfony/console/Command/Command.php:449)
[stacktrace]
#0 /var/www/groscope/vendor/symfony/console/Command/Command.php(436): Symfony\\Component\\Console\\Command\\Command->getNativeDefinition()
#1 /var/www/groscope/vendor/symfony/console/Application.php(560): Symfony\\Component\\Console\\Command\\Command->getDefinition()
#2 /var/www/groscope/vendor/laravel/framework/src/Illuminate/Console/Application.php(228): Symfony\\Component\\Console\\Application->add()
#3 /var/www/groscope/vendor/laravel/framework/src/Illuminate/Console/Application.php(217): Illuminate\\Console\\Application->addToParent()
#4 /var/www/groscope/vendor/laravel/framework/src/Illuminate/Console/Application.php(251): Illuminate\\Console\\Application->add()
#5 /var/www/groscope/vendor/laravel/framework/src/Illuminate/Foundation/Console/Kernel.php(349): Illuminate\\Console\\Application->resolve()
#6 /var/www/groscope/vendor/laravel/framework/src/Illuminate/Console/Application.php(130): Illuminate\\Foundation\\Console\\Kernel->Illuminate\\Foundation\\Console\\{closure}()
#7 /var/www/groscope/vendor/laravel/framework/src/Illuminate/Console/Application.php(77): Illuminate\\Console\\Application->bootstrap()
#8 /var/www/groscope/vendor/laravel/framework/src/Illuminate/Foundation/Console/Kernel.php(481): Illuminate\\Console\\Application->__construct()
#9 /var/www/groscope/vendor/laravel/framework/src/Illuminate/Foundation/Console/Kernel.php(201): Illuminate\\Foundation\\Console\\Kernel->getArtisan()
#10 /var/www/groscope/artisan(35): Illuminate\\Foundation\\Console\\Kernel->handle()
#11 {main}
"} 
[2025-04-03 01:40:17] production.ERROR: Command class "App\Console\Commands\CheckStatusPhonePeCommand" is not correctly initialized. You probably forgot to call the parent constructor. {"exception":"[object] (Symfony\\Component\\Console\\Exception\\LogicException(code: 0): Command class \"App\\Console\\Commands\\CheckStatusPhonePeCommand\" is not correctly initialized. You probably forgot to call the parent constructor. at /var/www/groscope/vendor/symfony/console/Command/Command.php:449)
[stacktrace]
#0 /var/www/groscope/vendor/symfony/console/Command/Command.php(436): Symfony\\Component\\Console\\Command\\Command->getNativeDefinition()
#1 /var/www/groscope/vendor/symfony/console/Application.php(560): Symfony\\Component\\Console\\Command\\Command->getDefinition()
#2 /var/www/groscope/vendor/laravel/framework/src/Illuminate/Console/Application.php(228): Symfony\\Component\\Console\\Application->add()
#3 /var/www/groscope/vendor/laravel/framework/src/Illuminate/Console/Application.php(217): Illuminate\\Console\\Application->addToParent()
#4 /var/www/groscope/vendor/laravel/framework/src/Illuminate/Console/Application.php(251): Illuminate\\Console\\Application->add()
#5 /var/www/groscope/vendor/laravel/framework/src/Illuminate/Foundation/Console/Kernel.php(349): Illuminate\\Console\\Application->resolve()
#6 /var/www/groscope/vendor/laravel/framework/src/Illuminate/Console/Application.php(130): Illuminate\\Foundation\\Console\\Kernel->Illuminate\\Foundation\\Console\\{closure}()
#7 /var/www/groscope/vendor/laravel/framework/src/Illuminate/Console/Application.php(77): Illuminate\\Console\\Application->bootstrap()
#8 /var/www/groscope/vendor/laravel/framework/src/Illuminate/Foundation/Console/Kernel.php(481): Illuminate\\Console\\Application->__construct()
#9 /var/www/groscope/vendor/laravel/framework/src/Illuminate/Foundation/Console/Kernel.php(201): Illuminate\\Foundation\\Console\\Kernel->getArtisan()
#10 /var/www/groscope/artisan(35): Illuminate\\Foundation\\Console\\Kernel->handle()
#11 {main}
"} 
[2025-04-03 01:41:00] production.ERROR: Command class "App\Console\Commands\CheckStatusPhonePeCommand" is not correctly initialized. You probably forgot to call the parent constructor. {"exception":"[object] (Symfony\\Component\\Console\\Exception\\LogicException(code: 0): Command class \"App\\Console\\Commands\\CheckStatusPhonePeCommand\" is not correctly initialized. You probably forgot to call the parent constructor. at /var/www/groscope/vendor/symfony/console/Command/Command.php:449)
[stacktrace]
#0 /var/www/groscope/vendor/symfony/console/Command/Command.php(436): Symfony\\Component\\Console\\Command\\Command->getNativeDefinition()
#1 /var/www/groscope/vendor/symfony/console/Application.php(560): Symfony\\Component\\Console\\Command\\Command->getDefinition()
#2 /var/www/groscope/vendor/laravel/framework/src/Illuminate/Console/Application.php(228): Symfony\\Component\\Console\\Application->add()
#3 /var/www/groscope/vendor/laravel/framework/src/Illuminate/Console/Application.php(217): Illuminate\\Console\\Application->addToParent()
#4 /var/www/groscope/vendor/laravel/framework/src/Illuminate/Console/Application.php(251): Illuminate\\Console\\Application->add()
#5 /var/www/groscope/vendor/laravel/framework/src/Illuminate/Foundation/Console/Kernel.php(349): Illuminate\\Console\\Application->resolve()
#6 /var/www/groscope/vendor/laravel/framework/src/Illuminate/Console/Application.php(130): Illuminate\\Foundation\\Console\\Kernel->Illuminate\\Foundation\\Console\\{closure}()
#7 /var/www/groscope/vendor/laravel/framework/src/Illuminate/Console/Application.php(77): Illuminate\\Console\\Application->bootstrap()
#8 /var/www/groscope/vendor/laravel/framework/src/Illuminate/Foundation/Console/Kernel.php(481): Illuminate\\Console\\Application->__construct()
#9 /var/www/groscope/vendor/laravel/framework/src/Illuminate/Foundation/Console/Kernel.php(201): Illuminate\\Foundation\\Console\\Kernel->getArtisan()
#10 /var/www/groscope/artisan(35): Illuminate\\Foundation\\Console\\Kernel->handle()
#11 {main}
"} 
[2025-04-03 01:41:01] production.ERROR: Command class "App\Console\Commands\CheckStatusPhonePeCommand" is not correctly initialized. You probably forgot to call the parent constructor. {"exception":"[object] (Symfony\\Component\\Console\\Exception\\LogicException(code: 0): Command class \"App\\Console\\Commands\\CheckStatusPhonePeCommand\" is not correctly initialized. You probably forgot to call the parent constructor. at /var/www/groscope/vendor/symfony/console/Command/Command.php:449)
[stacktrace]
#0 /var/www/groscope/vendor/symfony/console/Command/Command.php(436): Symfony\\Component\\Console\\Command\\Command->getNativeDefinition()
#1 /var/www/groscope/vendor/symfony/console/Application.php(560): Symfony\\Component\\Console\\Command\\Command->getDefinition()
#2 /var/www/groscope/vendor/laravel/framework/src/Illuminate/Console/Application.php(228): Symfony\\Component\\Console\\Application->add()
#3 /var/www/groscope/vendor/laravel/framework/src/Illuminate/Console/Application.php(217): Illuminate\\Console\\Application->addToParent()
#4 /var/www/groscope/vendor/laravel/framework/src/Illuminate/Console/Application.php(251): Illuminate\\Console\\Application->add()
#5 /var/www/groscope/vendor/laravel/framework/src/Illuminate/Foundation/Console/Kernel.php(349): Illuminate\\Console\\Application->resolve()
#6 /var/www/groscope/vendor/laravel/framework/src/Illuminate/Console/Application.php(130): Illuminate\\Foundation\\Console\\Kernel->Illuminate\\Foundation\\Console\\{closure}()
#7 /var/www/groscope/vendor/laravel/framework/src/Illuminate/Console/Application.php(77): Illuminate\\Console\\Application->bootstrap()
#8 /var/www/groscope/vendor/laravel/framework/src/Illuminate/Foundation/Console/Kernel.php(481): Illuminate\\Console\\Application->__construct()
#9 /var/www/groscope/vendor/laravel/framework/src/Illuminate/Foundation/Console/Kernel.php(201): Illuminate\\Foundation\\Console\\Kernel->getArtisan()
#10 /var/www/groscope/artisan(35): Illuminate\\Foundation\\Console\\Kernel->handle()
#11 {main}
"} 
[2025-04-03 01:41:25] production.ERROR: Class "App\Console\Commands\QRPaymentCollection" not found {"exception":"[object] (Error(code: 0): Class \"App\\Console\\Commands\\QRPaymentCollection\" not found at /var/www/groscope/app/Console/Commands/CheckStatusPhonePeCommand.php:32)
[stacktrace]
#0 /var/www/groscope/vendor/laravel/framework/src/Illuminate/Container/BoundMethod.php(36): App\\Console\\Commands\\CheckStatusPhonePeCommand->handle()
#1 /var/www/groscope/vendor/laravel/framework/src/Illuminate/Container/Util.php(41): Illuminate\\Container\\BoundMethod::Illuminate\\Container\\{closure}()
#2 /var/www/groscope/vendor/laravel/framework/src/Illuminate/Container/BoundMethod.php(93): Illuminate\\Container\\Util::unwrapIfClosure()
#3 /var/www/groscope/vendor/laravel/framework/src/Illuminate/Container/BoundMethod.php(35): Illuminate\\Container\\BoundMethod::callBoundMethod()
#4 /var/www/groscope/vendor/laravel/framework/src/Illuminate/Container/Container.php(662): Illuminate\\Container\\BoundMethod::call()
#5 /var/www/groscope/vendor/laravel/framework/src/Illuminate/Console/Command.php(211): Illuminate\\Container\\Container->call()
#6 /var/www/groscope/vendor/symfony/console/Command/Command.php(326): Illuminate\\Console\\Command->execute()
#7 /var/www/groscope/vendor/laravel/framework/src/Illuminate/Console/Command.php(180): Symfony\\Component\\Console\\Command\\Command->run()
#8 /var/www/groscope/vendor/symfony/console/Application.php(1096): Illuminate\\Console\\Command->run()
#9 /var/www/groscope/vendor/symfony/console/Application.php(324): Symfony\\Component\\Console\\Application->doRunCommand()
#10 /var/www/groscope/vendor/symfony/console/Application.php(175): Symfony\\Component\\Console\\Application->doRun()
#11 /var/www/groscope/vendor/laravel/framework/src/Illuminate/Foundation/Console/Kernel.php(201): Symfony\\Component\\Console\\Application->run()
#12 /var/www/groscope/artisan(35): Illuminate\\Foundation\\Console\\Kernel->handle()
#13 {main}
"} 
[2025-04-03 01:42:01] production.INFO: Scheduler Now working  
[2025-04-03 01:44:02] production.INFO: Scheduler Now working  
[2025-04-03 01:45:01] production.ERROR: syntax error, unexpected token ")" {"exception":"[object] (ParseError(code: 0): syntax error, unexpected token \")\" at /var/www/groscope/app/Console/Commands/CheckStatusPhonePeCommand.php:34)
[stacktrace]
#0 /var/www/groscope/vendor/composer/ClassLoader.php(427): Composer\\Autoload\\{closure}()
#1 [internal function]: Composer\\Autoload\\ClassLoader->loadClass()
#2 /var/www/groscope/vendor/laravel/framework/src/Illuminate/Foundation/Console/Kernel.php(346): is_subclass_of()
#3 /var/www/groscope/app/Console/Kernel.php(65): Illuminate\\Foundation\\Console\\Kernel->load()
#4 /var/www/groscope/vendor/laravel/framework/src/Illuminate/Foundation/Console/Kernel.php(453): App\\Console\\Kernel->commands()
#5 /var/www/groscope/vendor/laravel/framework/src/Illuminate/Foundation/Console/Kernel.php(199): Illuminate\\Foundation\\Console\\Kernel->bootstrap()
#6 /var/www/groscope/artisan(35): Illuminate\\Foundation\\Console\\Kernel->handle()
#7 {main}
"} 
[2025-04-03 01:46:01] production.ERROR: syntax error, unexpected token ")" {"exception":"[object] (ParseError(code: 0): syntax error, unexpected token \")\" at /var/www/groscope/app/Console/Commands/CheckStatusPhonePeCommand.php:34)
[stacktrace]
#0 /var/www/groscope/vendor/composer/ClassLoader.php(427): Composer\\Autoload\\{closure}()
#1 [internal function]: Composer\\Autoload\\ClassLoader->loadClass()
#2 /var/www/groscope/vendor/laravel/framework/src/Illuminate/Foundation/Console/Kernel.php(346): is_subclass_of()
#3 /var/www/groscope/app/Console/Kernel.php(65): Illuminate\\Foundation\\Console\\Kernel->load()
#4 /var/www/groscope/vendor/laravel/framework/src/Illuminate/Foundation/Console/Kernel.php(453): App\\Console\\Kernel->commands()
#5 /var/www/groscope/vendor/laravel/framework/src/Illuminate/Foundation/Console/Kernel.php(199): Illuminate\\Foundation\\Console\\Kernel->bootstrap()
#6 /var/www/groscope/artisan(35): Illuminate\\Foundation\\Console\\Kernel->handle()
#7 {main}
"} 
[2025-04-03 01:47:01] production.ERROR: syntax error, unexpected token ")" {"exception":"[object] (ParseError(code: 0): syntax error, unexpected token \")\" at /var/www/groscope/app/Console/Commands/CheckStatusPhonePeCommand.php:52)
[stacktrace]
#0 /var/www/groscope/vendor/composer/ClassLoader.php(427): Composer\\Autoload\\{closure}()
#1 [internal function]: Composer\\Autoload\\ClassLoader->loadClass()
#2 /var/www/groscope/vendor/laravel/framework/src/Illuminate/Foundation/Console/Kernel.php(346): is_subclass_of()
#3 /var/www/groscope/app/Console/Kernel.php(65): Illuminate\\Foundation\\Console\\Kernel->load()
#4 /var/www/groscope/vendor/laravel/framework/src/Illuminate/Foundation/Console/Kernel.php(453): App\\Console\\Kernel->commands()
#5 /var/www/groscope/vendor/laravel/framework/src/Illuminate/Foundation/Console/Kernel.php(199): Illuminate\\Foundation\\Console\\Kernel->bootstrap()
#6 /var/www/groscope/artisan(35): Illuminate\\Foundation\\Console\\Kernel->handle()
#7 {main}
"} 
[2025-04-03 01:48:01] production.ERROR: syntax error, unexpected token ")" {"exception":"[object] (ParseError(code: 0): syntax error, unexpected token \")\" at /var/www/groscope/app/Console/Commands/CheckStatusPhonePeCommand.php:52)
[stacktrace]
#0 /var/www/groscope/vendor/composer/ClassLoader.php(427): Composer\\Autoload\\{closure}()
#1 [internal function]: Composer\\Autoload\\ClassLoader->loadClass()
#2 /var/www/groscope/vendor/laravel/framework/src/Illuminate/Foundation/Console/Kernel.php(346): is_subclass_of()
#3 /var/www/groscope/app/Console/Kernel.php(65): Illuminate\\Foundation\\Console\\Kernel->load()
#4 /var/www/groscope/vendor/laravel/framework/src/Illuminate/Foundation/Console/Kernel.php(453): App\\Console\\Kernel->commands()
#5 /var/www/groscope/vendor/laravel/framework/src/Illuminate/Foundation/Console/Kernel.php(199): Illuminate\\Foundation\\Console\\Kernel->bootstrap()
#6 /var/www/groscope/artisan(35): Illuminate\\Foundation\\Console\\Kernel->handle()
#7 {main}
"} 
[2025-04-03 01:49:02] production.ERROR: syntax error, unexpected token ")" {"exception":"[object] (ParseError(code: 0): syntax error, unexpected token \")\" at /var/www/groscope/app/Console/Commands/CheckStatusPhonePeCommand.php:60)
[stacktrace]
#0 /var/www/groscope/vendor/composer/ClassLoader.php(427): Composer\\Autoload\\{closure}()
#1 [internal function]: Composer\\Autoload\\ClassLoader->loadClass()
#2 /var/www/groscope/vendor/laravel/framework/src/Illuminate/Foundation/Console/Kernel.php(346): is_subclass_of()
#3 /var/www/groscope/app/Console/Kernel.php(65): Illuminate\\Foundation\\Console\\Kernel->load()
#4 /var/www/groscope/vendor/laravel/framework/src/Illuminate/Foundation/Console/Kernel.php(453): App\\Console\\Kernel->commands()
#5 /var/www/groscope/vendor/laravel/framework/src/Illuminate/Foundation/Console/Kernel.php(199): Illuminate\\Foundation\\Console\\Kernel->bootstrap()
#6 /var/www/groscope/artisan(35): Illuminate\\Foundation\\Console\\Kernel->handle()
#7 {main}
"} 
[2025-04-03 01:50:01] production.ERROR: syntax error, unexpected token ".", expecting variable or "{" or "$" {"exception":"[object] (ParseError(code: 0): syntax error, unexpected token \".\", expecting variable or \"{\" or \"$\" at /var/www/groscope/app/Console/Commands/CheckStatusPhonePeCommand.php:42)
[stacktrace]
#0 /var/www/groscope/vendor/composer/ClassLoader.php(427): Composer\\Autoload\\{closure}()
#1 [internal function]: Composer\\Autoload\\ClassLoader->loadClass()
#2 /var/www/groscope/vendor/laravel/framework/src/Illuminate/Foundation/Console/Kernel.php(346): is_subclass_of()
#3 /var/www/groscope/app/Console/Kernel.php(65): Illuminate\\Foundation\\Console\\Kernel->load()
#4 /var/www/groscope/vendor/laravel/framework/src/Illuminate/Foundation/Console/Kernel.php(453): App\\Console\\Kernel->commands()
#5 /var/www/groscope/vendor/laravel/framework/src/Illuminate/Foundation/Console/Kernel.php(199): Illuminate\\Foundation\\Console\\Kernel->bootstrap()
#6 /var/www/groscope/artisan(35): Illuminate\\Foundation\\Console\\Kernel->handle()
#7 {main}
"} 
[2025-04-03 01:50:33] production.ERROR: Call to a member function get() on null {"exception":"[object] (Error(code: 0): Call to a member function get() on null at /var/www/groscope/app/Console/Commands/CheckStatusPhonePeCommand.php:44)
[stacktrace]
#0 /var/www/groscope/vendor/laravel/framework/src/Illuminate/Container/BoundMethod.php(36): App\\Console\\Commands\\CheckStatusPhonePeCommand->handle()
#1 /var/www/groscope/vendor/laravel/framework/src/Illuminate/Container/Util.php(41): Illuminate\\Container\\BoundMethod::Illuminate\\Container\\{closure}()
#2 /var/www/groscope/vendor/laravel/framework/src/Illuminate/Container/BoundMethod.php(93): Illuminate\\Container\\Util::unwrapIfClosure()
#3 /var/www/groscope/vendor/laravel/framework/src/Illuminate/Container/BoundMethod.php(35): Illuminate\\Container\\BoundMethod::callBoundMethod()
#4 /var/www/groscope/vendor/laravel/framework/src/Illuminate/Container/Container.php(662): Illuminate\\Container\\BoundMethod::call()
#5 /var/www/groscope/vendor/laravel/framework/src/Illuminate/Console/Command.php(211): Illuminate\\Container\\Container->call()
#6 /var/www/groscope/vendor/symfony/console/Command/Command.php(326): Illuminate\\Console\\Command->execute()
#7 /var/www/groscope/vendor/laravel/framework/src/Illuminate/Console/Command.php(180): Symfony\\Component\\Console\\Command\\Command->run()
#8 /var/www/groscope/vendor/symfony/console/Application.php(1096): Illuminate\\Console\\Command->run()
#9 /var/www/groscope/vendor/symfony/console/Application.php(324): Symfony\\Component\\Console\\Application->doRunCommand()
#10 /var/www/groscope/vendor/symfony/console/Application.php(175): Symfony\\Component\\Console\\Application->doRun()
#11 /var/www/groscope/vendor/laravel/framework/src/Illuminate/Foundation/Console/Kernel.php(201): Symfony\\Component\\Console\\Application->run()
#12 /var/www/groscope/artisan(35): Illuminate\\Foundation\\Console\\Kernel->handle()
#13 {main}
"} 
[2025-04-03 01:52:01] production.INFO: Scheduler Now working  
[2025-04-03 01:54:01] production.INFO: Scheduler Now working  
[2025-04-03 01:56:02] production.INFO: Scheduler Now working  
[2025-04-03 01:58:01] production.INFO: Scheduler Now working  
[2025-04-03 02:02:01] production.INFO: Scheduler Now working  
[2025-04-03 02:04:02] production.INFO: Scheduler Now working  
[2025-04-03 02:06:01] production.INFO: Scheduler Now working  
[2025-04-03 02:06:45] production.INFO: Scheduler Now working  
[2025-04-03 02:08:02] production.INFO: Scheduler Now working  
[2025-04-03 02:10:01] production.INFO: Scheduler Now working  
[2025-04-03 02:12:01] production.INFO: Scheduler Now working  
[2025-04-03 02:14:02] production.INFO: Scheduler Now working  
[2025-04-03 02:16:01] production.INFO: Scheduler Now working  
[2025-04-03 02:18:01] production.INFO: Scheduler Now working  
[2025-04-03 02:20:02] production.INFO: Scheduler Now working  
[2025-04-03 02:22:01] production.INFO: Scheduler Now working  
[2025-04-03 02:24:02] production.INFO: Scheduler Now working  
[2025-04-03 02:26:01] production.INFO: Scheduler Now working  
[2025-04-03 02:28:01] production.INFO: Scheduler Now working  
[2025-04-03 02:32:01] production.INFO: Scheduler Now working  
[2025-04-03 02:34:02] production.INFO: Scheduler Now working  
[2025-04-03 02:36:01] production.INFO: Scheduler Now working  
