[2025-03-30 00:02:01] production.INFO: Scheduler Now working  
[2025-03-30 00:04:01] production.INFO: Scheduler Now working  
[2025-03-30 00:06:02] production.INFO: Scheduler Now working  
[2025-03-30 00:06:49] production.INFO: Scheduler Now working  
[2025-03-30 00:08:01] production.INFO: Scheduler Now working  
[2025-03-30 00:10:01] production.INFO: Scheduler Now working  
[2025-03-30 00:12:02] production.INFO: Scheduler Now working  
[2025-03-30 00:14:01] production.INFO: Scheduler Now working  
[2025-03-30 00:16:01] production.INFO: Scheduler Now working  
[2025-03-30 00:18:02] production.INFO: Scheduler Now working  
[2025-03-30 00:20:01] production.INFO: Scheduler Now working  
[2025-03-30 00:22:02] production.INFO: Scheduler Now working  
[2025-03-30 00:24:01] production.INFO: Scheduler Now working  
[2025-03-30 00:26:01] production.INFO: Scheduler Now working  
[2025-03-30 00:28:02] production.INFO: Scheduler Now working  
[2025-03-30 00:32:02] production.INFO: Scheduler Now working  
[2025-03-30 00:34:01] production.INFO: Scheduler Now working  
[2025-03-30 00:36:02] production.INFO: Scheduler Now working  
[2025-03-30 00:36:45] production.INFO: Scheduler Now working  
[2025-03-30 00:38:02] production.INFO: Scheduler Now working  
[2025-03-30 00:40:01] production.INFO: Scheduler Now working  
[2025-03-30 00:42:01] production.INFO: Scheduler Now working  
[2025-03-30 00:44:02] production.INFO: Scheduler Now working  
[2025-03-30 00:46:01] production.INFO: Scheduler Now working  
[2025-03-30 00:48:01] production.INFO: Scheduler Now working  
[2025-03-30 00:50:02] production.INFO: Scheduler Now working  
[2025-03-30 00:52:01] production.INFO: Scheduler Now working  
[2025-03-30 00:54:02] production.INFO: Scheduler Now working  
[2025-03-30 00:56:01] production.INFO: Scheduler Now working  
[2025-03-30 00:58:01] production.INFO: Scheduler Now working  
[2025-03-30 01:02:01] production.INFO: Scheduler Now working  
[2025-03-30 01:04:02] production.INFO: Scheduler Now working  
[2025-03-30 01:06:01] production.INFO: Scheduler Now working  
[2025-03-30 01:06:42] production.INFO: Scheduler Now working  
[2025-03-30 01:08:01] production.INFO: Scheduler Now working  
[2025-03-30 01:10:02] production.INFO: Scheduler Now working  
[2025-03-30 01:12:01] production.INFO: Scheduler Now working  
[2025-03-30 01:14:01] production.INFO: Scheduler Now working  
[2025-03-30 01:16:02] production.INFO: Scheduler Now working  
[2025-03-30 01:18:01] production.INFO: Scheduler Now working  
[2025-03-30 01:20:02] production.INFO: Scheduler Now working  
[2025-03-30 01:22:01] production.INFO: Scheduler Now working  
[2025-03-30 01:24:01] production.INFO: Scheduler Now working  
[2025-03-30 01:26:02] production.INFO: Scheduler Now working  
[2025-03-30 01:28:01] production.INFO: Scheduler Now working  
[2025-03-30 01:32:01] production.INFO: Scheduler Now working  
[2025-03-30 01:34:01] production.INFO: Scheduler Now working  
[2025-03-30 01:36:02] production.INFO: Scheduler Now working  
[2025-03-30 01:36:45] production.INFO: Scheduler Now working  
[2025-03-30 01:38:01] production.INFO: Scheduler Now working  
[2025-03-30 01:40:02] production.INFO: Scheduler Now working  
[2025-03-30 01:42:02] production.INFO: Scheduler Now working  
[2025-03-30 01:44:01] production.INFO: Scheduler Now working  
[2025-03-30 01:46:02] production.INFO: Scheduler Now working  
[2025-03-30 01:48:01] production.INFO: Scheduler Now working  
[2025-03-30 01:50:01] production.INFO: Scheduler Now working  
[2025-03-30 01:52:02] production.INFO: Scheduler Now working  
[2025-03-30 01:54:01] production.INFO: Scheduler Now working  
[2025-03-30 01:56:01] production.INFO: Scheduler Now working  
[2025-03-30 01:58:02] production.INFO: Scheduler Now working  
[2025-03-30 02:02:02] production.INFO: Scheduler Now working  
[2025-03-30 02:04:01] production.INFO: Scheduler Now working  
[2025-03-30 02:06:02] production.INFO: Scheduler Now working  
[2025-03-30 02:06:40] production.INFO: Scheduler Now working  
[2025-03-30 02:08:01] production.INFO: Scheduler Now working  
[2025-03-30 02:10:02] production.INFO: Scheduler Now working  
[2025-03-30 02:12:01] production.INFO: Scheduler Now working  
[2025-03-30 02:14:01] production.INFO: Scheduler Now working  
[2025-03-30 02:16:02] production.INFO: Scheduler Now working  
[2025-03-30 02:18:01] production.INFO: Scheduler Now working  
[2025-03-30 02:20:01] production.INFO: Scheduler Now working  
[2025-03-30 02:22:02] production.INFO: Scheduler Now working  
[2025-03-30 02:24:01] production.INFO: Scheduler Now working  
[2025-03-30 02:26:01] production.INFO: Scheduler Now working  
[2025-03-30 02:28:02] production.INFO: Scheduler Now working  
[2025-03-30 02:32:01] production.INFO: Scheduler Now working  
[2025-03-30 02:34:01] production.INFO: Scheduler Now working  
[2025-03-30 02:36:02] production.INFO: Scheduler Now working  
[2025-03-30 02:36:39] production.INFO: Scheduler Now working  
[2025-03-30 02:38:02] production.INFO: Scheduler Now working  
[2025-03-30 02:40:01] production.INFO: Scheduler Now working  
[2025-03-30 02:42:01] production.INFO: Scheduler Now working  
[2025-03-30 02:44:02] production.INFO: Scheduler Now working  
[2025-03-30 02:46:01] production.INFO: Scheduler Now working  
[2025-03-30 02:48:01] production.INFO: Scheduler Now working  
[2025-03-30 02:50:02] production.INFO: Scheduler Now working  
[2025-03-30 02:52:01] production.INFO: Scheduler Now working  
[2025-03-30 02:54:02] production.INFO: Scheduler Now working  
[2025-03-30 02:56:02] production.INFO: Scheduler Now working  
[2025-03-30 02:58:01] production.INFO: Scheduler Now working  
[2025-03-30 03:02:01] production.INFO: Scheduler Now working  
[2025-03-30 03:04:02] production.INFO: Scheduler Now working  
[2025-03-30 03:06:01] production.INFO: Scheduler Now working  
[2025-03-30 03:06:39] production.INFO: Scheduler Now working  
[2025-03-30 03:08:02] production.INFO: Scheduler Now working  
[2025-03-30 03:10:01] production.INFO: Scheduler Now working  
[2025-03-30 03:12:01] production.INFO: Scheduler Now working  
[2025-03-30 03:14:02] production.INFO: Scheduler Now working  
[2025-03-30 03:16:01] production.INFO: Scheduler Now working  
[2025-03-30 03:18:01] production.INFO: Scheduler Now working  
[2025-03-30 03:20:02] production.INFO: Scheduler Now working  
[2025-03-30 03:22:01] production.INFO: Scheduler Now working  
[2025-03-30 03:24:02] production.INFO: Scheduler Now working  
[2025-03-30 03:26:01] production.INFO: Scheduler Now working  
[2025-03-30 03:28:01] production.INFO: Scheduler Now working  
[2025-03-30 03:32:01] production.INFO: Scheduler Now working  
[2025-03-30 03:34:02] production.INFO: Scheduler Now working  
[2025-03-30 03:36:01] production.INFO: Scheduler Now working  
[2025-03-30 03:36:41] production.INFO: Scheduler Now working  
[2025-03-30 03:38:01] production.INFO: Scheduler Now working  
[2025-03-30 03:40:02] production.INFO: Scheduler Now working  
[2025-03-30 03:42:01] production.INFO: Scheduler Now working  
[2025-03-30 03:44:02] production.INFO: Scheduler Now working  
[2025-03-30 03:46:01] production.INFO: Scheduler Now working  
[2025-03-30 03:48:01] production.INFO: Scheduler Now working  
[2025-03-30 03:50:02] production.INFO: Scheduler Now working  
[2025-03-30 03:52:01] production.INFO: Scheduler Now working  
[2025-03-30 03:54:01] production.INFO: Scheduler Now working  
[2025-03-30 03:56:02] production.INFO: Scheduler Now working  
[2025-03-30 03:58:01] production.INFO: Scheduler Now working  
[2025-03-30 04:02:01] production.INFO: Scheduler Now working  
[2025-03-30 04:04:02] production.INFO: Scheduler Now working  
[2025-03-30 04:06:01] production.INFO: Scheduler Now working  
[2025-03-30 04:06:42] production.INFO: Scheduler Now working  
[2025-03-30 04:08:01] production.INFO: Scheduler Now working  
[2025-03-30 04:10:02] production.INFO: Scheduler Now working  
[2025-03-30 04:12:01] production.INFO: Scheduler Now working  
[2025-03-30 04:14:01] production.INFO: Scheduler Now working  
[2025-03-30 04:16:02] production.INFO: Scheduler Now working  
[2025-03-30 04:18:01] production.INFO: Scheduler Now working  
[2025-03-30 04:20:02] production.INFO: Scheduler Now working  
[2025-03-30 04:22:01] production.INFO: Scheduler Now working  
[2025-03-30 04:24:01] production.INFO: Scheduler Now working  
[2025-03-30 04:26:02] production.INFO: Scheduler Now working  
[2025-03-30 04:28:01] production.INFO: Scheduler Now working  
[2025-03-30 04:32:01] production.INFO: Scheduler Now working  
[2025-03-30 04:34:02] production.INFO: Scheduler Now working  
[2025-03-30 04:36:01] production.INFO: Scheduler Now working  
[2025-03-30 04:36:40] production.INFO: Scheduler Now working  
[2025-03-30 04:38:02] production.INFO: Scheduler Now working  
[2025-03-30 04:40:01] production.INFO: Scheduler Now working  
[2025-03-30 04:42:02] production.INFO: Scheduler Now working  
[2025-03-30 04:44:01] production.INFO: Scheduler Now working  
[2025-03-30 04:46:01] production.INFO: Scheduler Now working  
[2025-03-30 04:48:02] production.INFO: Scheduler Now working  
[2025-03-30 04:50:01] production.INFO: Scheduler Now working  
[2025-03-30 04:52:01] production.INFO: Scheduler Now working  
[2025-03-30 04:54:02] production.INFO: Scheduler Now working  
[2025-03-30 04:56:01] production.INFO: Scheduler Now working  
[2025-03-30 04:58:02] production.INFO: Scheduler Now working  
[2025-03-30 05:02:02] production.INFO: Scheduler Now working  
[2025-03-30 05:04:01] production.INFO: Scheduler Now working  
[2025-03-30 05:06:01] production.INFO: Scheduler Now working  
[2025-03-30 05:06:42] production.INFO: Scheduler Now working  
[2025-03-30 05:06:42] production.ERROR: SQLSTATE[23000]: Integrity constraint violation: 1048 Column 'payment_id' cannot be null (Connection: mysql, SQL: insert into `successful_payment_collections` (`user_id`, `payment_id`, `order_amount`, `amount`, `charges`, `gst`, `updated_at`, `created_at`) values (2, ?, 799, 780.1436, 15.98, 2.8764, 2025-03-30 05:06:42, 2025-03-30 05:06:42)) {"exception":"[object] (Illuminate\\Database\\QueryException(code: 23000): SQLSTATE[23000]: Integrity constraint violation: 1048 Column 'payment_id' cannot be null (Connection: mysql, SQL: insert into `successful_payment_collections` (`user_id`, `payment_id`, `order_amount`, `amount`, `charges`, `gst`, `updated_at`, `created_at`) values (2, ?, 799, 780.1436, 15.98, 2.8764, 2025-03-30 05:06:42, 2025-03-30 05:06:42)) at /var/www/groscope/vendor/laravel/framework/src/Illuminate/Database/Connection.php:829)
[stacktrace]
#0 /var/www/groscope/vendor/laravel/framework/src/Illuminate/Database/Connection.php(783): Illuminate\\Database\\Connection->runQueryCallback()
#1 /var/www/groscope/vendor/laravel/framework/src/Illuminate/Database/MySqlConnection.php(34): Illuminate\\Database\\Connection->run()
#2 /var/www/groscope/vendor/laravel/framework/src/Illuminate/Database/Query/Processors/MySqlProcessor.php(35): Illuminate\\Database\\MySqlConnection->insert()
#3 /var/www/groscope/vendor/laravel/framework/src/Illuminate/Database/Query/Builder.php(3549): Illuminate\\Database\\Query\\Processors\\MySqlProcessor->processInsertGetId()
#4 /var/www/groscope/vendor/laravel/framework/src/Illuminate/Database/Eloquent/Builder.php(1982): Illuminate\\Database\\Query\\Builder->insertGetId()
#5 /var/www/groscope/vendor/laravel/framework/src/Illuminate/Database/Eloquent/Model.php(1334): Illuminate\\Database\\Eloquent\\Builder->__call()
#6 /var/www/groscope/vendor/laravel/framework/src/Illuminate/Database/Eloquent/Model.php(1299): Illuminate\\Database\\Eloquent\\Model->insertAndSetId()
#7 /var/www/groscope/vendor/laravel/framework/src/Illuminate/Database/Eloquent/Model.php(1138): Illuminate\\Database\\Eloquent\\Model->performInsert()
#8 /var/www/groscope/vendor/laravel/framework/src/Illuminate/Database/Eloquent/Builder.php(1025): Illuminate\\Database\\Eloquent\\Model->save()
#9 /var/www/groscope/vendor/laravel/framework/src/Illuminate/Support/helpers.php(320): Illuminate\\Database\\Eloquent\\Builder->Illuminate\\Database\\Eloquent\\{closure}()
#10 /var/www/groscope/vendor/laravel/framework/src/Illuminate/Database/Eloquent/Builder.php(1024): tap()
#11 /var/www/groscope/vendor/laravel/framework/src/Illuminate/Support/Traits/ForwardsCalls.php(23): Illuminate\\Database\\Eloquent\\Builder->create()
#12 /var/www/groscope/vendor/laravel/framework/src/Illuminate/Database/Eloquent/Model.php(2335): Illuminate\\Database\\Eloquent\\Model->forwardCallTo()
#13 /var/www/groscope/vendor/laravel/framework/src/Illuminate/Database/Eloquent/Model.php(2347): Illuminate\\Database\\Eloquent\\Model->__call()
#14 /var/www/groscope/app/Console/Commands/GetSuccessfullyPaymentCollectionCommand.php(33): Illuminate\\Database\\Eloquent\\Model::__callStatic()
#15 /var/www/groscope/vendor/laravel/framework/src/Illuminate/Container/BoundMethod.php(36): App\\Console\\Commands\\GetSuccessfullyPaymentCollectionCommand->handle()
#16 /var/www/groscope/vendor/laravel/framework/src/Illuminate/Container/Util.php(41): Illuminate\\Container\\BoundMethod::Illuminate\\Container\\{closure}()
#17 /var/www/groscope/vendor/laravel/framework/src/Illuminate/Container/BoundMethod.php(93): Illuminate\\Container\\Util::unwrapIfClosure()
#18 /var/www/groscope/vendor/laravel/framework/src/Illuminate/Container/BoundMethod.php(35): Illuminate\\Container\\BoundMethod::callBoundMethod()
#19 /var/www/groscope/vendor/laravel/framework/src/Illuminate/Container/Container.php(662): Illuminate\\Container\\BoundMethod::call()
#20 /var/www/groscope/vendor/laravel/framework/src/Illuminate/Console/Command.php(211): Illuminate\\Container\\Container->call()
#21 /var/www/groscope/vendor/symfony/console/Command/Command.php(326): Illuminate\\Console\\Command->execute()
#22 /var/www/groscope/vendor/laravel/framework/src/Illuminate/Console/Command.php(180): Symfony\\Component\\Console\\Command\\Command->run()
#23 /var/www/groscope/vendor/symfony/console/Application.php(1096): Illuminate\\Console\\Command->run()
#24 /var/www/groscope/vendor/symfony/console/Application.php(324): Symfony\\Component\\Console\\Application->doRunCommand()
#25 /var/www/groscope/vendor/symfony/console/Application.php(175): Symfony\\Component\\Console\\Application->doRun()
#26 /var/www/groscope/vendor/laravel/framework/src/Illuminate/Foundation/Console/Kernel.php(201): Symfony\\Component\\Console\\Application->run()
#27 /var/www/groscope/artisan(35): Illuminate\\Foundation\\Console\\Kernel->handle()
#28 {main}

[previous exception] [object] (PDOException(code: 23000): SQLSTATE[23000]: Integrity constraint violation: 1048 Column 'payment_id' cannot be null at /var/www/groscope/vendor/laravel/framework/src/Illuminate/Database/MySqlConnection.php:45)
[stacktrace]
#0 /var/www/groscope/vendor/laravel/framework/src/Illuminate/Database/MySqlConnection.php(45): PDOStatement->execute()
#1 /var/www/groscope/vendor/laravel/framework/src/Illuminate/Database/Connection.php(816): Illuminate\\Database\\MySqlConnection->Illuminate\\Database\\{closure}()
#2 /var/www/groscope/vendor/laravel/framework/src/Illuminate/Database/Connection.php(783): Illuminate\\Database\\Connection->runQueryCallback()
#3 /var/www/groscope/vendor/laravel/framework/src/Illuminate/Database/MySqlConnection.php(34): Illuminate\\Database\\Connection->run()
#4 /var/www/groscope/vendor/laravel/framework/src/Illuminate/Database/Query/Processors/MySqlProcessor.php(35): Illuminate\\Database\\MySqlConnection->insert()
#5 /var/www/groscope/vendor/laravel/framework/src/Illuminate/Database/Query/Builder.php(3549): Illuminate\\Database\\Query\\Processors\\MySqlProcessor->processInsertGetId()
#6 /var/www/groscope/vendor/laravel/framework/src/Illuminate/Database/Eloquent/Builder.php(1982): Illuminate\\Database\\Query\\Builder->insertGetId()
#7 /var/www/groscope/vendor/laravel/framework/src/Illuminate/Database/Eloquent/Model.php(1334): Illuminate\\Database\\Eloquent\\Builder->__call()
#8 /var/www/groscope/vendor/laravel/framework/src/Illuminate/Database/Eloquent/Model.php(1299): Illuminate\\Database\\Eloquent\\Model->insertAndSetId()
#9 /var/www/groscope/vendor/laravel/framework/src/Illuminate/Database/Eloquent/Model.php(1138): Illuminate\\Database\\Eloquent\\Model->performInsert()
#10 /var/www/groscope/vendor/laravel/framework/src/Illuminate/Database/Eloquent/Builder.php(1025): Illuminate\\Database\\Eloquent\\Model->save()
#11 /var/www/groscope/vendor/laravel/framework/src/Illuminate/Support/helpers.php(320): Illuminate\\Database\\Eloquent\\Builder->Illuminate\\Database\\Eloquent\\{closure}()
#12 /var/www/groscope/vendor/laravel/framework/src/Illuminate/Database/Eloquent/Builder.php(1024): tap()
#13 /var/www/groscope/vendor/laravel/framework/src/Illuminate/Support/Traits/ForwardsCalls.php(23): Illuminate\\Database\\Eloquent\\Builder->create()
#14 /var/www/groscope/vendor/laravel/framework/src/Illuminate/Database/Eloquent/Model.php(2335): Illuminate\\Database\\Eloquent\\Model->forwardCallTo()
#15 /var/www/groscope/vendor/laravel/framework/src/Illuminate/Database/Eloquent/Model.php(2347): Illuminate\\Database\\Eloquent\\Model->__call()
#16 /var/www/groscope/app/Console/Commands/GetSuccessfullyPaymentCollectionCommand.php(33): Illuminate\\Database\\Eloquent\\Model::__callStatic()
#17 /var/www/groscope/vendor/laravel/framework/src/Illuminate/Container/BoundMethod.php(36): App\\Console\\Commands\\GetSuccessfullyPaymentCollectionCommand->handle()
#18 /var/www/groscope/vendor/laravel/framework/src/Illuminate/Container/Util.php(41): Illuminate\\Container\\BoundMethod::Illuminate\\Container\\{closure}()
#19 /var/www/groscope/vendor/laravel/framework/src/Illuminate/Container/BoundMethod.php(93): Illuminate\\Container\\Util::unwrapIfClosure()
#20 /var/www/groscope/vendor/laravel/framework/src/Illuminate/Container/BoundMethod.php(35): Illuminate\\Container\\BoundMethod::callBoundMethod()
#21 /var/www/groscope/vendor/laravel/framework/src/Illuminate/Container/Container.php(662): Illuminate\\Container\\BoundMethod::call()
#22 /var/www/groscope/vendor/laravel/framework/src/Illuminate/Console/Command.php(211): Illuminate\\Container\\Container->call()
#23 /var/www/groscope/vendor/symfony/console/Command/Command.php(326): Illuminate\\Console\\Command->execute()
#24 /var/www/groscope/vendor/laravel/framework/src/Illuminate/Console/Command.php(180): Symfony\\Component\\Console\\Command\\Command->run()
#25 /var/www/groscope/vendor/symfony/console/Application.php(1096): Illuminate\\Console\\Command->run()
#26 /var/www/groscope/vendor/symfony/console/Application.php(324): Symfony\\Component\\Console\\Application->doRunCommand()
#27 /var/www/groscope/vendor/symfony/console/Application.php(175): Symfony\\Component\\Console\\Application->doRun()
#28 /var/www/groscope/vendor/laravel/framework/src/Illuminate/Foundation/Console/Kernel.php(201): Symfony\\Component\\Console\\Application->run()
#29 /var/www/groscope/artisan(35): Illuminate\\Foundation\\Console\\Kernel->handle()
#30 {main}
"} 
[2025-03-30 05:08:02] production.INFO: Scheduler Now working  
[2025-03-30 05:10:01] production.INFO: Scheduler Now working  
[2025-03-30 05:12:01] production.INFO: Scheduler Now working  
[2025-03-30 05:14:02] production.INFO: Scheduler Now working  
[2025-03-30 05:16:01] production.INFO: Scheduler Now working  
[2025-03-30 05:18:01] production.INFO: Scheduler Now working  
[2025-03-30 05:20:02] production.INFO: Scheduler Now working  
[2025-03-30 05:22:01] production.INFO: Scheduler Now working  
[2025-03-30 05:24:01] production.INFO: Scheduler Now working  
[2025-03-30 05:26:02] production.INFO: Scheduler Now working  
[2025-03-30 05:28:01] production.INFO: Scheduler Now working  
[2025-03-30 05:32:01] production.INFO: Scheduler Now working  
[2025-03-30 05:34:02] production.INFO: Scheduler Now working  
[2025-03-30 05:36:01] production.INFO: Scheduler Now working  
[2025-03-30 05:36:44] production.INFO: Scheduler Now working  
[2025-03-30 05:38:01] production.INFO: Scheduler Now working  
[2025-03-30 05:40:02] production.INFO: Scheduler Now working  
[2025-03-30 05:42:01] production.INFO: Scheduler Now working  
[2025-03-30 05:44:01] production.INFO: Scheduler Now working  
[2025-03-30 05:46:02] production.INFO: Scheduler Now working  
[2025-03-30 05:48:01] production.INFO: Scheduler Now working  
[2025-03-30 05:50:01] production.INFO: Scheduler Now working  
[2025-03-30 05:52:02] production.INFO: Scheduler Now working  
[2025-03-30 05:54:01] production.INFO: Scheduler Now working  
[2025-03-30 05:56:02] production.INFO: Scheduler Now working  
[2025-03-30 05:58:01] production.INFO: Scheduler Now working  
[2025-03-30 06:02:01] production.INFO: Scheduler Now working  
[2025-03-30 06:04:01] production.INFO: Scheduler Now working  
[2025-03-30 06:06:02] production.INFO: Scheduler Now working  
[2025-03-30 06:06:41] production.INFO: Scheduler Now working  
[2025-03-30 06:08:02] production.INFO: Scheduler Now working  
[2025-03-30 06:10:01] production.INFO: Scheduler Now working  
[2025-03-30 06:12:01] production.INFO: Scheduler Now working  
[2025-03-30 06:14:02] production.INFO: Scheduler Now working  
[2025-03-30 06:16:01] production.INFO: Scheduler Now working  
[2025-03-30 06:18:02] production.INFO: Scheduler Now working  
[2025-03-30 06:20:02] production.INFO: Scheduler Now working  
[2025-03-30 06:22:01] production.INFO: Scheduler Now working  
[2025-03-30 06:24:02] production.INFO: Scheduler Now working  
[2025-03-30 06:26:01] production.INFO: Scheduler Now working  
[2025-03-30 06:28:01] production.INFO: Scheduler Now working  
[2025-03-30 06:32:02] production.INFO: Scheduler Now working  
[2025-03-30 06:34:01] production.INFO: Scheduler Now working  
[2025-03-30 06:36:01] production.INFO: Scheduler Now working  
[2025-03-30 06:36:45] production.INFO: Scheduler Now working  
[2025-03-30 06:38:02] production.INFO: Scheduler Now working  
[2025-03-30 06:40:01] production.INFO: Scheduler Now working  
[2025-03-30 06:42:01] production.INFO: Scheduler Now working  
[2025-03-30 06:44:02] production.INFO: Scheduler Now working  
[2025-03-30 06:46:01] production.INFO: Scheduler Now working  
[2025-03-30 06:48:01] production.INFO: Scheduler Now working  
[2025-03-30 06:50:02] production.INFO: Scheduler Now working  
[2025-03-30 06:52:01] production.INFO: Scheduler Now working  
[2025-03-30 06:54:01] production.INFO: Scheduler Now working  
[2025-03-30 06:56:02] production.INFO: Scheduler Now working  
[2025-03-30 06:58:01] production.INFO: Scheduler Now working  
[2025-03-30 07:02:01] production.INFO: Scheduler Now working  
[2025-03-30 07:04:02] production.INFO: Scheduler Now working  
[2025-03-30 07:06:01] production.INFO: Scheduler Now working  
[2025-03-30 07:06:42] production.INFO: Scheduler Now working  
[2025-03-30 07:08:01] production.INFO: Scheduler Now working  
[2025-03-30 07:10:01] production.INFO: Scheduler Now working  
[2025-03-30 07:12:02] production.INFO: Scheduler Now working  
[2025-03-30 07:14:01] production.INFO: Scheduler Now working  
[2025-03-30 07:16:01] production.INFO: Scheduler Now working  
[2025-03-30 07:18:02] production.INFO: Scheduler Now working  
[2025-03-30 07:20:01] production.INFO: Scheduler Now working  
[2025-03-30 07:22:01] production.INFO: Scheduler Now working  
[2025-03-30 07:24:02] production.INFO: Scheduler Now working  
[2025-03-30 07:26:01] production.INFO: Scheduler Now working  
[2025-03-30 07:28:02] production.INFO: Scheduler Now working  
[2025-03-30 07:32:02] production.INFO: Scheduler Now working  
[2025-03-30 07:34:01] production.INFO: Scheduler Now working  
[2025-03-30 07:36:01] production.INFO: Scheduler Now working  
[2025-03-30 07:36:42] production.INFO: Scheduler Now working  
[2025-03-30 07:38:01] production.INFO: Scheduler Now working  
[2025-03-30 07:40:02] production.INFO: Scheduler Now working  
[2025-03-30 07:42:01] production.INFO: Scheduler Now working  
[2025-03-30 07:44:02] production.INFO: Scheduler Now working  
[2025-03-30 07:46:02] production.INFO: Scheduler Now working  
[2025-03-30 07:48:01] production.INFO: Scheduler Now working  
[2025-03-30 07:50:02] production.INFO: Scheduler Now working  
[2025-03-30 07:52:01] production.INFO: Scheduler Now working  
[2025-03-30 07:54:01] production.INFO: Scheduler Now working  
[2025-03-30 07:56:02] production.INFO: Scheduler Now working  
[2025-03-30 07:58:01] production.INFO: Scheduler Now working  
[2025-03-30 08:02:01] production.INFO: Scheduler Now working  
[2025-03-30 08:04:02] production.INFO: Scheduler Now working  
[2025-03-30 08:06:02] production.INFO: Scheduler Now working  
[2025-03-30 08:06:45] production.INFO: Scheduler Now working  
[2025-03-30 08:08:02] production.INFO: Scheduler Now working  
[2025-03-30 08:10:02] production.INFO: Scheduler Now working  
[2025-03-30 08:12:01] production.INFO: Scheduler Now working  
[2025-03-30 08:14:02] production.INFO: Scheduler Now working  
[2025-03-30 08:16:01] production.INFO: Scheduler Now working  
[2025-03-30 08:18:01] production.INFO: Scheduler Now working  
[2025-03-30 08:20:02] production.INFO: Scheduler Now working  
[2025-03-30 08:22:01] production.INFO: Scheduler Now working  
[2025-03-30 08:24:01] production.INFO: Scheduler Now working  
[2025-03-30 08:26:02] production.INFO: Scheduler Now working  
[2025-03-30 08:28:01] production.INFO: Scheduler Now working  
[2025-03-30 08:32:01] production.INFO: Scheduler Now working  
[2025-03-30 08:34:02] production.INFO: Scheduler Now working  
[2025-03-30 08:36:01] production.INFO: Scheduler Now working  
[2025-03-30 08:36:46] production.INFO: Scheduler Now working  
[2025-03-30 08:38:01] production.INFO: Scheduler Now working  
[2025-03-30 08:40:02] production.INFO: Scheduler Now working  
[2025-03-30 08:42:01] production.INFO: Scheduler Now working  
[2025-03-30 08:44:02] production.INFO: Scheduler Now working  
[2025-03-30 08:46:01] production.INFO: Scheduler Now working  
[2025-03-30 08:48:01] production.INFO: Scheduler Now working  
[2025-03-30 08:50:02] production.INFO: Scheduler Now working  
[2025-03-30 08:52:01] production.INFO: Scheduler Now working  
[2025-03-30 08:54:01] production.INFO: Scheduler Now working  
[2025-03-30 08:56:02] production.INFO: Scheduler Now working  
[2025-03-30 08:58:01] production.INFO: Scheduler Now working  
[2025-03-30 09:02:01] production.INFO: Scheduler Now working  
[2025-03-30 09:04:02] production.INFO: Scheduler Now working  
[2025-03-30 09:06:01] production.INFO: Scheduler Now working  
[2025-03-30 09:06:49] production.INFO: Scheduler Now working  
[2025-03-30 09:08:01] production.INFO: Scheduler Now working  
[2025-03-30 09:10:01] production.INFO: Scheduler Now working  
[2025-03-30 09:12:02] production.INFO: Scheduler Now working  
[2025-03-30 09:14:01] production.INFO: Scheduler Now working  
[2025-03-30 09:16:02] production.INFO: Scheduler Now working  
[2025-03-30 09:18:02] production.INFO: Scheduler Now working  
[2025-03-30 09:20:01] production.INFO: Scheduler Now working  
[2025-03-30 09:22:02] production.INFO: Scheduler Now working  
[2025-03-30 09:24:01] production.INFO: Scheduler Now working  
[2025-03-30 09:26:01] production.INFO: Scheduler Now working  
[2025-03-30 09:28:02] production.INFO: Scheduler Now working  
[2025-03-30 09:32:02] production.INFO: Scheduler Now working  
[2025-03-30 09:34:01] production.INFO: Scheduler Now working  
[2025-03-30 09:36:02] production.INFO: Scheduler Now working  
[2025-03-30 09:36:50] production.INFO: Scheduler Now working  
[2025-03-30 09:38:02] production.INFO: Scheduler Now working  
[2025-03-30 09:40:01] production.INFO: Scheduler Now working  
[2025-03-30 09:42:01] production.INFO: Scheduler Now working  
[2025-03-30 09:44:02] production.INFO: Scheduler Now working  
[2025-03-30 09:46:01] production.INFO: Scheduler Now working  
[2025-03-30 09:48:02] production.INFO: Scheduler Now working  
[2025-03-30 09:50:01] production.INFO: Scheduler Now working  
[2025-03-30 09:52:01] production.INFO: Scheduler Now working  
[2025-03-30 09:54:02] production.INFO: Scheduler Now working  
[2025-03-30 09:56:01] production.INFO: Scheduler Now working  
[2025-03-30 09:58:01] production.INFO: Scheduler Now working  
[2025-03-30 10:02:02] production.INFO: Scheduler Now working  
[2025-03-30 10:04:02] production.INFO: Scheduler Now working  
[2025-03-30 10:06:01] production.INFO: Scheduler Now working  
[2025-03-30 10:06:54] production.INFO: Scheduler Now working  
[2025-03-30 10:08:01] production.INFO: Scheduler Now working  
[2025-03-30 10:10:01] production.INFO: Scheduler Now working  
[2025-03-30 10:12:02] production.INFO: Scheduler Now working  
[2025-03-30 10:14:01] production.INFO: Scheduler Now working  
[2025-03-30 10:16:01] production.INFO: Scheduler Now working  
[2025-03-30 10:18:02] production.INFO: Scheduler Now working  
[2025-03-30 10:20:01] production.INFO: Scheduler Now working  
[2025-03-30 10:22:02] production.INFO: Scheduler Now working  
[2025-03-30 10:24:01] production.INFO: Scheduler Now working  
[2025-03-30 10:26:01] production.INFO: Scheduler Now working  
[2025-03-30 10:28:02] production.INFO: Scheduler Now working  
[2025-03-30 10:32:02] production.INFO: Scheduler Now working  
[2025-03-30 10:34:01] production.INFO: Scheduler Now working  
[2025-03-30 10:36:02] production.INFO: Scheduler Now working  
[2025-03-30 10:36:53] production.INFO: Scheduler Now working  
[2025-03-30 10:38:01] production.INFO: Scheduler Now working  
[2025-03-30 10:40:02] production.INFO: Scheduler Now working  
[2025-03-30 10:42:01] production.INFO: Scheduler Now working  
[2025-03-30 10:44:02] production.INFO: Scheduler Now working  
[2025-03-30 10:46:01] production.INFO: Scheduler Now working  
[2025-03-30 10:48:01] production.INFO: Scheduler Now working  
[2025-03-30 10:50:02] production.INFO: Scheduler Now working  
[2025-03-30 10:52:01] production.INFO: Scheduler Now working  
[2025-03-30 10:54:01] production.INFO: Scheduler Now working  
[2025-03-30 10:56:02] production.INFO: Scheduler Now working  
[2025-03-30 10:58:01] production.INFO: Scheduler Now working  
[2025-03-30 11:02:01] production.INFO: Scheduler Now working  
[2025-03-30 11:04:02] production.INFO: Scheduler Now working  
[2025-03-30 11:06:01] production.INFO: Scheduler Now working  
[2025-03-30 11:06:53] production.INFO: Scheduler Now working  
[2025-03-30 11:08:01] production.INFO: Scheduler Now working  
[2025-03-30 11:10:02] production.INFO: Scheduler Now working  
[2025-03-30 11:12:01] production.INFO: Scheduler Now working  
[2025-03-30 11:14:02] production.INFO: Scheduler Now working  
[2025-03-30 11:16:01] production.INFO: Scheduler Now working  
[2025-03-30 11:18:01] production.INFO: Scheduler Now working  
[2025-03-30 11:20:02] production.INFO: Scheduler Now working  
[2025-03-30 11:22:01] production.INFO: Scheduler Now working  
[2025-03-30 11:24:01] production.INFO: Scheduler Now working  
[2025-03-30 11:26:02] production.INFO: Scheduler Now working  
[2025-03-30 11:28:01] production.INFO: Scheduler Now working  
[2025-03-30 11:32:01] production.INFO: Scheduler Now working  
[2025-03-30 11:34:02] production.INFO: Scheduler Now working  
[2025-03-30 11:36:01] production.INFO: Scheduler Now working  
[2025-03-30 11:36:50] production.INFO: Scheduler Now working  
[2025-03-30 11:38:01] production.INFO: Scheduler Now working  
[2025-03-30 11:40:02] production.INFO: Scheduler Now working  
[2025-03-30 11:42:01] production.INFO: Scheduler Now working  
[2025-03-30 11:44:01] production.INFO: Scheduler Now working  
[2025-03-30 11:46:02] production.INFO: Scheduler Now working  
[2025-03-30 11:48:01] production.INFO: Scheduler Now working  
[2025-03-30 11:50:01] production.INFO: Scheduler Now working  
[2025-03-30 11:52:02] production.INFO: Scheduler Now working  
[2025-03-30 11:54:01] production.INFO: Scheduler Now working  
[2025-03-30 11:56:01] production.INFO: Scheduler Now working  
[2025-03-30 11:58:02] production.INFO: Scheduler Now working  
[2025-03-30 12:02:01] production.INFO: Scheduler Now working  
[2025-03-30 12:04:01] production.INFO: Scheduler Now working  
[2025-03-30 12:06:02] production.INFO: Scheduler Now working  
[2025-03-30 12:06:50] production.INFO: Scheduler Now working  
[2025-03-30 12:08:01] production.INFO: Scheduler Now working  
[2025-03-30 12:10:02] production.INFO: Scheduler Now working  
[2025-03-30 12:12:01] production.INFO: Scheduler Now working  
[2025-03-30 12:14:02] production.INFO: Scheduler Now working  
[2025-03-30 12:16:02] production.INFO: Scheduler Now working  
[2025-03-30 12:18:01] production.INFO: Scheduler Now working  
[2025-03-30 12:20:02] production.INFO: Scheduler Now working  
[2025-03-30 12:22:01] production.INFO: Scheduler Now working  
[2025-03-30 12:24:01] production.INFO: Scheduler Now working  
[2025-03-30 12:26:02] production.INFO: Scheduler Now working  
[2025-03-30 12:28:01] production.INFO: Scheduler Now working  
[2025-03-30 12:32:01] production.INFO: Scheduler Now working  
[2025-03-30 12:34:02] production.INFO: Scheduler Now working  
[2025-03-30 12:36:01] production.INFO: Scheduler Now working  
[2025-03-30 12:36:49] production.INFO: Scheduler Now working  
[2025-03-30 12:38:01] production.INFO: Scheduler Now working  
[2025-03-30 12:40:01] production.INFO: Scheduler Now working  
[2025-03-30 12:42:02] production.INFO: Scheduler Now working  
[2025-03-30 12:44:01] production.INFO: Scheduler Now working  
[2025-03-30 12:46:01] production.INFO: Scheduler Now working  
[2025-03-30 12:48:02] production.INFO: Scheduler Now working  
[2025-03-30 12:50:01] production.INFO: Scheduler Now working  
[2025-03-30 12:52:02] production.INFO: Scheduler Now working  
[2025-03-30 12:54:01] production.INFO: Scheduler Now working  
[2025-03-30 12:56:01] production.INFO: Scheduler Now working  
[2025-03-30 12:58:02] production.INFO: Scheduler Now working  
[2025-03-30 13:02:02] production.INFO: Scheduler Now working  
[2025-03-30 13:04:01] production.INFO: Scheduler Now working  
[2025-03-30 13:06:02] production.INFO: Scheduler Now working  
[2025-03-30 13:06:50] production.INFO: Scheduler Now working  
[2025-03-30 13:08:01] production.INFO: Scheduler Now working  
[2025-03-30 13:10:01] production.INFO: Scheduler Now working  
[2025-03-30 13:12:02] production.INFO: Scheduler Now working  
[2025-03-30 13:14:01] production.INFO: Scheduler Now working  
[2025-03-30 13:16:01] production.INFO: Scheduler Now working  
[2025-03-30 13:18:02] production.INFO: Scheduler Now working  
[2025-03-30 13:20:01] production.INFO: Scheduler Now working  
[2025-03-30 13:22:02] production.INFO: Scheduler Now working  
[2025-03-30 13:24:02] production.INFO: Scheduler Now working  
[2025-03-30 13:26:01] production.INFO: Scheduler Now working  
[2025-03-30 13:28:02] production.INFO: Scheduler Now working  
[2025-03-30 13:32:02] production.INFO: Scheduler Now working  
[2025-03-30 13:34:01] production.INFO: Scheduler Now working  
[2025-03-30 13:36:01] production.INFO: Scheduler Now working  
[2025-03-30 13:36:53] production.INFO: Scheduler Now working  
[2025-03-30 13:38:01] production.INFO: Scheduler Now working  
[2025-03-30 13:40:02] production.INFO: Scheduler Now working  
[2025-03-30 13:42:01] production.INFO: Scheduler Now working  
[2025-03-30 13:44:02] production.INFO: Scheduler Now working  
[2025-03-30 13:46:01] production.INFO: Scheduler Now working  
[2025-03-30 13:48:01] production.INFO: Scheduler Now working  
[2025-03-30 13:50:02] production.INFO: Scheduler Now working  
[2025-03-30 13:52:01] production.INFO: Scheduler Now working  
[2025-03-30 13:54:01] production.INFO: Scheduler Now working  
[2025-03-30 13:56:02] production.INFO: Scheduler Now working  
[2025-03-30 13:58:01] production.INFO: Scheduler Now working  
[2025-03-30 14:02:01] production.INFO: Scheduler Now working  
[2025-03-30 14:04:02] production.INFO: Scheduler Now working  
[2025-03-30 14:06:01] production.INFO: Scheduler Now working  
[2025-03-30 14:06:47] production.INFO: Scheduler Now working  
[2025-03-30 14:08:01] production.INFO: Scheduler Now working  
[2025-03-30 14:10:01] production.INFO: Scheduler Now working  
[2025-03-30 14:12:02] production.INFO: Scheduler Now working  
[2025-03-30 14:14:01] production.INFO: Scheduler Now working  
[2025-03-30 14:16:01] production.INFO: Scheduler Now working  
[2025-03-30 14:18:02] production.INFO: Scheduler Now working  
[2025-03-30 14:20:01] production.INFO: Scheduler Now working  
[2025-03-30 14:22:01] production.INFO: Scheduler Now working  
[2025-03-30 14:24:02] production.INFO: Scheduler Now working  
[2025-03-30 14:26:01] production.INFO: Scheduler Now working  
[2025-03-30 14:28:02] production.INFO: Scheduler Now working  
[2025-03-30 14:32:02] production.INFO: Scheduler Now working  
[2025-03-30 14:34:01] production.INFO: Scheduler Now working  
[2025-03-30 14:36:01] production.INFO: Scheduler Now working  
[2025-03-30 14:36:54] production.INFO: Scheduler Now working  
[2025-03-30 14:38:01] production.INFO: Scheduler Now working  
[2025-03-30 14:40:01] production.INFO: Scheduler Now working  
[2025-03-30 14:42:02] production.INFO: Scheduler Now working  
[2025-03-30 14:44:01] production.INFO: Scheduler Now working  
[2025-03-30 14:46:01] production.INFO: Scheduler Now working  
[2025-03-30 14:48:02] production.INFO: Scheduler Now working  
[2025-03-30 14:50:01] production.INFO: Scheduler Now working  
[2025-03-30 14:52:02] production.INFO: Scheduler Now working  
[2025-03-30 14:54:01] production.INFO: Scheduler Now working  
[2025-03-30 14:56:01] production.INFO: Scheduler Now working  
[2025-03-30 14:58:02] production.INFO: Scheduler Now working  
[2025-03-30 15:02:02] production.INFO: Scheduler Now working  
[2025-03-30 15:04:01] production.INFO: Scheduler Now working  
[2025-03-30 15:06:02] production.INFO: Scheduler Now working  
[2025-03-30 15:06:56] production.INFO: Scheduler Now working  
[2025-03-30 15:08:01] production.INFO: Scheduler Now working  
[2025-03-30 15:10:01] production.INFO: Scheduler Now working  
[2025-03-30 15:12:02] production.INFO: Scheduler Now working  
[2025-03-30 15:14:01] production.INFO: Scheduler Now working  
[2025-03-30 15:16:01] production.INFO: Scheduler Now working  
[2025-03-30 15:18:02] production.INFO: Scheduler Now working  
[2025-03-30 15:20:01] production.INFO: Scheduler Now working  
[2025-03-30 15:22:01] production.INFO: Scheduler Now working  
[2025-03-30 15:24:02] production.INFO: Scheduler Now working  
[2025-03-30 15:26:01] production.INFO: Scheduler Now working  
[2025-03-30 15:28:01] production.INFO: Scheduler Now working  
[2025-03-30 15:32:02] production.INFO: Scheduler Now working  
[2025-03-30 15:34:01] production.INFO: Scheduler Now working  
[2025-03-30 15:36:01] production.INFO: Scheduler Now working  
[2025-03-30 15:36:48] production.INFO: Scheduler Now working  
[2025-03-30 15:38:01] production.INFO: Scheduler Now working  
[2025-03-30 15:40:02] production.INFO: Scheduler Now working  
[2025-03-30 15:42:01] production.INFO: Scheduler Now working  
[2025-03-30 15:44:01] production.INFO: Scheduler Now working  
[2025-03-30 15:46:02] production.INFO: Scheduler Now working  
[2025-03-30 15:48:01] production.INFO: Scheduler Now working  
[2025-03-30 15:50:01] production.INFO: Scheduler Now working  
[2025-03-30 15:52:02] production.INFO: Scheduler Now working  
[2025-03-30 15:54:01] production.INFO: Scheduler Now working  
[2025-03-30 15:56:01] production.INFO: Scheduler Now working  
[2025-03-30 15:58:01] production.INFO: Scheduler Now working  
[2025-03-30 16:02:01] production.INFO: Scheduler Now working  
[2025-03-30 16:04:01] production.INFO: Scheduler Now working  
[2025-03-30 16:06:02] production.INFO: Scheduler Now working  
[2025-03-30 16:06:51] production.INFO: Scheduler Now working  
[2025-03-30 16:08:02] production.INFO: Scheduler Now working  
[2025-03-30 16:10:02] production.INFO: Scheduler Now working  
[2025-03-30 16:12:01] production.INFO: Scheduler Now working  
[2025-03-30 16:14:02] production.INFO: Scheduler Now working  
[2025-03-30 16:16:01] production.INFO: Scheduler Now working  
[2025-03-30 16:18:01] production.INFO: Scheduler Now working  
[2025-03-30 16:20:02] production.INFO: Scheduler Now working  
[2025-03-30 16:22:01] production.INFO: Scheduler Now working  
[2025-03-30 16:24:01] production.INFO: Scheduler Now working  
[2025-03-30 16:26:02] production.INFO: Scheduler Now working  
[2025-03-30 16:28:01] production.INFO: Scheduler Now working  
[2025-03-30 16:32:01] production.INFO: Scheduler Now working  
[2025-03-30 16:34:02] production.INFO: Scheduler Now working  
[2025-03-30 16:36:01] production.INFO: Scheduler Now working  
[2025-03-30 16:36:48] production.INFO: Scheduler Now working  
[2025-03-30 16:38:02] production.INFO: Scheduler Now working  
[2025-03-30 16:40:01] production.INFO: Scheduler Now working  
[2025-03-30 16:42:01] production.INFO: Scheduler Now working  
[2025-03-30 16:44:02] production.INFO: Scheduler Now working  
[2025-03-30 16:46:01] production.INFO: Scheduler Now working  
[2025-03-30 16:48:02] production.INFO: Scheduler Now working  
[2025-03-30 16:50:01] production.INFO: Scheduler Now working  
[2025-03-30 16:52:01] production.INFO: Scheduler Now working  
[2025-03-30 16:54:02] production.INFO: Scheduler Now working  
[2025-03-30 16:56:01] production.INFO: Scheduler Now working  
[2025-03-30 16:58:01] production.INFO: Scheduler Now working  
[2025-03-30 17:02:02] production.INFO: Scheduler Now working  
[2025-03-30 17:04:01] production.INFO: Scheduler Now working  
[2025-03-30 17:06:01] production.INFO: Scheduler Now working  
[2025-03-30 17:06:47] production.INFO: Scheduler Now working  
[2025-03-30 17:08:01] production.INFO: Scheduler Now working  
[2025-03-30 17:10:02] production.INFO: Scheduler Now working  
[2025-03-30 17:12:01] production.INFO: Scheduler Now working  
[2025-03-30 17:14:02] production.INFO: Scheduler Now working  
[2025-03-30 17:16:01] production.INFO: Scheduler Now working  
[2025-03-30 17:18:01] production.INFO: Scheduler Now working  
[2025-03-30 17:20:02] production.INFO: Scheduler Now working  
[2025-03-30 17:22:01] production.INFO: Scheduler Now working  
[2025-03-30 17:24:01] production.INFO: Scheduler Now working  
[2025-03-30 17:26:02] production.INFO: Scheduler Now working  
[2025-03-30 17:28:01] production.INFO: Scheduler Now working  
[2025-03-30 17:32:01] production.INFO: Scheduler Now working  
[2025-03-30 17:34:02] production.INFO: Scheduler Now working  
[2025-03-30 17:36:01] production.INFO: Scheduler Now working  
[2025-03-30 17:36:45] production.INFO: Scheduler Now working  
[2025-03-30 17:38:01] production.INFO: Scheduler Now working  
[2025-03-30 17:40:02] production.INFO: Scheduler Now working  
[2025-03-30 17:42:02] production.INFO: Scheduler Now working  
[2025-03-30 17:44:01] production.INFO: Scheduler Now working  
[2025-03-30 17:46:02] production.INFO: Scheduler Now working  
[2025-03-30 17:48:01] production.INFO: Scheduler Now working  
[2025-03-30 17:50:01] production.INFO: Scheduler Now working  
[2025-03-30 17:52:02] production.INFO: Scheduler Now working  
[2025-03-30 17:54:01] production.INFO: Scheduler Now working  
[2025-03-30 17:56:01] production.INFO: Scheduler Now working  
[2025-03-30 17:58:02] production.INFO: Scheduler Now working  
[2025-03-30 18:02:02] production.INFO: Scheduler Now working  
[2025-03-30 18:04:01] production.INFO: Scheduler Now working  
[2025-03-30 18:06:02] production.INFO: Scheduler Now working  
[2025-03-30 18:06:53] production.INFO: Scheduler Now working  
[2025-03-30 18:08:01] production.INFO: Scheduler Now working  
[2025-03-30 18:10:02] production.INFO: Scheduler Now working  
[2025-03-30 18:12:01] production.INFO: Scheduler Now working  
[2025-03-30 18:14:01] production.INFO: Scheduler Now working  
[2025-03-30 18:16:02] production.INFO: Scheduler Now working  
[2025-03-30 18:18:01] production.INFO: Scheduler Now working  
[2025-03-30 18:20:02] production.INFO: Scheduler Now working  
[2025-03-30 18:22:02] production.INFO: Scheduler Now working  
[2025-03-30 18:24:01] production.INFO: Scheduler Now working  
[2025-03-30 18:26:02] production.INFO: Scheduler Now working  
[2025-03-30 18:28:01] production.INFO: Scheduler Now working  
[2025-03-30 18:32:01] production.INFO: Scheduler Now working  
[2025-03-30 18:34:02] production.INFO: Scheduler Now working  
[2025-03-30 18:36:01] production.INFO: Scheduler Now working  
[2025-03-30 18:36:50] production.INFO: Scheduler Now working  
[2025-03-30 18:38:02] production.INFO: Scheduler Now working  
[2025-03-30 18:40:01] production.INFO: Scheduler Now working  
[2025-03-30 18:42:01] production.INFO: Scheduler Now working  
[2025-03-30 18:44:02] production.INFO: Scheduler Now working  
[2025-03-30 18:46:01] production.INFO: Scheduler Now working  
[2025-03-30 18:48:02] production.INFO: Scheduler Now working  
[2025-03-30 18:50:01] production.INFO: Scheduler Now working  
[2025-03-30 18:52:01] production.INFO: Scheduler Now working  
[2025-03-30 18:54:02] production.INFO: Scheduler Now working  
[2025-03-30 18:56:01] production.INFO: Scheduler Now working  
[2025-03-30 18:58:01] production.INFO: Scheduler Now working  
[2025-03-30 19:02:02] production.INFO: Scheduler Now working  
[2025-03-30 19:04:01] production.INFO: Scheduler Now working  
[2025-03-30 19:06:01] production.INFO: Scheduler Now working  
[2025-03-30 19:06:49] production.INFO: Scheduler Now working  
[2025-03-30 19:08:01] production.INFO: Scheduler Now working  
[2025-03-30 19:10:01] production.INFO: Scheduler Now working  
[2025-03-30 19:12:02] production.INFO: Scheduler Now working  
[2025-03-30 19:14:01] production.INFO: Scheduler Now working  
[2025-03-30 19:16:01] production.INFO: Scheduler Now working  
[2025-03-30 19:18:02] production.INFO: Scheduler Now working  
[2025-03-30 19:20:01] production.INFO: Scheduler Now working  
[2025-03-30 19:22:01] production.INFO: Scheduler Now working  
[2025-03-30 19:24:02] production.INFO: Scheduler Now working  
[2025-03-30 19:26:01] production.INFO: Scheduler Now working  
[2025-03-30 19:28:02] production.INFO: Scheduler Now working  
[2025-03-30 19:32:02] production.INFO: Scheduler Now working  
[2025-03-30 19:34:01] production.INFO: Scheduler Now working  
[2025-03-30 19:36:02] production.INFO: Scheduler Now working  
[2025-03-30 19:36:52] production.INFO: Scheduler Now working  
[2025-03-30 19:38:02] production.INFO: Scheduler Now working  
[2025-03-30 19:40:01] production.INFO: Scheduler Now working  
[2025-03-30 19:42:01] production.INFO: Scheduler Now working  
[2025-03-30 19:44:02] production.INFO: Scheduler Now working  
[2025-03-30 19:46:01] production.INFO: Scheduler Now working  
[2025-03-30 19:48:01] production.INFO: Scheduler Now working  
[2025-03-30 19:50:02] production.INFO: Scheduler Now working  
[2025-03-30 19:52:01] production.INFO: Scheduler Now working  
[2025-03-30 19:54:01] production.INFO: Scheduler Now working  
[2025-03-30 19:56:02] production.INFO: Scheduler Now working  
[2025-03-30 19:58:01] production.INFO: Scheduler Now working  
[2025-03-30 20:02:01] production.INFO: Scheduler Now working  
[2025-03-30 20:04:02] production.INFO: Scheduler Now working  
[2025-03-30 20:06:01] production.INFO: Scheduler Now working  
[2025-03-30 20:06:52] production.INFO: Scheduler Now working  
[2025-03-30 20:08:01] production.INFO: Scheduler Now working  
[2025-03-30 20:10:02] production.INFO: Scheduler Now working  
[2025-03-30 20:12:01] production.INFO: Scheduler Now working  
[2025-03-30 20:14:01] production.INFO: Scheduler Now working  
[2025-03-30 20:16:02] production.INFO: Scheduler Now working  
[2025-03-30 20:18:01] production.INFO: Scheduler Now working  
[2025-03-30 20:20:01] production.INFO: Scheduler Now working  
[2025-03-30 20:22:02] production.INFO: Scheduler Now working  
[2025-03-30 20:24:01] production.INFO: Scheduler Now working  
[2025-03-30 20:26:01] production.INFO: Scheduler Now working  
[2025-03-30 20:28:02] production.INFO: Scheduler Now working  
[2025-03-30 20:32:01] production.INFO: Scheduler Now working  
[2025-03-30 20:34:01] production.INFO: Scheduler Now working  
[2025-03-30 20:36:02] production.INFO: Scheduler Now working  
[2025-03-30 20:36:55] production.INFO: Scheduler Now working  
[2025-03-30 20:38:01] production.INFO: Scheduler Now working  
[2025-03-30 20:40:02] production.INFO: Scheduler Now working  
[2025-03-30 20:42:01] production.INFO: Scheduler Now working  
[2025-03-30 20:44:01] production.INFO: Scheduler Now working  
[2025-03-30 20:46:02] production.INFO: Scheduler Now working  
[2025-03-30 20:48:01] production.INFO: Scheduler Now working  
[2025-03-30 20:50:02] production.INFO: Scheduler Now working  
[2025-03-30 20:52:01] production.INFO: Scheduler Now working  
[2025-03-30 20:54:01] production.INFO: Scheduler Now working  
[2025-03-30 20:56:02] production.INFO: Scheduler Now working  
[2025-03-30 20:58:01] production.INFO: Scheduler Now working  
[2025-03-30 21:02:01] production.INFO: Scheduler Now working  
[2025-03-30 21:04:02] production.INFO: Scheduler Now working  
[2025-03-30 21:06:01] production.INFO: Scheduler Now working  
[2025-03-30 21:06:51] production.INFO: Scheduler Now working  
[2025-03-30 21:08:02] production.INFO: Scheduler Now working  
[2025-03-30 21:10:01] production.INFO: Scheduler Now working  
[2025-03-30 21:12:01] production.INFO: Scheduler Now working  
[2025-03-30 21:14:02] production.INFO: Scheduler Now working  
[2025-03-30 21:16:01] production.INFO: Scheduler Now working  
[2025-03-30 21:18:01] production.INFO: Scheduler Now working  
[2025-03-30 21:20:02] production.INFO: Scheduler Now working  
[2025-03-30 21:22:01] production.INFO: Scheduler Now working  
[2025-03-30 21:24:01] production.INFO: Scheduler Now working  
[2025-03-30 21:26:02] production.INFO: Scheduler Now working  
[2025-03-30 21:28:01] production.INFO: Scheduler Now working  
[2025-03-30 21:32:01] production.INFO: Scheduler Now working  
[2025-03-30 21:34:02] production.INFO: Scheduler Now working  
[2025-03-30 21:36:01] production.INFO: Scheduler Now working  
[2025-03-30 21:36:54] production.INFO: Scheduler Now working  
[2025-03-30 21:38:02] production.INFO: Scheduler Now working  
[2025-03-30 21:40:01] production.INFO: Scheduler Now working  
[2025-03-30 21:42:01] production.INFO: Scheduler Now working  
[2025-03-30 21:44:02] production.INFO: Scheduler Now working  
[2025-03-30 21:46:01] production.INFO: Scheduler Now working  
[2025-03-30 21:48:02] production.INFO: Scheduler Now working  
[2025-03-30 21:50:01] production.INFO: Scheduler Now working  
[2025-03-30 21:52:01] production.INFO: Scheduler Now working  
[2025-03-30 21:54:02] production.INFO: Scheduler Now working  
[2025-03-30 21:56:01] production.INFO: Scheduler Now working  
[2025-03-30 21:58:01] production.INFO: Scheduler Now working  
[2025-03-30 22:02:02] production.INFO: Scheduler Now working  
[2025-03-30 22:04:01] production.INFO: Scheduler Now working  
[2025-03-30 22:06:01] production.INFO: Scheduler Now working  
[2025-03-30 22:06:46] production.INFO: Scheduler Now working  
[2025-03-30 22:08:01] production.INFO: Scheduler Now working  
[2025-03-30 22:10:02] production.INFO: Scheduler Now working  
[2025-03-30 22:12:01] production.INFO: Scheduler Now working  
[2025-03-30 22:14:01] production.INFO: Scheduler Now working  
[2025-03-30 22:16:02] production.INFO: Scheduler Now working  
[2025-03-30 22:18:01] production.INFO: Scheduler Now working  
[2025-03-30 22:20:01] production.INFO: Scheduler Now working  
[2025-03-30 22:22:02] production.INFO: Scheduler Now working  
[2025-03-30 22:24:01] production.INFO: Scheduler Now working  
[2025-03-30 22:26:01] production.INFO: Scheduler Now working  
[2025-03-30 22:28:02] production.INFO: Scheduler Now working  
[2025-03-30 22:32:01] production.INFO: Scheduler Now working  
[2025-03-30 22:34:01] production.INFO: Scheduler Now working  
[2025-03-30 22:36:02] production.INFO: Scheduler Now working  
[2025-03-30 22:36:46] production.INFO: Scheduler Now working  
[2025-03-30 22:38:01] production.INFO: Scheduler Now working  
[2025-03-30 22:40:02] production.INFO: Scheduler Now working  
[2025-03-30 22:42:01] production.INFO: Scheduler Now working  
[2025-03-30 22:44:01] production.INFO: Scheduler Now working  
[2025-03-30 22:46:02] production.INFO: Scheduler Now working  
[2025-03-30 22:48:01] production.INFO: Scheduler Now working  
[2025-03-30 22:50:01] production.INFO: Scheduler Now working  
[2025-03-30 22:52:02] production.INFO: Scheduler Now working  
[2025-03-30 22:54:01] production.INFO: Scheduler Now working  
[2025-03-30 22:56:02] production.INFO: Scheduler Now working  
[2025-03-30 22:58:01] production.INFO: Scheduler Now working  
[2025-03-30 23:02:01] production.INFO: Scheduler Now working  
[2025-03-30 23:04:01] production.INFO: Scheduler Now working  
[2025-03-30 23:06:02] production.INFO: Scheduler Now working  
[2025-03-30 23:06:46] production.INFO: Scheduler Now working  
[2025-03-30 23:08:01] production.INFO: Scheduler Now working  
[2025-03-30 23:10:01] production.INFO: Scheduler Now working  
[2025-03-30 23:12:02] production.INFO: Scheduler Now working  
[2025-03-30 23:14:01] production.INFO: Scheduler Now working  
[2025-03-30 23:16:01] production.INFO: Scheduler Now working  
[2025-03-30 23:18:02] production.INFO: Scheduler Now working  
[2025-03-30 23:20:01] production.INFO: Scheduler Now working  
[2025-03-30 23:22:01] production.INFO: Scheduler Now working  
[2025-03-30 23:24:02] production.INFO: Scheduler Now working  
[2025-03-30 23:26:01] production.INFO: Scheduler Now working  
[2025-03-30 23:28:01] production.INFO: Scheduler Now working  
[2025-03-30 23:32:02] production.INFO: Scheduler Now working  
[2025-03-30 23:34:01] production.INFO: Scheduler Now working  
[2025-03-30 23:36:01] production.INFO: Scheduler Now working  
[2025-03-30 23:36:50] production.INFO: Scheduler Now working  
[2025-03-30 23:38:02] production.INFO: Scheduler Now working  
[2025-03-30 23:40:01] production.INFO: Scheduler Now working  
[2025-03-30 23:42:01] production.INFO: Scheduler Now working  
[2025-03-30 23:44:02] production.INFO: Scheduler Now working  
[2025-03-30 23:46:01] production.INFO: Scheduler Now working  
[2025-03-30 23:48:02] production.INFO: Scheduler Now working  
[2025-03-30 23:50:01] production.INFO: Scheduler Now working  
[2025-03-30 23:52:01] production.INFO: Scheduler Now working  
[2025-03-30 23:54:02] production.INFO: Scheduler Now working  
[2025-03-30 23:56:01] production.INFO: Scheduler Now working  
[2025-03-30 23:58:01] production.INFO: Scheduler Now working  
