[2025-03-27 00:02:01] production.INFO: Scheduler Now working  
[2025-03-27 00:04:01] production.INFO: Scheduler Now working  
[2025-03-27 00:06:02] production.INFO: Scheduler Now working  
[2025-03-27 00:06:43] production.INFO: Scheduler Now working  
[2025-03-27 00:08:02] production.INFO: Scheduler Now working  
[2025-03-27 00:10:01] production.INFO: Scheduler Now working  
[2025-03-27 00:12:01] production.INFO: Scheduler Now working  
[2025-03-27 00:14:02] production.INFO: Scheduler Now working  
[2025-03-27 00:16:01] production.INFO: Scheduler Now working  
[2025-03-27 00:18:01] production.INFO: Scheduler Now working  
[2025-03-27 00:20:02] production.INFO: Scheduler Now working  
[2025-03-27 00:22:01] production.INFO: Scheduler Now working  
[2025-03-27 00:24:02] production.INFO: Scheduler Now working  
[2025-03-27 00:26:01] production.INFO: Scheduler Now working  
[2025-03-27 00:28:01] production.INFO: Scheduler Now working  
[2025-03-27 00:32:01] production.INFO: Scheduler Now working  
[2025-03-27 00:34:02] production.INFO: Scheduler Now working  
[2025-03-27 00:36:01] production.INFO: Scheduler Now working  
[2025-03-27 00:36:40] production.INFO: Scheduler Now working  
[2025-03-27 00:38:01] production.INFO: Scheduler Now working  
[2025-03-27 00:40:02] production.INFO: Scheduler Now working  
[2025-03-27 00:42:02] production.INFO: Scheduler Now working  
[2025-03-27 00:44:01] production.INFO: Scheduler Now working  
[2025-03-27 00:46:02] production.INFO: Scheduler Now working  
[2025-03-27 00:48:01] production.INFO: Scheduler Now working  
[2025-03-27 00:50:01] production.INFO: Scheduler Now working  
[2025-03-27 00:52:02] production.INFO: Scheduler Now working  
[2025-03-27 00:54:01] production.INFO: Scheduler Now working  
[2025-03-27 00:56:01] production.INFO: Scheduler Now working  
[2025-03-27 00:58:02] production.INFO: Scheduler Now working  
[2025-03-27 01:02:02] production.INFO: Scheduler Now working  
[2025-03-27 01:04:01] production.INFO: Scheduler Now working  
[2025-03-27 01:06:02] production.INFO: Scheduler Now working  
[2025-03-27 01:06:40] production.INFO: Scheduler Now working  
[2025-03-27 01:08:01] production.INFO: Scheduler Now working  
[2025-03-27 01:10:02] production.INFO: Scheduler Now working  
[2025-03-27 01:12:01] production.INFO: Scheduler Now working  
[2025-03-27 01:14:02] production.INFO: Scheduler Now working  
[2025-03-27 01:16:02] production.INFO: Scheduler Now working  
[2025-03-27 01:18:01] production.INFO: Scheduler Now working  
[2025-03-27 01:20:02] production.INFO: Scheduler Now working  
[2025-03-27 01:22:01] production.INFO: Scheduler Now working  
[2025-03-27 01:24:01] production.INFO: Scheduler Now working  
[2025-03-27 01:26:02] production.INFO: Scheduler Now working  
[2025-03-27 01:28:01] production.INFO: Scheduler Now working  
[2025-03-27 01:32:01] production.INFO: Scheduler Now working  
[2025-03-27 01:34:02] production.INFO: Scheduler Now working  
[2025-03-27 01:36:01] production.INFO: Scheduler Now working  
[2025-03-27 01:36:32] production.INFO: Scheduler Now working  
[2025-03-27 01:38:02] production.INFO: Scheduler Now working  
[2025-03-27 01:40:01] production.INFO: Scheduler Now working  
[2025-03-27 01:42:01] production.INFO: Scheduler Now working  
[2025-03-27 01:44:02] production.INFO: Scheduler Now working  
[2025-03-27 01:46:01] production.INFO: Scheduler Now working  
[2025-03-27 01:48:01] production.INFO: Scheduler Now working  
[2025-03-27 01:50:02] production.INFO: Scheduler Now working  
[2025-03-27 01:52:01] production.INFO: Scheduler Now working  
[2025-03-27 01:54:01] production.INFO: Scheduler Now working  
[2025-03-27 01:56:02] production.INFO: Scheduler Now working  
[2025-03-27 01:58:01] production.INFO: Scheduler Now working  
[2025-03-27 02:02:01] production.INFO: Scheduler Now working  
[2025-03-27 02:04:02] production.INFO: Scheduler Now working  
[2025-03-27 02:06:01] production.INFO: Scheduler Now working  
[2025-03-27 02:06:41] production.INFO: Scheduler Now working  
[2025-03-27 02:08:01] production.INFO: Scheduler Now working  
[2025-03-27 02:10:01] production.INFO: Scheduler Now working  
[2025-03-27 02:12:02] production.INFO: Scheduler Now working  
[2025-03-27 02:14:01] production.INFO: Scheduler Now working  
[2025-03-27 02:16:01] production.INFO: Scheduler Now working  
[2025-03-27 02:18:02] production.INFO: Scheduler Now working  
[2025-03-27 02:20:01] production.INFO: Scheduler Now working  
[2025-03-27 02:22:01] production.INFO: Scheduler Now working  
[2025-03-27 02:24:02] production.INFO: Scheduler Now working  
[2025-03-27 02:26:01] production.INFO: Scheduler Now working  
[2025-03-27 02:28:02] production.INFO: Scheduler Now working  
[2025-03-27 02:32:02] production.INFO: Scheduler Now working  
[2025-03-27 02:34:01] production.INFO: Scheduler Now working  
[2025-03-27 02:36:01] production.INFO: Scheduler Now working  
[2025-03-27 02:36:35] production.INFO: Scheduler Now working  
[2025-03-27 02:38:02] production.INFO: Scheduler Now working  
[2025-03-27 02:40:01] production.INFO: Scheduler Now working  
[2025-03-27 02:42:01] production.INFO: Scheduler Now working  
[2025-03-27 02:44:02] production.INFO: Scheduler Now working  
[2025-03-27 02:46:01] production.INFO: Scheduler Now working  
[2025-03-27 02:48:02] production.INFO: Scheduler Now working  
[2025-03-27 02:50:01] production.INFO: Scheduler Now working  
[2025-03-27 02:52:01] production.INFO: Scheduler Now working  
[2025-03-27 02:54:02] production.INFO: Scheduler Now working  
[2025-03-27 02:56:01] production.INFO: Scheduler Now working  
[2025-03-27 02:58:01] production.INFO: Scheduler Now working  
[2025-03-27 03:02:02] production.INFO: Scheduler Now working  
[2025-03-27 03:04:01] production.INFO: Scheduler Now working  
[2025-03-27 03:06:01] production.INFO: Scheduler Now working  
[2025-03-27 03:06:31] production.INFO: Scheduler Now working  
[2025-03-27 03:08:02] production.INFO: Scheduler Now working  
[2025-03-27 03:10:01] production.INFO: Scheduler Now working  
[2025-03-27 03:12:02] production.INFO: Scheduler Now working  
[2025-03-27 03:14:01] production.INFO: Scheduler Now working  
[2025-03-27 03:16:01] production.INFO: Scheduler Now working  
[2025-03-27 03:18:02] production.INFO: Scheduler Now working  
[2025-03-27 03:20:01] production.INFO: Scheduler Now working  
[2025-03-27 03:22:01] production.INFO: Scheduler Now working  
[2025-03-27 03:24:02] production.INFO: Scheduler Now working  
[2025-03-27 03:26:01] production.INFO: Scheduler Now working  
[2025-03-27 03:28:01] production.INFO: Scheduler Now working  
[2025-03-27 03:32:02] production.INFO: Scheduler Now working  
[2025-03-27 03:34:01] production.INFO: Scheduler Now working  
[2025-03-27 03:36:01] production.INFO: Scheduler Now working  
[2025-03-27 03:36:35] production.INFO: Scheduler Now working  
[2025-03-27 03:38:01] production.INFO: Scheduler Now working  
[2025-03-27 03:40:02] production.INFO: Scheduler Now working  
[2025-03-27 03:42:01] production.INFO: Scheduler Now working  
[2025-03-27 03:44:01] production.INFO: Scheduler Now working  
[2025-03-27 03:46:02] production.INFO: Scheduler Now working  
[2025-03-27 03:48:01] production.INFO: Scheduler Now working  
[2025-03-27 03:50:01] production.INFO: Scheduler Now working  
[2025-03-27 03:52:02] production.INFO: Scheduler Now working  
[2025-03-27 03:54:01] production.INFO: Scheduler Now working  
[2025-03-27 03:56:02] production.INFO: Scheduler Now working  
[2025-03-27 03:58:01] production.INFO: Scheduler Now working  
[2025-03-27 04:02:01] production.INFO: Scheduler Now working  
[2025-03-27 04:04:01] production.INFO: Scheduler Now working  
[2025-03-27 04:06:02] production.INFO: Scheduler Now working  
[2025-03-27 04:06:34] production.INFO: Scheduler Now working  
[2025-03-27 04:08:01] production.INFO: Scheduler Now working  
[2025-03-27 04:10:01] production.INFO: Scheduler Now working  
[2025-03-27 04:12:02] production.INFO: Scheduler Now working  
[2025-03-27 04:14:01] production.INFO: Scheduler Now working  
[2025-03-27 04:16:01] production.INFO: Scheduler Now working  
[2025-03-27 04:18:02] production.INFO: Scheduler Now working  
[2025-03-27 04:20:01] production.INFO: Scheduler Now working  
[2025-03-27 04:22:01] production.INFO: Scheduler Now working  
[2025-03-27 04:24:02] production.INFO: Scheduler Now working  
[2025-03-27 04:26:01] production.INFO: Scheduler Now working  
[2025-03-27 04:28:02] production.INFO: Scheduler Now working  
[2025-03-27 04:32:02] production.INFO: Scheduler Now working  
[2025-03-27 04:34:01] production.INFO: Scheduler Now working  
[2025-03-27 04:36:01] production.INFO: Scheduler Now working  
[2025-03-27 04:36:35] production.INFO: Scheduler Now working  
[2025-03-27 04:38:01] production.INFO: Scheduler Now working  
[2025-03-27 04:40:01] production.INFO: Scheduler Now working  
[2025-03-27 04:42:02] production.INFO: Scheduler Now working  
[2025-03-27 04:44:01] production.INFO: Scheduler Now working  
[2025-03-27 04:46:02] production.INFO: Scheduler Now working  
[2025-03-27 04:48:02] production.INFO: Scheduler Now working  
[2025-03-27 04:50:01] production.INFO: Scheduler Now working  
[2025-03-27 04:52:02] production.INFO: Scheduler Now working  
[2025-03-27 04:54:01] production.INFO: Scheduler Now working  
[2025-03-27 04:56:01] production.INFO: Scheduler Now working  
[2025-03-27 04:58:02] production.INFO: Scheduler Now working  
[2025-03-27 05:02:02] production.INFO: Scheduler Now working  
[2025-03-27 05:04:01] production.INFO: Scheduler Now working  
[2025-03-27 05:06:02] production.INFO: Scheduler Now working  
[2025-03-27 05:06:36] production.INFO: Scheduler Now working  
[2025-03-27 05:06:37] production.ERROR: SQLSTATE[23000]: Integrity constraint violation: 1048 Column 'payment_id' cannot be null (Connection: mysql, SQL: insert into `successful_payment_collections` (`user_id`, `payment_id`, `order_amount`, `amount`, `charges`, `gst`, `updated_at`, `created_at`) values (2, ?, 799, 780.1436, 15.98, 2.8764, 2025-03-27 05:06:37, 2025-03-27 05:06:37)) {"exception":"[object] (Illuminate\\Database\\QueryException(code: 23000): SQLSTATE[23000]: Integrity constraint violation: 1048 Column 'payment_id' cannot be null (Connection: mysql, SQL: insert into `successful_payment_collections` (`user_id`, `payment_id`, `order_amount`, `amount`, `charges`, `gst`, `updated_at`, `created_at`) values (2, ?, 799, 780.1436, 15.98, 2.8764, 2025-03-27 05:06:37, 2025-03-27 05:06:37)) at /var/www/groscope/vendor/laravel/framework/src/Illuminate/Database/Connection.php:829)
[stacktrace]
#0 /var/www/groscope/vendor/laravel/framework/src/Illuminate/Database/Connection.php(783): Illuminate\\Database\\Connection->runQueryCallback()
#1 /var/www/groscope/vendor/laravel/framework/src/Illuminate/Database/MySqlConnection.php(34): Illuminate\\Database\\Connection->run()
#2 /var/www/groscope/vendor/laravel/framework/src/Illuminate/Database/Query/Processors/MySqlProcessor.php(35): Illuminate\\Database\\MySqlConnection->insert()
#3 /var/www/groscope/vendor/laravel/framework/src/Illuminate/Database/Query/Builder.php(3549): Illuminate\\Database\\Query\\Processors\\MySqlProcessor->processInsertGetId()
#4 /var/www/groscope/vendor/laravel/framework/src/Illuminate/Database/Eloquent/Builder.php(1982): Illuminate\\Database\\Query\\Builder->insertGetId()
#5 /var/www/groscope/vendor/laravel/framework/src/Illuminate/Database/Eloquent/Model.php(1334): Illuminate\\Database\\Eloquent\\Builder->__call()
#6 /var/www/groscope/vendor/laravel/framework/src/Illuminate/Database/Eloquent/Model.php(1299): Illuminate\\Database\\Eloquent\\Model->insertAndSetId()
#7 /var/www/groscope/vendor/laravel/framework/src/Illuminate/Database/Eloquent/Model.php(1138): Illuminate\\Database\\Eloquent\\Model->performInsert()
#8 /var/www/groscope/vendor/laravel/framework/src/Illuminate/Database/Eloquent/Builder.php(1025): Illuminate\\Database\\Eloquent\\Model->save()
#9 /var/www/groscope/vendor/laravel/framework/src/Illuminate/Support/helpers.php(320): Illuminate\\Database\\Eloquent\\Builder->Illuminate\\Database\\Eloquent\\{closure}()
#10 /var/www/groscope/vendor/laravel/framework/src/Illuminate/Database/Eloquent/Builder.php(1024): tap()
#11 /var/www/groscope/vendor/laravel/framework/src/Illuminate/Support/Traits/ForwardsCalls.php(23): Illuminate\\Database\\Eloquent\\Builder->create()
#12 /var/www/groscope/vendor/laravel/framework/src/Illuminate/Database/Eloquent/Model.php(2335): Illuminate\\Database\\Eloquent\\Model->forwardCallTo()
#13 /var/www/groscope/vendor/laravel/framework/src/Illuminate/Database/Eloquent/Model.php(2347): Illuminate\\Database\\Eloquent\\Model->__call()
#14 /var/www/groscope/app/Console/Commands/GetSuccessfullyPaymentCollectionCommand.php(33): Illuminate\\Database\\Eloquent\\Model::__callStatic()
#15 /var/www/groscope/vendor/laravel/framework/src/Illuminate/Container/BoundMethod.php(36): App\\Console\\Commands\\GetSuccessfullyPaymentCollectionCommand->handle()
#16 /var/www/groscope/vendor/laravel/framework/src/Illuminate/Container/Util.php(41): Illuminate\\Container\\BoundMethod::Illuminate\\Container\\{closure}()
#17 /var/www/groscope/vendor/laravel/framework/src/Illuminate/Container/BoundMethod.php(93): Illuminate\\Container\\Util::unwrapIfClosure()
#18 /var/www/groscope/vendor/laravel/framework/src/Illuminate/Container/BoundMethod.php(35): Illuminate\\Container\\BoundMethod::callBoundMethod()
#19 /var/www/groscope/vendor/laravel/framework/src/Illuminate/Container/Container.php(662): Illuminate\\Container\\BoundMethod::call()
#20 /var/www/groscope/vendor/laravel/framework/src/Illuminate/Console/Command.php(211): Illuminate\\Container\\Container->call()
#21 /var/www/groscope/vendor/symfony/console/Command/Command.php(326): Illuminate\\Console\\Command->execute()
#22 /var/www/groscope/vendor/laravel/framework/src/Illuminate/Console/Command.php(180): Symfony\\Component\\Console\\Command\\Command->run()
#23 /var/www/groscope/vendor/symfony/console/Application.php(1096): Illuminate\\Console\\Command->run()
#24 /var/www/groscope/vendor/symfony/console/Application.php(324): Symfony\\Component\\Console\\Application->doRunCommand()
#25 /var/www/groscope/vendor/symfony/console/Application.php(175): Symfony\\Component\\Console\\Application->doRun()
#26 /var/www/groscope/vendor/laravel/framework/src/Illuminate/Foundation/Console/Kernel.php(201): Symfony\\Component\\Console\\Application->run()
#27 /var/www/groscope/artisan(35): Illuminate\\Foundation\\Console\\Kernel->handle()
#28 {main}

[previous exception] [object] (PDOException(code: 23000): SQLSTATE[23000]: Integrity constraint violation: 1048 Column 'payment_id' cannot be null at /var/www/groscope/vendor/laravel/framework/src/Illuminate/Database/MySqlConnection.php:45)
[stacktrace]
#0 /var/www/groscope/vendor/laravel/framework/src/Illuminate/Database/MySqlConnection.php(45): PDOStatement->execute()
#1 /var/www/groscope/vendor/laravel/framework/src/Illuminate/Database/Connection.php(816): Illuminate\\Database\\MySqlConnection->Illuminate\\Database\\{closure}()
#2 /var/www/groscope/vendor/laravel/framework/src/Illuminate/Database/Connection.php(783): Illuminate\\Database\\Connection->runQueryCallback()
#3 /var/www/groscope/vendor/laravel/framework/src/Illuminate/Database/MySqlConnection.php(34): Illuminate\\Database\\Connection->run()
#4 /var/www/groscope/vendor/laravel/framework/src/Illuminate/Database/Query/Processors/MySqlProcessor.php(35): Illuminate\\Database\\MySqlConnection->insert()
#5 /var/www/groscope/vendor/laravel/framework/src/Illuminate/Database/Query/Builder.php(3549): Illuminate\\Database\\Query\\Processors\\MySqlProcessor->processInsertGetId()
#6 /var/www/groscope/vendor/laravel/framework/src/Illuminate/Database/Eloquent/Builder.php(1982): Illuminate\\Database\\Query\\Builder->insertGetId()
#7 /var/www/groscope/vendor/laravel/framework/src/Illuminate/Database/Eloquent/Model.php(1334): Illuminate\\Database\\Eloquent\\Builder->__call()
#8 /var/www/groscope/vendor/laravel/framework/src/Illuminate/Database/Eloquent/Model.php(1299): Illuminate\\Database\\Eloquent\\Model->insertAndSetId()
#9 /var/www/groscope/vendor/laravel/framework/src/Illuminate/Database/Eloquent/Model.php(1138): Illuminate\\Database\\Eloquent\\Model->performInsert()
#10 /var/www/groscope/vendor/laravel/framework/src/Illuminate/Database/Eloquent/Builder.php(1025): Illuminate\\Database\\Eloquent\\Model->save()
#11 /var/www/groscope/vendor/laravel/framework/src/Illuminate/Support/helpers.php(320): Illuminate\\Database\\Eloquent\\Builder->Illuminate\\Database\\Eloquent\\{closure}()
#12 /var/www/groscope/vendor/laravel/framework/src/Illuminate/Database/Eloquent/Builder.php(1024): tap()
#13 /var/www/groscope/vendor/laravel/framework/src/Illuminate/Support/Traits/ForwardsCalls.php(23): Illuminate\\Database\\Eloquent\\Builder->create()
#14 /var/www/groscope/vendor/laravel/framework/src/Illuminate/Database/Eloquent/Model.php(2335): Illuminate\\Database\\Eloquent\\Model->forwardCallTo()
#15 /var/www/groscope/vendor/laravel/framework/src/Illuminate/Database/Eloquent/Model.php(2347): Illuminate\\Database\\Eloquent\\Model->__call()
#16 /var/www/groscope/app/Console/Commands/GetSuccessfullyPaymentCollectionCommand.php(33): Illuminate\\Database\\Eloquent\\Model::__callStatic()
#17 /var/www/groscope/vendor/laravel/framework/src/Illuminate/Container/BoundMethod.php(36): App\\Console\\Commands\\GetSuccessfullyPaymentCollectionCommand->handle()
#18 /var/www/groscope/vendor/laravel/framework/src/Illuminate/Container/Util.php(41): Illuminate\\Container\\BoundMethod::Illuminate\\Container\\{closure}()
#19 /var/www/groscope/vendor/laravel/framework/src/Illuminate/Container/BoundMethod.php(93): Illuminate\\Container\\Util::unwrapIfClosure()
#20 /var/www/groscope/vendor/laravel/framework/src/Illuminate/Container/BoundMethod.php(35): Illuminate\\Container\\BoundMethod::callBoundMethod()
#21 /var/www/groscope/vendor/laravel/framework/src/Illuminate/Container/Container.php(662): Illuminate\\Container\\BoundMethod::call()
#22 /var/www/groscope/vendor/laravel/framework/src/Illuminate/Console/Command.php(211): Illuminate\\Container\\Container->call()
#23 /var/www/groscope/vendor/symfony/console/Command/Command.php(326): Illuminate\\Console\\Command->execute()
#24 /var/www/groscope/vendor/laravel/framework/src/Illuminate/Console/Command.php(180): Symfony\\Component\\Console\\Command\\Command->run()
#25 /var/www/groscope/vendor/symfony/console/Application.php(1096): Illuminate\\Console\\Command->run()
#26 /var/www/groscope/vendor/symfony/console/Application.php(324): Symfony\\Component\\Console\\Application->doRunCommand()
#27 /var/www/groscope/vendor/symfony/console/Application.php(175): Symfony\\Component\\Console\\Application->doRun()
#28 /var/www/groscope/vendor/laravel/framework/src/Illuminate/Foundation/Console/Kernel.php(201): Symfony\\Component\\Console\\Application->run()
#29 /var/www/groscope/artisan(35): Illuminate\\Foundation\\Console\\Kernel->handle()
#30 {main}
"} 
[2025-03-27 05:08:02] production.INFO: Scheduler Now working  
[2025-03-27 05:10:01] production.INFO: Scheduler Now working  
[2025-03-27 05:12:01] production.INFO: Scheduler Now working  
[2025-03-27 05:14:02] production.INFO: Scheduler Now working  
[2025-03-27 05:16:01] production.INFO: Scheduler Now working  
[2025-03-27 05:18:01] production.INFO: Scheduler Now working  
[2025-03-27 05:20:02] production.INFO: Scheduler Now working  
[2025-03-27 05:22:01] production.INFO: Scheduler Now working  
[2025-03-27 05:24:02] production.INFO: Scheduler Now working  
[2025-03-27 05:26:01] production.INFO: Scheduler Now working  
[2025-03-27 05:28:01] production.INFO: Scheduler Now working  
[2025-03-27 05:32:01] production.INFO: Scheduler Now working  
[2025-03-27 05:34:02] production.INFO: Scheduler Now working  
[2025-03-27 05:36:01] production.INFO: Scheduler Now working  
[2025-03-27 05:36:40] production.INFO: Scheduler Now working  
[2025-03-27 05:38:02] production.INFO: Scheduler Now working  
[2025-03-27 05:40:01] production.INFO: Scheduler Now working  
[2025-03-27 05:42:01] production.INFO: Scheduler Now working  
[2025-03-27 05:44:02] production.INFO: Scheduler Now working  
[2025-03-27 05:46:01] production.INFO: Scheduler Now working  
[2025-03-27 05:48:02] production.INFO: Scheduler Now working  
[2025-03-27 05:50:01] production.INFO: Scheduler Now working  
[2025-03-27 05:52:01] production.INFO: Scheduler Now working  
[2025-03-27 05:54:02] production.INFO: Scheduler Now working  
[2025-03-27 05:56:01] production.INFO: Scheduler Now working  
[2025-03-27 05:58:01] production.INFO: Scheduler Now working  
[2025-03-27 06:02:01] production.INFO: Scheduler Now working  
[2025-03-27 06:04:02] production.INFO: Scheduler Now working  
[2025-03-27 06:06:01] production.INFO: Scheduler Now working  
[2025-03-27 06:06:39] production.INFO: Scheduler Now working  
[2025-03-27 06:08:02] production.INFO: Scheduler Now working  
[2025-03-27 06:10:01] production.INFO: Scheduler Now working  
[2025-03-27 06:12:01] production.INFO: Scheduler Now working  
[2025-03-27 06:14:02] production.INFO: Scheduler Now working  
[2025-03-27 06:16:01] production.INFO: Scheduler Now working  
[2025-03-27 06:18:02] production.INFO: Scheduler Now working  
[2025-03-27 06:20:01] production.INFO: Scheduler Now working  
[2025-03-27 06:22:01] production.INFO: Scheduler Now working  
[2025-03-27 06:24:02] production.INFO: Scheduler Now working  
[2025-03-27 06:26:01] production.INFO: Scheduler Now working  
[2025-03-27 06:28:01] production.INFO: Scheduler Now working  
[2025-03-27 06:32:02] production.INFO: Scheduler Now working  
[2025-03-27 06:34:01] production.INFO: Scheduler Now working  
[2025-03-27 06:36:01] production.INFO: Scheduler Now working  
[2025-03-27 06:36:40] production.INFO: Scheduler Now working  
[2025-03-27 06:38:02] production.INFO: Scheduler Now working  
[2025-03-27 06:40:01] production.INFO: Scheduler Now working  
[2025-03-27 06:42:02] production.INFO: Scheduler Now working  
[2025-03-27 06:44:01] production.INFO: Scheduler Now working  
[2025-03-27 06:46:01] production.INFO: Scheduler Now working  
[2025-03-27 06:48:02] production.INFO: Scheduler Now working  
[2025-03-27 06:50:01] production.INFO: Scheduler Now working  
[2025-03-27 06:52:01] production.INFO: Scheduler Now working  
[2025-03-27 06:54:02] production.INFO: Scheduler Now working  
[2025-03-27 06:56:01] production.INFO: Scheduler Now working  
[2025-03-27 06:58:01] production.INFO: Scheduler Now working  
[2025-03-27 07:02:02] production.INFO: Scheduler Now working  
[2025-03-27 07:04:01] production.INFO: Scheduler Now working  
[2025-03-27 07:06:01] production.INFO: Scheduler Now working  
[2025-03-27 07:06:40] production.INFO: Scheduler Now working  
[2025-03-27 07:08:01] production.INFO: Scheduler Now working  
[2025-03-27 07:10:01] production.INFO: Scheduler Now working  
[2025-03-27 07:12:02] production.INFO: Scheduler Now working  
[2025-03-27 07:14:01] production.INFO: Scheduler Now working  
[2025-03-27 07:16:02] production.INFO: Scheduler Now working  
[2025-03-27 07:18:01] production.INFO: Scheduler Now working  
[2025-03-27 07:20:01] production.INFO: Scheduler Now working  
[2025-03-27 07:22:02] production.INFO: Scheduler Now working  
[2025-03-27 07:24:01] production.INFO: Scheduler Now working  
[2025-03-27 07:26:01] production.INFO: Scheduler Now working  
[2025-03-27 07:28:02] production.INFO: Scheduler Now working  
[2025-03-27 07:32:01] production.INFO: Scheduler Now working  
[2025-03-27 07:34:01] production.INFO: Scheduler Now working  
[2025-03-27 07:36:02] production.INFO: Scheduler Now working  
[2025-03-27 07:36:40] production.INFO: Scheduler Now working  
[2025-03-27 07:38:01] production.INFO: Scheduler Now working  
[2025-03-27 07:40:02] production.INFO: Scheduler Now working  
[2025-03-27 07:42:01] production.INFO: Scheduler Now working  
[2025-03-27 07:44:02] production.INFO: Scheduler Now working  
[2025-03-27 07:46:01] production.INFO: Scheduler Now working  
[2025-03-27 07:48:01] production.INFO: Scheduler Now working  
[2025-03-27 07:50:02] production.INFO: Scheduler Now working  
[2025-03-27 07:52:01] production.INFO: Scheduler Now working  
[2025-03-27 07:54:01] production.INFO: Scheduler Now working  
[2025-03-27 07:56:02] production.INFO: Scheduler Now working  
[2025-03-27 07:58:01] production.INFO: Scheduler Now working  
[2025-03-27 08:02:01] production.INFO: Scheduler Now working  
[2025-03-27 08:04:02] production.INFO: Scheduler Now working  
[2025-03-27 08:06:01] production.INFO: Scheduler Now working  
[2025-03-27 08:06:48] production.INFO: Scheduler Now working  
[2025-03-27 08:08:01] production.INFO: Scheduler Now working  
[2025-03-27 08:10:01] production.INFO: Scheduler Now working  
[2025-03-27 08:12:02] production.INFO: Scheduler Now working  
[2025-03-27 08:14:01] production.INFO: Scheduler Now working  
[2025-03-27 08:16:01] production.INFO: Scheduler Now working  
[2025-03-27 08:18:02] production.INFO: Scheduler Now working  
[2025-03-27 08:20:01] production.INFO: Scheduler Now working  
[2025-03-27 08:22:02] production.INFO: Scheduler Now working  
[2025-03-27 08:24:01] production.INFO: Scheduler Now working  
[2025-03-27 08:26:01] production.INFO: Scheduler Now working  
[2025-03-27 08:28:02] production.INFO: Scheduler Now working  
[2025-03-27 08:32:02] production.INFO: Scheduler Now working  
[2025-03-27 08:34:01] production.INFO: Scheduler Now working  
[2025-03-27 08:36:02] production.INFO: Scheduler Now working  
[2025-03-27 08:36:44] production.INFO: Scheduler Now working  
[2025-03-27 08:38:02] production.INFO: Scheduler Now working  
[2025-03-27 08:40:01] production.INFO: Scheduler Now working  
[2025-03-27 08:42:02] production.INFO: Scheduler Now working  
[2025-03-27 08:44:01] production.INFO: Scheduler Now working  
[2025-03-27 08:46:01] production.INFO: Scheduler Now working  
[2025-03-27 08:48:02] production.INFO: Scheduler Now working  
[2025-03-27 08:50:01] production.INFO: Scheduler Now working  
[2025-03-27 08:52:01] production.INFO: Scheduler Now working  
[2025-03-27 08:54:01] production.INFO: Scheduler Now working  
[2025-03-27 08:56:02] production.INFO: Scheduler Now working  
[2025-03-27 08:58:01] production.INFO: Scheduler Now working  
[2025-03-27 09:02:01] production.INFO: Scheduler Now working  
[2025-03-27 09:04:02] production.INFO: Scheduler Now working  
[2025-03-27 09:06:01] production.INFO: Scheduler Now working  
[2025-03-27 09:06:49] production.INFO: Scheduler Now working  
[2025-03-27 09:08:01] production.INFO: Scheduler Now working  
[2025-03-27 09:10:02] production.INFO: Scheduler Now working  
[2025-03-27 09:12:01] production.INFO: Scheduler Now working  
[2025-03-27 09:14:01] production.INFO: Scheduler Now working  
[2025-03-27 09:16:02] production.INFO: Scheduler Now working  
[2025-03-27 09:18:01] production.INFO: Scheduler Now working  
[2025-03-27 09:20:01] production.INFO: Scheduler Now working  
[2025-03-27 09:22:02] production.INFO: Scheduler Now working  
[2025-03-27 09:24:01] production.INFO: Scheduler Now working  
[2025-03-27 09:26:02] production.INFO: Scheduler Now working  
[2025-03-27 09:28:01] production.INFO: Scheduler Now working  
[2025-03-27 09:32:01] production.INFO: Scheduler Now working  
[2025-03-27 09:34:01] production.INFO: Scheduler Now working  
[2025-03-27 09:36:02] production.INFO: Scheduler Now working  
[2025-03-27 09:36:47] production.INFO: Scheduler Now working  
[2025-03-27 09:38:01] production.INFO: Scheduler Now working  
[2025-03-27 09:40:02] production.INFO: Scheduler Now working  
[2025-03-27 09:42:01] production.INFO: Scheduler Now working  
[2025-03-27 09:44:02] production.INFO: Scheduler Now working  
[2025-03-27 09:46:01] production.INFO: Scheduler Now working  
[2025-03-27 09:48:01] production.INFO: Scheduler Now working  
[2025-03-27 09:50:02] production.INFO: Scheduler Now working  
[2025-03-27 09:52:01] production.INFO: Scheduler Now working  
[2025-03-27 09:54:01] production.INFO: Scheduler Now working  
[2025-03-27 09:56:02] production.INFO: Scheduler Now working  
[2025-03-27 09:58:01] production.INFO: Scheduler Now working  
[2025-03-27 10:02:01] production.INFO: Scheduler Now working  
[2025-03-27 10:04:02] production.INFO: Scheduler Now working  
[2025-03-27 10:06:01] production.INFO: Scheduler Now working  
[2025-03-27 10:07:01] production.INFO: Scheduler Now working  
[2025-03-27 10:08:02] production.INFO: Scheduler Now working  
[2025-03-27 10:10:01] production.INFO: Scheduler Now working  
[2025-03-27 10:12:02] production.INFO: Scheduler Now working  
[2025-03-27 10:14:01] production.INFO: Scheduler Now working  
[2025-03-27 10:16:01] production.INFO: Scheduler Now working  
[2025-03-27 10:18:02] production.INFO: Scheduler Now working  
[2025-03-27 10:20:01] production.INFO: Scheduler Now working  
[2025-03-27 10:22:01] production.INFO: Scheduler Now working  
[2025-03-27 10:24:02] production.INFO: Scheduler Now working  
[2025-03-27 10:26:01] production.INFO: Scheduler Now working  
[2025-03-27 10:28:01] production.INFO: Scheduler Now working  
[2025-03-27 10:32:02] production.INFO: Scheduler Now working  
[2025-03-27 10:34:01] production.INFO: Scheduler Now working  
[2025-03-27 10:36:01] production.INFO: Scheduler Now working  
[2025-03-27 10:36:57] production.INFO: Scheduler Now working  
[2025-03-27 10:38:01] production.INFO: Scheduler Now working  
[2025-03-27 10:40:01] production.INFO: Scheduler Now working  
[2025-03-27 10:42:02] production.INFO: Scheduler Now working  
[2025-03-27 10:44:01] production.INFO: Scheduler Now working  
[2025-03-27 10:46:01] production.INFO: Scheduler Now working  
[2025-03-27 10:48:02] production.INFO: Scheduler Now working  
[2025-03-27 10:50:01] production.INFO: Scheduler Now working  
[2025-03-27 10:52:01] production.INFO: Scheduler Now working  
[2025-03-27 10:54:02] production.INFO: Scheduler Now working  
[2025-03-27 10:56:01] production.INFO: Scheduler Now working  
[2025-03-27 10:58:01] production.INFO: Scheduler Now working  
[2025-03-27 11:02:02] production.INFO: Scheduler Now working  
[2025-03-27 11:04:01] production.INFO: Scheduler Now working  
[2025-03-27 11:06:01] production.INFO: Scheduler Now working  
[2025-03-27 11:06:56] production.INFO: Scheduler Now working  
[2025-03-27 11:08:01] production.INFO: Scheduler Now working  
[2025-03-27 11:10:02] production.INFO: Scheduler Now working  
[2025-03-27 11:12:01] production.INFO: Scheduler Now working  
[2025-03-27 11:14:01] production.INFO: Scheduler Now working  
[2025-03-27 11:16:02] production.INFO: Scheduler Now working  
[2025-03-27 11:18:01] production.INFO: Scheduler Now working  
[2025-03-27 11:20:01] production.INFO: Scheduler Now working  
[2025-03-27 11:22:02] production.INFO: Scheduler Now working  
[2025-03-27 11:24:01] production.INFO: Scheduler Now working  
[2025-03-27 11:26:01] production.INFO: Scheduler Now working  
[2025-03-27 11:28:02] production.INFO: Scheduler Now working  
[2025-03-27 11:32:01] production.INFO: Scheduler Now working  
[2025-03-27 11:34:01] production.INFO: Scheduler Now working  
[2025-03-27 11:36:02] production.INFO: Scheduler Now working  
[2025-03-27 11:36:49] production.INFO: Scheduler Now working  
[2025-03-27 11:38:01] production.INFO: Scheduler Now working  
[2025-03-27 11:40:02] production.INFO: Scheduler Now working  
[2025-03-27 11:42:01] production.INFO: Scheduler Now working  
[2025-03-27 11:44:02] production.INFO: Scheduler Now working  
[2025-03-27 11:46:02] production.INFO: Scheduler Now working  
[2025-03-27 11:48:01] production.INFO: Scheduler Now working  
[2025-03-27 11:50:02] production.INFO: Scheduler Now working  
[2025-03-27 11:52:01] production.INFO: Scheduler Now working  
[2025-03-27 11:54:01] production.INFO: Scheduler Now working  
[2025-03-27 11:56:02] production.INFO: Scheduler Now working  
[2025-03-27 11:58:01] production.INFO: Scheduler Now working  
[2025-03-27 12:02:01] production.INFO: Scheduler Now working  
[2025-03-27 12:04:02] production.INFO: Scheduler Now working  
[2025-03-27 12:06:01] production.INFO: Scheduler Now working  
[2025-03-27 12:06:56] production.INFO: Scheduler Now working  
[2025-03-27 12:08:01] production.INFO: Scheduler Now working  
[2025-03-27 12:10:02] production.INFO: Scheduler Now working  
[2025-03-27 12:12:01] production.INFO: Scheduler Now working  
[2025-03-27 12:14:01] production.INFO: Scheduler Now working  
[2025-03-27 12:16:02] production.INFO: Scheduler Now working  
[2025-03-27 12:18:01] production.INFO: Scheduler Now working  
[2025-03-27 12:20:01] production.INFO: Scheduler Now working  
[2025-03-27 12:22:02] production.INFO: Scheduler Now working  
[2025-03-27 12:24:01] production.INFO: Scheduler Now working  
[2025-03-27 12:26:01] production.INFO: Scheduler Now working  
[2025-03-27 12:28:02] production.INFO: Scheduler Now working  
[2025-03-27 12:32:01] production.INFO: Scheduler Now working  
[2025-03-27 12:34:01] production.INFO: Scheduler Now working  
[2025-03-27 12:36:02] production.INFO: Scheduler Now working  
[2025-03-27 12:36:54] production.INFO: Scheduler Now working  
[2025-03-27 12:38:02] production.INFO: Scheduler Now working  
[2025-03-27 12:40:01] production.INFO: Scheduler Now working  
[2025-03-27 12:42:01] production.INFO: Scheduler Now working  
[2025-03-27 12:44:02] production.INFO: Scheduler Now working  
[2025-03-27 12:46:01] production.INFO: Scheduler Now working  
[2025-03-27 12:48:01] production.INFO: Scheduler Now working  
[2025-03-27 12:50:02] production.INFO: Scheduler Now working  
[2025-03-27 12:52:01] production.INFO: Scheduler Now working  
[2025-03-27 12:54:01] production.INFO: Scheduler Now working  
[2025-03-27 12:56:02] production.INFO: Scheduler Now working  
[2025-03-27 12:58:01] production.INFO: Scheduler Now working  
[2025-03-27 13:02:01] production.INFO: Scheduler Now working  
[2025-03-27 13:04:02] production.INFO: Scheduler Now working  
[2025-03-27 13:06:01] production.INFO: Scheduler Now working  
[2025-03-27 13:06:58] production.INFO: Scheduler Now working  
[2025-03-27 13:08:01] production.INFO: Scheduler Now working  
[2025-03-27 13:10:01] production.INFO: Scheduler Now working  
[2025-03-27 13:12:02] production.INFO: Scheduler Now working  
[2025-03-27 13:14:01] production.INFO: Scheduler Now working  
[2025-03-27 13:16:01] production.INFO: Scheduler Now working  
[2025-03-27 13:18:02] production.INFO: Scheduler Now working  
[2025-03-27 13:20:01] production.INFO: Scheduler Now working  
[2025-03-27 13:22:01] production.INFO: Scheduler Now working  
[2025-03-27 13:24:02] production.INFO: Scheduler Now working  
[2025-03-27 13:26:01] production.INFO: Scheduler Now working  
[2025-03-27 13:28:02] production.INFO: Scheduler Now working  
[2025-03-27 13:32:02] production.INFO: Scheduler Now working  
[2025-03-27 13:34:01] production.INFO: Scheduler Now working  
[2025-03-27 13:36:01] production.INFO: Scheduler Now working  
[2025-03-27 13:36:53] production.INFO: Scheduler Now working  
[2025-03-27 13:38:01] production.INFO: Scheduler Now working  
[2025-03-27 13:40:01] production.INFO: Scheduler Now working  
[2025-03-27 13:42:02] production.INFO: Scheduler Now working  
[2025-03-27 13:44:01] production.INFO: Scheduler Now working  
[2025-03-27 13:46:01] production.INFO: Scheduler Now working  
[2025-03-27 13:48:02] production.INFO: Scheduler Now working  
[2025-03-27 13:50:01] production.INFO: Scheduler Now working  
[2025-03-27 13:52:02] production.INFO: Scheduler Now working  
[2025-03-27 13:54:01] production.INFO: Scheduler Now working  
[2025-03-27 13:56:01] production.INFO: Scheduler Now working  
[2025-03-27 13:58:02] production.INFO: Scheduler Now working  
[2025-03-27 14:02:02] production.INFO: Scheduler Now working  
[2025-03-27 14:04:01] production.INFO: Scheduler Now working  
[2025-03-27 14:06:02] production.INFO: Scheduler Now working  
[2025-03-27 14:06:48] production.INFO: Scheduler Now working  
[2025-03-27 14:08:01] production.INFO: Scheduler Now working  
[2025-03-27 14:10:02] production.INFO: Scheduler Now working  
[2025-03-27 14:12:01] production.INFO: Scheduler Now working  
[2025-03-27 14:14:01] production.INFO: Scheduler Now working  
[2025-03-27 14:16:02] production.INFO: Scheduler Now working  
[2025-03-27 14:18:01] production.INFO: Scheduler Now working  
[2025-03-27 14:20:02] production.INFO: Scheduler Now working  
[2025-03-27 14:22:01] production.INFO: Scheduler Now working  
[2025-03-27 14:24:01] production.INFO: Scheduler Now working  
[2025-03-27 14:26:02] production.INFO: Scheduler Now working  
[2025-03-27 14:28:01] production.INFO: Scheduler Now working  
[2025-03-27 14:32:01] production.INFO: Scheduler Now working  
[2025-03-27 14:34:01] production.INFO: Scheduler Now working  
[2025-03-27 14:36:02] production.INFO: Scheduler Now working  
[2025-03-27 14:36:51] production.INFO: Scheduler Now working  
[2025-03-27 14:38:02] production.INFO: Scheduler Now working  
[2025-03-27 14:40:01] production.INFO: Scheduler Now working  
[2025-03-27 14:42:01] production.INFO: Scheduler Now working  
[2025-03-27 14:44:02] production.INFO: Scheduler Now working  
[2025-03-27 14:46:01] production.INFO: Scheduler Now working  
[2025-03-27 14:48:01] production.INFO: Scheduler Now working  
[2025-03-27 14:50:02] production.INFO: Scheduler Now working  
[2025-03-27 14:52:01] production.INFO: Scheduler Now working  
[2025-03-27 14:54:01] production.INFO: Scheduler Now working  
[2025-03-27 14:56:02] production.INFO: Scheduler Now working  
[2025-03-27 14:58:01] production.INFO: Scheduler Now working  
[2025-03-27 15:02:01] production.INFO: Scheduler Now working  
[2025-03-27 15:04:02] production.INFO: Scheduler Now working  
[2025-03-27 15:06:01] production.INFO: Scheduler Now working  
[2025-03-27 15:06:57] production.INFO: Scheduler Now working  
[2025-03-27 15:08:01] production.INFO: Scheduler Now working  
[2025-03-27 15:10:01] production.INFO: Scheduler Now working  
[2025-03-27 15:12:02] production.INFO: Scheduler Now working  
[2025-03-27 15:14:01] production.INFO: Scheduler Now working  
[2025-03-27 15:16:01] production.INFO: Scheduler Now working  
[2025-03-27 15:18:02] production.INFO: Scheduler Now working  
[2025-03-27 15:20:01] production.INFO: Scheduler Now working  
[2025-03-27 15:22:02] production.INFO: Scheduler Now working  
[2025-03-27 15:24:01] production.INFO: Scheduler Now working  
[2025-03-27 15:26:01] production.INFO: Scheduler Now working  
[2025-03-27 15:28:02] production.INFO: Scheduler Now working  
[2025-03-27 15:32:02] production.INFO: Scheduler Now working  
[2025-03-27 15:34:01] production.INFO: Scheduler Now working  
[2025-03-27 15:36:02] production.INFO: Scheduler Now working  
[2025-03-27 15:36:48] production.INFO: Scheduler Now working  
[2025-03-27 15:38:01] production.INFO: Scheduler Now working  
[2025-03-27 15:40:02] production.INFO: Scheduler Now working  
[2025-03-27 15:42:01] production.INFO: Scheduler Now working  
[2025-03-27 15:44:01] production.INFO: Scheduler Now working  
[2025-03-27 15:46:02] production.INFO: Scheduler Now working  
[2025-03-27 15:48:01] production.INFO: Scheduler Now working  
[2025-03-27 15:50:01] production.INFO: Scheduler Now working  
[2025-03-27 15:52:02] production.INFO: Scheduler Now working  
[2025-03-27 15:54:01] production.INFO: Scheduler Now working  
[2025-03-27 15:56:02] production.INFO: Scheduler Now working  
[2025-03-27 15:58:01] production.INFO: Scheduler Now working  
[2025-03-27 16:02:01] production.INFO: Scheduler Now working  
[2025-03-27 16:04:01] production.INFO: Scheduler Now working  
[2025-03-27 16:06:02] production.INFO: Scheduler Now working  
[2025-03-27 16:06:54] production.INFO: Scheduler Now working  
[2025-03-27 16:08:02] production.INFO: Scheduler Now working  
[2025-03-27 16:10:02] production.INFO: Scheduler Now working  
[2025-03-27 16:12:01] production.INFO: Scheduler Now working  
[2025-03-27 16:14:02] production.INFO: Scheduler Now working  
[2025-03-27 16:16:01] production.INFO: Scheduler Now working  
[2025-03-27 16:18:01] production.INFO: Scheduler Now working  
[2025-03-27 16:20:02] production.INFO: Scheduler Now working  
[2025-03-27 16:22:01] production.INFO: Scheduler Now working  
[2025-03-27 16:24:01] production.INFO: Scheduler Now working  
[2025-03-27 16:26:02] production.INFO: Scheduler Now working  
[2025-03-27 16:28:01] production.INFO: Scheduler Now working  
[2025-03-27 16:32:01] production.INFO: Scheduler Now working  
[2025-03-27 16:34:02] production.INFO: Scheduler Now working  
[2025-03-27 16:36:01] production.INFO: Scheduler Now working  
[2025-03-27 16:36:54] production.INFO: Scheduler Now working  
[2025-03-27 16:38:01] production.INFO: Scheduler Now working  
[2025-03-27 16:40:01] production.INFO: Scheduler Now working  
[2025-03-27 16:42:02] production.INFO: Scheduler Now working  
[2025-03-27 16:44:01] production.INFO: Scheduler Now working  
[2025-03-27 16:46:01] production.INFO: Scheduler Now working  
[2025-03-27 16:48:02] production.INFO: Scheduler Now working  
[2025-03-27 16:50:01] production.INFO: Scheduler Now working  
[2025-03-27 16:52:02] production.INFO: Scheduler Now working  
[2025-03-27 16:54:01] production.INFO: Scheduler Now working  
[2025-03-27 16:56:01] production.INFO: Scheduler Now working  
[2025-03-27 16:58:02] production.INFO: Scheduler Now working  
[2025-03-27 17:02:02] production.INFO: Scheduler Now working  
[2025-03-27 17:04:01] production.INFO: Scheduler Now working  
[2025-03-27 17:06:02] production.INFO: Scheduler Now working  
[2025-03-27 17:06:52] production.INFO: Scheduler Now working  
[2025-03-27 17:08:01] production.INFO: Scheduler Now working  
[2025-03-27 17:10:02] production.INFO: Scheduler Now working  
[2025-03-27 17:12:01] production.INFO: Scheduler Now working  
[2025-03-27 17:14:01] production.INFO: Scheduler Now working  
[2025-03-27 17:16:02] production.INFO: Scheduler Now working  
[2025-03-27 17:18:01] production.INFO: Scheduler Now working  
[2025-03-27 17:20:01] production.INFO: Scheduler Now working  
[2025-03-27 17:22:02] production.INFO: Scheduler Now working  
[2025-03-27 17:24:01] production.INFO: Scheduler Now working  
[2025-03-27 17:26:02] production.INFO: Scheduler Now working  
[2025-03-27 17:28:02] production.INFO: Scheduler Now working  
[2025-03-27 17:32:01] production.INFO: Scheduler Now working  
[2025-03-27 17:34:01] production.INFO: Scheduler Now working  
[2025-03-27 17:36:02] production.INFO: Scheduler Now working  
[2025-03-27 17:36:54] production.INFO: Scheduler Now working  
[2025-03-27 17:38:02] production.INFO: Scheduler Now working  
[2025-03-27 17:40:01] production.INFO: Scheduler Now working  
[2025-03-27 17:42:01] production.INFO: Scheduler Now working  
[2025-03-27 17:44:02] production.INFO: Scheduler Now working  
[2025-03-27 17:46:01] production.INFO: Scheduler Now working  
[2025-03-27 17:48:02] production.INFO: Scheduler Now working  
[2025-03-27 17:50:01] production.INFO: Scheduler Now working  
[2025-03-27 17:52:01] production.INFO: Scheduler Now working  
[2025-03-27 17:54:02] production.INFO: Scheduler Now working  
[2025-03-27 17:56:01] production.INFO: Scheduler Now working  
[2025-03-27 17:58:01] production.INFO: Scheduler Now working  
[2025-03-27 18:02:02] production.INFO: Scheduler Now working  
[2025-03-27 18:04:01] production.INFO: Scheduler Now working  
[2025-03-27 18:06:01] production.INFO: Scheduler Now working  
[2025-03-27 18:06:50] production.INFO: Scheduler Now working  
[2025-03-27 18:08:01] production.INFO: Scheduler Now working  
[2025-03-27 18:10:01] production.INFO: Scheduler Now working  
[2025-03-27 18:12:02] production.INFO: Scheduler Now working  
[2025-03-27 18:14:01] production.INFO: Scheduler Now working  
[2025-03-27 18:16:01] production.INFO: Scheduler Now working  
[2025-03-27 18:18:02] production.INFO: Scheduler Now working  
[2025-03-27 18:20:01] production.INFO: Scheduler Now working  
[2025-03-27 18:22:01] production.INFO: Scheduler Now working  
[2025-03-27 18:24:02] production.INFO: Scheduler Now working  
[2025-03-27 18:26:01] production.INFO: Scheduler Now working  
[2025-03-27 18:28:02] production.INFO: Scheduler Now working  
[2025-03-27 18:32:02] production.INFO: Scheduler Now working  
[2025-03-27 18:34:01] production.INFO: Scheduler Now working  
[2025-03-27 18:36:01] production.INFO: Scheduler Now working  
[2025-03-27 18:36:54] production.INFO: Scheduler Now working  
[2025-03-27 18:38:01] production.INFO: Scheduler Now working  
[2025-03-27 18:40:02] production.INFO: Scheduler Now working  
[2025-03-27 18:42:01] production.INFO: Scheduler Now working  
[2025-03-27 18:44:01] production.INFO: Scheduler Now working  
[2025-03-27 18:46:02] production.INFO: Scheduler Now working  
[2025-03-27 18:48:01] production.INFO: Scheduler Now working  
[2025-03-27 18:50:01] production.INFO: Scheduler Now working  
[2025-03-27 18:52:02] production.INFO: Scheduler Now working  
[2025-03-27 18:54:01] production.INFO: Scheduler Now working  
[2025-03-27 18:56:01] production.INFO: Scheduler Now working  
[2025-03-27 18:58:02] production.INFO: Scheduler Now working  
[2025-03-27 19:02:01] production.INFO: Scheduler Now working  
[2025-03-27 19:04:01] production.INFO: Scheduler Now working  
[2025-03-27 19:06:02] production.INFO: Scheduler Now working  
[2025-03-27 19:06:46] production.INFO: Scheduler Now working  
[2025-03-27 19:08:02] production.INFO: Scheduler Now working  
[2025-03-27 19:10:01] production.INFO: Scheduler Now working  
[2025-03-27 19:12:01] production.INFO: Scheduler Now working  
[2025-03-27 19:14:02] production.INFO: Scheduler Now working  
[2025-03-27 19:16:01] production.INFO: Scheduler Now working  
[2025-03-27 19:18:02] production.INFO: Scheduler Now working  
[2025-03-27 19:20:01] production.INFO: Scheduler Now working  
[2025-03-27 19:22:01] production.INFO: Scheduler Now working  
[2025-03-27 19:24:02] production.INFO: Scheduler Now working  
[2025-03-27 19:26:01] production.INFO: Scheduler Now working  
[2025-03-27 19:28:01] production.INFO: Scheduler Now working  
[2025-03-27 19:32:02] production.INFO: Scheduler Now working  
[2025-03-27 19:34:01] production.INFO: Scheduler Now working  
[2025-03-27 19:36:01] production.INFO: Scheduler Now working  
[2025-03-27 19:36:56] production.INFO: Scheduler Now working  
[2025-03-27 19:38:02] production.INFO: Scheduler Now working  
[2025-03-27 19:40:01] production.INFO: Scheduler Now working  
[2025-03-27 19:42:01] production.INFO: Scheduler Now working  
[2025-03-27 19:44:02] production.INFO: Scheduler Now working  
[2025-03-27 19:46:01] production.INFO: Scheduler Now working  
[2025-03-27 19:48:01] production.INFO: Scheduler Now working  
[2025-03-27 19:50:02] production.INFO: Scheduler Now working  
[2025-03-27 19:52:01] production.INFO: Scheduler Now working  
[2025-03-27 19:54:02] production.INFO: Scheduler Now working  
[2025-03-27 19:56:01] production.INFO: Scheduler Now working  
[2025-03-27 19:58:01] production.INFO: Scheduler Now working  
[2025-03-27 20:02:01] production.INFO: Scheduler Now working  
[2025-03-27 20:04:02] production.INFO: Scheduler Now working  
[2025-03-27 20:06:01] production.INFO: Scheduler Now working  
[2025-03-27 20:06:58] production.INFO: Scheduler Now working  
[2025-03-27 20:08:02] production.INFO: Scheduler Now working  
[2025-03-27 20:10:01] production.INFO: Scheduler Now working  
[2025-03-27 20:12:01] production.INFO: Scheduler Now working  
[2025-03-27 20:14:02] production.INFO: Scheduler Now working  
[2025-03-27 20:16:01] production.INFO: Scheduler Now working  
[2025-03-27 20:18:01] production.INFO: Scheduler Now working  
[2025-03-27 20:20:02] production.INFO: Scheduler Now working  
[2025-03-27 20:22:01] production.INFO: Scheduler Now working  
[2025-03-27 20:24:02] production.INFO: Scheduler Now working  
[2025-03-27 20:26:01] production.INFO: Scheduler Now working  
[2025-03-27 20:28:01] production.INFO: Scheduler Now working  
[2025-03-27 20:32:01] production.INFO: Scheduler Now working  
[2025-03-27 20:34:02] production.INFO: Scheduler Now working  
[2025-03-27 20:36:01] production.INFO: Scheduler Now working  
[2025-03-27 20:36:51] production.INFO: Scheduler Now working  
[2025-03-27 20:38:01] production.INFO: Scheduler Now working  
[2025-03-27 20:40:02] production.INFO: Scheduler Now working  
[2025-03-27 20:42:01] production.INFO: Scheduler Now working  
[2025-03-27 20:44:02] production.INFO: Scheduler Now working  
[2025-03-27 20:46:01] production.INFO: Scheduler Now working  
[2025-03-27 20:48:01] production.INFO: Scheduler Now working  
[2025-03-27 20:50:02] production.INFO: Scheduler Now working  
[2025-03-27 20:52:01] production.INFO: Scheduler Now working  
[2025-03-27 20:54:01] production.INFO: Scheduler Now working  
[2025-03-27 20:56:02] production.INFO: Scheduler Now working  
[2025-03-27 20:58:01] production.INFO: Scheduler Now working  
[2025-03-27 21:02:01] production.INFO: Scheduler Now working  
[2025-03-27 21:04:02] production.INFO: Scheduler Now working  
[2025-03-27 21:06:01] production.INFO: Scheduler Now working  
[2025-03-27 21:06:49] production.INFO: Scheduler Now working  
[2025-03-27 21:08:02] production.INFO: Scheduler Now working  
[2025-03-27 21:10:01] production.INFO: Scheduler Now working  
[2025-03-27 21:12:02] production.INFO: Scheduler Now working  
[2025-03-27 21:14:01] production.INFO: Scheduler Now working  
[2025-03-27 21:16:01] production.INFO: Scheduler Now working  
[2025-03-27 21:18:02] production.INFO: Scheduler Now working  
[2025-03-27 21:20:01] production.INFO: Scheduler Now working  
[2025-03-27 21:22:01] production.INFO: Scheduler Now working  
[2025-03-27 21:24:02] production.INFO: Scheduler Now working  
[2025-03-27 21:26:01] production.INFO: Scheduler Now working  
[2025-03-27 21:28:02] production.INFO: Scheduler Now working  
[2025-03-27 21:32:02] production.INFO: Scheduler Now working  
[2025-03-27 21:34:01] production.INFO: Scheduler Now working  
[2025-03-27 21:36:01] production.INFO: Scheduler Now working  
[2025-03-27 21:36:53] production.INFO: Scheduler Now working  
[2025-03-27 21:38:01] production.INFO: Scheduler Now working  
[2025-03-27 21:40:02] production.INFO: Scheduler Now working  
[2025-03-27 21:42:01] production.INFO: Scheduler Now working  
[2025-03-27 21:44:01] production.INFO: Scheduler Now working  
[2025-03-27 21:46:02] production.INFO: Scheduler Now working  
[2025-03-27 21:48:01] production.INFO: Scheduler Now working  
[2025-03-27 21:50:02] production.INFO: Scheduler Now working  
[2025-03-27 21:52:02] production.INFO: Scheduler Now working  
[2025-03-27 21:54:01] production.INFO: Scheduler Now working  
[2025-03-27 21:56:02] production.INFO: Scheduler Now working  
[2025-03-27 21:58:01] production.INFO: Scheduler Now working  
[2025-03-27 22:02:01] production.INFO: Scheduler Now working  
[2025-03-27 22:04:01] production.INFO: Scheduler Now working  
[2025-03-27 22:06:02] production.INFO: Scheduler Now working  
[2025-03-27 22:06:52] production.INFO: Scheduler Now working  
[2025-03-27 22:08:01] production.INFO: Scheduler Now working  
[2025-03-27 22:10:01] production.INFO: Scheduler Now working  
[2025-03-27 22:12:02] production.INFO: Scheduler Now working  
[2025-03-27 22:14:01] production.INFO: Scheduler Now working  
[2025-03-27 22:16:01] production.INFO: Scheduler Now working  
[2025-03-27 22:18:02] production.INFO: Scheduler Now working  
[2025-03-27 22:20:01] production.INFO: Scheduler Now working  
[2025-03-27 22:22:01] production.INFO: Scheduler Now working  
[2025-03-27 22:24:02] production.INFO: Scheduler Now working  
[2025-03-27 22:26:01] production.INFO: Scheduler Now working  
[2025-03-27 22:28:02] production.INFO: Scheduler Now working  
[2025-03-27 22:32:02] production.INFO: Scheduler Now working  
[2025-03-27 22:34:01] production.INFO: Scheduler Now working  
[2025-03-27 22:36:01] production.INFO: Scheduler Now working  
[2025-03-27 22:36:58] production.INFO: Scheduler Now working  
[2025-03-27 22:38:02] production.INFO: Scheduler Now working  
[2025-03-27 22:40:01] production.INFO: Scheduler Now working  
[2025-03-27 22:42:01] production.INFO: Scheduler Now working  
[2025-03-27 22:44:02] production.INFO: Scheduler Now working  
[2025-03-27 22:46:01] production.INFO: Scheduler Now working  
[2025-03-27 22:48:01] production.INFO: Scheduler Now working  
[2025-03-27 22:50:02] production.INFO: Scheduler Now working  
[2025-03-27 22:52:01] production.INFO: Scheduler Now working  
[2025-03-27 22:54:01] production.INFO: Scheduler Now working  
[2025-03-27 22:56:02] production.INFO: Scheduler Now working  
[2025-03-27 22:58:01] production.INFO: Scheduler Now working  
[2025-03-27 23:02:01] production.INFO: Scheduler Now working  
[2025-03-27 23:02:22] production.INFO: array (
  0 => '{"type":"CHECKOUT_ORDER_COMPLETED","event":"checkout.order.completed","payload":{"merchantId":"GROSCOONLINE","merchantOrderId":"GROSC722399042289","orderId":"OMO2503272301193884455425","state":"COMPLETED","amount":1000,"expireAt":1743097879387,"paymentDetails":[{"transactionId":"OM2503272301293250440430","paymentMode":"UPI_QR","timestamp":1743096689358,"amount":1000,"payableAmount":1000,"feeAmount":0,"state":"COMPLETED","instrument":{"type":"ACCOUNT","ifsc":"KKBK0000141","accountType":"SAVINGS"},"rail":{"type":"UPI","utr":"102164285532","upiTransactionId":"HDFb1f1a5e15d5240a292c72f55dea76107"},"splitInstruments":[{"instrument":{"type":"ACCOUNT","ifsc":"KKBK0000141","accountType":"SAVINGS"},"rail":{"type":"UPI","utr":"102164285532","upiTransactionId":"HDFb1f1a5e15d5240a292c72f55dea76107"},"amount":1000}]}]}}',
)  
[2025-03-27 23:02:25] production.ERROR: HTTP request returned status code 500  
[2025-03-27 23:04:02] production.INFO: Scheduler Now working  
[2025-03-27 23:06:01] production.INFO: Scheduler Now working  
[2025-03-27 23:06:47] production.INFO: Scheduler Now working  
[2025-03-27 23:07:18] production.ERROR: Method App\Http\Controllers\Api\PaymentCollectionController::fetchQrStatus does not exist. {"exception":"[object] (BadMethodCallException(code: 0): Method App\\Http\\Controllers\\Api\\PaymentCollectionController::fetchQrStatus does not exist. at /var/www/groscope/vendor/laravel/framework/src/Illuminate/Routing/Controller.php:68)
[stacktrace]
#0 /var/www/groscope/vendor/laravel/framework/src/Illuminate/Routing/Controller.php(54): Illuminate\\Routing\\Controller->__call()
#1 /var/www/groscope/vendor/laravel/framework/src/Illuminate/Routing/ControllerDispatcher.php(43): Illuminate\\Routing\\Controller->callAction()
#2 /var/www/groscope/vendor/laravel/framework/src/Illuminate/Routing/Route.php(259): Illuminate\\Routing\\ControllerDispatcher->dispatch()
#3 /var/www/groscope/vendor/laravel/framework/src/Illuminate/Routing/Route.php(205): Illuminate\\Routing\\Route->runController()
#4 /var/www/groscope/vendor/laravel/framework/src/Illuminate/Routing/Router.php(806): Illuminate\\Routing\\Route->run()
#5 /var/www/groscope/vendor/laravel/framework/src/Illuminate/Pipeline/Pipeline.php(144): Illuminate\\Routing\\Router->Illuminate\\Routing\\{closure}()
#6 /var/www/groscope/app/Http/Middleware/CheckTokenAndIP.php(32): Illuminate\\Pipeline\\Pipeline->Illuminate\\Pipeline\\{closure}()
#7 /var/www/groscope/vendor/laravel/framework/src/Illuminate/Pipeline/Pipeline.php(183): App\\Http\\Middleware\\CheckTokenAndIP->handle()
#8 /var/www/groscope/vendor/laravel/framework/src/Illuminate/Routing/Middleware/SubstituteBindings.php(50): Illuminate\\Pipeline\\Pipeline->Illuminate\\Pipeline\\{closure}()
#9 /var/www/groscope/vendor/laravel/framework/src/Illuminate/Pipeline/Pipeline.php(183): Illuminate\\Routing\\Middleware\\SubstituteBindings->handle()
#10 /var/www/groscope/vendor/laravel/framework/src/Illuminate/Routing/Middleware/ThrottleRequests.php(159): Illuminate\\Pipeline\\Pipeline->Illuminate\\Pipeline\\{closure}()
#11 /var/www/groscope/vendor/laravel/framework/src/Illuminate/Routing/Middleware/ThrottleRequests.php(125): Illuminate\\Routing\\Middleware\\ThrottleRequests->handleRequest()
#12 /var/www/groscope/vendor/laravel/framework/src/Illuminate/Routing/Middleware/ThrottleRequests.php(87): Illuminate\\Routing\\Middleware\\ThrottleRequests->handleRequestUsingNamedLimiter()
#13 /var/www/groscope/vendor/laravel/framework/src/Illuminate/Pipeline/Pipeline.php(183): Illuminate\\Routing\\Middleware\\ThrottleRequests->handle()
#14 /var/www/groscope/vendor/laravel/framework/src/Illuminate/Pipeline/Pipeline.php(119): Illuminate\\Pipeline\\Pipeline->Illuminate\\Pipeline\\{closure}()
#15 /var/www/groscope/vendor/laravel/framework/src/Illuminate/Routing/Router.php(805): Illuminate\\Pipeline\\Pipeline->then()
#16 /var/www/groscope/vendor/laravel/framework/src/Illuminate/Routing/Router.php(784): Illuminate\\Routing\\Router->runRouteWithinStack()
#17 /var/www/groscope/vendor/laravel/framework/src/Illuminate/Routing/Router.php(748): Illuminate\\Routing\\Router->runRoute()
#18 /var/www/groscope/vendor/laravel/framework/src/Illuminate/Routing/Router.php(737): Illuminate\\Routing\\Router->dispatchToRoute()
#19 /var/www/groscope/vendor/laravel/framework/src/Illuminate/Foundation/Http/Kernel.php(200): Illuminate\\Routing\\Router->dispatch()
#20 /var/www/groscope/vendor/laravel/framework/src/Illuminate/Pipeline/Pipeline.php(144): Illuminate\\Foundation\\Http\\Kernel->Illuminate\\Foundation\\Http\\{closure}()
#21 /var/www/groscope/vendor/livewire/livewire/src/Features/SupportDisablingBackButtonCache/DisableBackButtonCacheMiddleware.php(19): Illuminate\\Pipeline\\Pipeline->Illuminate\\Pipeline\\{closure}()
#22 /var/www/groscope/vendor/laravel/framework/src/Illuminate/Pipeline/Pipeline.php(183): Livewire\\Features\\SupportDisablingBackButtonCache\\DisableBackButtonCacheMiddleware->handle()
#23 /var/www/groscope/vendor/laravel/framework/src/Illuminate/Foundation/Http/Middleware/TransformsRequest.php(21): Illuminate\\Pipeline\\Pipeline->Illuminate\\Pipeline\\{closure}()
#24 /var/www/groscope/vendor/laravel/framework/src/Illuminate/Foundation/Http/Middleware/ConvertEmptyStringsToNull.php(31): Illuminate\\Foundation\\Http\\Middleware\\TransformsRequest->handle()
#25 /var/www/groscope/vendor/laravel/framework/src/Illuminate/Pipeline/Pipeline.php(183): Illuminate\\Foundation\\Http\\Middleware\\ConvertEmptyStringsToNull->handle()
#26 /var/www/groscope/vendor/laravel/framework/src/Illuminate/Foundation/Http/Middleware/TransformsRequest.php(21): Illuminate\\Pipeline\\Pipeline->Illuminate\\Pipeline\\{closure}()
#27 /var/www/groscope/vendor/laravel/framework/src/Illuminate/Foundation/Http/Middleware/TrimStrings.php(40): Illuminate\\Foundation\\Http\\Middleware\\TransformsRequest->handle()
#28 /var/www/groscope/vendor/laravel/framework/src/Illuminate/Pipeline/Pipeline.php(183): Illuminate\\Foundation\\Http\\Middleware\\TrimStrings->handle()
#29 /var/www/groscope/vendor/laravel/framework/src/Illuminate/Foundation/Http/Middleware/ValidatePostSize.php(27): Illuminate\\Pipeline\\Pipeline->Illuminate\\Pipeline\\{closure}()
#30 /var/www/groscope/vendor/laravel/framework/src/Illuminate/Pipeline/Pipeline.php(183): Illuminate\\Foundation\\Http\\Middleware\\ValidatePostSize->handle()
#31 /var/www/groscope/vendor/laravel/framework/src/Illuminate/Foundation/Http/Middleware/PreventRequestsDuringMaintenance.php(99): Illuminate\\Pipeline\\Pipeline->Illuminate\\Pipeline\\{closure}()
#32 /var/www/groscope/vendor/laravel/framework/src/Illuminate/Pipeline/Pipeline.php(183): Illuminate\\Foundation\\Http\\Middleware\\PreventRequestsDuringMaintenance->handle()
#33 /var/www/groscope/vendor/laravel/framework/src/Illuminate/Http/Middleware/HandleCors.php(62): Illuminate\\Pipeline\\Pipeline->Illuminate\\Pipeline\\{closure}()
#34 /var/www/groscope/vendor/laravel/framework/src/Illuminate/Pipeline/Pipeline.php(183): Illuminate\\Http\\Middleware\\HandleCors->handle()
#35 /var/www/groscope/vendor/laravel/framework/src/Illuminate/Http/Middleware/TrustProxies.php(39): Illuminate\\Pipeline\\Pipeline->Illuminate\\Pipeline\\{closure}()
#36 /var/www/groscope/vendor/laravel/framework/src/Illuminate/Pipeline/Pipeline.php(183): Illuminate\\Http\\Middleware\\TrustProxies->handle()
#37 /var/www/groscope/vendor/laravel/framework/src/Illuminate/Pipeline/Pipeline.php(119): Illuminate\\Pipeline\\Pipeline->Illuminate\\Pipeline\\{closure}()
#38 /var/www/groscope/vendor/laravel/framework/src/Illuminate/Foundation/Http/Kernel.php(175): Illuminate\\Pipeline\\Pipeline->then()
#39 /var/www/groscope/vendor/laravel/framework/src/Illuminate/Foundation/Http/Kernel.php(144): Illuminate\\Foundation\\Http\\Kernel->sendRequestThroughRouter()
#40 /var/www/groscope/public/index.php(51): Illuminate\\Foundation\\Http\\Kernel->handle()
#41 {main}
"} 
[2025-03-27 23:08:01] production.INFO: Scheduler Now working  
[2025-03-27 23:10:01] production.INFO: Scheduler Now working  
[2025-03-27 23:12:02] production.INFO: Scheduler Now working  
[2025-03-27 23:13:41] production.INFO: array (
  0 => '{"type":"CHECKOUT_ORDER_FAILED","event":"checkout.order.failed","payload":{"merchantId":"GROSCOONLINE","merchantOrderId":"GROSC569355380971","orderId":"OMO2503272253376903982928","state":"FAILED","amount":1000,"expireAt":1743097417689,"errorCode":"TXN_NOT_COMPLETED","detailedErrorCode":"ORDER_EXPIRED","paymentDetails":[]}}',
)  
[2025-03-27 23:13:41] production.ERROR: Undefined array key 0 {"exception":"[object] (ErrorException(code: 0): Undefined array key 0 at /var/www/groscope/app/Http/Controllers/Admin/WebHookController.php:51)
[stacktrace]
#0 /var/www/groscope/vendor/laravel/framework/src/Illuminate/Foundation/Bootstrap/HandleExceptions.php(255): Illuminate\\Foundation\\Bootstrap\\HandleExceptions->handleError()
#1 /var/www/groscope/app/Http/Controllers/Admin/WebHookController.php(51): Illuminate\\Foundation\\Bootstrap\\HandleExceptions->Illuminate\\Foundation\\Bootstrap\\{closure}()
#2 /var/www/groscope/vendor/laravel/framework/src/Illuminate/Routing/Controller.php(54): App\\Http\\Controllers\\Admin\\WebHookController->phonePeCallBack()
#3 /var/www/groscope/vendor/laravel/framework/src/Illuminate/Routing/ControllerDispatcher.php(43): Illuminate\\Routing\\Controller->callAction()
#4 /var/www/groscope/vendor/laravel/framework/src/Illuminate/Routing/Route.php(259): Illuminate\\Routing\\ControllerDispatcher->dispatch()
#5 /var/www/groscope/vendor/laravel/framework/src/Illuminate/Routing/Route.php(205): Illuminate\\Routing\\Route->runController()
#6 /var/www/groscope/vendor/laravel/framework/src/Illuminate/Routing/Router.php(806): Illuminate\\Routing\\Route->run()
#7 /var/www/groscope/vendor/laravel/framework/src/Illuminate/Pipeline/Pipeline.php(144): Illuminate\\Routing\\Router->Illuminate\\Routing\\{closure}()
#8 /var/www/groscope/app/Http/Middleware/CheckLoginSessionMiddleware.php(29): Illuminate\\Pipeline\\Pipeline->Illuminate\\Pipeline\\{closure}()
#9 /var/www/groscope/vendor/laravel/framework/src/Illuminate/Pipeline/Pipeline.php(183): App\\Http\\Middleware\\CheckLoginSessionMiddleware->handle()
#10 /var/www/groscope/app/Http/Middleware/SessionTimeOutHandleMiddleware.php(39): Illuminate\\Pipeline\\Pipeline->Illuminate\\Pipeline\\{closure}()
#11 /var/www/groscope/vendor/laravel/framework/src/Illuminate/Pipeline/Pipeline.php(183): App\\Http\\Middleware\\SessionTimeOutHandleMiddleware->handle()
#12 /var/www/groscope/vendor/laravel/framework/src/Illuminate/Routing/Middleware/SubstituteBindings.php(50): Illuminate\\Pipeline\\Pipeline->Illuminate\\Pipeline\\{closure}()
#13 /var/www/groscope/vendor/laravel/framework/src/Illuminate/Pipeline/Pipeline.php(183): Illuminate\\Routing\\Middleware\\SubstituteBindings->handle()
#14 /var/www/groscope/vendor/laravel/framework/src/Illuminate/View/Middleware/ShareErrorsFromSession.php(49): Illuminate\\Pipeline\\Pipeline->Illuminate\\Pipeline\\{closure}()
#15 /var/www/groscope/vendor/laravel/framework/src/Illuminate/Pipeline/Pipeline.php(183): Illuminate\\View\\Middleware\\ShareErrorsFromSession->handle()
#16 /var/www/groscope/vendor/laravel/framework/src/Illuminate/Session/Middleware/StartSession.php(121): Illuminate\\Pipeline\\Pipeline->Illuminate\\Pipeline\\{closure}()
#17 /var/www/groscope/vendor/laravel/framework/src/Illuminate/Session/Middleware/StartSession.php(64): Illuminate\\Session\\Middleware\\StartSession->handleStatefulRequest()
#18 /var/www/groscope/vendor/laravel/framework/src/Illuminate/Pipeline/Pipeline.php(183): Illuminate\\Session\\Middleware\\StartSession->handle()
#19 /var/www/groscope/vendor/laravel/framework/src/Illuminate/Cookie/Middleware/AddQueuedCookiesToResponse.php(37): Illuminate\\Pipeline\\Pipeline->Illuminate\\Pipeline\\{closure}()
#20 /var/www/groscope/vendor/laravel/framework/src/Illuminate/Pipeline/Pipeline.php(183): Illuminate\\Cookie\\Middleware\\AddQueuedCookiesToResponse->handle()
#21 /var/www/groscope/vendor/laravel/framework/src/Illuminate/Cookie/Middleware/EncryptCookies.php(67): Illuminate\\Pipeline\\Pipeline->Illuminate\\Pipeline\\{closure}()
#22 /var/www/groscope/vendor/laravel/framework/src/Illuminate/Pipeline/Pipeline.php(183): Illuminate\\Cookie\\Middleware\\EncryptCookies->handle()
#23 /var/www/groscope/vendor/laravel/framework/src/Illuminate/Pipeline/Pipeline.php(119): Illuminate\\Pipeline\\Pipeline->Illuminate\\Pipeline\\{closure}()
#24 /var/www/groscope/vendor/laravel/framework/src/Illuminate/Routing/Router.php(805): Illuminate\\Pipeline\\Pipeline->then()
#25 /var/www/groscope/vendor/laravel/framework/src/Illuminate/Routing/Router.php(784): Illuminate\\Routing\\Router->runRouteWithinStack()
#26 /var/www/groscope/vendor/laravel/framework/src/Illuminate/Routing/Router.php(748): Illuminate\\Routing\\Router->runRoute()
#27 /var/www/groscope/vendor/laravel/framework/src/Illuminate/Routing/Router.php(737): Illuminate\\Routing\\Router->dispatchToRoute()
#28 /var/www/groscope/vendor/laravel/framework/src/Illuminate/Foundation/Http/Kernel.php(200): Illuminate\\Routing\\Router->dispatch()
#29 /var/www/groscope/vendor/laravel/framework/src/Illuminate/Pipeline/Pipeline.php(144): Illuminate\\Foundation\\Http\\Kernel->Illuminate\\Foundation\\Http\\{closure}()
#30 /var/www/groscope/vendor/livewire/livewire/src/Features/SupportDisablingBackButtonCache/DisableBackButtonCacheMiddleware.php(19): Illuminate\\Pipeline\\Pipeline->Illuminate\\Pipeline\\{closure}()
#31 /var/www/groscope/vendor/laravel/framework/src/Illuminate/Pipeline/Pipeline.php(183): Livewire\\Features\\SupportDisablingBackButtonCache\\DisableBackButtonCacheMiddleware->handle()
#32 /var/www/groscope/vendor/laravel/framework/src/Illuminate/Foundation/Http/Middleware/TransformsRequest.php(21): Illuminate\\Pipeline\\Pipeline->Illuminate\\Pipeline\\{closure}()
#33 /var/www/groscope/vendor/laravel/framework/src/Illuminate/Foundation/Http/Middleware/ConvertEmptyStringsToNull.php(31): Illuminate\\Foundation\\Http\\Middleware\\TransformsRequest->handle()
#34 /var/www/groscope/vendor/laravel/framework/src/Illuminate/Pipeline/Pipeline.php(183): Illuminate\\Foundation\\Http\\Middleware\\ConvertEmptyStringsToNull->handle()
#35 /var/www/groscope/vendor/laravel/framework/src/Illuminate/Foundation/Http/Middleware/TransformsRequest.php(21): Illuminate\\Pipeline\\Pipeline->Illuminate\\Pipeline\\{closure}()
#36 /var/www/groscope/vendor/laravel/framework/src/Illuminate/Foundation/Http/Middleware/TrimStrings.php(40): Illuminate\\Foundation\\Http\\Middleware\\TransformsRequest->handle()
#37 /var/www/groscope/vendor/laravel/framework/src/Illuminate/Pipeline/Pipeline.php(183): Illuminate\\Foundation\\Http\\Middleware\\TrimStrings->handle()
#38 /var/www/groscope/vendor/laravel/framework/src/Illuminate/Foundation/Http/Middleware/ValidatePostSize.php(27): Illuminate\\Pipeline\\Pipeline->Illuminate\\Pipeline\\{closure}()
#39 /var/www/groscope/vendor/laravel/framework/src/Illuminate/Pipeline/Pipeline.php(183): Illuminate\\Foundation\\Http\\Middleware\\ValidatePostSize->handle()
#40 /var/www/groscope/vendor/laravel/framework/src/Illuminate/Foundation/Http/Middleware/PreventRequestsDuringMaintenance.php(99): Illuminate\\Pipeline\\Pipeline->Illuminate\\Pipeline\\{closure}()
#41 /var/www/groscope/vendor/laravel/framework/src/Illuminate/Pipeline/Pipeline.php(183): Illuminate\\Foundation\\Http\\Middleware\\PreventRequestsDuringMaintenance->handle()
#42 /var/www/groscope/vendor/laravel/framework/src/Illuminate/Http/Middleware/HandleCors.php(49): Illuminate\\Pipeline\\Pipeline->Illuminate\\Pipeline\\{closure}()
#43 /var/www/groscope/vendor/laravel/framework/src/Illuminate/Pipeline/Pipeline.php(183): Illuminate\\Http\\Middleware\\HandleCors->handle()
#44 /var/www/groscope/vendor/laravel/framework/src/Illuminate/Http/Middleware/TrustProxies.php(39): Illuminate\\Pipeline\\Pipeline->Illuminate\\Pipeline\\{closure}()
#45 /var/www/groscope/vendor/laravel/framework/src/Illuminate/Pipeline/Pipeline.php(183): Illuminate\\Http\\Middleware\\TrustProxies->handle()
#46 /var/www/groscope/vendor/laravel/framework/src/Illuminate/Pipeline/Pipeline.php(119): Illuminate\\Pipeline\\Pipeline->Illuminate\\Pipeline\\{closure}()
#47 /var/www/groscope/vendor/laravel/framework/src/Illuminate/Foundation/Http/Kernel.php(175): Illuminate\\Pipeline\\Pipeline->then()
#48 /var/www/groscope/vendor/laravel/framework/src/Illuminate/Foundation/Http/Kernel.php(144): Illuminate\\Foundation\\Http\\Kernel->sendRequestThroughRouter()
#49 /var/www/groscope/public/index.php(51): Illuminate\\Foundation\\Http\\Kernel->handle()
#50 {main}
"} 
[2025-03-27 23:14:01] production.INFO: Scheduler Now working  
[2025-03-27 23:14:02] production.INFO: array (
  0 => '{"type":"CHECKOUT_ORDER_FAILED","event":"checkout.order.failed","payload":{"merchantId":"GROSCOONLINE","merchantOrderId":"GROSC569355380971","orderId":"OMO2503272253376903982928","state":"FAILED","amount":1000,"expireAt":1743097417689,"errorCode":"TXN_NOT_COMPLETED","detailedErrorCode":"ORDER_EXPIRED","paymentDetails":[]}}',
)  
[2025-03-27 23:14:02] production.ERROR: Undefined array key 0 {"exception":"[object] (ErrorException(code: 0): Undefined array key 0 at /var/www/groscope/app/Http/Controllers/Admin/WebHookController.php:51)
[stacktrace]
#0 /var/www/groscope/vendor/laravel/framework/src/Illuminate/Foundation/Bootstrap/HandleExceptions.php(255): Illuminate\\Foundation\\Bootstrap\\HandleExceptions->handleError()
#1 /var/www/groscope/app/Http/Controllers/Admin/WebHookController.php(51): Illuminate\\Foundation\\Bootstrap\\HandleExceptions->Illuminate\\Foundation\\Bootstrap\\{closure}()
#2 /var/www/groscope/vendor/laravel/framework/src/Illuminate/Routing/Controller.php(54): App\\Http\\Controllers\\Admin\\WebHookController->phonePeCallBack()
#3 /var/www/groscope/vendor/laravel/framework/src/Illuminate/Routing/ControllerDispatcher.php(43): Illuminate\\Routing\\Controller->callAction()
#4 /var/www/groscope/vendor/laravel/framework/src/Illuminate/Routing/Route.php(259): Illuminate\\Routing\\ControllerDispatcher->dispatch()
#5 /var/www/groscope/vendor/laravel/framework/src/Illuminate/Routing/Route.php(205): Illuminate\\Routing\\Route->runController()
#6 /var/www/groscope/vendor/laravel/framework/src/Illuminate/Routing/Router.php(806): Illuminate\\Routing\\Route->run()
#7 /var/www/groscope/vendor/laravel/framework/src/Illuminate/Pipeline/Pipeline.php(144): Illuminate\\Routing\\Router->Illuminate\\Routing\\{closure}()
#8 /var/www/groscope/app/Http/Middleware/CheckLoginSessionMiddleware.php(29): Illuminate\\Pipeline\\Pipeline->Illuminate\\Pipeline\\{closure}()
#9 /var/www/groscope/vendor/laravel/framework/src/Illuminate/Pipeline/Pipeline.php(183): App\\Http\\Middleware\\CheckLoginSessionMiddleware->handle()
#10 /var/www/groscope/app/Http/Middleware/SessionTimeOutHandleMiddleware.php(39): Illuminate\\Pipeline\\Pipeline->Illuminate\\Pipeline\\{closure}()
#11 /var/www/groscope/vendor/laravel/framework/src/Illuminate/Pipeline/Pipeline.php(183): App\\Http\\Middleware\\SessionTimeOutHandleMiddleware->handle()
#12 /var/www/groscope/vendor/laravel/framework/src/Illuminate/Routing/Middleware/SubstituteBindings.php(50): Illuminate\\Pipeline\\Pipeline->Illuminate\\Pipeline\\{closure}()
#13 /var/www/groscope/vendor/laravel/framework/src/Illuminate/Pipeline/Pipeline.php(183): Illuminate\\Routing\\Middleware\\SubstituteBindings->handle()
#14 /var/www/groscope/vendor/laravel/framework/src/Illuminate/View/Middleware/ShareErrorsFromSession.php(49): Illuminate\\Pipeline\\Pipeline->Illuminate\\Pipeline\\{closure}()
#15 /var/www/groscope/vendor/laravel/framework/src/Illuminate/Pipeline/Pipeline.php(183): Illuminate\\View\\Middleware\\ShareErrorsFromSession->handle()
#16 /var/www/groscope/vendor/laravel/framework/src/Illuminate/Session/Middleware/StartSession.php(121): Illuminate\\Pipeline\\Pipeline->Illuminate\\Pipeline\\{closure}()
#17 /var/www/groscope/vendor/laravel/framework/src/Illuminate/Session/Middleware/StartSession.php(64): Illuminate\\Session\\Middleware\\StartSession->handleStatefulRequest()
#18 /var/www/groscope/vendor/laravel/framework/src/Illuminate/Pipeline/Pipeline.php(183): Illuminate\\Session\\Middleware\\StartSession->handle()
#19 /var/www/groscope/vendor/laravel/framework/src/Illuminate/Cookie/Middleware/AddQueuedCookiesToResponse.php(37): Illuminate\\Pipeline\\Pipeline->Illuminate\\Pipeline\\{closure}()
#20 /var/www/groscope/vendor/laravel/framework/src/Illuminate/Pipeline/Pipeline.php(183): Illuminate\\Cookie\\Middleware\\AddQueuedCookiesToResponse->handle()
#21 /var/www/groscope/vendor/laravel/framework/src/Illuminate/Cookie/Middleware/EncryptCookies.php(67): Illuminate\\Pipeline\\Pipeline->Illuminate\\Pipeline\\{closure}()
#22 /var/www/groscope/vendor/laravel/framework/src/Illuminate/Pipeline/Pipeline.php(183): Illuminate\\Cookie\\Middleware\\EncryptCookies->handle()
#23 /var/www/groscope/vendor/laravel/framework/src/Illuminate/Pipeline/Pipeline.php(119): Illuminate\\Pipeline\\Pipeline->Illuminate\\Pipeline\\{closure}()
#24 /var/www/groscope/vendor/laravel/framework/src/Illuminate/Routing/Router.php(805): Illuminate\\Pipeline\\Pipeline->then()
#25 /var/www/groscope/vendor/laravel/framework/src/Illuminate/Routing/Router.php(784): Illuminate\\Routing\\Router->runRouteWithinStack()
#26 /var/www/groscope/vendor/laravel/framework/src/Illuminate/Routing/Router.php(748): Illuminate\\Routing\\Router->runRoute()
#27 /var/www/groscope/vendor/laravel/framework/src/Illuminate/Routing/Router.php(737): Illuminate\\Routing\\Router->dispatchToRoute()
#28 /var/www/groscope/vendor/laravel/framework/src/Illuminate/Foundation/Http/Kernel.php(200): Illuminate\\Routing\\Router->dispatch()
#29 /var/www/groscope/vendor/laravel/framework/src/Illuminate/Pipeline/Pipeline.php(144): Illuminate\\Foundation\\Http\\Kernel->Illuminate\\Foundation\\Http\\{closure}()
#30 /var/www/groscope/vendor/livewire/livewire/src/Features/SupportDisablingBackButtonCache/DisableBackButtonCacheMiddleware.php(19): Illuminate\\Pipeline\\Pipeline->Illuminate\\Pipeline\\{closure}()
#31 /var/www/groscope/vendor/laravel/framework/src/Illuminate/Pipeline/Pipeline.php(183): Livewire\\Features\\SupportDisablingBackButtonCache\\DisableBackButtonCacheMiddleware->handle()
#32 /var/www/groscope/vendor/laravel/framework/src/Illuminate/Foundation/Http/Middleware/TransformsRequest.php(21): Illuminate\\Pipeline\\Pipeline->Illuminate\\Pipeline\\{closure}()
#33 /var/www/groscope/vendor/laravel/framework/src/Illuminate/Foundation/Http/Middleware/ConvertEmptyStringsToNull.php(31): Illuminate\\Foundation\\Http\\Middleware\\TransformsRequest->handle()
#34 /var/www/groscope/vendor/laravel/framework/src/Illuminate/Pipeline/Pipeline.php(183): Illuminate\\Foundation\\Http\\Middleware\\ConvertEmptyStringsToNull->handle()
#35 /var/www/groscope/vendor/laravel/framework/src/Illuminate/Foundation/Http/Middleware/TransformsRequest.php(21): Illuminate\\Pipeline\\Pipeline->Illuminate\\Pipeline\\{closure}()
#36 /var/www/groscope/vendor/laravel/framework/src/Illuminate/Foundation/Http/Middleware/TrimStrings.php(40): Illuminate\\Foundation\\Http\\Middleware\\TransformsRequest->handle()
#37 /var/www/groscope/vendor/laravel/framework/src/Illuminate/Pipeline/Pipeline.php(183): Illuminate\\Foundation\\Http\\Middleware\\TrimStrings->handle()
#38 /var/www/groscope/vendor/laravel/framework/src/Illuminate/Foundation/Http/Middleware/ValidatePostSize.php(27): Illuminate\\Pipeline\\Pipeline->Illuminate\\Pipeline\\{closure}()
#39 /var/www/groscope/vendor/laravel/framework/src/Illuminate/Pipeline/Pipeline.php(183): Illuminate\\Foundation\\Http\\Middleware\\ValidatePostSize->handle()
#40 /var/www/groscope/vendor/laravel/framework/src/Illuminate/Foundation/Http/Middleware/PreventRequestsDuringMaintenance.php(99): Illuminate\\Pipeline\\Pipeline->Illuminate\\Pipeline\\{closure}()
#41 /var/www/groscope/vendor/laravel/framework/src/Illuminate/Pipeline/Pipeline.php(183): Illuminate\\Foundation\\Http\\Middleware\\PreventRequestsDuringMaintenance->handle()
#42 /var/www/groscope/vendor/laravel/framework/src/Illuminate/Http/Middleware/HandleCors.php(49): Illuminate\\Pipeline\\Pipeline->Illuminate\\Pipeline\\{closure}()
#43 /var/www/groscope/vendor/laravel/framework/src/Illuminate/Pipeline/Pipeline.php(183): Illuminate\\Http\\Middleware\\HandleCors->handle()
#44 /var/www/groscope/vendor/laravel/framework/src/Illuminate/Http/Middleware/TrustProxies.php(39): Illuminate\\Pipeline\\Pipeline->Illuminate\\Pipeline\\{closure}()
#45 /var/www/groscope/vendor/laravel/framework/src/Illuminate/Pipeline/Pipeline.php(183): Illuminate\\Http\\Middleware\\TrustProxies->handle()
#46 /var/www/groscope/vendor/laravel/framework/src/Illuminate/Pipeline/Pipeline.php(119): Illuminate\\Pipeline\\Pipeline->Illuminate\\Pipeline\\{closure}()
#47 /var/www/groscope/vendor/laravel/framework/src/Illuminate/Foundation/Http/Kernel.php(175): Illuminate\\Pipeline\\Pipeline->then()
#48 /var/www/groscope/vendor/laravel/framework/src/Illuminate/Foundation/Http/Kernel.php(144): Illuminate\\Foundation\\Http\\Kernel->sendRequestThroughRouter()
#49 /var/www/groscope/public/index.php(51): Illuminate\\Foundation\\Http\\Kernel->handle()
#50 {main}
"} 
[2025-03-27 23:16:01] production.INFO: Scheduler Now working  
[2025-03-27 23:18:02] production.INFO: Scheduler Now working  
[2025-03-27 23:19:20] production.INFO: array (
  0 => '{"type":"CHECKOUT_ORDER_FAILED","event":"checkout.order.failed","payload":{"merchantId":"GROSCOONLINE","merchantOrderId":"GROSC842209363823","orderId":"OMO2503272259162735548280","state":"FAILED","amount":1000,"expireAt":1743097756272,"errorCode":"TXN_NOT_COMPLETED","detailedErrorCode":"TXN_AUTO_FAILED","paymentDetails":[{"transactionId":"OM2503272302020546854457","paymentMode":"UPI_QR","timestamp":1743096722082,"amount":1000,"payableAmount":1000,"feeAmount":0,"state":"FAILED","errorCode":"TXN_NOT_COMPLETED","detailedErrorCode":"TXN_AUTO_FAILED"}]}}',
)  
[2025-03-27 23:19:20] production.ERROR: Undefined array key "rail" {"exception":"[object] (ErrorException(code: 0): Undefined array key \"rail\" at /var/www/groscope/app/Http/Controllers/Admin/WebHookController.php:51)
[stacktrace]
#0 /var/www/groscope/vendor/laravel/framework/src/Illuminate/Foundation/Bootstrap/HandleExceptions.php(255): Illuminate\\Foundation\\Bootstrap\\HandleExceptions->handleError()
#1 /var/www/groscope/app/Http/Controllers/Admin/WebHookController.php(51): Illuminate\\Foundation\\Bootstrap\\HandleExceptions->Illuminate\\Foundation\\Bootstrap\\{closure}()
#2 /var/www/groscope/vendor/laravel/framework/src/Illuminate/Routing/Controller.php(54): App\\Http\\Controllers\\Admin\\WebHookController->phonePeCallBack()
#3 /var/www/groscope/vendor/laravel/framework/src/Illuminate/Routing/ControllerDispatcher.php(43): Illuminate\\Routing\\Controller->callAction()
#4 /var/www/groscope/vendor/laravel/framework/src/Illuminate/Routing/Route.php(259): Illuminate\\Routing\\ControllerDispatcher->dispatch()
#5 /var/www/groscope/vendor/laravel/framework/src/Illuminate/Routing/Route.php(205): Illuminate\\Routing\\Route->runController()
#6 /var/www/groscope/vendor/laravel/framework/src/Illuminate/Routing/Router.php(806): Illuminate\\Routing\\Route->run()
#7 /var/www/groscope/vendor/laravel/framework/src/Illuminate/Pipeline/Pipeline.php(144): Illuminate\\Routing\\Router->Illuminate\\Routing\\{closure}()
#8 /var/www/groscope/app/Http/Middleware/CheckLoginSessionMiddleware.php(29): Illuminate\\Pipeline\\Pipeline->Illuminate\\Pipeline\\{closure}()
#9 /var/www/groscope/vendor/laravel/framework/src/Illuminate/Pipeline/Pipeline.php(183): App\\Http\\Middleware\\CheckLoginSessionMiddleware->handle()
#10 /var/www/groscope/app/Http/Middleware/SessionTimeOutHandleMiddleware.php(39): Illuminate\\Pipeline\\Pipeline->Illuminate\\Pipeline\\{closure}()
#11 /var/www/groscope/vendor/laravel/framework/src/Illuminate/Pipeline/Pipeline.php(183): App\\Http\\Middleware\\SessionTimeOutHandleMiddleware->handle()
#12 /var/www/groscope/vendor/laravel/framework/src/Illuminate/Routing/Middleware/SubstituteBindings.php(50): Illuminate\\Pipeline\\Pipeline->Illuminate\\Pipeline\\{closure}()
#13 /var/www/groscope/vendor/laravel/framework/src/Illuminate/Pipeline/Pipeline.php(183): Illuminate\\Routing\\Middleware\\SubstituteBindings->handle()
#14 /var/www/groscope/vendor/laravel/framework/src/Illuminate/View/Middleware/ShareErrorsFromSession.php(49): Illuminate\\Pipeline\\Pipeline->Illuminate\\Pipeline\\{closure}()
#15 /var/www/groscope/vendor/laravel/framework/src/Illuminate/Pipeline/Pipeline.php(183): Illuminate\\View\\Middleware\\ShareErrorsFromSession->handle()
#16 /var/www/groscope/vendor/laravel/framework/src/Illuminate/Session/Middleware/StartSession.php(121): Illuminate\\Pipeline\\Pipeline->Illuminate\\Pipeline\\{closure}()
#17 /var/www/groscope/vendor/laravel/framework/src/Illuminate/Session/Middleware/StartSession.php(64): Illuminate\\Session\\Middleware\\StartSession->handleStatefulRequest()
#18 /var/www/groscope/vendor/laravel/framework/src/Illuminate/Pipeline/Pipeline.php(183): Illuminate\\Session\\Middleware\\StartSession->handle()
#19 /var/www/groscope/vendor/laravel/framework/src/Illuminate/Cookie/Middleware/AddQueuedCookiesToResponse.php(37): Illuminate\\Pipeline\\Pipeline->Illuminate\\Pipeline\\{closure}()
#20 /var/www/groscope/vendor/laravel/framework/src/Illuminate/Pipeline/Pipeline.php(183): Illuminate\\Cookie\\Middleware\\AddQueuedCookiesToResponse->handle()
#21 /var/www/groscope/vendor/laravel/framework/src/Illuminate/Cookie/Middleware/EncryptCookies.php(67): Illuminate\\Pipeline\\Pipeline->Illuminate\\Pipeline\\{closure}()
#22 /var/www/groscope/vendor/laravel/framework/src/Illuminate/Pipeline/Pipeline.php(183): Illuminate\\Cookie\\Middleware\\EncryptCookies->handle()
#23 /var/www/groscope/vendor/laravel/framework/src/Illuminate/Pipeline/Pipeline.php(119): Illuminate\\Pipeline\\Pipeline->Illuminate\\Pipeline\\{closure}()
#24 /var/www/groscope/vendor/laravel/framework/src/Illuminate/Routing/Router.php(805): Illuminate\\Pipeline\\Pipeline->then()
#25 /var/www/groscope/vendor/laravel/framework/src/Illuminate/Routing/Router.php(784): Illuminate\\Routing\\Router->runRouteWithinStack()
#26 /var/www/groscope/vendor/laravel/framework/src/Illuminate/Routing/Router.php(748): Illuminate\\Routing\\Router->runRoute()
#27 /var/www/groscope/vendor/laravel/framework/src/Illuminate/Routing/Router.php(737): Illuminate\\Routing\\Router->dispatchToRoute()
#28 /var/www/groscope/vendor/laravel/framework/src/Illuminate/Foundation/Http/Kernel.php(200): Illuminate\\Routing\\Router->dispatch()
#29 /var/www/groscope/vendor/laravel/framework/src/Illuminate/Pipeline/Pipeline.php(144): Illuminate\\Foundation\\Http\\Kernel->Illuminate\\Foundation\\Http\\{closure}()
#30 /var/www/groscope/vendor/livewire/livewire/src/Features/SupportDisablingBackButtonCache/DisableBackButtonCacheMiddleware.php(19): Illuminate\\Pipeline\\Pipeline->Illuminate\\Pipeline\\{closure}()
#31 /var/www/groscope/vendor/laravel/framework/src/Illuminate/Pipeline/Pipeline.php(183): Livewire\\Features\\SupportDisablingBackButtonCache\\DisableBackButtonCacheMiddleware->handle()
#32 /var/www/groscope/vendor/laravel/framework/src/Illuminate/Foundation/Http/Middleware/TransformsRequest.php(21): Illuminate\\Pipeline\\Pipeline->Illuminate\\Pipeline\\{closure}()
#33 /var/www/groscope/vendor/laravel/framework/src/Illuminate/Foundation/Http/Middleware/ConvertEmptyStringsToNull.php(31): Illuminate\\Foundation\\Http\\Middleware\\TransformsRequest->handle()
#34 /var/www/groscope/vendor/laravel/framework/src/Illuminate/Pipeline/Pipeline.php(183): Illuminate\\Foundation\\Http\\Middleware\\ConvertEmptyStringsToNull->handle()
#35 /var/www/groscope/vendor/laravel/framework/src/Illuminate/Foundation/Http/Middleware/TransformsRequest.php(21): Illuminate\\Pipeline\\Pipeline->Illuminate\\Pipeline\\{closure}()
#36 /var/www/groscope/vendor/laravel/framework/src/Illuminate/Foundation/Http/Middleware/TrimStrings.php(40): Illuminate\\Foundation\\Http\\Middleware\\TransformsRequest->handle()
#37 /var/www/groscope/vendor/laravel/framework/src/Illuminate/Pipeline/Pipeline.php(183): Illuminate\\Foundation\\Http\\Middleware\\TrimStrings->handle()
#38 /var/www/groscope/vendor/laravel/framework/src/Illuminate/Foundation/Http/Middleware/ValidatePostSize.php(27): Illuminate\\Pipeline\\Pipeline->Illuminate\\Pipeline\\{closure}()
#39 /var/www/groscope/vendor/laravel/framework/src/Illuminate/Pipeline/Pipeline.php(183): Illuminate\\Foundation\\Http\\Middleware\\ValidatePostSize->handle()
#40 /var/www/groscope/vendor/laravel/framework/src/Illuminate/Foundation/Http/Middleware/PreventRequestsDuringMaintenance.php(99): Illuminate\\Pipeline\\Pipeline->Illuminate\\Pipeline\\{closure}()
#41 /var/www/groscope/vendor/laravel/framework/src/Illuminate/Pipeline/Pipeline.php(183): Illuminate\\Foundation\\Http\\Middleware\\PreventRequestsDuringMaintenance->handle()
#42 /var/www/groscope/vendor/laravel/framework/src/Illuminate/Http/Middleware/HandleCors.php(49): Illuminate\\Pipeline\\Pipeline->Illuminate\\Pipeline\\{closure}()
#43 /var/www/groscope/vendor/laravel/framework/src/Illuminate/Pipeline/Pipeline.php(183): Illuminate\\Http\\Middleware\\HandleCors->handle()
#44 /var/www/groscope/vendor/laravel/framework/src/Illuminate/Http/Middleware/TrustProxies.php(39): Illuminate\\Pipeline\\Pipeline->Illuminate\\Pipeline\\{closure}()
#45 /var/www/groscope/vendor/laravel/framework/src/Illuminate/Pipeline/Pipeline.php(183): Illuminate\\Http\\Middleware\\TrustProxies->handle()
#46 /var/www/groscope/vendor/laravel/framework/src/Illuminate/Pipeline/Pipeline.php(119): Illuminate\\Pipeline\\Pipeline->Illuminate\\Pipeline\\{closure}()
#47 /var/www/groscope/vendor/laravel/framework/src/Illuminate/Foundation/Http/Kernel.php(175): Illuminate\\Pipeline\\Pipeline->then()
#48 /var/www/groscope/vendor/laravel/framework/src/Illuminate/Foundation/Http/Kernel.php(144): Illuminate\\Foundation\\Http\\Kernel->sendRequestThroughRouter()
#49 /var/www/groscope/public/index.php(51): Illuminate\\Foundation\\Http\\Kernel->handle()
#50 {main}
"} 
[2025-03-27 23:19:40] production.INFO: array (
  0 => '{"type":"CHECKOUT_ORDER_FAILED","event":"checkout.order.failed","payload":{"merchantId":"GROSCOONLINE","merchantOrderId":"GROSC842209363823","orderId":"OMO2503272259162735548280","state":"FAILED","amount":1000,"expireAt":1743097756272,"errorCode":"TXN_NOT_COMPLETED","detailedErrorCode":"TXN_AUTO_FAILED","paymentDetails":[{"transactionId":"OM2503272302020546854457","paymentMode":"UPI_QR","timestamp":1743096722082,"amount":1000,"payableAmount":1000,"feeAmount":0,"state":"FAILED","errorCode":"TXN_NOT_COMPLETED","detailedErrorCode":"TXN_AUTO_FAILED"}]}}',
)  
[2025-03-27 23:19:40] production.ERROR: Undefined array key "rail" {"exception":"[object] (ErrorException(code: 0): Undefined array key \"rail\" at /var/www/groscope/app/Http/Controllers/Admin/WebHookController.php:51)
[stacktrace]
#0 /var/www/groscope/vendor/laravel/framework/src/Illuminate/Foundation/Bootstrap/HandleExceptions.php(255): Illuminate\\Foundation\\Bootstrap\\HandleExceptions->handleError()
#1 /var/www/groscope/app/Http/Controllers/Admin/WebHookController.php(51): Illuminate\\Foundation\\Bootstrap\\HandleExceptions->Illuminate\\Foundation\\Bootstrap\\{closure}()
#2 /var/www/groscope/vendor/laravel/framework/src/Illuminate/Routing/Controller.php(54): App\\Http\\Controllers\\Admin\\WebHookController->phonePeCallBack()
#3 /var/www/groscope/vendor/laravel/framework/src/Illuminate/Routing/ControllerDispatcher.php(43): Illuminate\\Routing\\Controller->callAction()
#4 /var/www/groscope/vendor/laravel/framework/src/Illuminate/Routing/Route.php(259): Illuminate\\Routing\\ControllerDispatcher->dispatch()
#5 /var/www/groscope/vendor/laravel/framework/src/Illuminate/Routing/Route.php(205): Illuminate\\Routing\\Route->runController()
#6 /var/www/groscope/vendor/laravel/framework/src/Illuminate/Routing/Router.php(806): Illuminate\\Routing\\Route->run()
#7 /var/www/groscope/vendor/laravel/framework/src/Illuminate/Pipeline/Pipeline.php(144): Illuminate\\Routing\\Router->Illuminate\\Routing\\{closure}()
#8 /var/www/groscope/app/Http/Middleware/CheckLoginSessionMiddleware.php(29): Illuminate\\Pipeline\\Pipeline->Illuminate\\Pipeline\\{closure}()
#9 /var/www/groscope/vendor/laravel/framework/src/Illuminate/Pipeline/Pipeline.php(183): App\\Http\\Middleware\\CheckLoginSessionMiddleware->handle()
#10 /var/www/groscope/app/Http/Middleware/SessionTimeOutHandleMiddleware.php(39): Illuminate\\Pipeline\\Pipeline->Illuminate\\Pipeline\\{closure}()
#11 /var/www/groscope/vendor/laravel/framework/src/Illuminate/Pipeline/Pipeline.php(183): App\\Http\\Middleware\\SessionTimeOutHandleMiddleware->handle()
#12 /var/www/groscope/vendor/laravel/framework/src/Illuminate/Routing/Middleware/SubstituteBindings.php(50): Illuminate\\Pipeline\\Pipeline->Illuminate\\Pipeline\\{closure}()
#13 /var/www/groscope/vendor/laravel/framework/src/Illuminate/Pipeline/Pipeline.php(183): Illuminate\\Routing\\Middleware\\SubstituteBindings->handle()
#14 /var/www/groscope/vendor/laravel/framework/src/Illuminate/View/Middleware/ShareErrorsFromSession.php(49): Illuminate\\Pipeline\\Pipeline->Illuminate\\Pipeline\\{closure}()
#15 /var/www/groscope/vendor/laravel/framework/src/Illuminate/Pipeline/Pipeline.php(183): Illuminate\\View\\Middleware\\ShareErrorsFromSession->handle()
#16 /var/www/groscope/vendor/laravel/framework/src/Illuminate/Session/Middleware/StartSession.php(121): Illuminate\\Pipeline\\Pipeline->Illuminate\\Pipeline\\{closure}()
#17 /var/www/groscope/vendor/laravel/framework/src/Illuminate/Session/Middleware/StartSession.php(64): Illuminate\\Session\\Middleware\\StartSession->handleStatefulRequest()
#18 /var/www/groscope/vendor/laravel/framework/src/Illuminate/Pipeline/Pipeline.php(183): Illuminate\\Session\\Middleware\\StartSession->handle()
#19 /var/www/groscope/vendor/laravel/framework/src/Illuminate/Cookie/Middleware/AddQueuedCookiesToResponse.php(37): Illuminate\\Pipeline\\Pipeline->Illuminate\\Pipeline\\{closure}()
#20 /var/www/groscope/vendor/laravel/framework/src/Illuminate/Pipeline/Pipeline.php(183): Illuminate\\Cookie\\Middleware\\AddQueuedCookiesToResponse->handle()
#21 /var/www/groscope/vendor/laravel/framework/src/Illuminate/Cookie/Middleware/EncryptCookies.php(67): Illuminate\\Pipeline\\Pipeline->Illuminate\\Pipeline\\{closure}()
#22 /var/www/groscope/vendor/laravel/framework/src/Illuminate/Pipeline/Pipeline.php(183): Illuminate\\Cookie\\Middleware\\EncryptCookies->handle()
#23 /var/www/groscope/vendor/laravel/framework/src/Illuminate/Pipeline/Pipeline.php(119): Illuminate\\Pipeline\\Pipeline->Illuminate\\Pipeline\\{closure}()
#24 /var/www/groscope/vendor/laravel/framework/src/Illuminate/Routing/Router.php(805): Illuminate\\Pipeline\\Pipeline->then()
#25 /var/www/groscope/vendor/laravel/framework/src/Illuminate/Routing/Router.php(784): Illuminate\\Routing\\Router->runRouteWithinStack()
#26 /var/www/groscope/vendor/laravel/framework/src/Illuminate/Routing/Router.php(748): Illuminate\\Routing\\Router->runRoute()
#27 /var/www/groscope/vendor/laravel/framework/src/Illuminate/Routing/Router.php(737): Illuminate\\Routing\\Router->dispatchToRoute()
#28 /var/www/groscope/vendor/laravel/framework/src/Illuminate/Foundation/Http/Kernel.php(200): Illuminate\\Routing\\Router->dispatch()
#29 /var/www/groscope/vendor/laravel/framework/src/Illuminate/Pipeline/Pipeline.php(144): Illuminate\\Foundation\\Http\\Kernel->Illuminate\\Foundation\\Http\\{closure}()
#30 /var/www/groscope/vendor/livewire/livewire/src/Features/SupportDisablingBackButtonCache/DisableBackButtonCacheMiddleware.php(19): Illuminate\\Pipeline\\Pipeline->Illuminate\\Pipeline\\{closure}()
#31 /var/www/groscope/vendor/laravel/framework/src/Illuminate/Pipeline/Pipeline.php(183): Livewire\\Features\\SupportDisablingBackButtonCache\\DisableBackButtonCacheMiddleware->handle()
#32 /var/www/groscope/vendor/laravel/framework/src/Illuminate/Foundation/Http/Middleware/TransformsRequest.php(21): Illuminate\\Pipeline\\Pipeline->Illuminate\\Pipeline\\{closure}()
#33 /var/www/groscope/vendor/laravel/framework/src/Illuminate/Foundation/Http/Middleware/ConvertEmptyStringsToNull.php(31): Illuminate\\Foundation\\Http\\Middleware\\TransformsRequest->handle()
#34 /var/www/groscope/vendor/laravel/framework/src/Illuminate/Pipeline/Pipeline.php(183): Illuminate\\Foundation\\Http\\Middleware\\ConvertEmptyStringsToNull->handle()
#35 /var/www/groscope/vendor/laravel/framework/src/Illuminate/Foundation/Http/Middleware/TransformsRequest.php(21): Illuminate\\Pipeline\\Pipeline->Illuminate\\Pipeline\\{closure}()
#36 /var/www/groscope/vendor/laravel/framework/src/Illuminate/Foundation/Http/Middleware/TrimStrings.php(40): Illuminate\\Foundation\\Http\\Middleware\\TransformsRequest->handle()
#37 /var/www/groscope/vendor/laravel/framework/src/Illuminate/Pipeline/Pipeline.php(183): Illuminate\\Foundation\\Http\\Middleware\\TrimStrings->handle()
#38 /var/www/groscope/vendor/laravel/framework/src/Illuminate/Foundation/Http/Middleware/ValidatePostSize.php(27): Illuminate\\Pipeline\\Pipeline->Illuminate\\Pipeline\\{closure}()
#39 /var/www/groscope/vendor/laravel/framework/src/Illuminate/Pipeline/Pipeline.php(183): Illuminate\\Foundation\\Http\\Middleware\\ValidatePostSize->handle()
#40 /var/www/groscope/vendor/laravel/framework/src/Illuminate/Foundation/Http/Middleware/PreventRequestsDuringMaintenance.php(99): Illuminate\\Pipeline\\Pipeline->Illuminate\\Pipeline\\{closure}()
#41 /var/www/groscope/vendor/laravel/framework/src/Illuminate/Pipeline/Pipeline.php(183): Illuminate\\Foundation\\Http\\Middleware\\PreventRequestsDuringMaintenance->handle()
#42 /var/www/groscope/vendor/laravel/framework/src/Illuminate/Http/Middleware/HandleCors.php(49): Illuminate\\Pipeline\\Pipeline->Illuminate\\Pipeline\\{closure}()
#43 /var/www/groscope/vendor/laravel/framework/src/Illuminate/Pipeline/Pipeline.php(183): Illuminate\\Http\\Middleware\\HandleCors->handle()
#44 /var/www/groscope/vendor/laravel/framework/src/Illuminate/Http/Middleware/TrustProxies.php(39): Illuminate\\Pipeline\\Pipeline->Illuminate\\Pipeline\\{closure}()
#45 /var/www/groscope/vendor/laravel/framework/src/Illuminate/Pipeline/Pipeline.php(183): Illuminate\\Http\\Middleware\\TrustProxies->handle()
#46 /var/www/groscope/vendor/laravel/framework/src/Illuminate/Pipeline/Pipeline.php(119): Illuminate\\Pipeline\\Pipeline->Illuminate\\Pipeline\\{closure}()
#47 /var/www/groscope/vendor/laravel/framework/src/Illuminate/Foundation/Http/Kernel.php(175): Illuminate\\Pipeline\\Pipeline->then()
#48 /var/www/groscope/vendor/laravel/framework/src/Illuminate/Foundation/Http/Kernel.php(144): Illuminate\\Foundation\\Http\\Kernel->sendRequestThroughRouter()
#49 /var/www/groscope/public/index.php(51): Illuminate\\Foundation\\Http\\Kernel->handle()
#50 {main}
"} 
[2025-03-27 23:20:01] production.INFO: Scheduler Now working  
[2025-03-27 23:22:02] production.INFO: Scheduler Now working  
[2025-03-27 23:24:01] production.INFO: Scheduler Now working  
[2025-03-27 23:26:01] production.INFO: Scheduler Now working  
[2025-03-27 23:28:02] production.INFO: Scheduler Now working  
[2025-03-27 23:32:02] production.INFO: Scheduler Now working  
[2025-03-27 23:34:01] production.INFO: Scheduler Now working  
[2025-03-27 23:36:02] production.INFO: Scheduler Now working  
[2025-03-27 23:36:43] production.INFO: Scheduler Now working  
[2025-03-27 23:38:02] production.INFO: Scheduler Now working  
[2025-03-27 23:40:01] production.INFO: Scheduler Now working  
[2025-03-27 23:42:01] production.INFO: Scheduler Now working  
[2025-03-27 23:44:02] production.INFO: Scheduler Now working  
[2025-03-27 23:46:01] production.INFO: Scheduler Now working  
[2025-03-27 23:48:01] production.INFO: Scheduler Now working  
[2025-03-27 23:50:02] production.INFO: Scheduler Now working  
[2025-03-27 23:52:01] production.INFO: Scheduler Now working  
[2025-03-27 23:54:01] production.INFO: Scheduler Now working  
[2025-03-27 23:56:02] production.INFO: Scheduler Now working  
[2025-03-27 23:58:01] production.INFO: Scheduler Now working  
