[2025-04-01 00:02:01] production.INFO: Scheduler Now working  
[2025-04-01 00:04:02] production.INFO: Scheduler Now working  
[2025-04-01 00:06:01] production.INFO: Scheduler Now working  
[2025-04-01 00:06:46] production.INFO: Scheduler Now working  
[2025-04-01 00:08:02] production.INFO: Scheduler Now working  
[2025-04-01 00:10:01] production.INFO: Scheduler Now working  
[2025-04-01 00:12:01] production.INFO: Scheduler Now working  
[2025-04-01 00:14:02] production.INFO: Scheduler Now working  
[2025-04-01 00:16:01] production.INFO: Scheduler Now working  
[2025-04-01 00:18:01] production.INFO: Scheduler Now working  
[2025-04-01 00:20:02] production.INFO: Scheduler Now working  
[2025-04-01 00:22:01] production.INFO: Scheduler Now working  
[2025-04-01 00:24:02] production.INFO: Scheduler Now working  
[2025-04-01 00:26:01] production.INFO: Scheduler Now working  
[2025-04-01 00:28:01] production.INFO: Scheduler Now working  
[2025-04-01 00:32:01] production.INFO: Scheduler Now working  
[2025-04-01 00:34:02] production.INFO: Scheduler Now working  
[2025-04-01 00:36:01] production.INFO: Scheduler Now working  
[2025-04-01 00:36:47] production.INFO: Scheduler Now working  
[2025-04-01 00:38:01] production.INFO: Scheduler Now working  
[2025-04-01 00:40:02] production.INFO: Scheduler Now working  
[2025-04-01 00:42:01] production.INFO: Scheduler Now working  
[2025-04-01 00:44:01] production.INFO: Scheduler Now working  
[2025-04-01 00:46:02] production.INFO: Scheduler Now working  
[2025-04-01 00:48:01] production.INFO: Scheduler Now working  
[2025-04-01 00:50:01] production.INFO: Scheduler Now working  
[2025-04-01 00:52:02] production.INFO: Scheduler Now working  
[2025-04-01 00:54:01] production.INFO: Scheduler Now working  
[2025-04-01 00:56:01] production.INFO: Scheduler Now working  
[2025-04-01 00:58:02] production.INFO: Scheduler Now working  
[2025-04-01 01:02:01] production.INFO: Scheduler Now working  
[2025-04-01 01:04:01] production.INFO: Scheduler Now working  
[2025-04-01 01:06:02] production.INFO: Scheduler Now working  
[2025-04-01 01:06:46] production.INFO: Scheduler Now working  
[2025-04-01 01:08:02] production.INFO: Scheduler Now working  
[2025-04-01 01:10:01] production.INFO: Scheduler Now working  
[2025-04-01 01:12:01] production.INFO: Scheduler Now working  
[2025-04-01 01:14:02] production.INFO: Scheduler Now working  
[2025-04-01 01:16:01] production.INFO: Scheduler Now working  
[2025-04-01 01:18:01] production.INFO: Scheduler Now working  
[2025-04-01 01:20:02] production.INFO: Scheduler Now working  
[2025-04-01 01:22:01] production.INFO: Scheduler Now working  
[2025-04-01 01:24:01] production.INFO: Scheduler Now working  
[2025-04-01 01:26:02] production.INFO: Scheduler Now working  
[2025-04-01 01:28:01] production.INFO: Scheduler Now working  
[2025-04-01 01:32:01] production.INFO: Scheduler Now working  
[2025-04-01 01:34:02] production.INFO: Scheduler Now working  
[2025-04-01 01:36:01] production.INFO: Scheduler Now working  
[2025-04-01 01:36:44] production.INFO: Scheduler Now working  
[2025-04-01 01:38:01] production.INFO: Scheduler Now working  
[2025-04-01 01:40:01] production.INFO: Scheduler Now working  
[2025-04-01 01:42:02] production.INFO: Scheduler Now working  
[2025-04-01 01:44:01] production.INFO: Scheduler Now working  
[2025-04-01 01:46:01] production.INFO: Scheduler Now working  
[2025-04-01 01:48:02] production.INFO: Scheduler Now working  
[2025-04-01 01:50:01] production.INFO: Scheduler Now working  
[2025-04-01 01:52:02] production.INFO: Scheduler Now working  
[2025-04-01 01:54:01] production.INFO: Scheduler Now working  
[2025-04-01 01:56:01] production.INFO: Scheduler Now working  
[2025-04-01 01:58:02] production.INFO: Scheduler Now working  
[2025-04-01 02:02:02] production.INFO: Scheduler Now working  
[2025-04-01 02:04:01] production.INFO: Scheduler Now working  
[2025-04-01 02:06:02] production.INFO: Scheduler Now working  
[2025-04-01 02:06:43] production.INFO: Scheduler Now working  
[2025-04-01 02:08:02] production.INFO: Scheduler Now working  
[2025-04-01 02:10:01] production.INFO: Scheduler Now working  
[2025-04-01 02:12:01] production.INFO: Scheduler Now working  
[2025-04-01 02:14:02] production.INFO: Scheduler Now working  
[2025-04-01 02:16:01] production.INFO: Scheduler Now working  
[2025-04-01 02:18:01] production.INFO: Scheduler Now working  
[2025-04-01 02:20:02] production.INFO: Scheduler Now working  
[2025-04-01 02:22:01] production.INFO: Scheduler Now working  
[2025-04-01 02:24:02] production.INFO: Scheduler Now working  
[2025-04-01 02:26:01] production.INFO: Scheduler Now working  
[2025-04-01 02:28:01] production.INFO: Scheduler Now working  
[2025-04-01 02:32:01] production.INFO: Scheduler Now working  
[2025-04-01 02:34:02] production.INFO: Scheduler Now working  
[2025-04-01 02:36:01] production.INFO: Scheduler Now working  
[2025-04-01 02:36:40] production.INFO: Scheduler Now working  
[2025-04-01 02:38:02] production.INFO: Scheduler Now working  
[2025-04-01 02:40:01] production.INFO: Scheduler Now working  
[2025-04-01 02:42:01] production.INFO: Scheduler Now working  
[2025-04-01 02:44:02] production.INFO: Scheduler Now working  
[2025-04-01 02:46:01] production.INFO: Scheduler Now working  
[2025-04-01 02:48:01] production.INFO: Scheduler Now working  
[2025-04-01 02:50:02] production.INFO: Scheduler Now working  
[2025-04-01 02:52:01] production.INFO: Scheduler Now working  
[2025-04-01 02:54:02] production.INFO: Scheduler Now working  
[2025-04-01 02:56:01] production.INFO: Scheduler Now working  
[2025-04-01 02:58:01] production.INFO: Scheduler Now working  
[2025-04-01 03:02:01] production.INFO: Scheduler Now working  
[2025-04-01 03:04:02] production.INFO: Scheduler Now working  
[2025-04-01 03:06:01] production.INFO: Scheduler Now working  
[2025-04-01 03:06:39] production.INFO: Scheduler Now working  
[2025-04-01 03:08:02] production.INFO: Scheduler Now working  
[2025-04-01 03:10:01] production.INFO: Scheduler Now working  
[2025-04-01 03:12:01] production.INFO: Scheduler Now working  
[2025-04-01 03:14:02] production.INFO: Scheduler Now working  
[2025-04-01 03:16:01] production.INFO: Scheduler Now working  
[2025-04-01 03:18:02] production.INFO: Scheduler Now working  
[2025-04-01 03:20:01] production.INFO: Scheduler Now working  
[2025-04-01 03:22:01] production.INFO: Scheduler Now working  
[2025-04-01 03:24:02] production.INFO: Scheduler Now working  
[2025-04-01 03:26:01] production.INFO: Scheduler Now working  
[2025-04-01 03:28:01] production.INFO: Scheduler Now working  
[2025-04-01 03:32:02] production.INFO: Scheduler Now working  
[2025-04-01 03:34:01] production.INFO: Scheduler Now working  
[2025-04-01 03:36:01] production.INFO: Scheduler Now working  
[2025-04-01 03:36:40] production.INFO: Scheduler Now working  
[2025-04-01 03:38:02] production.INFO: Scheduler Now working  
[2025-04-01 03:40:01] production.INFO: Scheduler Now working  
[2025-04-01 03:42:02] production.INFO: Scheduler Now working  
[2025-04-01 03:44:01] production.INFO: Scheduler Now working  
[2025-04-01 03:46:01] production.INFO: Scheduler Now working  
[2025-04-01 03:48:02] production.INFO: Scheduler Now working  
[2025-04-01 03:50:01] production.INFO: Scheduler Now working  
[2025-04-01 03:52:01] production.INFO: Scheduler Now working  
[2025-04-01 03:54:02] production.INFO: Scheduler Now working  
[2025-04-01 03:56:01] production.INFO: Scheduler Now working  
[2025-04-01 03:58:01] production.INFO: Scheduler Now working  
[2025-04-01 04:02:02] production.INFO: Scheduler Now working  
[2025-04-01 04:04:01] production.INFO: Scheduler Now working  
[2025-04-01 04:06:01] production.INFO: Scheduler Now working  
[2025-04-01 04:06:37] production.INFO: Scheduler Now working  
[2025-04-01 04:08:02] production.INFO: Scheduler Now working  
[2025-04-01 04:10:01] production.INFO: Scheduler Now working  
[2025-04-01 04:12:01] production.INFO: Scheduler Now working  
[2025-04-01 04:14:02] production.INFO: Scheduler Now working  
[2025-04-01 04:16:01] production.INFO: Scheduler Now working  
[2025-04-01 04:18:01] production.INFO: Scheduler Now working  
[2025-04-01 04:20:02] production.INFO: Scheduler Now working  
[2025-04-01 04:22:01] production.INFO: Scheduler Now working  
[2025-04-01 04:24:01] production.INFO: Scheduler Now working  
[2025-04-01 04:26:02] production.INFO: Scheduler Now working  
[2025-04-01 04:28:01] production.INFO: Scheduler Now working  
[2025-04-01 04:32:01] production.INFO: Scheduler Now working  
[2025-04-01 04:34:02] production.INFO: Scheduler Now working  
[2025-04-01 04:36:01] production.INFO: Scheduler Now working  
[2025-04-01 04:36:37] production.INFO: Scheduler Now working  
[2025-04-01 04:38:01] production.INFO: Scheduler Now working  
[2025-04-01 04:40:02] production.INFO: Scheduler Now working  
[2025-04-01 04:42:01] production.INFO: Scheduler Now working  
[2025-04-01 04:44:01] production.INFO: Scheduler Now working  
[2025-04-01 04:46:02] production.INFO: Scheduler Now working  
[2025-04-01 04:48:01] production.INFO: Scheduler Now working  
[2025-04-01 04:50:01] production.INFO: Scheduler Now working  
[2025-04-01 04:52:02] production.INFO: Scheduler Now working  
[2025-04-01 04:54:01] production.INFO: Scheduler Now working  
[2025-04-01 04:56:02] production.INFO: Scheduler Now working  
[2025-04-01 04:58:01] production.INFO: Scheduler Now working  
[2025-04-01 05:02:01] production.INFO: Scheduler Now working  
[2025-04-01 05:04:01] production.INFO: Scheduler Now working  
[2025-04-01 05:06:02] production.INFO: Scheduler Now working  
[2025-04-01 05:06:38] production.INFO: Scheduler Now working  
[2025-04-01 05:06:38] production.ERROR: SQLSTATE[23000]: Integrity constraint violation: 1048 Column 'payment_id' cannot be null (Connection: mysql, SQL: insert into `successful_payment_collections` (`user_id`, `payment_id`, `order_amount`, `amount`, `charges`, `gst`, `updated_at`, `created_at`) values (2, ?, 799, 780.1436, 15.98, 2.8764, 2025-04-01 05:06:38, 2025-04-01 05:06:38)) {"exception":"[object] (Illuminate\\Database\\QueryException(code: 23000): SQLSTATE[23000]: Integrity constraint violation: 1048 Column 'payment_id' cannot be null (Connection: mysql, SQL: insert into `successful_payment_collections` (`user_id`, `payment_id`, `order_amount`, `amount`, `charges`, `gst`, `updated_at`, `created_at`) values (2, ?, 799, 780.1436, 15.98, 2.8764, 2025-04-01 05:06:38, 2025-04-01 05:06:38)) at /var/www/groscope/vendor/laravel/framework/src/Illuminate/Database/Connection.php:829)
[stacktrace]
#0 /var/www/groscope/vendor/laravel/framework/src/Illuminate/Database/Connection.php(783): Illuminate\\Database\\Connection->runQueryCallback()
#1 /var/www/groscope/vendor/laravel/framework/src/Illuminate/Database/MySqlConnection.php(34): Illuminate\\Database\\Connection->run()
#2 /var/www/groscope/vendor/laravel/framework/src/Illuminate/Database/Query/Processors/MySqlProcessor.php(35): Illuminate\\Database\\MySqlConnection->insert()
#3 /var/www/groscope/vendor/laravel/framework/src/Illuminate/Database/Query/Builder.php(3549): Illuminate\\Database\\Query\\Processors\\MySqlProcessor->processInsertGetId()
#4 /var/www/groscope/vendor/laravel/framework/src/Illuminate/Database/Eloquent/Builder.php(1982): Illuminate\\Database\\Query\\Builder->insertGetId()
#5 /var/www/groscope/vendor/laravel/framework/src/Illuminate/Database/Eloquent/Model.php(1334): Illuminate\\Database\\Eloquent\\Builder->__call()
#6 /var/www/groscope/vendor/laravel/framework/src/Illuminate/Database/Eloquent/Model.php(1299): Illuminate\\Database\\Eloquent\\Model->insertAndSetId()
#7 /var/www/groscope/vendor/laravel/framework/src/Illuminate/Database/Eloquent/Model.php(1138): Illuminate\\Database\\Eloquent\\Model->performInsert()
#8 /var/www/groscope/vendor/laravel/framework/src/Illuminate/Database/Eloquent/Builder.php(1025): Illuminate\\Database\\Eloquent\\Model->save()
#9 /var/www/groscope/vendor/laravel/framework/src/Illuminate/Support/helpers.php(320): Illuminate\\Database\\Eloquent\\Builder->Illuminate\\Database\\Eloquent\\{closure}()
#10 /var/www/groscope/vendor/laravel/framework/src/Illuminate/Database/Eloquent/Builder.php(1024): tap()
#11 /var/www/groscope/vendor/laravel/framework/src/Illuminate/Support/Traits/ForwardsCalls.php(23): Illuminate\\Database\\Eloquent\\Builder->create()
#12 /var/www/groscope/vendor/laravel/framework/src/Illuminate/Database/Eloquent/Model.php(2335): Illuminate\\Database\\Eloquent\\Model->forwardCallTo()
#13 /var/www/groscope/vendor/laravel/framework/src/Illuminate/Database/Eloquent/Model.php(2347): Illuminate\\Database\\Eloquent\\Model->__call()
#14 /var/www/groscope/app/Console/Commands/GetSuccessfullyPaymentCollectionCommand.php(33): Illuminate\\Database\\Eloquent\\Model::__callStatic()
#15 /var/www/groscope/vendor/laravel/framework/src/Illuminate/Container/BoundMethod.php(36): App\\Console\\Commands\\GetSuccessfullyPaymentCollectionCommand->handle()
#16 /var/www/groscope/vendor/laravel/framework/src/Illuminate/Container/Util.php(41): Illuminate\\Container\\BoundMethod::Illuminate\\Container\\{closure}()
#17 /var/www/groscope/vendor/laravel/framework/src/Illuminate/Container/BoundMethod.php(93): Illuminate\\Container\\Util::unwrapIfClosure()
#18 /var/www/groscope/vendor/laravel/framework/src/Illuminate/Container/BoundMethod.php(35): Illuminate\\Container\\BoundMethod::callBoundMethod()
#19 /var/www/groscope/vendor/laravel/framework/src/Illuminate/Container/Container.php(662): Illuminate\\Container\\BoundMethod::call()
#20 /var/www/groscope/vendor/laravel/framework/src/Illuminate/Console/Command.php(211): Illuminate\\Container\\Container->call()
#21 /var/www/groscope/vendor/symfony/console/Command/Command.php(326): Illuminate\\Console\\Command->execute()
#22 /var/www/groscope/vendor/laravel/framework/src/Illuminate/Console/Command.php(180): Symfony\\Component\\Console\\Command\\Command->run()
#23 /var/www/groscope/vendor/symfony/console/Application.php(1096): Illuminate\\Console\\Command->run()
#24 /var/www/groscope/vendor/symfony/console/Application.php(324): Symfony\\Component\\Console\\Application->doRunCommand()
#25 /var/www/groscope/vendor/symfony/console/Application.php(175): Symfony\\Component\\Console\\Application->doRun()
#26 /var/www/groscope/vendor/laravel/framework/src/Illuminate/Foundation/Console/Kernel.php(201): Symfony\\Component\\Console\\Application->run()
#27 /var/www/groscope/artisan(35): Illuminate\\Foundation\\Console\\Kernel->handle()
#28 {main}

[previous exception] [object] (PDOException(code: 23000): SQLSTATE[23000]: Integrity constraint violation: 1048 Column 'payment_id' cannot be null at /var/www/groscope/vendor/laravel/framework/src/Illuminate/Database/MySqlConnection.php:45)
[stacktrace]
#0 /var/www/groscope/vendor/laravel/framework/src/Illuminate/Database/MySqlConnection.php(45): PDOStatement->execute()
#1 /var/www/groscope/vendor/laravel/framework/src/Illuminate/Database/Connection.php(816): Illuminate\\Database\\MySqlConnection->Illuminate\\Database\\{closure}()
#2 /var/www/groscope/vendor/laravel/framework/src/Illuminate/Database/Connection.php(783): Illuminate\\Database\\Connection->runQueryCallback()
#3 /var/www/groscope/vendor/laravel/framework/src/Illuminate/Database/MySqlConnection.php(34): Illuminate\\Database\\Connection->run()
#4 /var/www/groscope/vendor/laravel/framework/src/Illuminate/Database/Query/Processors/MySqlProcessor.php(35): Illuminate\\Database\\MySqlConnection->insert()
#5 /var/www/groscope/vendor/laravel/framework/src/Illuminate/Database/Query/Builder.php(3549): Illuminate\\Database\\Query\\Processors\\MySqlProcessor->processInsertGetId()
#6 /var/www/groscope/vendor/laravel/framework/src/Illuminate/Database/Eloquent/Builder.php(1982): Illuminate\\Database\\Query\\Builder->insertGetId()
#7 /var/www/groscope/vendor/laravel/framework/src/Illuminate/Database/Eloquent/Model.php(1334): Illuminate\\Database\\Eloquent\\Builder->__call()
#8 /var/www/groscope/vendor/laravel/framework/src/Illuminate/Database/Eloquent/Model.php(1299): Illuminate\\Database\\Eloquent\\Model->insertAndSetId()
#9 /var/www/groscope/vendor/laravel/framework/src/Illuminate/Database/Eloquent/Model.php(1138): Illuminate\\Database\\Eloquent\\Model->performInsert()
#10 /var/www/groscope/vendor/laravel/framework/src/Illuminate/Database/Eloquent/Builder.php(1025): Illuminate\\Database\\Eloquent\\Model->save()
#11 /var/www/groscope/vendor/laravel/framework/src/Illuminate/Support/helpers.php(320): Illuminate\\Database\\Eloquent\\Builder->Illuminate\\Database\\Eloquent\\{closure}()
#12 /var/www/groscope/vendor/laravel/framework/src/Illuminate/Database/Eloquent/Builder.php(1024): tap()
#13 /var/www/groscope/vendor/laravel/framework/src/Illuminate/Support/Traits/ForwardsCalls.php(23): Illuminate\\Database\\Eloquent\\Builder->create()
#14 /var/www/groscope/vendor/laravel/framework/src/Illuminate/Database/Eloquent/Model.php(2335): Illuminate\\Database\\Eloquent\\Model->forwardCallTo()
#15 /var/www/groscope/vendor/laravel/framework/src/Illuminate/Database/Eloquent/Model.php(2347): Illuminate\\Database\\Eloquent\\Model->__call()
#16 /var/www/groscope/app/Console/Commands/GetSuccessfullyPaymentCollectionCommand.php(33): Illuminate\\Database\\Eloquent\\Model::__callStatic()
#17 /var/www/groscope/vendor/laravel/framework/src/Illuminate/Container/BoundMethod.php(36): App\\Console\\Commands\\GetSuccessfullyPaymentCollectionCommand->handle()
#18 /var/www/groscope/vendor/laravel/framework/src/Illuminate/Container/Util.php(41): Illuminate\\Container\\BoundMethod::Illuminate\\Container\\{closure}()
#19 /var/www/groscope/vendor/laravel/framework/src/Illuminate/Container/BoundMethod.php(93): Illuminate\\Container\\Util::unwrapIfClosure()
#20 /var/www/groscope/vendor/laravel/framework/src/Illuminate/Container/BoundMethod.php(35): Illuminate\\Container\\BoundMethod::callBoundMethod()
#21 /var/www/groscope/vendor/laravel/framework/src/Illuminate/Container/Container.php(662): Illuminate\\Container\\BoundMethod::call()
#22 /var/www/groscope/vendor/laravel/framework/src/Illuminate/Console/Command.php(211): Illuminate\\Container\\Container->call()
#23 /var/www/groscope/vendor/symfony/console/Command/Command.php(326): Illuminate\\Console\\Command->execute()
#24 /var/www/groscope/vendor/laravel/framework/src/Illuminate/Console/Command.php(180): Symfony\\Component\\Console\\Command\\Command->run()
#25 /var/www/groscope/vendor/symfony/console/Application.php(1096): Illuminate\\Console\\Command->run()
#26 /var/www/groscope/vendor/symfony/console/Application.php(324): Symfony\\Component\\Console\\Application->doRunCommand()
#27 /var/www/groscope/vendor/symfony/console/Application.php(175): Symfony\\Component\\Console\\Application->doRun()
#28 /var/www/groscope/vendor/laravel/framework/src/Illuminate/Foundation/Console/Kernel.php(201): Symfony\\Component\\Console\\Application->run()
#29 /var/www/groscope/artisan(35): Illuminate\\Foundation\\Console\\Kernel->handle()
#30 {main}
"} 
[2025-04-01 05:08:01] production.INFO: Scheduler Now working  
[2025-04-01 05:10:02] production.INFO: Scheduler Now working  
[2025-04-01 05:12:01] production.INFO: Scheduler Now working  
[2025-04-01 05:14:02] production.INFO: Scheduler Now working  
[2025-04-01 05:16:01] production.INFO: Scheduler Now working  
[2025-04-01 05:18:01] production.INFO: Scheduler Now working  
[2025-04-01 05:20:02] production.INFO: Scheduler Now working  
[2025-04-01 05:22:01] production.INFO: Scheduler Now working  
[2025-04-01 05:24:01] production.INFO: Scheduler Now working  
[2025-04-01 05:26:02] production.INFO: Scheduler Now working  
[2025-04-01 05:28:01] production.INFO: Scheduler Now working  
[2025-04-01 05:32:01] production.INFO: Scheduler Now working  
[2025-04-01 05:34:02] production.INFO: Scheduler Now working  
[2025-04-01 05:36:01] production.INFO: Scheduler Now working  
[2025-04-01 05:36:39] production.INFO: Scheduler Now working  
[2025-04-01 05:38:01] production.INFO: Scheduler Now working  
[2025-04-01 05:40:02] production.INFO: Scheduler Now working  
[2025-04-01 05:42:01] production.INFO: Scheduler Now working  
[2025-04-01 05:44:01] production.INFO: Scheduler Now working  
[2025-04-01 05:46:02] production.INFO: Scheduler Now working  
[2025-04-01 05:48:01] production.INFO: Scheduler Now working  
[2025-04-01 05:50:02] production.INFO: Scheduler Now working  
[2025-04-01 05:52:01] production.INFO: Scheduler Now working  
[2025-04-01 05:54:01] production.INFO: Scheduler Now working  
[2025-04-01 05:56:02] production.INFO: Scheduler Now working  
[2025-04-01 05:58:01] production.INFO: Scheduler Now working  
[2025-04-01 06:02:01] production.INFO: Scheduler Now working  
[2025-04-01 06:04:02] production.INFO: Scheduler Now working  
[2025-04-01 06:06:01] production.INFO: Scheduler Now working  
[2025-04-01 06:06:42] production.INFO: Scheduler Now working  
[2025-04-01 06:08:01] production.INFO: Scheduler Now working  
[2025-04-01 06:10:01] production.INFO: Scheduler Now working  
[2025-04-01 06:12:02] production.INFO: Scheduler Now working  
[2025-04-01 06:14:01] production.INFO: Scheduler Now working  
[2025-04-01 06:16:01] production.INFO: Scheduler Now working  
[2025-04-01 06:18:02] production.INFO: Scheduler Now working  
[2025-04-01 06:20:01] production.INFO: Scheduler Now working  
[2025-04-01 06:22:01] production.INFO: Scheduler Now working  
[2025-04-01 06:24:02] production.INFO: Scheduler Now working  
[2025-04-01 06:26:01] production.INFO: Scheduler Now working  
[2025-04-01 06:28:02] production.INFO: Scheduler Now working  
[2025-04-01 06:32:02] production.INFO: Scheduler Now working  
[2025-04-01 06:34:01] production.INFO: Scheduler Now working  
[2025-04-01 06:36:02] production.INFO: Scheduler Now working  
[2025-04-01 06:36:40] production.INFO: Scheduler Now working  
[2025-04-01 06:38:01] production.INFO: Scheduler Now working  
[2025-04-01 06:40:02] production.INFO: Scheduler Now working  
[2025-04-01 06:42:01] production.INFO: Scheduler Now working  
[2025-04-01 06:44:01] production.INFO: Scheduler Now working  
[2025-04-01 06:46:02] production.INFO: Scheduler Now working  
[2025-04-01 06:48:01] production.INFO: Scheduler Now working  
[2025-04-01 06:50:01] production.INFO: Scheduler Now working  
[2025-04-01 06:52:02] production.INFO: Scheduler Now working  
[2025-04-01 06:54:01] production.INFO: Scheduler Now working  
[2025-04-01 06:56:02] production.INFO: Scheduler Now working  
[2025-04-01 06:58:01] production.INFO: Scheduler Now working  
[2025-04-01 07:02:01] production.INFO: Scheduler Now working  
[2025-04-01 07:04:01] production.INFO: Scheduler Now working  
[2025-04-01 07:06:02] production.INFO: Scheduler Now working  
[2025-04-01 07:06:45] production.INFO: Scheduler Now working  
[2025-04-01 07:08:01] production.INFO: Scheduler Now working  
[2025-04-01 07:10:01] production.INFO: Scheduler Now working  
[2025-04-01 07:12:02] production.INFO: Scheduler Now working  
[2025-04-01 07:14:01] production.INFO: Scheduler Now working  
[2025-04-01 07:16:02] production.INFO: Scheduler Now working  
[2025-04-01 07:18:01] production.INFO: Scheduler Now working  
[2025-04-01 07:20:01] production.INFO: Scheduler Now working  
[2025-04-01 07:22:02] production.INFO: Scheduler Now working  
[2025-04-01 07:24:01] production.INFO: Scheduler Now working  
[2025-04-01 07:26:01] production.INFO: Scheduler Now working  
[2025-04-01 07:28:02] production.INFO: Scheduler Now working  
[2025-04-01 07:32:01] production.INFO: Scheduler Now working  
[2025-04-01 07:34:01] production.INFO: Scheduler Now working  
[2025-04-01 07:36:02] production.INFO: Scheduler Now working  
[2025-04-01 07:36:40] production.INFO: Scheduler Now working  
[2025-04-01 07:38:01] production.INFO: Scheduler Now working  
[2025-04-01 07:40:01] production.INFO: Scheduler Now working  
[2025-04-01 07:42:02] production.INFO: Scheduler Now working  
[2025-04-01 07:44:01] production.INFO: Scheduler Now working  
[2025-04-01 07:46:01] production.INFO: Scheduler Now working  
[2025-04-01 07:48:02] production.INFO: Scheduler Now working  
[2025-04-01 07:50:01] production.INFO: Scheduler Now working  
[2025-04-01 07:52:01] production.INFO: Scheduler Now working  
[2025-04-01 07:54:02] production.INFO: Scheduler Now working  
[2025-04-01 07:56:01] production.INFO: Scheduler Now working  
[2025-04-01 07:58:02] production.INFO: Scheduler Now working  
[2025-04-01 08:02:02] production.INFO: Scheduler Now working  
[2025-04-01 08:04:01] production.INFO: Scheduler Now working  
[2025-04-01 08:06:02] production.INFO: Scheduler Now working  
[2025-04-01 08:06:49] production.INFO: Scheduler Now working  
[2025-04-01 08:08:01] production.INFO: Scheduler Now working  
[2025-04-01 08:10:02] production.INFO: Scheduler Now working  
[2025-04-01 08:12:02] production.INFO: Scheduler Now working  
[2025-04-01 08:14:01] production.INFO: Scheduler Now working  
[2025-04-01 08:16:02] production.INFO: Scheduler Now working  
[2025-04-01 08:18:01] production.INFO: Scheduler Now working  
[2025-04-01 08:20:01] production.INFO: Scheduler Now working  
[2025-04-01 08:22:02] production.INFO: Scheduler Now working  
[2025-04-01 08:24:01] production.INFO: Scheduler Now working  
[2025-04-01 08:26:01] production.INFO: Scheduler Now working  
[2025-04-01 08:28:02] production.INFO: Scheduler Now working  
[2025-04-01 08:32:01] production.INFO: Scheduler Now working  
[2025-04-01 08:34:01] production.INFO: Scheduler Now working  
[2025-04-01 08:36:02] production.INFO: Scheduler Now working  
[2025-04-01 08:36:44] production.INFO: Scheduler Now working  
[2025-04-01 08:38:02] production.INFO: Scheduler Now working  
[2025-04-01 08:40:01] production.INFO: Scheduler Now working  
[2025-04-01 08:42:02] production.INFO: Scheduler Now working  
[2025-04-01 08:44:01] production.INFO: Scheduler Now working  
[2025-04-01 08:46:01] production.INFO: Scheduler Now working  
[2025-04-01 08:48:02] production.INFO: Scheduler Now working  
[2025-04-01 08:50:01] production.INFO: Scheduler Now working  
[2025-04-01 08:52:01] production.INFO: Scheduler Now working  
[2025-04-01 08:54:01] production.INFO: Scheduler Now working  
[2025-04-01 08:56:02] production.INFO: Scheduler Now working  
[2025-04-01 08:58:01] production.INFO: Scheduler Now working  
[2025-04-01 09:02:01] production.INFO: Scheduler Now working  
[2025-04-01 09:04:02] production.INFO: Scheduler Now working  
[2025-04-01 09:06:01] production.INFO: Scheduler Now working  
[2025-04-01 09:06:52] production.INFO: Scheduler Now working  
[2025-04-01 09:08:01] production.INFO: Scheduler Now working  
[2025-04-01 09:10:01] production.INFO: Scheduler Now working  
[2025-04-01 09:12:02] production.INFO: Scheduler Now working  
[2025-04-01 09:14:01] production.INFO: Scheduler Now working  
[2025-04-01 09:16:01] production.INFO: Scheduler Now working  
[2025-04-01 09:18:02] production.INFO: Scheduler Now working  
[2025-04-01 09:20:01] production.INFO: Scheduler Now working  
[2025-04-01 09:22:01] production.INFO: Scheduler Now working  
[2025-04-01 09:24:02] production.INFO: Scheduler Now working  
[2025-04-01 09:26:01] production.INFO: Scheduler Now working  
[2025-04-01 09:28:02] production.INFO: Scheduler Now working  
[2025-04-01 09:32:02] production.INFO: Scheduler Now working  
[2025-04-01 09:34:01] production.INFO: Scheduler Now working  
[2025-04-01 09:36:01] production.INFO: Scheduler Now working  
[2025-04-01 09:36:59] production.INFO: Scheduler Now working  
[2025-04-01 09:38:02] production.INFO: Scheduler Now working  
[2025-04-01 09:40:01] production.INFO: Scheduler Now working  
[2025-04-01 09:42:02] production.INFO: Scheduler Now working  
[2025-04-01 09:44:02] production.INFO: Scheduler Now working  
[2025-04-01 09:46:01] production.INFO: Scheduler Now working  
[2025-04-01 09:48:02] production.INFO: Scheduler Now working  
[2025-04-01 09:50:01] production.INFO: Scheduler Now working  
[2025-04-01 09:52:01] production.INFO: Scheduler Now working  
[2025-04-01 09:54:02] production.INFO: Scheduler Now working  
[2025-04-01 09:56:01] production.INFO: Scheduler Now working  
[2025-04-01 09:58:01] production.INFO: Scheduler Now working  
[2025-04-01 10:02:02] production.INFO: Scheduler Now working  
[2025-04-01 10:04:01] production.INFO: Scheduler Now working  
[2025-04-01 10:06:01] production.INFO: Scheduler Now working  
[2025-04-01 10:07:00] production.INFO: Scheduler Now working  
[2025-04-01 10:08:01] production.INFO: Scheduler Now working  
[2025-04-01 10:10:02] production.INFO: Scheduler Now working  
[2025-04-01 10:12:01] production.INFO: Scheduler Now working  
[2025-04-01 10:14:02] production.INFO: Scheduler Now working  
[2025-04-01 10:16:01] production.INFO: Scheduler Now working  
[2025-04-01 10:18:01] production.INFO: Scheduler Now working  
[2025-04-01 10:20:02] production.INFO: Scheduler Now working  
[2025-04-01 10:22:01] production.INFO: Scheduler Now working  
[2025-04-01 10:24:01] production.INFO: Scheduler Now working  
[2025-04-01 10:26:02] production.INFO: Scheduler Now working  
[2025-04-01 10:28:01] production.INFO: Scheduler Now working  
[2025-04-01 10:32:01] production.INFO: Scheduler Now working  
[2025-04-01 10:34:02] production.INFO: Scheduler Now working  
[2025-04-01 10:36:01] production.INFO: Scheduler Now working  
[2025-04-01 10:36:55] production.INFO: Scheduler Now working  
[2025-04-01 10:38:01] production.INFO: Scheduler Now working  
[2025-04-01 10:40:01] production.INFO: Scheduler Now working  
[2025-04-01 10:42:02] production.INFO: Scheduler Now working  
[2025-04-01 10:44:01] production.INFO: Scheduler Now working  
[2025-04-01 10:46:01] production.INFO: Scheduler Now working  
[2025-04-01 10:48:02] production.INFO: Scheduler Now working  
[2025-04-01 10:50:01] production.INFO: Scheduler Now working  
[2025-04-01 10:52:02] production.INFO: Scheduler Now working  
[2025-04-01 10:54:01] production.INFO: Scheduler Now working  
[2025-04-01 10:56:01] production.INFO: Scheduler Now working  
[2025-04-01 10:58:02] production.INFO: Scheduler Now working  
[2025-04-01 11:02:02] production.INFO: Scheduler Now working  
[2025-04-01 11:04:01] production.INFO: Scheduler Now working  
[2025-04-01 11:06:02] production.INFO: Scheduler Now working  
[2025-04-01 11:06:56] production.INFO: Scheduler Now working  
[2025-04-01 11:08:02] production.INFO: Scheduler Now working  
[2025-04-01 11:10:01] production.INFO: Scheduler Now working  
[2025-04-01 11:12:01] production.INFO: Scheduler Now working  
[2025-04-01 11:14:01] production.INFO: Scheduler Now working  
[2025-04-01 11:16:01] production.INFO: Scheduler Now working  
[2025-04-01 11:18:02] production.INFO: Scheduler Now working  
[2025-04-01 11:20:01] production.INFO: Scheduler Now working  
[2025-04-01 11:22:01] production.INFO: Scheduler Now working  
[2025-04-01 11:24:02] production.INFO: Scheduler Now working  
[2025-04-01 11:26:01] production.INFO: Scheduler Now working  
[2025-04-01 11:28:01] production.INFO: Scheduler Now working  
[2025-04-01 11:32:02] production.INFO: Scheduler Now working  
[2025-04-01 11:34:01] production.INFO: Scheduler Now working  
[2025-04-01 11:36:01] production.INFO: Scheduler Now working  
[2025-04-01 11:37:00] production.INFO: Scheduler Now working  
[2025-04-01 11:38:01] production.INFO: Scheduler Now working  
[2025-04-01 11:40:02] production.INFO: Scheduler Now working  
[2025-04-01 11:42:01] production.INFO: Scheduler Now working  
[2025-04-01 11:44:01] production.INFO: Scheduler Now working  
[2025-04-01 11:46:02] production.INFO: Scheduler Now working  
[2025-04-01 11:48:01] production.INFO: Scheduler Now working  
[2025-04-01 11:50:01] production.INFO: Scheduler Now working  
[2025-04-01 11:52:02] production.INFO: Scheduler Now working  
[2025-04-01 11:54:01] production.INFO: Scheduler Now working  
[2025-04-01 11:56:02] production.INFO: Scheduler Now working  
[2025-04-01 11:58:01] production.INFO: Scheduler Now working  
[2025-04-01 12:02:01] production.INFO: Scheduler Now working  
[2025-04-01 12:04:01] production.INFO: Scheduler Now working  
[2025-04-01 12:06:02] production.INFO: Scheduler Now working  
[2025-04-01 12:06:53] production.INFO: Scheduler Now working  
[2025-04-01 12:08:01] production.INFO: Scheduler Now working  
[2025-04-01 12:10:02] production.INFO: Scheduler Now working  
[2025-04-01 12:12:01] production.INFO: Scheduler Now working  
[2025-04-01 12:14:02] production.INFO: Scheduler Now working  
[2025-04-01 12:16:01] production.INFO: Scheduler Now working  
[2025-04-01 12:18:01] production.INFO: Scheduler Now working  
[2025-04-01 12:20:02] production.INFO: Scheduler Now working  
[2025-04-01 12:22:01] production.INFO: Scheduler Now working  
[2025-04-01 12:24:01] production.INFO: Scheduler Now working  
[2025-04-01 12:26:02] production.INFO: Scheduler Now working  
[2025-04-01 12:28:01] production.INFO: Scheduler Now working  
[2025-04-01 12:32:01] production.INFO: Scheduler Now working  
[2025-04-01 12:34:02] production.INFO: Scheduler Now working  
[2025-04-01 12:36:01] production.INFO: Scheduler Now working  
[2025-04-01 12:36:57] production.INFO: Scheduler Now working  
[2025-04-01 12:38:01] production.INFO: Scheduler Now working  
[2025-04-01 12:40:02] production.INFO: Scheduler Now working  
[2025-04-01 12:42:01] production.INFO: Scheduler Now working  
[2025-04-01 12:44:01] production.INFO: Scheduler Now working  
[2025-04-01 12:46:02] production.INFO: Scheduler Now working  
[2025-04-01 12:48:01] production.INFO: Scheduler Now working  
[2025-04-01 12:50:02] production.INFO: Scheduler Now working  
[2025-04-01 12:52:01] production.INFO: Scheduler Now working  
[2025-04-01 12:54:01] production.INFO: Scheduler Now working  
[2025-04-01 12:56:02] production.INFO: Scheduler Now working  
[2025-04-01 12:58:01] production.INFO: Scheduler Now working  
[2025-04-01 13:02:01] production.INFO: Scheduler Now working  
[2025-04-01 13:04:02] production.INFO: Scheduler Now working  
[2025-04-01 13:06:01] production.INFO: Scheduler Now working  
[2025-04-01 13:06:52] production.INFO: Scheduler Now working  
[2025-04-01 13:08:01] production.INFO: Scheduler Now working  
[2025-04-01 13:10:02] production.INFO: Scheduler Now working  
[2025-04-01 13:12:01] production.INFO: Scheduler Now working  
[2025-04-01 13:14:01] production.INFO: Scheduler Now working  
[2025-04-01 13:16:02] production.INFO: Scheduler Now working  
[2025-04-01 13:18:01] production.INFO: Scheduler Now working  
[2025-04-01 13:20:02] production.INFO: Scheduler Now working  
[2025-04-01 13:22:01] production.INFO: Scheduler Now working  
[2025-04-01 13:24:01] production.INFO: Scheduler Now working  
[2025-04-01 13:26:02] production.INFO: Scheduler Now working  
[2025-04-01 13:28:01] production.INFO: Scheduler Now working  
[2025-04-01 13:32:01] production.INFO: Scheduler Now working  
[2025-04-01 13:34:02] production.INFO: Scheduler Now working  
[2025-04-01 13:36:01] production.INFO: Scheduler Now working  
[2025-04-01 13:36:56] production.INFO: Scheduler Now working  
[2025-04-01 13:38:01] production.INFO: Scheduler Now working  
[2025-04-01 13:40:02] production.INFO: Scheduler Now working  
[2025-04-01 13:42:01] production.INFO: Scheduler Now working  
[2025-04-01 13:44:01] production.INFO: Scheduler Now working  
[2025-04-01 13:46:02] production.INFO: Scheduler Now working  
[2025-04-01 13:48:01] production.INFO: Scheduler Now working  
[2025-04-01 13:50:01] production.INFO: Scheduler Now working  
[2025-04-01 13:52:02] production.INFO: Scheduler Now working  
[2025-04-01 13:54:01] production.INFO: Scheduler Now working  
[2025-04-01 13:56:02] production.INFO: Scheduler Now working  
[2025-04-01 13:58:01] production.INFO: Scheduler Now working  
[2025-04-01 14:02:01] production.INFO: Scheduler Now working  
[2025-04-01 14:04:02] production.INFO: Scheduler Now working  
[2025-04-01 14:06:01] production.INFO: Scheduler Now working  
[2025-04-01 14:06:52] production.INFO: Scheduler Now working  
[2025-04-01 14:08:01] production.INFO: Scheduler Now working  
[2025-04-01 14:10:01] production.INFO: Scheduler Now working  
[2025-04-01 14:12:02] production.INFO: Scheduler Now working  
[2025-04-01 14:14:01] production.INFO: Scheduler Now working  
[2025-04-01 14:16:01] production.INFO: Scheduler Now working  
[2025-04-01 14:18:02] production.INFO: Scheduler Now working  
[2025-04-01 14:20:01] production.INFO: Scheduler Now working  
[2025-04-01 14:22:01] production.INFO: Scheduler Now working  
[2025-04-01 14:24:02] production.INFO: Scheduler Now working  
[2025-04-01 14:26:01] production.INFO: Scheduler Now working  
[2025-04-01 14:28:02] production.INFO: Scheduler Now working  
[2025-04-01 14:32:02] production.INFO: Scheduler Now working  
[2025-04-01 14:34:01] production.INFO: Scheduler Now working  
[2025-04-01 14:36:01] production.INFO: Scheduler Now working  
[2025-04-01 14:36:51] production.INFO: Scheduler Now working  
[2025-04-01 14:38:01] production.INFO: Scheduler Now working  
[2025-04-01 14:40:02] production.INFO: Scheduler Now working  
[2025-04-01 14:42:01] production.INFO: Scheduler Now working  
[2025-04-01 14:44:01] production.INFO: Scheduler Now working  
[2025-04-01 14:46:02] production.INFO: Scheduler Now working  
[2025-04-01 14:48:01] production.INFO: Scheduler Now working  
[2025-04-01 14:50:01] production.INFO: Scheduler Now working  
[2025-04-01 14:52:02] production.INFO: Scheduler Now working  
[2025-04-01 14:54:01] production.INFO: Scheduler Now working  
[2025-04-01 14:56:02] production.INFO: Scheduler Now working  
[2025-04-01 14:58:01] production.INFO: Scheduler Now working  
[2025-04-01 15:02:01] production.INFO: Scheduler Now working  
[2025-04-01 15:04:01] production.INFO: Scheduler Now working  
[2025-04-01 15:06:02] production.INFO: Scheduler Now working  
[2025-04-01 15:06:54] production.INFO: Scheduler Now working  
[2025-04-01 15:08:02] production.INFO: Scheduler Now working  
[2025-04-01 15:10:01] production.INFO: Scheduler Now working  
[2025-04-01 15:12:02] production.INFO: Scheduler Now working  
[2025-04-01 15:14:01] production.INFO: Scheduler Now working  
[2025-04-01 15:16:01] production.INFO: Scheduler Now working  
[2025-04-01 15:18:02] production.INFO: Scheduler Now working  
[2025-04-01 15:20:01] production.INFO: Scheduler Now working  
[2025-04-01 15:22:01] production.INFO: Scheduler Now working  
[2025-04-01 15:24:02] production.INFO: Scheduler Now working  
[2025-04-01 15:26:01] production.INFO: Scheduler Now working  
[2025-04-01 15:28:01] production.INFO: Scheduler Now working  
[2025-04-01 15:32:02] production.INFO: Scheduler Now working  
[2025-04-01 15:34:01] production.INFO: Scheduler Now working  
[2025-04-01 15:36:01] production.INFO: Scheduler Now working  
[2025-04-01 15:36:54] production.INFO: Scheduler Now working  
[2025-04-01 15:38:02] production.INFO: Scheduler Now working  
[2025-04-01 15:40:01] production.INFO: Scheduler Now working  
[2025-04-01 15:42:01] production.INFO: Scheduler Now working  
[2025-04-01 15:44:02] production.INFO: Scheduler Now working  
[2025-04-01 15:46:01] production.INFO: Scheduler Now working  
[2025-04-01 15:48:01] production.INFO: Scheduler Now working  
[2025-04-01 15:50:02] production.INFO: Scheduler Now working  
[2025-04-01 15:52:01] production.INFO: Scheduler Now working  
[2025-04-01 15:54:01] production.INFO: Scheduler Now working  
[2025-04-01 15:56:02] production.INFO: Scheduler Now working  
[2025-04-01 15:58:01] production.INFO: Scheduler Now working  
[2025-04-01 16:02:01] production.INFO: Scheduler Now working  
[2025-04-01 16:04:02] production.INFO: Scheduler Now working  
[2025-04-01 16:06:01] production.INFO: Scheduler Now working  
[2025-04-01 16:06:55] production.INFO: Scheduler Now working  
[2025-04-01 16:08:01] production.INFO: Scheduler Now working  
[2025-04-01 16:10:02] production.INFO: Scheduler Now working  
[2025-04-01 16:12:01] production.INFO: Scheduler Now working  
[2025-04-01 16:14:02] production.INFO: Scheduler Now working  
[2025-04-01 16:16:01] production.INFO: Scheduler Now working  
[2025-04-01 16:18:01] production.INFO: Scheduler Now working  
[2025-04-01 16:20:02] production.INFO: Scheduler Now working  
[2025-04-01 16:22:01] production.INFO: Scheduler Now working  
[2025-04-01 16:24:01] production.INFO: Scheduler Now working  
[2025-04-01 16:26:02] production.INFO: Scheduler Now working  
[2025-04-01 16:28:01] production.INFO: Scheduler Now working  
[2025-04-01 16:32:01] production.INFO: Scheduler Now working  
[2025-04-01 16:34:02] production.INFO: Scheduler Now working  
[2025-04-01 16:36:01] production.INFO: Scheduler Now working  
[2025-04-01 16:36:52] production.INFO: Scheduler Now working  
[2025-04-01 16:38:01] production.INFO: Scheduler Now working  
[2025-04-01 16:40:02] production.INFO: Scheduler Now working  
[2025-04-01 16:42:01] production.INFO: Scheduler Now working  
[2025-04-01 16:44:01] production.INFO: Scheduler Now working  
[2025-04-01 16:46:02] production.INFO: Scheduler Now working  
[2025-04-01 16:48:01] production.INFO: Scheduler Now working  
[2025-04-01 16:50:02] production.INFO: Scheduler Now working  
[2025-04-01 16:52:02] production.INFO: Scheduler Now working  
[2025-04-01 16:54:01] production.INFO: Scheduler Now working  
[2025-04-01 16:56:02] production.INFO: Scheduler Now working  
[2025-04-01 16:58:01] production.INFO: Scheduler Now working  
[2025-04-01 17:02:01] production.INFO: Scheduler Now working  
[2025-04-01 17:04:01] production.INFO: Scheduler Now working  
[2025-04-01 17:06:02] production.INFO: Scheduler Now working  
[2025-04-01 17:06:58] production.INFO: Scheduler Now working  
[2025-04-01 17:08:01] production.INFO: Scheduler Now working  
[2025-04-01 17:10:02] production.INFO: Scheduler Now working  
[2025-04-01 17:12:01] production.INFO: Scheduler Now working  
[2025-04-01 17:14:01] production.INFO: Scheduler Now working  
[2025-04-01 17:16:02] production.INFO: Scheduler Now working  
[2025-04-01 17:18:01] production.INFO: Scheduler Now working  
[2025-04-01 17:20:02] production.INFO: Scheduler Now working  
[2025-04-01 17:22:02] production.INFO: Scheduler Now working  
[2025-04-01 17:24:01] production.INFO: Scheduler Now working  
[2025-04-01 17:26:02] production.INFO: Scheduler Now working  
[2025-04-01 17:28:01] production.INFO: Scheduler Now working  
[2025-04-01 17:32:01] production.INFO: Scheduler Now working  
[2025-04-01 17:34:01] production.INFO: Scheduler Now working  
[2025-04-01 17:36:02] production.INFO: Scheduler Now working  
[2025-04-01 17:36:53] production.INFO: Scheduler Now working  
[2025-04-01 17:38:02] production.INFO: Scheduler Now working  
[2025-04-01 17:40:01] production.INFO: Scheduler Now working  
[2025-04-01 17:42:01] production.INFO: Scheduler Now working  
[2025-04-01 17:44:02] production.INFO: Scheduler Now working  
[2025-04-01 17:46:01] production.INFO: Scheduler Now working  
[2025-04-01 17:48:02] production.INFO: Scheduler Now working  
[2025-04-01 17:50:01] production.INFO: Scheduler Now working  
[2025-04-01 17:52:01] production.INFO: Scheduler Now working  
[2025-04-01 17:54:02] production.INFO: Scheduler Now working  
[2025-04-01 17:56:01] production.INFO: Scheduler Now working  
[2025-04-01 17:58:01] production.INFO: Scheduler Now working  
[2025-04-01 18:02:02] production.INFO: Scheduler Now working  
[2025-04-01 18:04:01] production.INFO: Scheduler Now working  
[2025-04-01 18:06:01] production.INFO: Scheduler Now working  
[2025-04-01 18:07:01] production.INFO: Scheduler Now working  
[2025-04-01 18:08:01] production.INFO: Scheduler Now working  
[2025-04-01 18:10:01] production.INFO: Scheduler Now working  
[2025-04-01 18:12:02] production.INFO: Scheduler Now working  
[2025-04-01 18:14:01] production.INFO: Scheduler Now working  
[2025-04-01 18:16:01] production.INFO: Scheduler Now working  
[2025-04-01 18:18:02] production.INFO: Scheduler Now working  
[2025-04-01 18:20:01] production.INFO: Scheduler Now working  
[2025-04-01 18:22:01] production.INFO: Scheduler Now working  
[2025-04-01 18:24:02] production.INFO: Scheduler Now working  
[2025-04-01 18:26:01] production.INFO: Scheduler Now working  
[2025-04-01 18:28:02] production.INFO: Scheduler Now working  
[2025-04-01 18:32:02] production.INFO: Scheduler Now working  
[2025-04-01 18:34:01] production.INFO: Scheduler Now working  
[2025-04-01 18:36:01] production.INFO: Scheduler Now working  
[2025-04-01 18:36:54] production.INFO: Scheduler Now working  
[2025-04-01 18:38:02] production.INFO: Scheduler Now working  
[2025-04-01 18:40:01] production.INFO: Scheduler Now working  
[2025-04-01 18:42:01] production.INFO: Scheduler Now working  
[2025-04-01 18:44:02] production.INFO: Scheduler Now working  
[2025-04-01 18:46:01] production.INFO: Scheduler Now working  
[2025-04-01 18:48:01] production.INFO: Scheduler Now working  
[2025-04-01 18:50:02] production.INFO: Scheduler Now working  
[2025-04-01 18:52:01] production.INFO: Scheduler Now working  
[2025-04-01 18:54:01] production.INFO: Scheduler Now working  
[2025-04-01 18:56:02] production.INFO: Scheduler Now working  
[2025-04-01 18:58:01] production.INFO: Scheduler Now working  
[2025-04-01 19:02:01] production.INFO: Scheduler Now working  
[2025-04-01 19:04:02] production.INFO: Scheduler Now working  
[2025-04-01 19:06:01] production.INFO: Scheduler Now working  
[2025-04-01 19:06:49] production.INFO: Scheduler Now working  
[2025-04-01 19:08:01] production.INFO: Scheduler Now working  
[2025-04-01 19:10:01] production.INFO: Scheduler Now working  
[2025-04-01 19:12:02] production.INFO: Scheduler Now working  
[2025-04-01 19:14:01] production.INFO: Scheduler Now working  
[2025-04-01 19:16:01] production.INFO: Scheduler Now working  
[2025-04-01 19:18:02] production.INFO: Scheduler Now working  
[2025-04-01 19:20:01] production.INFO: Scheduler Now working  
[2025-04-01 19:22:01] production.INFO: Scheduler Now working  
[2025-04-01 19:24:02] production.INFO: Scheduler Now working  
[2025-04-01 19:26:01] production.INFO: Scheduler Now working  
[2025-04-01 19:28:01] production.INFO: Scheduler Now working  
[2025-04-01 19:32:02] production.INFO: Scheduler Now working  
[2025-04-01 19:34:01] production.INFO: Scheduler Now working  
[2025-04-01 19:36:01] production.INFO: Scheduler Now working  
[2025-04-01 19:36:48] production.INFO: Scheduler Now working  
[2025-04-01 19:38:02] production.INFO: Scheduler Now working  
[2025-04-01 19:40:01] production.INFO: Scheduler Now working  
[2025-04-01 19:42:01] production.INFO: Scheduler Now working  
[2025-04-01 19:44:02] production.INFO: Scheduler Now working  
[2025-04-01 19:46:01] production.INFO: Scheduler Now working  
[2025-04-01 19:48:02] production.INFO: Scheduler Now working  
[2025-04-01 19:50:02] production.INFO: Scheduler Now working  
[2025-04-01 19:52:01] production.INFO: Scheduler Now working  
[2025-04-01 19:54:02] production.INFO: Scheduler Now working  
[2025-04-01 19:56:01] production.INFO: Scheduler Now working  
[2025-04-01 19:58:01] production.INFO: Scheduler Now working  
[2025-04-01 20:02:02] production.INFO: Scheduler Now working  
[2025-04-01 20:04:02] production.INFO: Scheduler Now working  
[2025-04-01 20:06:01] production.INFO: Scheduler Now working  
[2025-04-01 20:06:57] production.INFO: Scheduler Now working  
[2025-04-01 20:08:01] production.INFO: Scheduler Now working  
[2025-04-01 20:10:01] production.INFO: Scheduler Now working  
[2025-04-01 20:12:02] production.INFO: Scheduler Now working  
[2025-04-01 20:14:01] production.INFO: Scheduler Now working  
[2025-04-01 20:16:01] production.INFO: Scheduler Now working  
[2025-04-01 20:18:02] production.INFO: Scheduler Now working  
[2025-04-01 20:20:01] production.INFO: Scheduler Now working  
[2025-04-01 20:21:27] production.INFO: array (
  0 => '[]',
)  
[2025-04-01 20:21:27] production.ERROR: Undefined array key "authorization" {"exception":"[object] (ErrorException(code: 0): Undefined array key \"authorization\" at /var/www/groscope/app/Http/Controllers/Admin/WebHookController.php:18)
[stacktrace]
#0 /var/www/groscope/vendor/laravel/framework/src/Illuminate/Foundation/Bootstrap/HandleExceptions.php(255): Illuminate\\Foundation\\Bootstrap\\HandleExceptions->handleError()
#1 /var/www/groscope/app/Http/Controllers/Admin/WebHookController.php(18): Illuminate\\Foundation\\Bootstrap\\HandleExceptions->Illuminate\\Foundation\\Bootstrap\\{closure}()
#2 /var/www/groscope/vendor/laravel/framework/src/Illuminate/Routing/Controller.php(54): App\\Http\\Controllers\\Admin\\WebHookController->phonePeCallBack()
#3 /var/www/groscope/vendor/laravel/framework/src/Illuminate/Routing/ControllerDispatcher.php(43): Illuminate\\Routing\\Controller->callAction()
#4 /var/www/groscope/vendor/laravel/framework/src/Illuminate/Routing/Route.php(259): Illuminate\\Routing\\ControllerDispatcher->dispatch()
#5 /var/www/groscope/vendor/laravel/framework/src/Illuminate/Routing/Route.php(205): Illuminate\\Routing\\Route->runController()
#6 /var/www/groscope/vendor/laravel/framework/src/Illuminate/Routing/Router.php(806): Illuminate\\Routing\\Route->run()
#7 /var/www/groscope/vendor/laravel/framework/src/Illuminate/Pipeline/Pipeline.php(144): Illuminate\\Routing\\Router->Illuminate\\Routing\\{closure}()
#8 /var/www/groscope/app/Http/Middleware/CheckLoginSessionMiddleware.php(29): Illuminate\\Pipeline\\Pipeline->Illuminate\\Pipeline\\{closure}()
#9 /var/www/groscope/vendor/laravel/framework/src/Illuminate/Pipeline/Pipeline.php(183): App\\Http\\Middleware\\CheckLoginSessionMiddleware->handle()
#10 /var/www/groscope/app/Http/Middleware/SessionTimeOutHandleMiddleware.php(39): Illuminate\\Pipeline\\Pipeline->Illuminate\\Pipeline\\{closure}()
#11 /var/www/groscope/vendor/laravel/framework/src/Illuminate/Pipeline/Pipeline.php(183): App\\Http\\Middleware\\SessionTimeOutHandleMiddleware->handle()
#12 /var/www/groscope/vendor/laravel/framework/src/Illuminate/Routing/Middleware/SubstituteBindings.php(50): Illuminate\\Pipeline\\Pipeline->Illuminate\\Pipeline\\{closure}()
#13 /var/www/groscope/vendor/laravel/framework/src/Illuminate/Pipeline/Pipeline.php(183): Illuminate\\Routing\\Middleware\\SubstituteBindings->handle()
#14 /var/www/groscope/vendor/laravel/framework/src/Illuminate/View/Middleware/ShareErrorsFromSession.php(49): Illuminate\\Pipeline\\Pipeline->Illuminate\\Pipeline\\{closure}()
#15 /var/www/groscope/vendor/laravel/framework/src/Illuminate/Pipeline/Pipeline.php(183): Illuminate\\View\\Middleware\\ShareErrorsFromSession->handle()
#16 /var/www/groscope/vendor/laravel/framework/src/Illuminate/Session/Middleware/StartSession.php(121): Illuminate\\Pipeline\\Pipeline->Illuminate\\Pipeline\\{closure}()
#17 /var/www/groscope/vendor/laravel/framework/src/Illuminate/Session/Middleware/StartSession.php(64): Illuminate\\Session\\Middleware\\StartSession->handleStatefulRequest()
#18 /var/www/groscope/vendor/laravel/framework/src/Illuminate/Pipeline/Pipeline.php(183): Illuminate\\Session\\Middleware\\StartSession->handle()
#19 /var/www/groscope/vendor/laravel/framework/src/Illuminate/Cookie/Middleware/AddQueuedCookiesToResponse.php(37): Illuminate\\Pipeline\\Pipeline->Illuminate\\Pipeline\\{closure}()
#20 /var/www/groscope/vendor/laravel/framework/src/Illuminate/Pipeline/Pipeline.php(183): Illuminate\\Cookie\\Middleware\\AddQueuedCookiesToResponse->handle()
#21 /var/www/groscope/vendor/laravel/framework/src/Illuminate/Cookie/Middleware/EncryptCookies.php(67): Illuminate\\Pipeline\\Pipeline->Illuminate\\Pipeline\\{closure}()
#22 /var/www/groscope/vendor/laravel/framework/src/Illuminate/Pipeline/Pipeline.php(183): Illuminate\\Cookie\\Middleware\\EncryptCookies->handle()
#23 /var/www/groscope/vendor/laravel/framework/src/Illuminate/Pipeline/Pipeline.php(119): Illuminate\\Pipeline\\Pipeline->Illuminate\\Pipeline\\{closure}()
#24 /var/www/groscope/vendor/laravel/framework/src/Illuminate/Routing/Router.php(805): Illuminate\\Pipeline\\Pipeline->then()
#25 /var/www/groscope/vendor/laravel/framework/src/Illuminate/Routing/Router.php(784): Illuminate\\Routing\\Router->runRouteWithinStack()
#26 /var/www/groscope/vendor/laravel/framework/src/Illuminate/Routing/Router.php(748): Illuminate\\Routing\\Router->runRoute()
#27 /var/www/groscope/vendor/laravel/framework/src/Illuminate/Routing/Router.php(737): Illuminate\\Routing\\Router->dispatchToRoute()
#28 /var/www/groscope/vendor/laravel/framework/src/Illuminate/Foundation/Http/Kernel.php(200): Illuminate\\Routing\\Router->dispatch()
#29 /var/www/groscope/vendor/laravel/framework/src/Illuminate/Pipeline/Pipeline.php(144): Illuminate\\Foundation\\Http\\Kernel->Illuminate\\Foundation\\Http\\{closure}()
#30 /var/www/groscope/vendor/livewire/livewire/src/Features/SupportDisablingBackButtonCache/DisableBackButtonCacheMiddleware.php(19): Illuminate\\Pipeline\\Pipeline->Illuminate\\Pipeline\\{closure}()
#31 /var/www/groscope/vendor/laravel/framework/src/Illuminate/Pipeline/Pipeline.php(183): Livewire\\Features\\SupportDisablingBackButtonCache\\DisableBackButtonCacheMiddleware->handle()
#32 /var/www/groscope/vendor/laravel/framework/src/Illuminate/Foundation/Http/Middleware/TransformsRequest.php(21): Illuminate\\Pipeline\\Pipeline->Illuminate\\Pipeline\\{closure}()
#33 /var/www/groscope/vendor/laravel/framework/src/Illuminate/Foundation/Http/Middleware/ConvertEmptyStringsToNull.php(31): Illuminate\\Foundation\\Http\\Middleware\\TransformsRequest->handle()
#34 /var/www/groscope/vendor/laravel/framework/src/Illuminate/Pipeline/Pipeline.php(183): Illuminate\\Foundation\\Http\\Middleware\\ConvertEmptyStringsToNull->handle()
#35 /var/www/groscope/vendor/laravel/framework/src/Illuminate/Foundation/Http/Middleware/TransformsRequest.php(21): Illuminate\\Pipeline\\Pipeline->Illuminate\\Pipeline\\{closure}()
#36 /var/www/groscope/vendor/laravel/framework/src/Illuminate/Foundation/Http/Middleware/TrimStrings.php(40): Illuminate\\Foundation\\Http\\Middleware\\TransformsRequest->handle()
#37 /var/www/groscope/vendor/laravel/framework/src/Illuminate/Pipeline/Pipeline.php(183): Illuminate\\Foundation\\Http\\Middleware\\TrimStrings->handle()
#38 /var/www/groscope/vendor/laravel/framework/src/Illuminate/Foundation/Http/Middleware/ValidatePostSize.php(27): Illuminate\\Pipeline\\Pipeline->Illuminate\\Pipeline\\{closure}()
#39 /var/www/groscope/vendor/laravel/framework/src/Illuminate/Pipeline/Pipeline.php(183): Illuminate\\Foundation\\Http\\Middleware\\ValidatePostSize->handle()
#40 /var/www/groscope/vendor/laravel/framework/src/Illuminate/Foundation/Http/Middleware/PreventRequestsDuringMaintenance.php(99): Illuminate\\Pipeline\\Pipeline->Illuminate\\Pipeline\\{closure}()
#41 /var/www/groscope/vendor/laravel/framework/src/Illuminate/Pipeline/Pipeline.php(183): Illuminate\\Foundation\\Http\\Middleware\\PreventRequestsDuringMaintenance->handle()
#42 /var/www/groscope/vendor/laravel/framework/src/Illuminate/Http/Middleware/HandleCors.php(49): Illuminate\\Pipeline\\Pipeline->Illuminate\\Pipeline\\{closure}()
#43 /var/www/groscope/vendor/laravel/framework/src/Illuminate/Pipeline/Pipeline.php(183): Illuminate\\Http\\Middleware\\HandleCors->handle()
#44 /var/www/groscope/vendor/laravel/framework/src/Illuminate/Http/Middleware/TrustProxies.php(39): Illuminate\\Pipeline\\Pipeline->Illuminate\\Pipeline\\{closure}()
#45 /var/www/groscope/vendor/laravel/framework/src/Illuminate/Pipeline/Pipeline.php(183): Illuminate\\Http\\Middleware\\TrustProxies->handle()
#46 /var/www/groscope/vendor/laravel/framework/src/Illuminate/Pipeline/Pipeline.php(119): Illuminate\\Pipeline\\Pipeline->Illuminate\\Pipeline\\{closure}()
#47 /var/www/groscope/vendor/laravel/framework/src/Illuminate/Foundation/Http/Kernel.php(175): Illuminate\\Pipeline\\Pipeline->then()
#48 /var/www/groscope/vendor/laravel/framework/src/Illuminate/Foundation/Http/Kernel.php(144): Illuminate\\Foundation\\Http\\Kernel->sendRequestThroughRouter()
#49 /var/www/groscope/public/index.php(51): Illuminate\\Foundation\\Http\\Kernel->handle()
#50 {main}
"} 
[2025-04-01 20:22:01] production.INFO: Scheduler Now working  
[2025-04-01 20:24:02] production.INFO: Scheduler Now working  
[2025-04-01 20:25:46] production.INFO: array (
  0 => '{"type":"CHECKOUT_ORDER_FAILED","event":"checkout.order.failed","payload":{"merchantId":"GROSCOONLINE","merchantOrderId":"GROSC473129801063","orderId":"OMO2504012024481870417158","state":"FAILED","amount":1000,"expireAt":1743520488185,"errorCode":"TXN_CANCELLED","detailedErrorCode":"REQUEST_CANCEL_BY_REQUESTER","paymentDetails":[{"transactionId":"OM2504012025407125022332","paymentMode":"UPI_INTENT","timestamp":1743519340746,"amount":1000,"payableAmount":1000,"feeAmount":0,"state":"FAILED","errorCode":"TXN_CANCELLED","detailedErrorCode":"REQUEST_CANCEL_BY_REQUESTER"}]}}',
)  
[2025-04-01 20:25:46] production.ERROR: Undefined array key "rail" {"exception":"[object] (ErrorException(code: 0): Undefined array key \"rail\" at /var/www/groscope/app/Http/Controllers/Admin/WebHookController.php:51)
[stacktrace]
#0 /var/www/groscope/vendor/laravel/framework/src/Illuminate/Foundation/Bootstrap/HandleExceptions.php(255): Illuminate\\Foundation\\Bootstrap\\HandleExceptions->handleError()
#1 /var/www/groscope/app/Http/Controllers/Admin/WebHookController.php(51): Illuminate\\Foundation\\Bootstrap\\HandleExceptions->Illuminate\\Foundation\\Bootstrap\\{closure}()
#2 /var/www/groscope/vendor/laravel/framework/src/Illuminate/Routing/Controller.php(54): App\\Http\\Controllers\\Admin\\WebHookController->phonePeCallBack()
#3 /var/www/groscope/vendor/laravel/framework/src/Illuminate/Routing/ControllerDispatcher.php(43): Illuminate\\Routing\\Controller->callAction()
#4 /var/www/groscope/vendor/laravel/framework/src/Illuminate/Routing/Route.php(259): Illuminate\\Routing\\ControllerDispatcher->dispatch()
#5 /var/www/groscope/vendor/laravel/framework/src/Illuminate/Routing/Route.php(205): Illuminate\\Routing\\Route->runController()
#6 /var/www/groscope/vendor/laravel/framework/src/Illuminate/Routing/Router.php(806): Illuminate\\Routing\\Route->run()
#7 /var/www/groscope/vendor/laravel/framework/src/Illuminate/Pipeline/Pipeline.php(144): Illuminate\\Routing\\Router->Illuminate\\Routing\\{closure}()
#8 /var/www/groscope/app/Http/Middleware/CheckLoginSessionMiddleware.php(29): Illuminate\\Pipeline\\Pipeline->Illuminate\\Pipeline\\{closure}()
#9 /var/www/groscope/vendor/laravel/framework/src/Illuminate/Pipeline/Pipeline.php(183): App\\Http\\Middleware\\CheckLoginSessionMiddleware->handle()
#10 /var/www/groscope/app/Http/Middleware/SessionTimeOutHandleMiddleware.php(39): Illuminate\\Pipeline\\Pipeline->Illuminate\\Pipeline\\{closure}()
#11 /var/www/groscope/vendor/laravel/framework/src/Illuminate/Pipeline/Pipeline.php(183): App\\Http\\Middleware\\SessionTimeOutHandleMiddleware->handle()
#12 /var/www/groscope/vendor/laravel/framework/src/Illuminate/Routing/Middleware/SubstituteBindings.php(50): Illuminate\\Pipeline\\Pipeline->Illuminate\\Pipeline\\{closure}()
#13 /var/www/groscope/vendor/laravel/framework/src/Illuminate/Pipeline/Pipeline.php(183): Illuminate\\Routing\\Middleware\\SubstituteBindings->handle()
#14 /var/www/groscope/vendor/laravel/framework/src/Illuminate/View/Middleware/ShareErrorsFromSession.php(49): Illuminate\\Pipeline\\Pipeline->Illuminate\\Pipeline\\{closure}()
#15 /var/www/groscope/vendor/laravel/framework/src/Illuminate/Pipeline/Pipeline.php(183): Illuminate\\View\\Middleware\\ShareErrorsFromSession->handle()
#16 /var/www/groscope/vendor/laravel/framework/src/Illuminate/Session/Middleware/StartSession.php(121): Illuminate\\Pipeline\\Pipeline->Illuminate\\Pipeline\\{closure}()
#17 /var/www/groscope/vendor/laravel/framework/src/Illuminate/Session/Middleware/StartSession.php(64): Illuminate\\Session\\Middleware\\StartSession->handleStatefulRequest()
#18 /var/www/groscope/vendor/laravel/framework/src/Illuminate/Pipeline/Pipeline.php(183): Illuminate\\Session\\Middleware\\StartSession->handle()
#19 /var/www/groscope/vendor/laravel/framework/src/Illuminate/Cookie/Middleware/AddQueuedCookiesToResponse.php(37): Illuminate\\Pipeline\\Pipeline->Illuminate\\Pipeline\\{closure}()
#20 /var/www/groscope/vendor/laravel/framework/src/Illuminate/Pipeline/Pipeline.php(183): Illuminate\\Cookie\\Middleware\\AddQueuedCookiesToResponse->handle()
#21 /var/www/groscope/vendor/laravel/framework/src/Illuminate/Cookie/Middleware/EncryptCookies.php(67): Illuminate\\Pipeline\\Pipeline->Illuminate\\Pipeline\\{closure}()
#22 /var/www/groscope/vendor/laravel/framework/src/Illuminate/Pipeline/Pipeline.php(183): Illuminate\\Cookie\\Middleware\\EncryptCookies->handle()
#23 /var/www/groscope/vendor/laravel/framework/src/Illuminate/Pipeline/Pipeline.php(119): Illuminate\\Pipeline\\Pipeline->Illuminate\\Pipeline\\{closure}()
#24 /var/www/groscope/vendor/laravel/framework/src/Illuminate/Routing/Router.php(805): Illuminate\\Pipeline\\Pipeline->then()
#25 /var/www/groscope/vendor/laravel/framework/src/Illuminate/Routing/Router.php(784): Illuminate\\Routing\\Router->runRouteWithinStack()
#26 /var/www/groscope/vendor/laravel/framework/src/Illuminate/Routing/Router.php(748): Illuminate\\Routing\\Router->runRoute()
#27 /var/www/groscope/vendor/laravel/framework/src/Illuminate/Routing/Router.php(737): Illuminate\\Routing\\Router->dispatchToRoute()
#28 /var/www/groscope/vendor/laravel/framework/src/Illuminate/Foundation/Http/Kernel.php(200): Illuminate\\Routing\\Router->dispatch()
#29 /var/www/groscope/vendor/laravel/framework/src/Illuminate/Pipeline/Pipeline.php(144): Illuminate\\Foundation\\Http\\Kernel->Illuminate\\Foundation\\Http\\{closure}()
#30 /var/www/groscope/vendor/livewire/livewire/src/Features/SupportDisablingBackButtonCache/DisableBackButtonCacheMiddleware.php(19): Illuminate\\Pipeline\\Pipeline->Illuminate\\Pipeline\\{closure}()
#31 /var/www/groscope/vendor/laravel/framework/src/Illuminate/Pipeline/Pipeline.php(183): Livewire\\Features\\SupportDisablingBackButtonCache\\DisableBackButtonCacheMiddleware->handle()
#32 /var/www/groscope/vendor/laravel/framework/src/Illuminate/Foundation/Http/Middleware/TransformsRequest.php(21): Illuminate\\Pipeline\\Pipeline->Illuminate\\Pipeline\\{closure}()
#33 /var/www/groscope/vendor/laravel/framework/src/Illuminate/Foundation/Http/Middleware/ConvertEmptyStringsToNull.php(31): Illuminate\\Foundation\\Http\\Middleware\\TransformsRequest->handle()
#34 /var/www/groscope/vendor/laravel/framework/src/Illuminate/Pipeline/Pipeline.php(183): Illuminate\\Foundation\\Http\\Middleware\\ConvertEmptyStringsToNull->handle()
#35 /var/www/groscope/vendor/laravel/framework/src/Illuminate/Foundation/Http/Middleware/TransformsRequest.php(21): Illuminate\\Pipeline\\Pipeline->Illuminate\\Pipeline\\{closure}()
#36 /var/www/groscope/vendor/laravel/framework/src/Illuminate/Foundation/Http/Middleware/TrimStrings.php(40): Illuminate\\Foundation\\Http\\Middleware\\TransformsRequest->handle()
#37 /var/www/groscope/vendor/laravel/framework/src/Illuminate/Pipeline/Pipeline.php(183): Illuminate\\Foundation\\Http\\Middleware\\TrimStrings->handle()
#38 /var/www/groscope/vendor/laravel/framework/src/Illuminate/Foundation/Http/Middleware/ValidatePostSize.php(27): Illuminate\\Pipeline\\Pipeline->Illuminate\\Pipeline\\{closure}()
#39 /var/www/groscope/vendor/laravel/framework/src/Illuminate/Pipeline/Pipeline.php(183): Illuminate\\Foundation\\Http\\Middleware\\ValidatePostSize->handle()
#40 /var/www/groscope/vendor/laravel/framework/src/Illuminate/Foundation/Http/Middleware/PreventRequestsDuringMaintenance.php(99): Illuminate\\Pipeline\\Pipeline->Illuminate\\Pipeline\\{closure}()
#41 /var/www/groscope/vendor/laravel/framework/src/Illuminate/Pipeline/Pipeline.php(183): Illuminate\\Foundation\\Http\\Middleware\\PreventRequestsDuringMaintenance->handle()
#42 /var/www/groscope/vendor/laravel/framework/src/Illuminate/Http/Middleware/HandleCors.php(49): Illuminate\\Pipeline\\Pipeline->Illuminate\\Pipeline\\{closure}()
#43 /var/www/groscope/vendor/laravel/framework/src/Illuminate/Pipeline/Pipeline.php(183): Illuminate\\Http\\Middleware\\HandleCors->handle()
#44 /var/www/groscope/vendor/laravel/framework/src/Illuminate/Http/Middleware/TrustProxies.php(39): Illuminate\\Pipeline\\Pipeline->Illuminate\\Pipeline\\{closure}()
#45 /var/www/groscope/vendor/laravel/framework/src/Illuminate/Pipeline/Pipeline.php(183): Illuminate\\Http\\Middleware\\TrustProxies->handle()
#46 /var/www/groscope/vendor/laravel/framework/src/Illuminate/Pipeline/Pipeline.php(119): Illuminate\\Pipeline\\Pipeline->Illuminate\\Pipeline\\{closure}()
#47 /var/www/groscope/vendor/laravel/framework/src/Illuminate/Foundation/Http/Kernel.php(175): Illuminate\\Pipeline\\Pipeline->then()
#48 /var/www/groscope/vendor/laravel/framework/src/Illuminate/Foundation/Http/Kernel.php(144): Illuminate\\Foundation\\Http\\Kernel->sendRequestThroughRouter()
#49 /var/www/groscope/public/index.php(51): Illuminate\\Foundation\\Http\\Kernel->handle()
#50 {main}
"} 
[2025-04-01 20:26:01] production.INFO: Scheduler Now working  
[2025-04-01 20:26:07] production.INFO: array (
  0 => '{"type":"CHECKOUT_ORDER_FAILED","event":"checkout.order.failed","payload":{"merchantId":"GROSCOONLINE","merchantOrderId":"GROSC473129801063","orderId":"OMO2504012024481870417158","state":"FAILED","amount":1000,"expireAt":1743520488185,"errorCode":"TXN_CANCELLED","detailedErrorCode":"REQUEST_CANCEL_BY_REQUESTER","paymentDetails":[{"transactionId":"OM2504012025407125022332","paymentMode":"UPI_INTENT","timestamp":1743519340746,"amount":1000,"payableAmount":1000,"feeAmount":0,"state":"FAILED","errorCode":"TXN_CANCELLED","detailedErrorCode":"REQUEST_CANCEL_BY_REQUESTER"}]}}',
)  
[2025-04-01 20:26:07] production.ERROR: Undefined array key "rail" {"exception":"[object] (ErrorException(code: 0): Undefined array key \"rail\" at /var/www/groscope/app/Http/Controllers/Admin/WebHookController.php:51)
[stacktrace]
#0 /var/www/groscope/vendor/laravel/framework/src/Illuminate/Foundation/Bootstrap/HandleExceptions.php(255): Illuminate\\Foundation\\Bootstrap\\HandleExceptions->handleError()
#1 /var/www/groscope/app/Http/Controllers/Admin/WebHookController.php(51): Illuminate\\Foundation\\Bootstrap\\HandleExceptions->Illuminate\\Foundation\\Bootstrap\\{closure}()
#2 /var/www/groscope/vendor/laravel/framework/src/Illuminate/Routing/Controller.php(54): App\\Http\\Controllers\\Admin\\WebHookController->phonePeCallBack()
#3 /var/www/groscope/vendor/laravel/framework/src/Illuminate/Routing/ControllerDispatcher.php(43): Illuminate\\Routing\\Controller->callAction()
#4 /var/www/groscope/vendor/laravel/framework/src/Illuminate/Routing/Route.php(259): Illuminate\\Routing\\ControllerDispatcher->dispatch()
#5 /var/www/groscope/vendor/laravel/framework/src/Illuminate/Routing/Route.php(205): Illuminate\\Routing\\Route->runController()
#6 /var/www/groscope/vendor/laravel/framework/src/Illuminate/Routing/Router.php(806): Illuminate\\Routing\\Route->run()
#7 /var/www/groscope/vendor/laravel/framework/src/Illuminate/Pipeline/Pipeline.php(144): Illuminate\\Routing\\Router->Illuminate\\Routing\\{closure}()
#8 /var/www/groscope/app/Http/Middleware/CheckLoginSessionMiddleware.php(29): Illuminate\\Pipeline\\Pipeline->Illuminate\\Pipeline\\{closure}()
#9 /var/www/groscope/vendor/laravel/framework/src/Illuminate/Pipeline/Pipeline.php(183): App\\Http\\Middleware\\CheckLoginSessionMiddleware->handle()
#10 /var/www/groscope/app/Http/Middleware/SessionTimeOutHandleMiddleware.php(39): Illuminate\\Pipeline\\Pipeline->Illuminate\\Pipeline\\{closure}()
#11 /var/www/groscope/vendor/laravel/framework/src/Illuminate/Pipeline/Pipeline.php(183): App\\Http\\Middleware\\SessionTimeOutHandleMiddleware->handle()
#12 /var/www/groscope/vendor/laravel/framework/src/Illuminate/Routing/Middleware/SubstituteBindings.php(50): Illuminate\\Pipeline\\Pipeline->Illuminate\\Pipeline\\{closure}()
#13 /var/www/groscope/vendor/laravel/framework/src/Illuminate/Pipeline/Pipeline.php(183): Illuminate\\Routing\\Middleware\\SubstituteBindings->handle()
#14 /var/www/groscope/vendor/laravel/framework/src/Illuminate/View/Middleware/ShareErrorsFromSession.php(49): Illuminate\\Pipeline\\Pipeline->Illuminate\\Pipeline\\{closure}()
#15 /var/www/groscope/vendor/laravel/framework/src/Illuminate/Pipeline/Pipeline.php(183): Illuminate\\View\\Middleware\\ShareErrorsFromSession->handle()
#16 /var/www/groscope/vendor/laravel/framework/src/Illuminate/Session/Middleware/StartSession.php(121): Illuminate\\Pipeline\\Pipeline->Illuminate\\Pipeline\\{closure}()
#17 /var/www/groscope/vendor/laravel/framework/src/Illuminate/Session/Middleware/StartSession.php(64): Illuminate\\Session\\Middleware\\StartSession->handleStatefulRequest()
#18 /var/www/groscope/vendor/laravel/framework/src/Illuminate/Pipeline/Pipeline.php(183): Illuminate\\Session\\Middleware\\StartSession->handle()
#19 /var/www/groscope/vendor/laravel/framework/src/Illuminate/Cookie/Middleware/AddQueuedCookiesToResponse.php(37): Illuminate\\Pipeline\\Pipeline->Illuminate\\Pipeline\\{closure}()
#20 /var/www/groscope/vendor/laravel/framework/src/Illuminate/Pipeline/Pipeline.php(183): Illuminate\\Cookie\\Middleware\\AddQueuedCookiesToResponse->handle()
#21 /var/www/groscope/vendor/laravel/framework/src/Illuminate/Cookie/Middleware/EncryptCookies.php(67): Illuminate\\Pipeline\\Pipeline->Illuminate\\Pipeline\\{closure}()
#22 /var/www/groscope/vendor/laravel/framework/src/Illuminate/Pipeline/Pipeline.php(183): Illuminate\\Cookie\\Middleware\\EncryptCookies->handle()
#23 /var/www/groscope/vendor/laravel/framework/src/Illuminate/Pipeline/Pipeline.php(119): Illuminate\\Pipeline\\Pipeline->Illuminate\\Pipeline\\{closure}()
#24 /var/www/groscope/vendor/laravel/framework/src/Illuminate/Routing/Router.php(805): Illuminate\\Pipeline\\Pipeline->then()
#25 /var/www/groscope/vendor/laravel/framework/src/Illuminate/Routing/Router.php(784): Illuminate\\Routing\\Router->runRouteWithinStack()
#26 /var/www/groscope/vendor/laravel/framework/src/Illuminate/Routing/Router.php(748): Illuminate\\Routing\\Router->runRoute()
#27 /var/www/groscope/vendor/laravel/framework/src/Illuminate/Routing/Router.php(737): Illuminate\\Routing\\Router->dispatchToRoute()
#28 /var/www/groscope/vendor/laravel/framework/src/Illuminate/Foundation/Http/Kernel.php(200): Illuminate\\Routing\\Router->dispatch()
#29 /var/www/groscope/vendor/laravel/framework/src/Illuminate/Pipeline/Pipeline.php(144): Illuminate\\Foundation\\Http\\Kernel->Illuminate\\Foundation\\Http\\{closure}()
#30 /var/www/groscope/vendor/livewire/livewire/src/Features/SupportDisablingBackButtonCache/DisableBackButtonCacheMiddleware.php(19): Illuminate\\Pipeline\\Pipeline->Illuminate\\Pipeline\\{closure}()
#31 /var/www/groscope/vendor/laravel/framework/src/Illuminate/Pipeline/Pipeline.php(183): Livewire\\Features\\SupportDisablingBackButtonCache\\DisableBackButtonCacheMiddleware->handle()
#32 /var/www/groscope/vendor/laravel/framework/src/Illuminate/Foundation/Http/Middleware/TransformsRequest.php(21): Illuminate\\Pipeline\\Pipeline->Illuminate\\Pipeline\\{closure}()
#33 /var/www/groscope/vendor/laravel/framework/src/Illuminate/Foundation/Http/Middleware/ConvertEmptyStringsToNull.php(31): Illuminate\\Foundation\\Http\\Middleware\\TransformsRequest->handle()
#34 /var/www/groscope/vendor/laravel/framework/src/Illuminate/Pipeline/Pipeline.php(183): Illuminate\\Foundation\\Http\\Middleware\\ConvertEmptyStringsToNull->handle()
#35 /var/www/groscope/vendor/laravel/framework/src/Illuminate/Foundation/Http/Middleware/TransformsRequest.php(21): Illuminate\\Pipeline\\Pipeline->Illuminate\\Pipeline\\{closure}()
#36 /var/www/groscope/vendor/laravel/framework/src/Illuminate/Foundation/Http/Middleware/TrimStrings.php(40): Illuminate\\Foundation\\Http\\Middleware\\TransformsRequest->handle()
#37 /var/www/groscope/vendor/laravel/framework/src/Illuminate/Pipeline/Pipeline.php(183): Illuminate\\Foundation\\Http\\Middleware\\TrimStrings->handle()
#38 /var/www/groscope/vendor/laravel/framework/src/Illuminate/Foundation/Http/Middleware/ValidatePostSize.php(27): Illuminate\\Pipeline\\Pipeline->Illuminate\\Pipeline\\{closure}()
#39 /var/www/groscope/vendor/laravel/framework/src/Illuminate/Pipeline/Pipeline.php(183): Illuminate\\Foundation\\Http\\Middleware\\ValidatePostSize->handle()
#40 /var/www/groscope/vendor/laravel/framework/src/Illuminate/Foundation/Http/Middleware/PreventRequestsDuringMaintenance.php(99): Illuminate\\Pipeline\\Pipeline->Illuminate\\Pipeline\\{closure}()
#41 /var/www/groscope/vendor/laravel/framework/src/Illuminate/Pipeline/Pipeline.php(183): Illuminate\\Foundation\\Http\\Middleware\\PreventRequestsDuringMaintenance->handle()
#42 /var/www/groscope/vendor/laravel/framework/src/Illuminate/Http/Middleware/HandleCors.php(49): Illuminate\\Pipeline\\Pipeline->Illuminate\\Pipeline\\{closure}()
#43 /var/www/groscope/vendor/laravel/framework/src/Illuminate/Pipeline/Pipeline.php(183): Illuminate\\Http\\Middleware\\HandleCors->handle()
#44 /var/www/groscope/vendor/laravel/framework/src/Illuminate/Http/Middleware/TrustProxies.php(39): Illuminate\\Pipeline\\Pipeline->Illuminate\\Pipeline\\{closure}()
#45 /var/www/groscope/vendor/laravel/framework/src/Illuminate/Pipeline/Pipeline.php(183): Illuminate\\Http\\Middleware\\TrustProxies->handle()
#46 /var/www/groscope/vendor/laravel/framework/src/Illuminate/Pipeline/Pipeline.php(119): Illuminate\\Pipeline\\Pipeline->Illuminate\\Pipeline\\{closure}()
#47 /var/www/groscope/vendor/laravel/framework/src/Illuminate/Foundation/Http/Kernel.php(175): Illuminate\\Pipeline\\Pipeline->then()
#48 /var/www/groscope/vendor/laravel/framework/src/Illuminate/Foundation/Http/Kernel.php(144): Illuminate\\Foundation\\Http\\Kernel->sendRequestThroughRouter()
#49 /var/www/groscope/public/index.php(51): Illuminate\\Foundation\\Http\\Kernel->handle()
#50 {main}
"} 
[2025-04-01 20:28:02] production.INFO: Scheduler Now working  
[2025-04-01 20:32:02] production.INFO: Scheduler Now working  
[2025-04-01 20:34:01] production.INFO: Scheduler Now working  
[2025-04-01 20:36:02] production.INFO: Scheduler Now working  
[2025-04-01 20:36:55] production.INFO: Scheduler Now working  
[2025-04-01 20:38:02] production.INFO: Scheduler Now working  
[2025-04-01 20:40:01] production.INFO: Scheduler Now working  
[2025-04-01 20:42:02] production.INFO: Scheduler Now working  
[2025-04-01 20:44:01] production.INFO: Scheduler Now working  
[2025-04-01 20:46:01] production.INFO: Scheduler Now working  
[2025-04-01 20:48:02] production.INFO: Scheduler Now working  
[2025-04-01 20:50:01] production.INFO: Scheduler Now working  
[2025-04-01 20:52:01] production.INFO: Scheduler Now working  
[2025-04-01 20:54:02] production.INFO: Scheduler Now working  
[2025-04-01 20:56:01] production.INFO: Scheduler Now working  
[2025-04-01 20:58:01] production.INFO: Scheduler Now working  
[2025-04-01 21:02:02] production.INFO: Scheduler Now working  
[2025-04-01 21:04:01] production.INFO: Scheduler Now working  
[2025-04-01 21:06:01] production.INFO: Scheduler Now working  
[2025-04-01 21:06:51] production.INFO: Scheduler Now working  
[2025-04-01 21:08:01] production.INFO: Scheduler Now working  
[2025-04-01 21:10:02] production.INFO: Scheduler Now working  
[2025-04-01 21:12:01] production.INFO: Scheduler Now working  
[2025-04-01 21:14:02] production.INFO: Scheduler Now working  
[2025-04-01 21:16:01] production.INFO: Scheduler Now working  
[2025-04-01 21:18:01] production.INFO: Scheduler Now working  
[2025-04-01 21:20:02] production.INFO: Scheduler Now working  
[2025-04-01 21:22:01] production.INFO: Scheduler Now working  
[2025-04-01 21:24:01] production.INFO: Scheduler Now working  
[2025-04-01 21:26:02] production.INFO: Scheduler Now working  
[2025-04-01 21:28:01] production.INFO: Scheduler Now working  
[2025-04-01 21:32:01] production.INFO: Scheduler Now working  
[2025-04-01 21:34:02] production.INFO: Scheduler Now working  
[2025-04-01 21:36:01] production.INFO: Scheduler Now working  
[2025-04-01 21:36:54] production.INFO: Scheduler Now working  
[2025-04-01 21:38:02] production.INFO: Scheduler Now working  
[2025-04-01 21:40:01] production.INFO: Scheduler Now working  
[2025-04-01 21:42:01] production.INFO: Scheduler Now working  
[2025-04-01 21:44:02] production.INFO: Scheduler Now working  
[2025-04-01 21:46:01] production.INFO: Scheduler Now working  
[2025-04-01 21:48:01] production.INFO: Scheduler Now working  
[2025-04-01 21:50:02] production.INFO: Scheduler Now working  
[2025-04-01 21:52:01] production.INFO: Scheduler Now working  
[2025-04-01 21:54:02] production.INFO: Scheduler Now working  
[2025-04-01 21:56:01] production.INFO: Scheduler Now working  
[2025-04-01 21:58:01] production.INFO: Scheduler Now working  
[2025-04-01 22:02:01] production.INFO: Scheduler Now working  
[2025-04-01 22:04:02] production.INFO: Scheduler Now working  
[2025-04-01 22:06:01] production.INFO: Scheduler Now working  
[2025-04-01 22:06:54] production.INFO: Scheduler Now working  
[2025-04-01 22:08:02] production.INFO: Scheduler Now working  
[2025-04-01 22:10:01] production.INFO: Scheduler Now working  
[2025-04-01 22:12:01] production.INFO: Scheduler Now working  
[2025-04-01 22:14:02] production.INFO: Scheduler Now working  
[2025-04-01 22:16:01] production.INFO: Scheduler Now working  
[2025-04-01 22:18:01] production.INFO: Scheduler Now working  
[2025-04-01 22:20:02] production.INFO: Scheduler Now working  
[2025-04-01 22:22:01] production.INFO: Scheduler Now working  
[2025-04-01 22:24:01] production.INFO: Scheduler Now working  
[2025-04-01 22:26:02] production.INFO: Scheduler Now working  
[2025-04-01 22:28:01] production.INFO: Scheduler Now working  
[2025-04-01 22:32:01] production.INFO: Scheduler Now working  
[2025-04-01 22:34:02] production.INFO: Scheduler Now working  
[2025-04-01 22:36:01] production.INFO: Scheduler Now working  
[2025-04-01 22:36:55] production.INFO: Scheduler Now working  
[2025-04-01 22:38:02] production.INFO: Scheduler Now working  
[2025-04-01 22:40:02] production.INFO: Scheduler Now working  
[2025-04-01 22:42:01] production.INFO: Scheduler Now working  
[2025-04-01 22:44:02] production.INFO: Scheduler Now working  
[2025-04-01 22:46:01] production.INFO: Scheduler Now working  
[2025-04-01 22:48:01] production.INFO: Scheduler Now working  
[2025-04-01 22:50:02] production.INFO: Scheduler Now working  
[2025-04-01 22:52:01] production.INFO: Scheduler Now working  
[2025-04-01 22:54:01] production.INFO: Scheduler Now working  
[2025-04-01 22:56:02] production.INFO: Scheduler Now working  
[2025-04-01 22:58:01] production.INFO: Scheduler Now working  
[2025-04-01 23:02:01] production.INFO: Scheduler Now working  
[2025-04-01 23:04:02] production.INFO: Scheduler Now working  
[2025-04-01 23:06:01] production.INFO: Scheduler Now working  
[2025-04-01 23:06:51] production.INFO: Scheduler Now working  
[2025-04-01 23:08:01] production.INFO: Scheduler Now working  
[2025-04-01 23:10:02] production.INFO: Scheduler Now working  
[2025-04-01 23:12:01] production.INFO: Scheduler Now working  
[2025-04-01 23:14:02] production.INFO: Scheduler Now working  
[2025-04-01 23:16:02] production.INFO: Scheduler Now working  
[2025-04-01 23:18:01] production.INFO: Scheduler Now working  
[2025-04-01 23:20:02] production.INFO: Scheduler Now working  
[2025-04-01 23:22:01] production.INFO: Scheduler Now working  
[2025-04-01 23:24:01] production.INFO: Scheduler Now working  
[2025-04-01 23:26:02] production.INFO: Scheduler Now working  
[2025-04-01 23:28:01] production.INFO: Scheduler Now working  
[2025-04-01 23:32:01] production.INFO: Scheduler Now working  
[2025-04-01 23:34:02] production.INFO: Scheduler Now working  
[2025-04-01 23:36:01] production.INFO: Scheduler Now working  
[2025-04-01 23:36:50] production.INFO: Scheduler Now working  
[2025-04-01 23:38:01] production.INFO: Scheduler Now working  
[2025-04-01 23:40:01] production.INFO: Scheduler Now working  
[2025-04-01 23:42:02] production.INFO: Scheduler Now working  
[2025-04-01 23:44:01] production.INFO: Scheduler Now working  
[2025-04-01 23:46:01] production.INFO: Scheduler Now working  
[2025-04-01 23:48:02] production.INFO: Scheduler Now working  
[2025-04-01 23:50:01] production.INFO: Scheduler Now working  
[2025-04-01 23:52:02] production.INFO: Scheduler Now working  
[2025-04-01 23:54:01] production.INFO: Scheduler Now working  
[2025-04-01 23:56:01] production.INFO: Scheduler Now working  
[2025-04-01 23:58:02] production.INFO: Scheduler Now working  
