[2025-03-26 01:16:02] production.INFO: Scheduler Now working  
[2025-03-26 01:18:01] production.INFO: Scheduler Now working  
[2025-03-26 01:20:01] production.INFO: Scheduler Now working  
[2025-03-26 01:22:02] production.INFO: Scheduler Now working  
[2025-03-26 01:24:01] production.INFO: Scheduler Now working  
[2025-03-26 01:26:01] production.INFO: Scheduler Now working  
[2025-03-26 01:28:02] production.INFO: Scheduler Now working  
[2025-03-26 01:32:01] production.INFO: Scheduler Now working  
[2025-03-26 01:34:01] production.INFO: Scheduler Now working  
[2025-03-26 01:34:36] production.INFO: Webhook Url Not a registerd  
[2025-03-26 01:34:36] production.INFO: Webhook Url Not a registerd  
[2025-03-26 01:34:36] production.INFO: Webhook Url Not a registerd  
[2025-03-26 01:34:36] production.INFO: Webhook Url Not a registerd  
[2025-03-26 01:34:36] production.INFO: Webhook Url Not a registerd  
[2025-03-26 01:34:36] production.INFO: Webhook Url Not a registerd  
[2025-03-26 01:34:36] production.INFO: Webhook Url Not a registerd  
[2025-03-26 01:34:36] production.INFO: Webhook Url Not a registerd  
[2025-03-26 01:34:36] production.INFO: Webhook Url Not a registerd  
[2025-03-26 01:34:36] production.INFO: Webhook Url Not a registerd  
[2025-03-26 01:34:36] production.INFO: Webhook Url Not a registerd  
[2025-03-26 01:34:36] production.INFO: Webhook Url Not a registerd  
[2025-03-26 01:34:36] production.INFO: Webhook Url Not a registerd  
[2025-03-26 01:34:36] production.INFO: Webhook Url Not a registerd  
[2025-03-26 01:36:02] production.INFO: Scheduler Now working  
[2025-03-26 01:36:34] production.INFO: Scheduler Now working  
[2025-03-26 01:38:02] production.INFO: Scheduler Now working  
[2025-03-26 01:40:01] production.INFO: Scheduler Now working  
[2025-03-26 01:42:02] production.INFO: Scheduler Now working  
[2025-03-26 01:44:02] production.INFO: Scheduler Now working  
[2025-03-26 01:46:01] production.INFO: Scheduler Now working  
[2025-03-26 01:48:02] production.INFO: Scheduler Now working  
[2025-03-26 01:50:01] production.INFO: Scheduler Now working  
[2025-03-26 01:52:01] production.INFO: Scheduler Now working  
[2025-03-26 01:54:02] production.INFO: Scheduler Now working  
[2025-03-26 01:56:01] production.INFO: Scheduler Now working  
[2025-03-26 01:58:01] production.INFO: Scheduler Now working  
[2025-03-26 02:02:02] production.INFO: Scheduler Now working  
[2025-03-26 02:04:01] production.INFO: Scheduler Now working  
[2025-03-26 02:06:01] production.INFO: Scheduler Now working  
[2025-03-26 02:06:40] production.INFO: Scheduler Now working  
[2025-03-26 02:08:02] production.INFO: Scheduler Now working  
[2025-03-26 02:10:01] production.INFO: Scheduler Now working  
[2025-03-26 02:12:01] production.INFO: Scheduler Now working  
[2025-03-26 02:14:02] production.INFO: Scheduler Now working  
[2025-03-26 02:16:01] production.INFO: Scheduler Now working  
[2025-03-26 02:18:02] production.INFO: Scheduler Now working  
[2025-03-26 02:20:02] production.INFO: Scheduler Now working  
[2025-03-26 02:22:01] production.INFO: Scheduler Now working  
[2025-03-26 02:24:02] production.INFO: Scheduler Now working  
[2025-03-26 02:26:01] production.INFO: Scheduler Now working  
[2025-03-26 02:28:01] production.INFO: Scheduler Now working  
[2025-03-26 02:32:01] production.INFO: Scheduler Now working  
[2025-03-26 02:34:01] production.INFO: Scheduler Now working  
[2025-03-26 02:36:01] production.INFO: Scheduler Now working  
[2025-03-26 02:36:37] production.INFO: Scheduler Now working  
[2025-03-26 02:38:02] production.INFO: Scheduler Now working  
[2025-03-26 02:40:01] production.INFO: Scheduler Now working  
[2025-03-26 02:42:01] production.INFO: Scheduler Now working  
[2025-03-26 02:44:02] production.INFO: Scheduler Now working  
[2025-03-26 02:46:01] production.INFO: Scheduler Now working  
[2025-03-26 02:48:01] production.INFO: Scheduler Now working  
[2025-03-26 02:50:02] production.INFO: Scheduler Now working  
[2025-03-26 02:52:01] production.INFO: Scheduler Now working  
[2025-03-26 02:54:01] production.INFO: Scheduler Now working  
[2025-03-26 02:56:02] production.INFO: Scheduler Now working  
[2025-03-26 02:58:01] production.INFO: Scheduler Now working  
[2025-03-26 03:02:01] production.INFO: Scheduler Now working  
[2025-03-26 03:04:02] production.INFO: Scheduler Now working  
[2025-03-26 03:06:01] production.INFO: Scheduler Now working  
[2025-03-26 03:06:36] production.INFO: Scheduler Now working  
[2025-03-26 03:08:02] production.INFO: Scheduler Now working  
[2025-03-26 03:10:01] production.INFO: Scheduler Now working  
[2025-03-26 03:12:01] production.INFO: Scheduler Now working  
[2025-03-26 03:14:02] production.INFO: Scheduler Now working  
[2025-03-26 03:16:01] production.INFO: Scheduler Now working  
[2025-03-26 03:18:02] production.INFO: Scheduler Now working  
[2025-03-26 03:20:01] production.INFO: Scheduler Now working  
[2025-03-26 03:22:01] production.INFO: Scheduler Now working  
[2025-03-26 03:24:02] production.INFO: Scheduler Now working  
[2025-03-26 03:26:01] production.INFO: Scheduler Now working  
[2025-03-26 03:28:01] production.INFO: Scheduler Now working  
[2025-03-26 03:32:02] production.INFO: Scheduler Now working  
[2025-03-26 03:34:01] production.INFO: Scheduler Now working  
[2025-03-26 03:36:01] production.INFO: Scheduler Now working  
[2025-03-26 03:36:34] production.INFO: Scheduler Now working  
[2025-03-26 03:38:02] production.INFO: Scheduler Now working  
[2025-03-26 03:40:01] production.INFO: Scheduler Now working  
[2025-03-26 03:42:01] production.INFO: Scheduler Now working  
[2025-03-26 03:44:02] production.INFO: Scheduler Now working  
[2025-03-26 03:46:01] production.INFO: Scheduler Now working  
[2025-03-26 03:48:01] production.INFO: Scheduler Now working  
[2025-03-26 03:50:02] production.INFO: Scheduler Now working  
[2025-03-26 03:52:01] production.INFO: Scheduler Now working  
[2025-03-26 03:54:01] production.INFO: Scheduler Now working  
[2025-03-26 03:56:02] production.INFO: Scheduler Now working  
[2025-03-26 03:58:01] production.INFO: Scheduler Now working  
[2025-03-26 04:02:01] production.INFO: Scheduler Now working  
[2025-03-26 04:04:02] production.INFO: Scheduler Now working  
[2025-03-26 04:06:01] production.INFO: Scheduler Now working  
[2025-03-26 04:06:33] production.INFO: Scheduler Now working  
[2025-03-26 04:08:01] production.INFO: Scheduler Now working  
[2025-03-26 04:10:01] production.INFO: Scheduler Now working  
[2025-03-26 04:12:02] production.INFO: Scheduler Now working  
[2025-03-26 04:14:01] production.INFO: Scheduler Now working  
[2025-03-26 04:16:02] production.INFO: Scheduler Now working  
[2025-03-26 04:18:02] production.INFO: Scheduler Now working  
[2025-03-26 04:20:01] production.INFO: Scheduler Now working  
[2025-03-26 04:22:02] production.INFO: Scheduler Now working  
[2025-03-26 04:24:01] production.INFO: Scheduler Now working  
[2025-03-26 04:26:01] production.INFO: Scheduler Now working  
[2025-03-26 04:28:02] production.INFO: Scheduler Now working  
[2025-03-26 04:32:01] production.INFO: Scheduler Now working  
[2025-03-26 04:34:01] production.INFO: Scheduler Now working  
[2025-03-26 04:36:02] production.INFO: Scheduler Now working  
[2025-03-26 04:36:32] production.INFO: Scheduler Now working  
[2025-03-26 04:38:01] production.INFO: Scheduler Now working  
[2025-03-26 04:40:01] production.INFO: Scheduler Now working  
[2025-03-26 04:42:02] production.INFO: Scheduler Now working  
[2025-03-26 04:44:01] production.INFO: Scheduler Now working  
[2025-03-26 04:46:02] production.INFO: Scheduler Now working  
[2025-03-26 04:48:01] production.INFO: Scheduler Now working  
[2025-03-26 04:50:01] production.INFO: Scheduler Now working  
[2025-03-26 04:52:02] production.INFO: Scheduler Now working  
[2025-03-26 04:54:01] production.INFO: Scheduler Now working  
[2025-03-26 04:56:01] production.INFO: Scheduler Now working  
[2025-03-26 04:58:02] production.INFO: Scheduler Now working  
[2025-03-26 05:02:01] production.INFO: Scheduler Now working  
[2025-03-26 05:04:01] production.INFO: Scheduler Now working  
[2025-03-26 05:06:02] production.INFO: Scheduler Now working  
[2025-03-26 05:06:33] production.INFO: Scheduler Now working  
[2025-03-26 05:06:34] production.ERROR: SQLSTATE[23000]: Integrity constraint violation: 1048 Column 'payment_id' cannot be null (Connection: mysql, SQL: insert into `successful_payment_collections` (`user_id`, `payment_id`, `order_amount`, `amount`, `charges`, `gst`, `updated_at`, `created_at`) values (2, ?, 799, 780.1436, 15.98, 2.8764, 2025-03-26 05:06:34, 2025-03-26 05:06:34)) {"exception":"[object] (Illuminate\\Database\\QueryException(code: 23000): SQLSTATE[23000]: Integrity constraint violation: 1048 Column 'payment_id' cannot be null (Connection: mysql, SQL: insert into `successful_payment_collections` (`user_id`, `payment_id`, `order_amount`, `amount`, `charges`, `gst`, `updated_at`, `created_at`) values (2, ?, 799, 780.1436, 15.98, 2.8764, 2025-03-26 05:06:34, 2025-03-26 05:06:34)) at /var/www/groscope/vendor/laravel/framework/src/Illuminate/Database/Connection.php:829)
[stacktrace]
#0 /var/www/groscope/vendor/laravel/framework/src/Illuminate/Database/Connection.php(783): Illuminate\\Database\\Connection->runQueryCallback()
#1 /var/www/groscope/vendor/laravel/framework/src/Illuminate/Database/MySqlConnection.php(34): Illuminate\\Database\\Connection->run()
#2 /var/www/groscope/vendor/laravel/framework/src/Illuminate/Database/Query/Processors/MySqlProcessor.php(35): Illuminate\\Database\\MySqlConnection->insert()
#3 /var/www/groscope/vendor/laravel/framework/src/Illuminate/Database/Query/Builder.php(3549): Illuminate\\Database\\Query\\Processors\\MySqlProcessor->processInsertGetId()
#4 /var/www/groscope/vendor/laravel/framework/src/Illuminate/Database/Eloquent/Builder.php(1982): Illuminate\\Database\\Query\\Builder->insertGetId()
#5 /var/www/groscope/vendor/laravel/framework/src/Illuminate/Database/Eloquent/Model.php(1334): Illuminate\\Database\\Eloquent\\Builder->__call()
#6 /var/www/groscope/vendor/laravel/framework/src/Illuminate/Database/Eloquent/Model.php(1299): Illuminate\\Database\\Eloquent\\Model->insertAndSetId()
#7 /var/www/groscope/vendor/laravel/framework/src/Illuminate/Database/Eloquent/Model.php(1138): Illuminate\\Database\\Eloquent\\Model->performInsert()
#8 /var/www/groscope/vendor/laravel/framework/src/Illuminate/Database/Eloquent/Builder.php(1025): Illuminate\\Database\\Eloquent\\Model->save()
#9 /var/www/groscope/vendor/laravel/framework/src/Illuminate/Support/helpers.php(320): Illuminate\\Database\\Eloquent\\Builder->Illuminate\\Database\\Eloquent\\{closure}()
#10 /var/www/groscope/vendor/laravel/framework/src/Illuminate/Database/Eloquent/Builder.php(1024): tap()
#11 /var/www/groscope/vendor/laravel/framework/src/Illuminate/Support/Traits/ForwardsCalls.php(23): Illuminate\\Database\\Eloquent\\Builder->create()
#12 /var/www/groscope/vendor/laravel/framework/src/Illuminate/Database/Eloquent/Model.php(2335): Illuminate\\Database\\Eloquent\\Model->forwardCallTo()
#13 /var/www/groscope/vendor/laravel/framework/src/Illuminate/Database/Eloquent/Model.php(2347): Illuminate\\Database\\Eloquent\\Model->__call()
#14 /var/www/groscope/app/Console/Commands/GetSuccessfullyPaymentCollectionCommand.php(33): Illuminate\\Database\\Eloquent\\Model::__callStatic()
#15 /var/www/groscope/vendor/laravel/framework/src/Illuminate/Container/BoundMethod.php(36): App\\Console\\Commands\\GetSuccessfullyPaymentCollectionCommand->handle()
#16 /var/www/groscope/vendor/laravel/framework/src/Illuminate/Container/Util.php(41): Illuminate\\Container\\BoundMethod::Illuminate\\Container\\{closure}()
#17 /var/www/groscope/vendor/laravel/framework/src/Illuminate/Container/BoundMethod.php(93): Illuminate\\Container\\Util::unwrapIfClosure()
#18 /var/www/groscope/vendor/laravel/framework/src/Illuminate/Container/BoundMethod.php(35): Illuminate\\Container\\BoundMethod::callBoundMethod()
#19 /var/www/groscope/vendor/laravel/framework/src/Illuminate/Container/Container.php(662): Illuminate\\Container\\BoundMethod::call()
#20 /var/www/groscope/vendor/laravel/framework/src/Illuminate/Console/Command.php(211): Illuminate\\Container\\Container->call()
#21 /var/www/groscope/vendor/symfony/console/Command/Command.php(326): Illuminate\\Console\\Command->execute()
#22 /var/www/groscope/vendor/laravel/framework/src/Illuminate/Console/Command.php(180): Symfony\\Component\\Console\\Command\\Command->run()
#23 /var/www/groscope/vendor/symfony/console/Application.php(1096): Illuminate\\Console\\Command->run()
#24 /var/www/groscope/vendor/symfony/console/Application.php(324): Symfony\\Component\\Console\\Application->doRunCommand()
#25 /var/www/groscope/vendor/symfony/console/Application.php(175): Symfony\\Component\\Console\\Application->doRun()
#26 /var/www/groscope/vendor/laravel/framework/src/Illuminate/Foundation/Console/Kernel.php(201): Symfony\\Component\\Console\\Application->run()
#27 /var/www/groscope/artisan(35): Illuminate\\Foundation\\Console\\Kernel->handle()
#28 {main}

[previous exception] [object] (PDOException(code: 23000): SQLSTATE[23000]: Integrity constraint violation: 1048 Column 'payment_id' cannot be null at /var/www/groscope/vendor/laravel/framework/src/Illuminate/Database/MySqlConnection.php:45)
[stacktrace]
#0 /var/www/groscope/vendor/laravel/framework/src/Illuminate/Database/MySqlConnection.php(45): PDOStatement->execute()
#1 /var/www/groscope/vendor/laravel/framework/src/Illuminate/Database/Connection.php(816): Illuminate\\Database\\MySqlConnection->Illuminate\\Database\\{closure}()
#2 /var/www/groscope/vendor/laravel/framework/src/Illuminate/Database/Connection.php(783): Illuminate\\Database\\Connection->runQueryCallback()
#3 /var/www/groscope/vendor/laravel/framework/src/Illuminate/Database/MySqlConnection.php(34): Illuminate\\Database\\Connection->run()
#4 /var/www/groscope/vendor/laravel/framework/src/Illuminate/Database/Query/Processors/MySqlProcessor.php(35): Illuminate\\Database\\MySqlConnection->insert()
#5 /var/www/groscope/vendor/laravel/framework/src/Illuminate/Database/Query/Builder.php(3549): Illuminate\\Database\\Query\\Processors\\MySqlProcessor->processInsertGetId()
#6 /var/www/groscope/vendor/laravel/framework/src/Illuminate/Database/Eloquent/Builder.php(1982): Illuminate\\Database\\Query\\Builder->insertGetId()
#7 /var/www/groscope/vendor/laravel/framework/src/Illuminate/Database/Eloquent/Model.php(1334): Illuminate\\Database\\Eloquent\\Builder->__call()
#8 /var/www/groscope/vendor/laravel/framework/src/Illuminate/Database/Eloquent/Model.php(1299): Illuminate\\Database\\Eloquent\\Model->insertAndSetId()
#9 /var/www/groscope/vendor/laravel/framework/src/Illuminate/Database/Eloquent/Model.php(1138): Illuminate\\Database\\Eloquent\\Model->performInsert()
#10 /var/www/groscope/vendor/laravel/framework/src/Illuminate/Database/Eloquent/Builder.php(1025): Illuminate\\Database\\Eloquent\\Model->save()
#11 /var/www/groscope/vendor/laravel/framework/src/Illuminate/Support/helpers.php(320): Illuminate\\Database\\Eloquent\\Builder->Illuminate\\Database\\Eloquent\\{closure}()
#12 /var/www/groscope/vendor/laravel/framework/src/Illuminate/Database/Eloquent/Builder.php(1024): tap()
#13 /var/www/groscope/vendor/laravel/framework/src/Illuminate/Support/Traits/ForwardsCalls.php(23): Illuminate\\Database\\Eloquent\\Builder->create()
#14 /var/www/groscope/vendor/laravel/framework/src/Illuminate/Database/Eloquent/Model.php(2335): Illuminate\\Database\\Eloquent\\Model->forwardCallTo()
#15 /var/www/groscope/vendor/laravel/framework/src/Illuminate/Database/Eloquent/Model.php(2347): Illuminate\\Database\\Eloquent\\Model->__call()
#16 /var/www/groscope/app/Console/Commands/GetSuccessfullyPaymentCollectionCommand.php(33): Illuminate\\Database\\Eloquent\\Model::__callStatic()
#17 /var/www/groscope/vendor/laravel/framework/src/Illuminate/Container/BoundMethod.php(36): App\\Console\\Commands\\GetSuccessfullyPaymentCollectionCommand->handle()
#18 /var/www/groscope/vendor/laravel/framework/src/Illuminate/Container/Util.php(41): Illuminate\\Container\\BoundMethod::Illuminate\\Container\\{closure}()
#19 /var/www/groscope/vendor/laravel/framework/src/Illuminate/Container/BoundMethod.php(93): Illuminate\\Container\\Util::unwrapIfClosure()
#20 /var/www/groscope/vendor/laravel/framework/src/Illuminate/Container/BoundMethod.php(35): Illuminate\\Container\\BoundMethod::callBoundMethod()
#21 /var/www/groscope/vendor/laravel/framework/src/Illuminate/Container/Container.php(662): Illuminate\\Container\\BoundMethod::call()
#22 /var/www/groscope/vendor/laravel/framework/src/Illuminate/Console/Command.php(211): Illuminate\\Container\\Container->call()
#23 /var/www/groscope/vendor/symfony/console/Command/Command.php(326): Illuminate\\Console\\Command->execute()
#24 /var/www/groscope/vendor/laravel/framework/src/Illuminate/Console/Command.php(180): Symfony\\Component\\Console\\Command\\Command->run()
#25 /var/www/groscope/vendor/symfony/console/Application.php(1096): Illuminate\\Console\\Command->run()
#26 /var/www/groscope/vendor/symfony/console/Application.php(324): Symfony\\Component\\Console\\Application->doRunCommand()
#27 /var/www/groscope/vendor/symfony/console/Application.php(175): Symfony\\Component\\Console\\Application->doRun()
#28 /var/www/groscope/vendor/laravel/framework/src/Illuminate/Foundation/Console/Kernel.php(201): Symfony\\Component\\Console\\Application->run()
#29 /var/www/groscope/artisan(35): Illuminate\\Foundation\\Console\\Kernel->handle()
#30 {main}
"} 
[2025-03-26 05:08:01] production.INFO: Scheduler Now working  
[2025-03-26 05:10:02] production.INFO: Scheduler Now working  
[2025-03-26 05:12:01] production.INFO: Scheduler Now working  
[2025-03-26 05:14:01] production.INFO: Scheduler Now working  
[2025-03-26 05:16:02] production.INFO: Scheduler Now working  
[2025-03-26 05:18:01] production.INFO: Scheduler Now working  
[2025-03-26 05:20:01] production.INFO: Scheduler Now working  
[2025-03-26 05:22:02] production.INFO: Scheduler Now working  
[2025-03-26 05:24:01] production.INFO: Scheduler Now working  
[2025-03-26 05:26:01] production.INFO: Scheduler Now working  
[2025-03-26 05:28:02] production.INFO: Scheduler Now working  
[2025-03-26 05:32:01] production.INFO: Scheduler Now working  
[2025-03-26 05:34:01] production.INFO: Scheduler Now working  
[2025-03-26 05:36:02] production.INFO: Scheduler Now working  
[2025-03-26 05:36:34] production.INFO: Scheduler Now working  
[2025-03-26 05:38:02] production.INFO: Scheduler Now working  
[2025-03-26 05:40:01] production.INFO: Scheduler Now working  
[2025-03-26 05:42:01] production.INFO: Scheduler Now working  
[2025-03-26 05:44:02] production.INFO: Scheduler Now working  
[2025-03-26 05:46:01] production.INFO: Scheduler Now working  
[2025-03-26 05:48:02] production.INFO: Scheduler Now working  
[2025-03-26 05:50:01] production.INFO: Scheduler Now working  
[2025-03-26 05:52:01] production.INFO: Scheduler Now working  
[2025-03-26 05:54:02] production.INFO: Scheduler Now working  
[2025-03-26 05:56:01] production.INFO: Scheduler Now working  
[2025-03-26 05:58:01] production.INFO: Scheduler Now working  
[2025-03-26 06:02:02] production.INFO: Scheduler Now working  
[2025-03-26 06:04:01] production.INFO: Scheduler Now working  
[2025-03-26 06:06:01] production.INFO: Scheduler Now working  
[2025-03-26 06:06:40] production.INFO: Scheduler Now working  
[2025-03-26 06:08:02] production.INFO: Scheduler Now working  
[2025-03-26 06:10:01] production.INFO: Scheduler Now working  
[2025-03-26 06:12:01] production.INFO: Scheduler Now working  
[2025-03-26 06:14:02] production.INFO: Scheduler Now working  
[2025-03-26 06:16:01] production.INFO: Scheduler Now working  
[2025-03-26 06:18:01] production.INFO: Scheduler Now working  
[2025-03-26 06:20:02] production.INFO: Scheduler Now working  
[2025-03-26 06:22:01] production.INFO: Scheduler Now working  
[2025-03-26 06:24:01] production.INFO: Scheduler Now working  
[2025-03-26 06:26:02] production.INFO: Scheduler Now working  
[2025-03-26 06:28:01] production.INFO: Scheduler Now working  
[2025-03-26 06:32:01] production.INFO: Scheduler Now working  
[2025-03-26 06:34:02] production.INFO: Scheduler Now working  
[2025-03-26 06:36:01] production.INFO: Scheduler Now working  
[2025-03-26 06:36:39] production.INFO: Scheduler Now working  
[2025-03-26 06:38:01] production.INFO: Scheduler Now working  
[2025-03-26 06:40:01] production.INFO: Scheduler Now working  
[2025-03-26 06:42:02] production.INFO: Scheduler Now working  
[2025-03-26 06:44:01] production.INFO: Scheduler Now working  
[2025-03-26 06:46:01] production.INFO: Scheduler Now working  
[2025-03-26 06:48:02] production.INFO: Scheduler Now working  
[2025-03-26 06:50:01] production.INFO: Scheduler Now working  
[2025-03-26 06:52:02] production.INFO: Scheduler Now working  
[2025-03-26 06:54:01] production.INFO: Scheduler Now working  
[2025-03-26 06:56:01] production.INFO: Scheduler Now working  
[2025-03-26 06:58:02] production.INFO: Scheduler Now working  
[2025-03-26 07:02:02] production.INFO: Scheduler Now working  
[2025-03-26 07:04:01] production.INFO: Scheduler Now working  
[2025-03-26 07:06:02] production.INFO: Scheduler Now working  
[2025-03-26 07:06:42] production.INFO: Scheduler Now working  
[2025-03-26 07:08:01] production.INFO: Scheduler Now working  
[2025-03-26 07:10:02] production.INFO: Scheduler Now working  
[2025-03-26 07:12:01] production.INFO: Scheduler Now working  
[2025-03-26 07:14:01] production.INFO: Scheduler Now working  
[2025-03-26 07:16:02] production.INFO: Scheduler Now working  
[2025-03-26 07:18:01] production.INFO: Scheduler Now working  
[2025-03-26 07:20:02] production.INFO: Scheduler Now working  
[2025-03-26 07:22:01] production.INFO: Scheduler Now working  
[2025-03-26 07:24:01] production.INFO: Scheduler Now working  
[2025-03-26 07:26:02] production.INFO: Scheduler Now working  
[2025-03-26 07:28:01] production.INFO: Scheduler Now working  
[2025-03-26 07:32:01] production.INFO: Scheduler Now working  
[2025-03-26 07:34:02] production.INFO: Scheduler Now working  
[2025-03-26 07:36:01] production.INFO: Scheduler Now working  
[2025-03-26 07:36:37] production.INFO: Scheduler Now working  
[2025-03-26 07:38:01] production.INFO: Scheduler Now working  
[2025-03-26 07:40:02] production.INFO: Scheduler Now working  
[2025-03-26 07:42:01] production.INFO: Scheduler Now working  
[2025-03-26 07:44:01] production.INFO: Scheduler Now working  
[2025-03-26 07:46:02] production.INFO: Scheduler Now working  
[2025-03-26 07:48:01] production.INFO: Scheduler Now working  
[2025-03-26 07:50:01] production.INFO: Scheduler Now working  
[2025-03-26 07:52:02] production.INFO: Scheduler Now working  
[2025-03-26 07:54:01] production.INFO: Scheduler Now working  
[2025-03-26 07:56:01] production.INFO: Scheduler Now working  
[2025-03-26 07:58:02] production.INFO: Scheduler Now working  
[2025-03-26 08:02:01] production.INFO: Scheduler Now working  
[2025-03-26 08:04:01] production.INFO: Scheduler Now working  
[2025-03-26 08:06:02] production.INFO: Scheduler Now working  
[2025-03-26 08:06:41] production.INFO: Scheduler Now working  
[2025-03-26 08:08:01] production.INFO: Scheduler Now working  
[2025-03-26 08:10:02] production.INFO: Scheduler Now working  
[2025-03-26 08:12:01] production.INFO: Scheduler Now working  
[2025-03-26 08:14:02] production.INFO: Scheduler Now working  
[2025-03-26 08:16:02] production.INFO: Scheduler Now working  
[2025-03-26 08:18:01] production.INFO: Scheduler Now working  
[2025-03-26 08:20:02] production.INFO: Scheduler Now working  
[2025-03-26 08:22:01] production.INFO: Scheduler Now working  
[2025-03-26 08:24:01] production.INFO: Scheduler Now working  
[2025-03-26 08:26:02] production.INFO: Scheduler Now working  
[2025-03-26 08:28:01] production.INFO: Scheduler Now working  
[2025-03-26 08:32:01] production.INFO: Scheduler Now working  
[2025-03-26 08:34:02] production.INFO: Scheduler Now working  
[2025-03-26 08:36:01] production.INFO: Scheduler Now working  
[2025-03-26 08:36:41] production.INFO: Scheduler Now working  
[2025-03-26 08:38:01] production.INFO: Scheduler Now working  
[2025-03-26 08:40:01] production.INFO: Scheduler Now working  
[2025-03-26 08:42:02] production.INFO: Scheduler Now working  
[2025-03-26 08:44:01] production.INFO: Scheduler Now working  
[2025-03-26 08:46:01] production.INFO: Scheduler Now working  
[2025-03-26 08:48:02] production.INFO: Scheduler Now working  
[2025-03-26 08:50:01] production.INFO: Scheduler Now working  
[2025-03-26 08:52:02] production.INFO: Scheduler Now working  
[2025-03-26 08:54:01] production.INFO: Scheduler Now working  
[2025-03-26 08:56:02] production.INFO: Scheduler Now working  
[2025-03-26 08:58:01] production.INFO: Scheduler Now working  
[2025-03-26 09:02:01] production.INFO: Scheduler Now working  
[2025-03-26 09:04:01] production.INFO: Scheduler Now working  
[2025-03-26 09:06:02] production.INFO: Scheduler Now working  
[2025-03-26 09:06:49] production.INFO: Scheduler Now working  
[2025-03-26 09:08:01] production.INFO: Scheduler Now working  
[2025-03-26 09:10:02] production.INFO: Scheduler Now working  
[2025-03-26 09:12:01] production.INFO: Scheduler Now working  
[2025-03-26 09:14:01] production.INFO: Scheduler Now working  
[2025-03-26 09:16:02] production.INFO: Scheduler Now working  
[2025-03-26 09:18:01] production.INFO: Scheduler Now working  
[2025-03-26 09:20:01] production.INFO: Scheduler Now working  
[2025-03-26 09:22:02] production.INFO: Scheduler Now working  
[2025-03-26 09:24:01] production.INFO: Scheduler Now working  
[2025-03-26 09:26:02] production.INFO: Scheduler Now working  
[2025-03-26 09:28:01] production.INFO: Scheduler Now working  
[2025-03-26 09:32:01] production.INFO: Scheduler Now working  
[2025-03-26 09:34:01] production.INFO: Scheduler Now working  
[2025-03-26 09:36:02] production.INFO: Scheduler Now working  
[2025-03-26 09:36:48] production.INFO: Scheduler Now working  
[2025-03-26 09:38:01] production.INFO: Scheduler Now working  
[2025-03-26 09:40:02] production.INFO: Scheduler Now working  
[2025-03-26 09:42:01] production.INFO: Scheduler Now working  
[2025-03-26 09:44:01] production.INFO: Scheduler Now working  
[2025-03-26 09:46:02] production.INFO: Scheduler Now working  
[2025-03-26 09:48:01] production.INFO: Scheduler Now working  
[2025-03-26 09:50:02] production.INFO: Scheduler Now working  
[2025-03-26 09:52:01] production.INFO: Scheduler Now working  
[2025-03-26 09:54:01] production.INFO: Scheduler Now working  
[2025-03-26 09:56:02] production.INFO: Scheduler Now working  
[2025-03-26 09:58:01] production.INFO: Scheduler Now working  
[2025-03-26 10:02:01] production.INFO: Scheduler Now working  
[2025-03-26 10:04:02] production.INFO: Scheduler Now working  
[2025-03-26 10:06:01] production.INFO: Scheduler Now working  
[2025-03-26 10:06:54] production.INFO: Scheduler Now working  
[2025-03-26 10:08:01] production.INFO: Scheduler Now working  
[2025-03-26 10:10:02] production.INFO: Scheduler Now working  
[2025-03-26 10:12:01] production.INFO: Scheduler Now working  
[2025-03-26 10:14:01] production.INFO: Scheduler Now working  
[2025-03-26 10:16:02] production.INFO: Scheduler Now working  
[2025-03-26 10:18:01] production.INFO: Scheduler Now working  
[2025-03-26 10:20:01] production.INFO: Scheduler Now working  
[2025-03-26 10:22:02] production.INFO: Scheduler Now working  
[2025-03-26 10:24:01] production.INFO: Scheduler Now working  
[2025-03-26 10:26:01] production.INFO: Scheduler Now working  
[2025-03-26 10:28:02] production.INFO: Scheduler Now working  
[2025-03-26 10:32:01] production.INFO: Scheduler Now working  
[2025-03-26 10:34:01] production.INFO: Scheduler Now working  
[2025-03-26 10:36:02] production.INFO: Scheduler Now working  
[2025-03-26 10:36:49] production.INFO: Scheduler Now working  
[2025-03-26 10:38:01] production.INFO: Scheduler Now working  
[2025-03-26 10:40:01] production.INFO: Scheduler Now working  
[2025-03-26 10:42:02] production.INFO: Scheduler Now working  
[2025-03-26 10:44:01] production.INFO: Scheduler Now working  
[2025-03-26 10:46:02] production.INFO: Scheduler Now working  
[2025-03-26 10:48:02] production.INFO: Scheduler Now working  
[2025-03-26 10:50:01] production.INFO: Scheduler Now working  
[2025-03-26 10:52:02] production.INFO: Scheduler Now working  
[2025-03-26 10:54:01] production.INFO: Scheduler Now working  
[2025-03-26 10:56:01] production.INFO: Scheduler Now working  
[2025-03-26 10:58:02] production.INFO: Scheduler Now working  
[2025-03-26 11:02:02] production.INFO: Scheduler Now working  
[2025-03-26 11:04:01] production.INFO: Scheduler Now working  
[2025-03-26 11:06:02] production.INFO: Scheduler Now working  
[2025-03-26 11:06:52] production.INFO: Scheduler Now working  
[2025-03-26 11:08:02] production.INFO: Scheduler Now working  
[2025-03-26 11:10:01] production.INFO: Scheduler Now working  
[2025-03-26 11:12:01] production.INFO: Scheduler Now working  
[2025-03-26 11:14:02] production.INFO: Scheduler Now working  
[2025-03-26 11:16:01] production.INFO: Scheduler Now working  
[2025-03-26 11:18:02] production.INFO: Scheduler Now working  
[2025-03-26 11:20:01] production.INFO: Scheduler Now working  
[2025-03-26 11:22:01] production.INFO: Scheduler Now working  
[2025-03-26 11:24:02] production.INFO: Scheduler Now working  
[2025-03-26 11:26:01] production.INFO: Scheduler Now working  
[2025-03-26 11:28:01] production.INFO: Scheduler Now working  
[2025-03-26 11:32:02] production.INFO: Scheduler Now working  
[2025-03-26 11:34:01] production.INFO: Scheduler Now working  
[2025-03-26 11:36:01] production.INFO: Scheduler Now working  
[2025-03-26 11:36:54] production.INFO: Scheduler Now working  
[2025-03-26 11:38:02] production.INFO: Scheduler Now working  
[2025-03-26 11:40:01] production.INFO: Scheduler Now working  
[2025-03-26 11:42:02] production.INFO: Scheduler Now working  
[2025-03-26 11:44:01] production.INFO: Scheduler Now working  
[2025-03-26 11:46:01] production.INFO: Scheduler Now working  
[2025-03-26 11:48:02] production.INFO: Scheduler Now working  
[2025-03-26 11:50:01] production.INFO: Scheduler Now working  
[2025-03-26 11:52:01] production.INFO: Scheduler Now working  
[2025-03-26 11:54:02] production.INFO: Scheduler Now working  
[2025-03-26 11:56:01] production.INFO: Scheduler Now working  
[2025-03-26 11:58:01] production.INFO: Scheduler Now working  
[2025-03-26 12:02:02] production.INFO: Scheduler Now working  
[2025-03-26 12:04:01] production.INFO: Scheduler Now working  
[2025-03-26 12:06:01] production.INFO: Scheduler Now working  
[2025-03-26 12:06:51] production.INFO: Scheduler Now working  
[2025-03-26 12:08:01] production.INFO: Scheduler Now working  
[2025-03-26 12:10:02] production.INFO: Scheduler Now working  
[2025-03-26 12:12:01] production.INFO: Scheduler Now working  
[2025-03-26 12:14:01] production.INFO: Scheduler Now working  
[2025-03-26 12:16:02] production.INFO: Scheduler Now working  
[2025-03-26 12:18:01] production.INFO: Scheduler Now working  
[2025-03-26 12:20:02] production.INFO: Scheduler Now working  
[2025-03-26 12:22:02] production.INFO: Scheduler Now working  
[2025-03-26 12:24:01] production.INFO: Scheduler Now working  
[2025-03-26 12:26:02] production.INFO: Scheduler Now working  
[2025-03-26 12:28:01] production.INFO: Scheduler Now working  
[2025-03-26 12:32:01] production.INFO: Scheduler Now working  
[2025-03-26 12:34:01] production.INFO: Scheduler Now working  
[2025-03-26 12:36:02] production.INFO: Scheduler Now working  
[2025-03-26 12:36:54] production.INFO: Scheduler Now working  
[2025-03-26 12:38:01] production.INFO: Scheduler Now working  
[2025-03-26 12:40:01] production.INFO: Scheduler Now working  
[2025-03-26 12:42:02] production.INFO: Scheduler Now working  
[2025-03-26 12:44:01] production.INFO: Scheduler Now working  
[2025-03-26 12:46:01] production.INFO: Scheduler Now working  
[2025-03-26 12:48:02] production.INFO: Scheduler Now working  
[2025-03-26 12:50:01] production.INFO: Scheduler Now working  
[2025-03-26 12:52:02] production.INFO: Scheduler Now working  
[2025-03-26 12:54:01] production.INFO: Scheduler Now working  
[2025-03-26 12:56:01] production.INFO: Scheduler Now working  
[2025-03-26 12:58:02] production.INFO: Scheduler Now working  
[2025-03-26 13:02:02] production.INFO: Scheduler Now working  
[2025-03-26 13:04:01] production.INFO: Scheduler Now working  
[2025-03-26 13:06:01] production.INFO: Scheduler Now working  
[2025-03-26 13:06:52] production.INFO: Scheduler Now working  
[2025-03-26 13:08:01] production.INFO: Scheduler Now working  
[2025-03-26 13:10:02] production.INFO: Scheduler Now working  
[2025-03-26 13:12:01] production.INFO: Scheduler Now working  
[2025-03-26 13:14:01] production.INFO: Scheduler Now working  
[2025-03-26 13:16:02] production.INFO: Scheduler Now working  
[2025-03-26 13:18:01] production.INFO: Scheduler Now working  
[2025-03-26 13:20:02] production.INFO: Scheduler Now working  
[2025-03-26 13:22:02] production.INFO: Scheduler Now working  
[2025-03-26 13:24:01] production.INFO: Scheduler Now working  
[2025-03-26 13:26:02] production.INFO: Scheduler Now working  
[2025-03-26 13:28:01] production.INFO: Scheduler Now working  
[2025-03-26 13:32:01] production.INFO: Scheduler Now working  
[2025-03-26 13:34:02] production.INFO: Scheduler Now working  
[2025-03-26 13:36:01] production.INFO: Scheduler Now working  
[2025-03-26 13:36:46] production.INFO: Scheduler Now working  
[2025-03-26 13:38:01] production.INFO: Scheduler Now working  
[2025-03-26 13:40:02] production.INFO: Scheduler Now working  
[2025-03-26 13:42:02] production.INFO: Scheduler Now working  
[2025-03-26 13:44:01] production.INFO: Scheduler Now working  
[2025-03-26 13:46:02] production.INFO: Scheduler Now working  
[2025-03-26 13:48:01] production.INFO: Scheduler Now working  
[2025-03-26 13:50:01] production.INFO: Scheduler Now working  
[2025-03-26 13:52:02] production.INFO: Scheduler Now working  
[2025-03-26 13:54:01] production.INFO: Scheduler Now working  
[2025-03-26 13:56:01] production.INFO: Scheduler Now working  
[2025-03-26 13:58:02] production.INFO: Scheduler Now working  
[2025-03-26 14:02:01] production.INFO: Scheduler Now working  
[2025-03-26 14:04:01] production.INFO: Scheduler Now working  
[2025-03-26 14:06:02] production.INFO: Scheduler Now working  
[2025-03-26 14:06:47] production.INFO: Scheduler Now working  
[2025-03-26 14:08:01] production.INFO: Scheduler Now working  
[2025-03-26 14:10:02] production.INFO: Scheduler Now working  
[2025-03-26 14:12:01] production.INFO: Scheduler Now working  
[2025-03-26 14:14:01] production.INFO: Scheduler Now working  
[2025-03-26 14:16:02] production.INFO: Scheduler Now working  
[2025-03-26 14:18:01] production.INFO: Scheduler Now working  
[2025-03-26 14:20:01] production.INFO: Scheduler Now working  
[2025-03-26 14:22:02] production.INFO: Scheduler Now working  
[2025-03-26 14:24:01] production.INFO: Scheduler Now working  
[2025-03-26 14:26:02] production.INFO: Scheduler Now working  
[2025-03-26 14:28:02] production.INFO: Scheduler Now working  
[2025-03-26 14:32:01] production.INFO: Scheduler Now working  
[2025-03-26 14:34:01] production.INFO: Scheduler Now working  
[2025-03-26 14:36:02] production.INFO: Scheduler Now working  
[2025-03-26 14:36:52] production.INFO: Scheduler Now working  
[2025-03-26 14:38:01] production.INFO: Scheduler Now working  
[2025-03-26 14:40:02] production.INFO: Scheduler Now working  
[2025-03-26 14:42:01] production.INFO: Scheduler Now working  
[2025-03-26 14:44:01] production.INFO: Scheduler Now working  
[2025-03-26 14:46:02] production.INFO: Scheduler Now working  
[2025-03-26 14:48:01] production.INFO: Scheduler Now working  
[2025-03-26 14:50:02] production.INFO: Scheduler Now working  
[2025-03-26 14:52:01] production.INFO: Scheduler Now working  
[2025-03-26 14:54:01] production.INFO: Scheduler Now working  
[2025-03-26 14:56:02] production.INFO: Scheduler Now working  
[2025-03-26 14:58:01] production.INFO: Scheduler Now working  
[2025-03-26 15:02:01] production.INFO: Scheduler Now working  
[2025-03-26 15:04:01] production.INFO: Scheduler Now working  
[2025-03-26 15:06:02] production.INFO: Scheduler Now working  
[2025-03-26 15:06:47] production.INFO: Scheduler Now working  
[2025-03-26 15:08:02] production.INFO: Scheduler Now working  
[2025-03-26 15:10:01] production.INFO: Scheduler Now working  
[2025-03-26 15:12:01] production.INFO: Scheduler Now working  
[2025-03-26 15:14:02] production.INFO: Scheduler Now working  
[2025-03-26 15:16:01] production.INFO: Scheduler Now working  
[2025-03-26 15:18:01] production.INFO: Scheduler Now working  
[2025-03-26 15:20:02] production.INFO: Scheduler Now working  
[2025-03-26 15:22:01] production.INFO: Scheduler Now working  
[2025-03-26 15:24:02] production.INFO: Scheduler Now working  
[2025-03-26 15:26:01] production.INFO: Scheduler Now working  
[2025-03-26 15:28:01] production.INFO: Scheduler Now working  
[2025-03-26 15:32:01] production.INFO: Scheduler Now working  
[2025-03-26 15:34:02] production.INFO: Scheduler Now working  
[2025-03-26 15:36:01] production.INFO: Scheduler Now working  
[2025-03-26 15:36:54] production.INFO: Scheduler Now working  
[2025-03-26 15:38:02] production.INFO: Scheduler Now working  
[2025-03-26 15:40:01] production.INFO: Scheduler Now working  
[2025-03-26 15:42:01] production.INFO: Scheduler Now working  
[2025-03-26 15:44:02] production.INFO: Scheduler Now working  
[2025-03-26 15:46:01] production.INFO: Scheduler Now working  
[2025-03-26 15:48:02] production.INFO: Scheduler Now working  
[2025-03-26 15:50:01] production.INFO: Scheduler Now working  
[2025-03-26 15:52:01] production.INFO: Scheduler Now working  
[2025-03-26 15:54:02] production.INFO: Scheduler Now working  
[2025-03-26 15:56:01] production.INFO: Scheduler Now working  
[2025-03-26 15:58:01] production.INFO: Scheduler Now working  
[2025-03-26 16:02:02] production.INFO: Scheduler Now working  
[2025-03-26 16:04:01] production.INFO: Scheduler Now working  
[2025-03-26 16:06:01] production.INFO: Scheduler Now working  
[2025-03-26 16:06:52] production.INFO: Scheduler Now working  
[2025-03-26 16:08:02] production.INFO: Scheduler Now working  
[2025-03-26 16:10:01] production.INFO: Scheduler Now working  
[2025-03-26 16:12:01] production.INFO: Scheduler Now working  
[2025-03-26 16:14:02] production.INFO: Scheduler Now working  
[2025-03-26 16:16:01] production.INFO: Scheduler Now working  
[2025-03-26 16:18:02] production.INFO: Scheduler Now working  
[2025-03-26 16:20:01] production.INFO: Scheduler Now working  
[2025-03-26 16:22:01] production.INFO: Scheduler Now working  
[2025-03-26 16:24:02] production.INFO: Scheduler Now working  
[2025-03-26 16:26:01] production.INFO: Scheduler Now working  
[2025-03-26 16:28:01] production.INFO: Scheduler Now working  
[2025-03-26 16:32:02] production.INFO: Scheduler Now working  
[2025-03-26 16:34:01] production.INFO: Scheduler Now working  
[2025-03-26 16:36:01] production.INFO: Scheduler Now working  
[2025-03-26 16:36:47] production.INFO: Scheduler Now working  
[2025-03-26 16:38:02] production.INFO: Scheduler Now working  
[2025-03-26 16:40:02] production.INFO: Scheduler Now working  
[2025-03-26 16:42:01] production.INFO: Scheduler Now working  
[2025-03-26 16:44:02] production.INFO: Scheduler Now working  
[2025-03-26 16:46:01] production.INFO: Scheduler Now working  
[2025-03-26 16:48:01] production.INFO: Scheduler Now working  
[2025-03-26 16:50:02] production.INFO: Scheduler Now working  
[2025-03-26 16:52:01] production.INFO: Scheduler Now working  
[2025-03-26 16:54:01] production.INFO: Scheduler Now working  
[2025-03-26 16:56:02] production.INFO: Scheduler Now working  
[2025-03-26 16:58:01] production.INFO: Scheduler Now working  
[2025-03-26 17:02:01] production.INFO: Scheduler Now working  
[2025-03-26 17:04:02] production.INFO: Scheduler Now working  
[2025-03-26 17:06:01] production.INFO: Scheduler Now working  
[2025-03-26 17:06:49] production.INFO: Scheduler Now working  
[2025-03-26 17:08:01] production.INFO: Scheduler Now working  
[2025-03-26 17:10:02] production.INFO: Scheduler Now working  
[2025-03-26 17:12:01] production.INFO: Scheduler Now working  
[2025-03-26 17:14:02] production.INFO: Scheduler Now working  
[2025-03-26 17:16:01] production.INFO: Scheduler Now working  
[2025-03-26 17:18:01] production.INFO: Scheduler Now working  
[2025-03-26 17:20:02] production.INFO: Scheduler Now working  
[2025-03-26 17:22:01] production.INFO: Scheduler Now working  
[2025-03-26 17:24:01] production.INFO: Scheduler Now working  
[2025-03-26 17:26:02] production.INFO: Scheduler Now working  
[2025-03-26 17:28:01] production.INFO: Scheduler Now working  
[2025-03-26 17:32:01] production.INFO: Scheduler Now working  
[2025-03-26 17:34:02] production.INFO: Scheduler Now working  
[2025-03-26 17:36:01] production.INFO: Scheduler Now working  
[2025-03-26 17:36:54] production.INFO: Scheduler Now working  
[2025-03-26 17:38:01] production.INFO: Scheduler Now working  
[2025-03-26 17:40:02] production.INFO: Scheduler Now working  
[2025-03-26 17:42:01] production.INFO: Scheduler Now working  
[2025-03-26 17:44:01] production.INFO: Scheduler Now working  
[2025-03-26 17:46:02] production.INFO: Scheduler Now working  
[2025-03-26 17:48:01] production.INFO: Scheduler Now working  
[2025-03-26 17:50:02] production.INFO: Scheduler Now working  
[2025-03-26 17:52:01] production.INFO: Scheduler Now working  
[2025-03-26 17:54:01] production.INFO: Scheduler Now working  
[2025-03-26 17:56:02] production.INFO: Scheduler Now working  
[2025-03-26 17:58:01] production.INFO: Scheduler Now working  
[2025-03-26 18:02:01] production.INFO: Scheduler Now working  
[2025-03-26 18:04:02] production.INFO: Scheduler Now working  
[2025-03-26 18:06:01] production.INFO: Scheduler Now working  
[2025-03-26 18:06:53] production.INFO: Scheduler Now working  
[2025-03-26 18:08:01] production.INFO: Scheduler Now working  
[2025-03-26 18:10:02] production.INFO: Scheduler Now working  
[2025-03-26 18:12:01] production.INFO: Scheduler Now working  
[2025-03-26 18:14:02] production.INFO: Scheduler Now working  
[2025-03-26 18:16:01] production.INFO: Scheduler Now working  
[2025-03-26 18:18:01] production.INFO: Scheduler Now working  
[2025-03-26 18:20:02] production.INFO: Scheduler Now working  
[2025-03-26 18:22:01] production.INFO: Scheduler Now working  
[2025-03-26 18:24:01] production.INFO: Scheduler Now working  
[2025-03-26 18:26:02] production.INFO: Scheduler Now working  
[2025-03-26 18:28:01] production.INFO: Scheduler Now working  
[2025-03-26 18:32:01] production.INFO: Scheduler Now working  
[2025-03-26 18:34:02] production.INFO: Scheduler Now working  
[2025-03-26 18:36:01] production.INFO: Scheduler Now working  
[2025-03-26 18:36:52] production.INFO: Scheduler Now working  
[2025-03-26 18:38:01] production.INFO: Scheduler Now working  
[2025-03-26 18:40:02] production.INFO: Scheduler Now working  
[2025-03-26 18:42:01] production.INFO: Scheduler Now working  
[2025-03-26 18:44:01] production.INFO: Scheduler Now working  
[2025-03-26 18:46:02] production.INFO: Scheduler Now working  
[2025-03-26 18:48:01] production.INFO: Scheduler Now working  
[2025-03-26 18:50:01] production.INFO: Scheduler Now working  
[2025-03-26 18:52:02] production.INFO: Scheduler Now working  
[2025-03-26 18:54:01] production.INFO: Scheduler Now working  
[2025-03-26 18:56:02] production.INFO: Scheduler Now working  
[2025-03-26 18:58:01] production.INFO: Scheduler Now working  
[2025-03-26 19:02:01] production.INFO: Scheduler Now working  
[2025-03-26 19:04:01] production.INFO: Scheduler Now working  
[2025-03-26 19:06:02] production.INFO: Scheduler Now working  
[2025-03-26 19:06:55] production.INFO: Scheduler Now working  
[2025-03-26 19:08:01] production.INFO: Scheduler Now working  
[2025-03-26 19:10:02] production.INFO: Scheduler Now working  
[2025-03-26 19:12:01] production.INFO: Scheduler Now working  
[2025-03-26 19:14:02] production.INFO: Scheduler Now working  
[2025-03-26 19:16:01] production.INFO: Scheduler Now working  
[2025-03-26 19:18:01] production.INFO: Scheduler Now working  
[2025-03-26 19:20:02] production.INFO: Scheduler Now working  
[2025-03-26 19:22:01] production.INFO: Scheduler Now working  
[2025-03-26 19:24:01] production.INFO: Scheduler Now working  
[2025-03-26 19:26:02] production.INFO: Scheduler Now working  
[2025-03-26 19:28:01] production.INFO: Scheduler Now working  
[2025-03-26 19:32:01] production.INFO: Scheduler Now working  
[2025-03-26 19:34:02] production.INFO: Scheduler Now working  
[2025-03-26 19:36:01] production.INFO: Scheduler Now working  
[2025-03-26 19:36:52] production.INFO: Scheduler Now working  
[2025-03-26 19:38:01] production.INFO: Scheduler Now working  
[2025-03-26 19:40:01] production.INFO: Scheduler Now working  
[2025-03-26 19:42:02] production.INFO: Scheduler Now working  
[2025-03-26 19:44:01] production.INFO: Scheduler Now working  
[2025-03-26 19:46:02] production.INFO: Scheduler Now working  
[2025-03-26 19:48:02] production.INFO: Scheduler Now working  
[2025-03-26 19:50:01] production.INFO: Scheduler Now working  
[2025-03-26 19:52:02] production.INFO: Scheduler Now working  
[2025-03-26 19:54:01] production.INFO: Scheduler Now working  
[2025-03-26 19:56:01] production.INFO: Scheduler Now working  
[2025-03-26 19:58:02] production.INFO: Scheduler Now working  
[2025-03-26 20:02:01] production.INFO: Scheduler Now working  
[2025-03-26 20:04:01] production.INFO: Scheduler Now working  
[2025-03-26 20:06:02] production.INFO: Scheduler Now working  
[2025-03-26 20:06:53] production.INFO: Scheduler Now working  
[2025-03-26 20:08:01] production.INFO: Scheduler Now working  
[2025-03-26 20:10:02] production.INFO: Scheduler Now working  
[2025-03-26 20:12:01] production.INFO: Scheduler Now working  
[2025-03-26 20:14:01] production.INFO: Scheduler Now working  
[2025-03-26 20:16:02] production.INFO: Scheduler Now working  
[2025-03-26 20:18:01] production.INFO: Scheduler Now working  
[2025-03-26 20:20:01] production.INFO: Scheduler Now working  
[2025-03-26 20:22:02] production.INFO: Scheduler Now working  
[2025-03-26 20:24:01] production.INFO: Scheduler Now working  
[2025-03-26 20:26:01] production.INFO: Scheduler Now working  
[2025-03-26 20:28:02] production.INFO: Scheduler Now working  
[2025-03-26 20:32:01] production.INFO: Scheduler Now working  
[2025-03-26 20:34:01] production.INFO: Scheduler Now working  
[2025-03-26 20:36:02] production.INFO: Scheduler Now working  
[2025-03-26 20:36:52] production.INFO: Scheduler Now working  
[2025-03-26 20:38:01] production.INFO: Scheduler Now working  
[2025-03-26 20:40:02] production.INFO: Scheduler Now working  
[2025-03-26 20:42:01] production.INFO: Scheduler Now working  
[2025-03-26 20:44:01] production.INFO: Scheduler Now working  
[2025-03-26 20:46:02] production.INFO: Scheduler Now working  
[2025-03-26 20:48:01] production.INFO: Scheduler Now working  
[2025-03-26 20:50:01] production.INFO: Scheduler Now working  
[2025-03-26 20:52:02] production.INFO: Scheduler Now working  
[2025-03-26 20:54:01] production.INFO: Scheduler Now working  
[2025-03-26 20:56:01] production.INFO: Scheduler Now working  
[2025-03-26 20:58:02] production.INFO: Scheduler Now working  
[2025-03-26 21:02:01] production.INFO: Scheduler Now working  
[2025-03-26 21:04:01] production.INFO: Scheduler Now working  
[2025-03-26 21:06:02] production.INFO: Scheduler Now working  
[2025-03-26 21:06:54] production.INFO: Scheduler Now working  
[2025-03-26 21:08:02] production.INFO: Scheduler Now working  
[2025-03-26 21:10:01] production.INFO: Scheduler Now working  
[2025-03-26 21:12:02] production.INFO: Scheduler Now working  
[2025-03-26 21:14:01] production.INFO: Scheduler Now working  
[2025-03-26 21:16:01] production.INFO: Scheduler Now working  
[2025-03-26 21:18:02] production.INFO: Scheduler Now working  
[2025-03-26 21:20:01] production.INFO: Scheduler Now working  
[2025-03-26 21:22:01] production.INFO: Scheduler Now working  
[2025-03-26 21:24:02] production.INFO: Scheduler Now working  
[2025-03-26 21:26:01] production.INFO: Scheduler Now working  
[2025-03-26 21:28:01] production.INFO: Scheduler Now working  
[2025-03-26 21:32:02] production.INFO: Scheduler Now working  
[2025-03-26 21:34:01] production.INFO: Scheduler Now working  
[2025-03-26 21:36:01] production.INFO: Scheduler Now working  
[2025-03-26 21:36:48] production.INFO: Scheduler Now working  
[2025-03-26 21:38:01] production.INFO: Scheduler Now working  
[2025-03-26 21:40:02] production.INFO: Scheduler Now working  
[2025-03-26 21:42:01] production.INFO: Scheduler Now working  
[2025-03-26 21:44:01] production.INFO: Scheduler Now working  
[2025-03-26 21:46:02] production.INFO: Scheduler Now working  
[2025-03-26 21:48:01] production.INFO: Scheduler Now working  
[2025-03-26 21:50:02] production.INFO: Scheduler Now working  
[2025-03-26 21:52:01] production.INFO: Scheduler Now working  
[2025-03-26 21:54:01] production.INFO: Scheduler Now working  
[2025-03-26 21:56:02] production.INFO: Scheduler Now working  
[2025-03-26 21:58:01] production.INFO: Scheduler Now working  
[2025-03-26 22:02:01] production.INFO: Scheduler Now working  
[2025-03-26 22:04:02] production.INFO: Scheduler Now working  
[2025-03-26 22:06:01] production.INFO: Scheduler Now working  
[2025-03-26 22:06:50] production.INFO: Scheduler Now working  
[2025-03-26 22:08:01] production.INFO: Scheduler Now working  
[2025-03-26 22:10:02] production.INFO: Scheduler Now working  
[2025-03-26 22:12:01] production.INFO: Scheduler Now working  
[2025-03-26 22:14:02] production.INFO: Scheduler Now working  
[2025-03-26 22:16:02] production.INFO: Scheduler Now working  
[2025-03-26 22:18:01] production.INFO: Scheduler Now working  
[2025-03-26 22:20:02] production.INFO: Scheduler Now working  
[2025-03-26 22:22:01] production.INFO: Scheduler Now working  
[2025-03-26 22:24:01] production.INFO: Scheduler Now working  
[2025-03-26 22:26:02] production.INFO: Scheduler Now working  
[2025-03-26 22:28:01] production.INFO: Scheduler Now working  
[2025-03-26 22:32:01] production.INFO: Scheduler Now working  
[2025-03-26 22:34:02] production.INFO: Scheduler Now working  
[2025-03-26 22:36:01] production.INFO: Scheduler Now working  
[2025-03-26 22:36:49] production.INFO: Scheduler Now working  
[2025-03-26 22:38:01] production.INFO: Scheduler Now working  
[2025-03-26 22:40:01] production.INFO: Scheduler Now working  
[2025-03-26 22:42:02] production.INFO: Scheduler Now working  
[2025-03-26 22:44:01] production.INFO: Scheduler Now working  
[2025-03-26 22:46:01] production.INFO: Scheduler Now working  
[2025-03-26 22:48:02] production.INFO: Scheduler Now working  
[2025-03-26 22:50:01] production.INFO: Scheduler Now working  
[2025-03-26 22:52:01] production.INFO: Scheduler Now working  
[2025-03-26 22:54:02] production.INFO: Scheduler Now working  
[2025-03-26 22:56:01] production.INFO: Scheduler Now working  
[2025-03-26 22:58:02] production.INFO: Scheduler Now working  
[2025-03-26 23:02:02] production.INFO: Scheduler Now working  
[2025-03-26 23:04:01] production.INFO: Scheduler Now working  
[2025-03-26 23:06:01] production.INFO: Scheduler Now working  
[2025-03-26 23:06:53] production.INFO: Scheduler Now working  
[2025-03-26 23:08:02] production.INFO: Scheduler Now working  
[2025-03-26 23:10:01] production.INFO: Scheduler Now working  
[2025-03-26 23:12:01] production.INFO: Scheduler Now working  
[2025-03-26 23:14:02] production.INFO: Scheduler Now working  
[2025-03-26 23:16:01] production.INFO: Scheduler Now working  
[2025-03-26 23:18:02] production.INFO: Scheduler Now working  
[2025-03-26 23:20:02] production.INFO: Scheduler Now working  
[2025-03-26 23:22:01] production.INFO: Scheduler Now working  
[2025-03-26 23:24:02] production.INFO: Scheduler Now working  
[2025-03-26 23:26:01] production.INFO: Scheduler Now working  
[2025-03-26 23:28:01] production.INFO: Scheduler Now working  
[2025-03-26 23:32:01] production.INFO: Scheduler Now working  
[2025-03-26 23:34:02] production.INFO: Scheduler Now working  
[2025-03-26 23:36:01] production.INFO: Scheduler Now working  
[2025-03-26 23:36:45] production.INFO: Scheduler Now working  
[2025-03-26 23:38:01] production.INFO: Scheduler Now working  
[2025-03-26 23:40:02] production.INFO: Scheduler Now working  
[2025-03-26 23:42:01] production.INFO: Scheduler Now working  
[2025-03-26 23:44:02] production.INFO: Scheduler Now working  
[2025-03-26 23:46:01] production.INFO: Scheduler Now working  
[2025-03-26 23:48:01] production.INFO: Scheduler Now working  
[2025-03-26 23:50:02] production.INFO: Scheduler Now working  
[2025-03-26 23:52:01] production.INFO: Scheduler Now working  
[2025-03-26 23:54:01] production.INFO: Scheduler Now working  
[2025-03-26 23:56:02] production.INFO: Scheduler Now working  
[2025-03-26 23:58:01] production.INFO: Scheduler Now working  
