[2025-03-29 00:02:01] production.INFO: Scheduler Now working  
[2025-03-29 00:04:02] production.INFO: Scheduler Now working  
[2025-03-29 00:06:02] production.INFO: Scheduler Now working  
[2025-03-29 00:06:59] production.INFO: Scheduler Now working  
[2025-03-29 00:08:01] production.INFO: Scheduler Now working  
[2025-03-29 00:10:02] production.INFO: Scheduler Now working  
[2025-03-29 00:12:01] production.INFO: Scheduler Now working  
[2025-03-29 00:14:01] production.INFO: Scheduler Now working  
[2025-03-29 00:16:02] production.INFO: Scheduler Now working  
[2025-03-29 00:18:01] production.INFO: Scheduler Now working  
[2025-03-29 00:20:02] production.INFO: Scheduler Now working  
[2025-03-29 00:22:02] production.INFO: Scheduler Now working  
[2025-03-29 00:24:01] production.INFO: Scheduler Now working  
[2025-03-29 00:26:02] production.INFO: Scheduler Now working  
[2025-03-29 00:28:02] production.INFO: Scheduler Now working  
[2025-03-29 00:32:01] production.INFO: Scheduler Now working  
[2025-03-29 00:34:01] production.INFO: Scheduler Now working  
[2025-03-29 00:36:02] production.INFO: Scheduler Now working  
[2025-03-29 00:36:45] production.INFO: Scheduler Now working  
[2025-03-29 00:38:02] production.INFO: Scheduler Now working  
[2025-03-29 00:40:02] production.INFO: Scheduler Now working  
[2025-03-29 00:42:01] production.INFO: Scheduler Now working  
[2025-03-29 00:44:02] production.INFO: Scheduler Now working  
[2025-03-29 00:46:01] production.INFO: Scheduler Now working  
[2025-03-29 00:48:01] production.INFO: Scheduler Now working  
[2025-03-29 00:50:02] production.INFO: Scheduler Now working  
[2025-03-29 00:52:01] production.INFO: Scheduler Now working  
[2025-03-29 00:54:01] production.INFO: Scheduler Now working  
[2025-03-29 00:56:02] production.INFO: Scheduler Now working  
[2025-03-29 00:58:01] production.INFO: Scheduler Now working  
[2025-03-29 01:02:01] production.INFO: Scheduler Now working  
[2025-03-29 01:04:01] production.INFO: Scheduler Now working  
[2025-03-29 01:06:02] production.INFO: Scheduler Now working  
[2025-03-29 01:06:46] production.INFO: Scheduler Now working  
[2025-03-29 01:08:01] production.INFO: Scheduler Now working  
[2025-03-29 01:10:02] production.INFO: Scheduler Now working  
[2025-03-29 01:12:01] production.INFO: Scheduler Now working  
[2025-03-29 01:14:02] production.INFO: Scheduler Now working  
[2025-03-29 01:16:02] production.INFO: Scheduler Now working  
[2025-03-29 01:18:01] production.INFO: Scheduler Now working  
[2025-03-29 01:20:02] production.INFO: Scheduler Now working  
[2025-03-29 01:22:01] production.INFO: Scheduler Now working  
[2025-03-29 01:24:01] production.INFO: Scheduler Now working  
[2025-03-29 01:26:02] production.INFO: Scheduler Now working  
[2025-03-29 01:28:01] production.INFO: Scheduler Now working  
[2025-03-29 01:32:01] production.INFO: Scheduler Now working  
[2025-03-29 01:34:01] production.INFO: Scheduler Now working  
[2025-03-29 01:36:02] production.INFO: Scheduler Now working  
[2025-03-29 01:36:45] production.INFO: Scheduler Now working  
[2025-03-29 01:38:01] production.INFO: Scheduler Now working  
[2025-03-29 01:40:02] production.INFO: Scheduler Now working  
[2025-03-29 01:42:01] production.INFO: Scheduler Now working  
[2025-03-29 01:44:01] production.INFO: Scheduler Now working  
[2025-03-29 01:46:02] production.INFO: Scheduler Now working  
[2025-03-29 01:48:01] production.INFO: Scheduler Now working  
[2025-03-29 01:50:02] production.INFO: Scheduler Now working  
[2025-03-29 01:52:01] production.INFO: Scheduler Now working  
[2025-03-29 01:54:01] production.INFO: Scheduler Now working  
[2025-03-29 01:56:02] production.INFO: Scheduler Now working  
[2025-03-29 01:58:01] production.INFO: Scheduler Now working  
[2025-03-29 02:02:01] production.INFO: Scheduler Now working  
[2025-03-29 02:04:02] production.INFO: Scheduler Now working  
[2025-03-29 02:06:02] production.INFO: Scheduler Now working  
[2025-03-29 02:06:43] production.INFO: Scheduler Now working  
[2025-03-29 02:08:02] production.INFO: Scheduler Now working  
[2025-03-29 02:10:01] production.INFO: Scheduler Now working  
[2025-03-29 02:12:02] production.INFO: Scheduler Now working  
[2025-03-29 02:14:01] production.INFO: Scheduler Now working  
[2025-03-29 02:16:01] production.INFO: Scheduler Now working  
[2025-03-29 02:18:02] production.INFO: Scheduler Now working  
[2025-03-29 02:20:01] production.INFO: Scheduler Now working  
[2025-03-29 02:22:01] production.INFO: Scheduler Now working  
[2025-03-29 02:24:02] production.INFO: Scheduler Now working  
[2025-03-29 02:26:01] production.INFO: Scheduler Now working  
[2025-03-29 02:28:01] production.INFO: Scheduler Now working  
[2025-03-29 02:32:02] production.INFO: Scheduler Now working  
[2025-03-29 02:34:01] production.INFO: Scheduler Now working  
[2025-03-29 02:36:01] production.INFO: Scheduler Now working  
[2025-03-29 02:36:41] production.INFO: Scheduler Now working  
[2025-03-29 02:38:02] production.INFO: Scheduler Now working  
[2025-03-29 02:40:01] production.INFO: Scheduler Now working  
[2025-03-29 02:42:01] production.INFO: Scheduler Now working  
[2025-03-29 02:44:02] production.INFO: Scheduler Now working  
[2025-03-29 02:46:01] production.INFO: Scheduler Now working  
[2025-03-29 02:48:02] production.INFO: Scheduler Now working  
[2025-03-29 02:50:01] production.INFO: Scheduler Now working  
[2025-03-29 02:52:01] production.INFO: Scheduler Now working  
[2025-03-29 02:54:02] production.INFO: Scheduler Now working  
[2025-03-29 02:56:01] production.INFO: Scheduler Now working  
[2025-03-29 02:58:01] production.INFO: Scheduler Now working  
[2025-03-29 03:02:02] production.INFO: Scheduler Now working  
[2025-03-29 03:04:01] production.INFO: Scheduler Now working  
[2025-03-29 03:06:01] production.INFO: Scheduler Now working  
[2025-03-29 03:06:40] production.INFO: Scheduler Now working  
[2025-03-29 03:08:02] production.INFO: Scheduler Now working  
[2025-03-29 03:10:01] production.INFO: Scheduler Now working  
[2025-03-29 03:12:02] production.INFO: Scheduler Now working  
[2025-03-29 03:14:01] production.INFO: Scheduler Now working  
[2025-03-29 03:16:01] production.INFO: Scheduler Now working  
[2025-03-29 03:18:02] production.INFO: Scheduler Now working  
[2025-03-29 03:20:01] production.INFO: Scheduler Now working  
[2025-03-29 03:22:01] production.INFO: Scheduler Now working  
[2025-03-29 03:24:02] production.INFO: Scheduler Now working  
[2025-03-29 03:26:01] production.INFO: Scheduler Now working  
[2025-03-29 03:28:02] production.INFO: Scheduler Now working  
[2025-03-29 03:32:02] production.INFO: Scheduler Now working  
[2025-03-29 03:34:01] production.INFO: Scheduler Now working  
[2025-03-29 03:36:01] production.INFO: Scheduler Now working  
[2025-03-29 03:36:38] production.INFO: Scheduler Now working  
[2025-03-29 03:38:01] production.INFO: Scheduler Now working  
[2025-03-29 03:40:01] production.INFO: Scheduler Now working  
[2025-03-29 03:42:02] production.INFO: Scheduler Now working  
[2025-03-29 03:44:01] production.INFO: Scheduler Now working  
[2025-03-29 03:46:02] production.INFO: Scheduler Now working  
[2025-03-29 03:48:01] production.INFO: Scheduler Now working  
[2025-03-29 03:50:01] production.INFO: Scheduler Now working  
[2025-03-29 03:52:02] production.INFO: Scheduler Now working  
[2025-03-29 03:54:01] production.INFO: Scheduler Now working  
[2025-03-29 03:56:01] production.INFO: Scheduler Now working  
[2025-03-29 03:58:02] production.INFO: Scheduler Now working  
[2025-03-29 04:02:02] production.INFO: Scheduler Now working  
[2025-03-29 04:04:01] production.INFO: Scheduler Now working  
[2025-03-29 04:06:02] production.INFO: Scheduler Now working  
[2025-03-29 04:06:39] production.INFO: Scheduler Now working  
[2025-03-29 04:08:01] production.INFO: Scheduler Now working  
[2025-03-29 04:10:02] production.INFO: Scheduler Now working  
[2025-03-29 04:12:01] production.INFO: Scheduler Now working  
[2025-03-29 04:14:01] production.INFO: Scheduler Now working  
[2025-03-29 04:16:02] production.INFO: Scheduler Now working  
[2025-03-29 04:18:01] production.INFO: Scheduler Now working  
[2025-03-29 04:20:02] production.INFO: Scheduler Now working  
[2025-03-29 04:22:01] production.INFO: Scheduler Now working  
[2025-03-29 04:24:01] production.INFO: Scheduler Now working  
[2025-03-29 04:26:02] production.INFO: Scheduler Now working  
[2025-03-29 04:28:01] production.INFO: Scheduler Now working  
[2025-03-29 04:32:01] production.INFO: Scheduler Now working  
[2025-03-29 04:34:02] production.INFO: Scheduler Now working  
[2025-03-29 04:36:01] production.INFO: Scheduler Now working  
[2025-03-29 04:36:39] production.INFO: Scheduler Now working  
[2025-03-29 04:38:01] production.INFO: Scheduler Now working  
[2025-03-29 04:40:02] production.INFO: Scheduler Now working  
[2025-03-29 04:42:01] production.INFO: Scheduler Now working  
[2025-03-29 04:44:01] production.INFO: Scheduler Now working  
[2025-03-29 04:46:02] production.INFO: Scheduler Now working  
[2025-03-29 04:48:01] production.INFO: Scheduler Now working  
[2025-03-29 04:50:02] production.INFO: Scheduler Now working  
[2025-03-29 04:52:01] production.INFO: Scheduler Now working  
[2025-03-29 04:54:01] production.INFO: Scheduler Now working  
[2025-03-29 04:56:02] production.INFO: Scheduler Now working  
[2025-03-29 04:58:01] production.INFO: Scheduler Now working  
[2025-03-29 05:02:01] production.INFO: Scheduler Now working  
[2025-03-29 05:04:02] production.INFO: Scheduler Now working  
[2025-03-29 05:06:01] production.INFO: Scheduler Now working  
[2025-03-29 05:06:42] production.INFO: Scheduler Now working  
[2025-03-29 05:06:43] production.ERROR: SQLSTATE[23000]: Integrity constraint violation: 1048 Column 'payment_id' cannot be null (Connection: mysql, SQL: insert into `successful_payment_collections` (`user_id`, `payment_id`, `order_amount`, `amount`, `charges`, `gst`, `updated_at`, `created_at`) values (2, ?, 799, 780.1436, 15.98, 2.8764, 2025-03-29 05:06:43, 2025-03-29 05:06:43)) {"exception":"[object] (Illuminate\\Database\\QueryException(code: 23000): SQLSTATE[23000]: Integrity constraint violation: 1048 Column 'payment_id' cannot be null (Connection: mysql, SQL: insert into `successful_payment_collections` (`user_id`, `payment_id`, `order_amount`, `amount`, `charges`, `gst`, `updated_at`, `created_at`) values (2, ?, 799, 780.1436, 15.98, 2.8764, 2025-03-29 05:06:43, 2025-03-29 05:06:43)) at /var/www/groscope/vendor/laravel/framework/src/Illuminate/Database/Connection.php:829)
[stacktrace]
#0 /var/www/groscope/vendor/laravel/framework/src/Illuminate/Database/Connection.php(783): Illuminate\\Database\\Connection->runQueryCallback()
#1 /var/www/groscope/vendor/laravel/framework/src/Illuminate/Database/MySqlConnection.php(34): Illuminate\\Database\\Connection->run()
#2 /var/www/groscope/vendor/laravel/framework/src/Illuminate/Database/Query/Processors/MySqlProcessor.php(35): Illuminate\\Database\\MySqlConnection->insert()
#3 /var/www/groscope/vendor/laravel/framework/src/Illuminate/Database/Query/Builder.php(3549): Illuminate\\Database\\Query\\Processors\\MySqlProcessor->processInsertGetId()
#4 /var/www/groscope/vendor/laravel/framework/src/Illuminate/Database/Eloquent/Builder.php(1982): Illuminate\\Database\\Query\\Builder->insertGetId()
#5 /var/www/groscope/vendor/laravel/framework/src/Illuminate/Database/Eloquent/Model.php(1334): Illuminate\\Database\\Eloquent\\Builder->__call()
#6 /var/www/groscope/vendor/laravel/framework/src/Illuminate/Database/Eloquent/Model.php(1299): Illuminate\\Database\\Eloquent\\Model->insertAndSetId()
#7 /var/www/groscope/vendor/laravel/framework/src/Illuminate/Database/Eloquent/Model.php(1138): Illuminate\\Database\\Eloquent\\Model->performInsert()
#8 /var/www/groscope/vendor/laravel/framework/src/Illuminate/Database/Eloquent/Builder.php(1025): Illuminate\\Database\\Eloquent\\Model->save()
#9 /var/www/groscope/vendor/laravel/framework/src/Illuminate/Support/helpers.php(320): Illuminate\\Database\\Eloquent\\Builder->Illuminate\\Database\\Eloquent\\{closure}()
#10 /var/www/groscope/vendor/laravel/framework/src/Illuminate/Database/Eloquent/Builder.php(1024): tap()
#11 /var/www/groscope/vendor/laravel/framework/src/Illuminate/Support/Traits/ForwardsCalls.php(23): Illuminate\\Database\\Eloquent\\Builder->create()
#12 /var/www/groscope/vendor/laravel/framework/src/Illuminate/Database/Eloquent/Model.php(2335): Illuminate\\Database\\Eloquent\\Model->forwardCallTo()
#13 /var/www/groscope/vendor/laravel/framework/src/Illuminate/Database/Eloquent/Model.php(2347): Illuminate\\Database\\Eloquent\\Model->__call()
#14 /var/www/groscope/app/Console/Commands/GetSuccessfullyPaymentCollectionCommand.php(33): Illuminate\\Database\\Eloquent\\Model::__callStatic()
#15 /var/www/groscope/vendor/laravel/framework/src/Illuminate/Container/BoundMethod.php(36): App\\Console\\Commands\\GetSuccessfullyPaymentCollectionCommand->handle()
#16 /var/www/groscope/vendor/laravel/framework/src/Illuminate/Container/Util.php(41): Illuminate\\Container\\BoundMethod::Illuminate\\Container\\{closure}()
#17 /var/www/groscope/vendor/laravel/framework/src/Illuminate/Container/BoundMethod.php(93): Illuminate\\Container\\Util::unwrapIfClosure()
#18 /var/www/groscope/vendor/laravel/framework/src/Illuminate/Container/BoundMethod.php(35): Illuminate\\Container\\BoundMethod::callBoundMethod()
#19 /var/www/groscope/vendor/laravel/framework/src/Illuminate/Container/Container.php(662): Illuminate\\Container\\BoundMethod::call()
#20 /var/www/groscope/vendor/laravel/framework/src/Illuminate/Console/Command.php(211): Illuminate\\Container\\Container->call()
#21 /var/www/groscope/vendor/symfony/console/Command/Command.php(326): Illuminate\\Console\\Command->execute()
#22 /var/www/groscope/vendor/laravel/framework/src/Illuminate/Console/Command.php(180): Symfony\\Component\\Console\\Command\\Command->run()
#23 /var/www/groscope/vendor/symfony/console/Application.php(1096): Illuminate\\Console\\Command->run()
#24 /var/www/groscope/vendor/symfony/console/Application.php(324): Symfony\\Component\\Console\\Application->doRunCommand()
#25 /var/www/groscope/vendor/symfony/console/Application.php(175): Symfony\\Component\\Console\\Application->doRun()
#26 /var/www/groscope/vendor/laravel/framework/src/Illuminate/Foundation/Console/Kernel.php(201): Symfony\\Component\\Console\\Application->run()
#27 /var/www/groscope/artisan(35): Illuminate\\Foundation\\Console\\Kernel->handle()
#28 {main}

[previous exception] [object] (PDOException(code: 23000): SQLSTATE[23000]: Integrity constraint violation: 1048 Column 'payment_id' cannot be null at /var/www/groscope/vendor/laravel/framework/src/Illuminate/Database/MySqlConnection.php:45)
[stacktrace]
#0 /var/www/groscope/vendor/laravel/framework/src/Illuminate/Database/MySqlConnection.php(45): PDOStatement->execute()
#1 /var/www/groscope/vendor/laravel/framework/src/Illuminate/Database/Connection.php(816): Illuminate\\Database\\MySqlConnection->Illuminate\\Database\\{closure}()
#2 /var/www/groscope/vendor/laravel/framework/src/Illuminate/Database/Connection.php(783): Illuminate\\Database\\Connection->runQueryCallback()
#3 /var/www/groscope/vendor/laravel/framework/src/Illuminate/Database/MySqlConnection.php(34): Illuminate\\Database\\Connection->run()
#4 /var/www/groscope/vendor/laravel/framework/src/Illuminate/Database/Query/Processors/MySqlProcessor.php(35): Illuminate\\Database\\MySqlConnection->insert()
#5 /var/www/groscope/vendor/laravel/framework/src/Illuminate/Database/Query/Builder.php(3549): Illuminate\\Database\\Query\\Processors\\MySqlProcessor->processInsertGetId()
#6 /var/www/groscope/vendor/laravel/framework/src/Illuminate/Database/Eloquent/Builder.php(1982): Illuminate\\Database\\Query\\Builder->insertGetId()
#7 /var/www/groscope/vendor/laravel/framework/src/Illuminate/Database/Eloquent/Model.php(1334): Illuminate\\Database\\Eloquent\\Builder->__call()
#8 /var/www/groscope/vendor/laravel/framework/src/Illuminate/Database/Eloquent/Model.php(1299): Illuminate\\Database\\Eloquent\\Model->insertAndSetId()
#9 /var/www/groscope/vendor/laravel/framework/src/Illuminate/Database/Eloquent/Model.php(1138): Illuminate\\Database\\Eloquent\\Model->performInsert()
#10 /var/www/groscope/vendor/laravel/framework/src/Illuminate/Database/Eloquent/Builder.php(1025): Illuminate\\Database\\Eloquent\\Model->save()
#11 /var/www/groscope/vendor/laravel/framework/src/Illuminate/Support/helpers.php(320): Illuminate\\Database\\Eloquent\\Builder->Illuminate\\Database\\Eloquent\\{closure}()
#12 /var/www/groscope/vendor/laravel/framework/src/Illuminate/Database/Eloquent/Builder.php(1024): tap()
#13 /var/www/groscope/vendor/laravel/framework/src/Illuminate/Support/Traits/ForwardsCalls.php(23): Illuminate\\Database\\Eloquent\\Builder->create()
#14 /var/www/groscope/vendor/laravel/framework/src/Illuminate/Database/Eloquent/Model.php(2335): Illuminate\\Database\\Eloquent\\Model->forwardCallTo()
#15 /var/www/groscope/vendor/laravel/framework/src/Illuminate/Database/Eloquent/Model.php(2347): Illuminate\\Database\\Eloquent\\Model->__call()
#16 /var/www/groscope/app/Console/Commands/GetSuccessfullyPaymentCollectionCommand.php(33): Illuminate\\Database\\Eloquent\\Model::__callStatic()
#17 /var/www/groscope/vendor/laravel/framework/src/Illuminate/Container/BoundMethod.php(36): App\\Console\\Commands\\GetSuccessfullyPaymentCollectionCommand->handle()
#18 /var/www/groscope/vendor/laravel/framework/src/Illuminate/Container/Util.php(41): Illuminate\\Container\\BoundMethod::Illuminate\\Container\\{closure}()
#19 /var/www/groscope/vendor/laravel/framework/src/Illuminate/Container/BoundMethod.php(93): Illuminate\\Container\\Util::unwrapIfClosure()
#20 /var/www/groscope/vendor/laravel/framework/src/Illuminate/Container/BoundMethod.php(35): Illuminate\\Container\\BoundMethod::callBoundMethod()
#21 /var/www/groscope/vendor/laravel/framework/src/Illuminate/Container/Container.php(662): Illuminate\\Container\\BoundMethod::call()
#22 /var/www/groscope/vendor/laravel/framework/src/Illuminate/Console/Command.php(211): Illuminate\\Container\\Container->call()
#23 /var/www/groscope/vendor/symfony/console/Command/Command.php(326): Illuminate\\Console\\Command->execute()
#24 /var/www/groscope/vendor/laravel/framework/src/Illuminate/Console/Command.php(180): Symfony\\Component\\Console\\Command\\Command->run()
#25 /var/www/groscope/vendor/symfony/console/Application.php(1096): Illuminate\\Console\\Command->run()
#26 /var/www/groscope/vendor/symfony/console/Application.php(324): Symfony\\Component\\Console\\Application->doRunCommand()
#27 /var/www/groscope/vendor/symfony/console/Application.php(175): Symfony\\Component\\Console\\Application->doRun()
#28 /var/www/groscope/vendor/laravel/framework/src/Illuminate/Foundation/Console/Kernel.php(201): Symfony\\Component\\Console\\Application->run()
#29 /var/www/groscope/artisan(35): Illuminate\\Foundation\\Console\\Kernel->handle()
#30 {main}
"} 
[2025-03-29 05:08:02] production.INFO: Scheduler Now working  
[2025-03-29 05:10:01] production.INFO: Scheduler Now working  
[2025-03-29 05:12:01] production.INFO: Scheduler Now working  
[2025-03-29 05:14:02] production.INFO: Scheduler Now working  
[2025-03-29 05:16:01] production.INFO: Scheduler Now working  
[2025-03-29 05:18:02] production.INFO: Scheduler Now working  
[2025-03-29 05:20:01] production.INFO: Scheduler Now working  
[2025-03-29 05:22:01] production.INFO: Scheduler Now working  
[2025-03-29 05:24:02] production.INFO: Scheduler Now working  
[2025-03-29 05:26:01] production.INFO: Scheduler Now working  
[2025-03-29 05:28:01] production.INFO: Scheduler Now working  
[2025-03-29 05:32:02] production.INFO: Scheduler Now working  
[2025-03-29 05:34:01] production.INFO: Scheduler Now working  
[2025-03-29 05:36:01] production.INFO: Scheduler Now working  
[2025-03-29 05:36:42] production.INFO: Scheduler Now working  
[2025-03-29 05:38:01] production.INFO: Scheduler Now working  
[2025-03-29 05:40:02] production.INFO: Scheduler Now working  
[2025-03-29 05:42:01] production.INFO: Scheduler Now working  
[2025-03-29 05:44:02] production.INFO: Scheduler Now working  
[2025-03-29 05:46:01] production.INFO: Scheduler Now working  
[2025-03-29 05:48:01] production.INFO: Scheduler Now working  
[2025-03-29 05:50:02] production.INFO: Scheduler Now working  
[2025-03-29 05:52:01] production.INFO: Scheduler Now working  
[2025-03-29 05:54:01] production.INFO: Scheduler Now working  
[2025-03-29 05:56:02] production.INFO: Scheduler Now working  
[2025-03-29 05:58:01] production.INFO: Scheduler Now working  
[2025-03-29 06:02:01] production.INFO: Scheduler Now working  
[2025-03-29 06:04:02] production.INFO: Scheduler Now working  
[2025-03-29 06:06:01] production.INFO: Scheduler Now working  
[2025-03-29 06:06:45] production.INFO: Scheduler Now working  
[2025-03-29 06:08:01] production.INFO: Scheduler Now working  
[2025-03-29 06:10:02] production.INFO: Scheduler Now working  
[2025-03-29 06:12:01] production.INFO: Scheduler Now working  
[2025-03-29 06:14:01] production.INFO: Scheduler Now working  
[2025-03-29 06:16:02] production.INFO: Scheduler Now working  
[2025-03-29 06:18:01] production.INFO: Scheduler Now working  
[2025-03-29 06:20:01] production.INFO: Scheduler Now working  
[2025-03-29 06:22:02] production.INFO: Scheduler Now working  
[2025-03-29 06:24:01] production.INFO: Scheduler Now working  
[2025-03-29 06:26:02] production.INFO: Scheduler Now working  
[2025-03-29 06:28:01] production.INFO: Scheduler Now working  
[2025-03-29 06:32:01] production.INFO: Scheduler Now working  
[2025-03-29 06:34:01] production.INFO: Scheduler Now working  
[2025-03-29 06:36:02] production.INFO: Scheduler Now working  
[2025-03-29 06:36:38] production.INFO: Scheduler Now working  
[2025-03-29 06:38:01] production.INFO: Scheduler Now working  
[2025-03-29 06:40:01] production.INFO: Scheduler Now working  
[2025-03-29 06:42:02] production.INFO: Scheduler Now working  
[2025-03-29 06:44:01] production.INFO: Scheduler Now working  
[2025-03-29 06:46:01] production.INFO: Scheduler Now working  
[2025-03-29 06:48:02] production.INFO: Scheduler Now working  
[2025-03-29 06:50:01] production.INFO: Scheduler Now working  
[2025-03-29 06:52:02] production.INFO: Scheduler Now working  
[2025-03-29 06:54:01] production.INFO: Scheduler Now working  
[2025-03-29 06:56:01] production.INFO: Scheduler Now working  
[2025-03-29 06:58:02] production.INFO: Scheduler Now working  
[2025-03-29 07:02:02] production.INFO: Scheduler Now working  
[2025-03-29 07:04:01] production.INFO: Scheduler Now working  
[2025-03-29 07:06:02] production.INFO: Scheduler Now working  
[2025-03-29 07:06:51] production.INFO: Scheduler Now working  
[2025-03-29 07:08:01] production.INFO: Scheduler Now working  
[2025-03-29 07:10:01] production.INFO: Scheduler Now working  
[2025-03-29 07:12:02] production.INFO: Scheduler Now working  
[2025-03-29 07:14:01] production.INFO: Scheduler Now working  
[2025-03-29 07:16:01] production.INFO: Scheduler Now working  
[2025-03-29 07:18:02] production.INFO: Scheduler Now working  
[2025-03-29 07:20:01] production.INFO: Scheduler Now working  
[2025-03-29 07:22:02] production.INFO: Scheduler Now working  
[2025-03-29 07:24:01] production.INFO: Scheduler Now working  
[2025-03-29 07:26:01] production.INFO: Scheduler Now working  
[2025-03-29 07:28:02] production.INFO: Scheduler Now working  
[2025-03-29 07:32:02] production.INFO: Scheduler Now working  
[2025-03-29 07:34:01] production.INFO: Scheduler Now working  
[2025-03-29 07:36:02] production.INFO: Scheduler Now working  
[2025-03-29 07:36:42] production.INFO: Scheduler Now working  
[2025-03-29 07:38:01] production.INFO: Scheduler Now working  
[2025-03-29 07:40:01] production.INFO: Scheduler Now working  
[2025-03-29 07:42:02] production.INFO: Scheduler Now working  
[2025-03-29 07:44:01] production.INFO: Scheduler Now working  
[2025-03-29 07:46:01] production.INFO: Scheduler Now working  
[2025-03-29 07:48:02] production.INFO: Scheduler Now working  
[2025-03-29 07:50:01] production.INFO: Scheduler Now working  
[2025-03-29 07:52:02] production.INFO: Scheduler Now working  
[2025-03-29 07:54:01] production.INFO: Scheduler Now working  
[2025-03-29 07:56:01] production.INFO: Scheduler Now working  
[2025-03-29 07:58:02] production.INFO: Scheduler Now working  
[2025-03-29 08:02:02] production.INFO: Scheduler Now working  
[2025-03-29 08:04:01] production.INFO: Scheduler Now working  
[2025-03-29 08:06:02] production.INFO: Scheduler Now working  
[2025-03-29 08:06:46] production.INFO: Scheduler Now working  
[2025-03-29 08:08:02] production.INFO: Scheduler Now working  
[2025-03-29 08:10:01] production.INFO: Scheduler Now working  
[2025-03-29 08:12:01] production.INFO: Scheduler Now working  
[2025-03-29 08:14:02] production.INFO: Scheduler Now working  
[2025-03-29 08:16:01] production.INFO: Scheduler Now working  
[2025-03-29 08:18:01] production.INFO: Scheduler Now working  
[2025-03-29 08:20:02] production.INFO: Scheduler Now working  
[2025-03-29 08:22:01] production.INFO: Scheduler Now working  
[2025-03-29 08:24:01] production.INFO: Scheduler Now working  
[2025-03-29 08:26:02] production.INFO: Scheduler Now working  
[2025-03-29 08:28:01] production.INFO: Scheduler Now working  
[2025-03-29 08:32:01] production.INFO: Scheduler Now working  
[2025-03-29 08:34:02] production.INFO: Scheduler Now working  
[2025-03-29 08:36:01] production.INFO: Scheduler Now working  
[2025-03-29 08:36:45] production.INFO: Scheduler Now working  
[2025-03-29 08:38:01] production.INFO: Scheduler Now working  
[2025-03-29 08:40:01] production.INFO: Scheduler Now working  
[2025-03-29 08:42:02] production.INFO: Scheduler Now working  
[2025-03-29 08:44:01] production.INFO: Scheduler Now working  
[2025-03-29 08:46:01] production.INFO: Scheduler Now working  
[2025-03-29 08:48:02] production.INFO: Scheduler Now working  
[2025-03-29 08:50:01] production.INFO: Scheduler Now working  
[2025-03-29 08:52:01] production.INFO: Scheduler Now working  
[2025-03-29 08:54:01] production.INFO: Scheduler Now working  
[2025-03-29 08:56:02] production.INFO: Scheduler Now working  
[2025-03-29 08:58:01] production.INFO: Scheduler Now working  
[2025-03-29 09:02:01] production.INFO: Scheduler Now working  
[2025-03-29 09:04:02] production.INFO: Scheduler Now working  
[2025-03-29 09:06:01] production.INFO: Scheduler Now working  
[2025-03-29 09:06:50] production.INFO: Scheduler Now working  
[2025-03-29 09:08:02] production.INFO: Scheduler Now working  
[2025-03-29 09:10:01] production.INFO: Scheduler Now working  
[2025-03-29 09:12:01] production.INFO: Scheduler Now working  
[2025-03-29 09:14:02] production.INFO: Scheduler Now working  
[2025-03-29 09:16:01] production.INFO: Scheduler Now working  
[2025-03-29 09:18:01] production.INFO: Scheduler Now working  
[2025-03-29 09:20:02] production.INFO: Scheduler Now working  
[2025-03-29 09:22:01] production.INFO: Scheduler Now working  
[2025-03-29 09:24:01] production.INFO: Scheduler Now working  
[2025-03-29 09:26:02] production.INFO: Scheduler Now working  
[2025-03-29 09:28:01] production.INFO: Scheduler Now working  
[2025-03-29 09:32:01] production.INFO: Scheduler Now working  
[2025-03-29 09:34:02] production.INFO: Scheduler Now working  
[2025-03-29 09:36:01] production.INFO: Scheduler Now working  
[2025-03-29 09:36:56] production.INFO: Scheduler Now working  
[2025-03-29 09:38:01] production.INFO: Scheduler Now working  
[2025-03-29 09:40:02] production.INFO: Scheduler Now working  
[2025-03-29 09:42:01] production.INFO: Scheduler Now working  
[2025-03-29 09:44:01] production.INFO: Scheduler Now working  
[2025-03-29 09:46:02] production.INFO: Scheduler Now working  
[2025-03-29 09:48:01] production.INFO: Scheduler Now working  
[2025-03-29 09:50:01] production.INFO: Scheduler Now working  
[2025-03-29 09:52:02] production.INFO: Scheduler Now working  
[2025-03-29 09:54:01] production.INFO: Scheduler Now working  
[2025-03-29 09:56:01] production.INFO: Scheduler Now working  
[2025-03-29 09:58:02] production.INFO: Scheduler Now working  
[2025-03-29 10:02:01] production.INFO: Scheduler Now working  
[2025-03-29 10:04:01] production.INFO: Scheduler Now working  
[2025-03-29 10:06:02] production.INFO: Scheduler Now working  
[2025-03-29 10:06:54] production.INFO: Scheduler Now working  
[2025-03-29 10:08:01] production.INFO: Scheduler Now working  
[2025-03-29 10:10:02] production.INFO: Scheduler Now working  
[2025-03-29 10:12:01] production.INFO: Scheduler Now working  
[2025-03-29 10:14:02] production.INFO: Scheduler Now working  
[2025-03-29 10:16:01] production.INFO: Scheduler Now working  
[2025-03-29 10:18:01] production.INFO: Scheduler Now working  
[2025-03-29 10:20:02] production.INFO: Scheduler Now working  
[2025-03-29 10:22:01] production.INFO: Scheduler Now working  
[2025-03-29 10:24:01] production.INFO: Scheduler Now working  
[2025-03-29 10:26:02] production.INFO: Scheduler Now working  
[2025-03-29 10:28:01] production.INFO: Scheduler Now working  
[2025-03-29 10:32:01] production.INFO: Scheduler Now working  
[2025-03-29 10:34:02] production.INFO: Scheduler Now working  
[2025-03-29 10:36:01] production.INFO: Scheduler Now working  
[2025-03-29 10:36:54] production.INFO: Scheduler Now working  
[2025-03-29 10:38:01] production.INFO: Scheduler Now working  
[2025-03-29 10:40:01] production.INFO: Scheduler Now working  
[2025-03-29 10:42:02] production.INFO: Scheduler Now working  
[2025-03-29 10:44:01] production.INFO: Scheduler Now working  
[2025-03-29 10:46:01] production.INFO: Scheduler Now working  
[2025-03-29 10:48:02] production.INFO: Scheduler Now working  
[2025-03-29 10:50:01] production.INFO: Scheduler Now working  
[2025-03-29 10:52:01] production.INFO: Scheduler Now working  
[2025-03-29 10:54:02] production.INFO: Scheduler Now working  
[2025-03-29 10:56:01] production.INFO: Scheduler Now working  
[2025-03-29 10:58:02] production.INFO: Scheduler Now working  
[2025-03-29 11:02:02] production.INFO: Scheduler Now working  
[2025-03-29 11:04:01] production.INFO: Scheduler Now working  
[2025-03-29 11:06:01] production.INFO: Scheduler Now working  
[2025-03-29 11:06:57] production.INFO: Scheduler Now working  
[2025-03-29 11:08:01] production.INFO: Scheduler Now working  
[2025-03-29 11:10:01] production.INFO: Scheduler Now working  
[2025-03-29 11:12:02] production.INFO: Scheduler Now working  
[2025-03-29 11:14:01] production.INFO: Scheduler Now working  
[2025-03-29 11:16:02] production.INFO: Scheduler Now working  
[2025-03-29 11:18:01] production.INFO: Scheduler Now working  
[2025-03-29 11:20:01] production.INFO: Scheduler Now working  
[2025-03-29 11:22:02] production.INFO: Scheduler Now working  
[2025-03-29 11:24:01] production.INFO: Scheduler Now working  
[2025-03-29 11:26:01] production.INFO: Scheduler Now working  
[2025-03-29 11:28:02] production.INFO: Scheduler Now working  
[2025-03-29 11:32:01] production.INFO: Scheduler Now working  
[2025-03-29 11:34:01] production.INFO: Scheduler Now working  
[2025-03-29 11:36:02] production.INFO: Scheduler Now working  
[2025-03-29 11:36:54] production.INFO: Scheduler Now working  
[2025-03-29 11:38:02] production.INFO: Scheduler Now working  
[2025-03-29 11:40:01] production.INFO: Scheduler Now working  
[2025-03-29 11:42:01] production.INFO: Scheduler Now working  
[2025-03-29 11:44:02] production.INFO: Scheduler Now working  
[2025-03-29 11:46:01] production.INFO: Scheduler Now working  
[2025-03-29 11:48:01] production.INFO: Scheduler Now working  
[2025-03-29 11:50:02] production.INFO: Scheduler Now working  
[2025-03-29 11:52:01] production.INFO: Scheduler Now working  
[2025-03-29 11:54:01] production.INFO: Scheduler Now working  
[2025-03-29 11:56:02] production.INFO: Scheduler Now working  
[2025-03-29 11:58:01] production.INFO: Scheduler Now working  
[2025-03-29 12:02:01] production.INFO: Scheduler Now working  
[2025-03-29 12:04:02] production.INFO: Scheduler Now working  
[2025-03-29 12:06:01] production.INFO: Scheduler Now working  
[2025-03-29 12:06:52] production.INFO: Scheduler Now working  
[2025-03-29 12:08:01] production.INFO: Scheduler Now working  
[2025-03-29 12:10:01] production.INFO: Scheduler Now working  
[2025-03-29 12:12:02] production.INFO: Scheduler Now working  
[2025-03-29 12:14:01] production.INFO: Scheduler Now working  
[2025-03-29 12:16:01] production.INFO: Scheduler Now working  
[2025-03-29 12:18:02] production.INFO: Scheduler Now working  
[2025-03-29 12:20:01] production.INFO: Scheduler Now working  
[2025-03-29 12:22:01] production.INFO: Scheduler Now working  
[2025-03-29 12:24:02] production.INFO: Scheduler Now working  
[2025-03-29 12:26:01] production.INFO: Scheduler Now working  
[2025-03-29 12:28:02] production.INFO: Scheduler Now working  
[2025-03-29 12:32:02] production.INFO: Scheduler Now working  
[2025-03-29 12:34:01] production.INFO: Scheduler Now working  
[2025-03-29 12:36:01] production.INFO: Scheduler Now working  
[2025-03-29 12:36:53] production.INFO: Scheduler Now working  
[2025-03-29 12:38:01] production.INFO: Scheduler Now working  
[2025-03-29 12:40:02] production.INFO: Scheduler Now working  
[2025-03-29 12:42:01] production.INFO: Scheduler Now working  
[2025-03-29 12:44:01] production.INFO: Scheduler Now working  
[2025-03-29 12:46:02] production.INFO: Scheduler Now working  
[2025-03-29 12:48:01] production.INFO: Scheduler Now working  
[2025-03-29 12:50:02] production.INFO: Scheduler Now working  
[2025-03-29 12:52:01] production.INFO: Scheduler Now working  
[2025-03-29 12:54:01] production.INFO: Scheduler Now working  
[2025-03-29 12:56:02] production.INFO: Scheduler Now working  
[2025-03-29 12:58:01] production.INFO: Scheduler Now working  
[2025-03-29 13:02:01] production.INFO: Scheduler Now working  
[2025-03-29 13:04:02] production.INFO: Scheduler Now working  
[2025-03-29 13:06:01] production.INFO: Scheduler Now working  
[2025-03-29 13:06:55] production.INFO: Scheduler Now working  
[2025-03-29 13:08:02] production.INFO: Scheduler Now working  
[2025-03-29 13:10:01] production.INFO: Scheduler Now working  
[2025-03-29 13:12:02] production.INFO: Scheduler Now working  
[2025-03-29 13:14:01] production.INFO: Scheduler Now working  
[2025-03-29 13:16:01] production.INFO: Scheduler Now working  
[2025-03-29 13:18:02] production.INFO: Scheduler Now working  
[2025-03-29 13:20:01] production.INFO: Scheduler Now working  
[2025-03-29 13:22:01] production.INFO: Scheduler Now working  
[2025-03-29 13:24:02] production.INFO: Scheduler Now working  
[2025-03-29 13:26:01] production.INFO: Scheduler Now working  
[2025-03-29 13:28:01] production.INFO: Scheduler Now working  
[2025-03-29 13:32:02] production.INFO: Scheduler Now working  
[2025-03-29 13:34:01] production.INFO: Scheduler Now working  
[2025-03-29 13:36:01] production.INFO: Scheduler Now working  
[2025-03-29 13:36:47] production.INFO: Scheduler Now working  
[2025-03-29 13:38:02] production.INFO: Scheduler Now working  
[2025-03-29 13:40:01] production.INFO: Scheduler Now working  
[2025-03-29 13:42:01] production.INFO: Scheduler Now working  
[2025-03-29 13:44:02] production.INFO: Scheduler Now working  
[2025-03-29 13:46:01] production.INFO: Scheduler Now working  
[2025-03-29 13:48:01] production.INFO: Scheduler Now working  
[2025-03-29 13:50:02] production.INFO: Scheduler Now working  
[2025-03-29 13:52:01] production.INFO: Scheduler Now working  
[2025-03-29 13:54:02] production.INFO: Scheduler Now working  
[2025-03-29 13:56:01] production.INFO: Scheduler Now working  
[2025-03-29 13:58:01] production.INFO: Scheduler Now working  
[2025-03-29 14:02:01] production.INFO: Scheduler Now working  
[2025-03-29 14:04:02] production.INFO: Scheduler Now working  
[2025-03-29 14:06:01] production.INFO: Scheduler Now working  
[2025-03-29 14:06:50] production.INFO: Scheduler Now working  
[2025-03-29 14:08:01] production.INFO: Scheduler Now working  
[2025-03-29 14:10:01] production.INFO: Scheduler Now working  
[2025-03-29 14:12:02] production.INFO: Scheduler Now working  
[2025-03-29 14:14:01] production.INFO: Scheduler Now working  
[2025-03-29 14:16:01] production.INFO: Scheduler Now working  
[2025-03-29 14:18:02] production.INFO: Scheduler Now working  
[2025-03-29 14:20:01] production.INFO: Scheduler Now working  
[2025-03-29 14:22:01] production.INFO: Scheduler Now working  
[2025-03-29 14:24:02] production.INFO: Scheduler Now working  
[2025-03-29 14:26:01] production.INFO: Scheduler Now working  
[2025-03-29 14:28:02] production.INFO: Scheduler Now working  
[2025-03-29 14:32:02] production.INFO: Scheduler Now working  
[2025-03-29 14:34:01] production.INFO: Scheduler Now working  
[2025-03-29 14:36:02] production.INFO: Scheduler Now working  
[2025-03-29 14:36:51] production.INFO: Scheduler Now working  
[2025-03-29 14:38:01] production.INFO: Scheduler Now working  
[2025-03-29 14:40:02] production.INFO: Scheduler Now working  
[2025-03-29 14:42:01] production.INFO: Scheduler Now working  
[2025-03-29 14:44:01] production.INFO: Scheduler Now working  
[2025-03-29 14:46:02] production.INFO: Scheduler Now working  
[2025-03-29 14:48:01] production.INFO: Scheduler Now working  
[2025-03-29 14:50:01] production.INFO: Scheduler Now working  
[2025-03-29 14:52:02] production.INFO: Scheduler Now working  
[2025-03-29 14:54:01] production.INFO: Scheduler Now working  
[2025-03-29 14:56:02] production.INFO: Scheduler Now working  
[2025-03-29 14:58:01] production.INFO: Scheduler Now working  
[2025-03-29 15:02:01] production.INFO: Scheduler Now working  
[2025-03-29 15:04:02] production.INFO: Scheduler Now working  
[2025-03-29 15:06:01] production.INFO: Scheduler Now working  
[2025-03-29 15:06:53] production.INFO: Scheduler Now working  
[2025-03-29 15:08:02] production.INFO: Scheduler Now working  
[2025-03-29 15:10:01] production.INFO: Scheduler Now working  
[2025-03-29 15:12:01] production.INFO: Scheduler Now working  
[2025-03-29 15:14:02] production.INFO: Scheduler Now working  
[2025-03-29 15:16:01] production.INFO: Scheduler Now working  
[2025-03-29 15:18:01] production.INFO: Scheduler Now working  
[2025-03-29 15:20:02] production.INFO: Scheduler Now working  
[2025-03-29 15:22:01] production.INFO: Scheduler Now working  
[2025-03-29 15:24:01] production.INFO: Scheduler Now working  
[2025-03-29 15:26:02] production.INFO: Scheduler Now working  
[2025-03-29 15:28:01] production.INFO: Scheduler Now working  
[2025-03-29 15:32:01] production.INFO: Scheduler Now working  
[2025-03-29 15:34:02] production.INFO: Scheduler Now working  
[2025-03-29 15:36:01] production.INFO: Scheduler Now working  
[2025-03-29 15:36:49] production.INFO: Scheduler Now working  
[2025-03-29 15:38:01] production.INFO: Scheduler Now working  
[2025-03-29 15:40:01] production.INFO: Scheduler Now working  
[2025-03-29 15:42:02] production.INFO: Scheduler Now working  
[2025-03-29 15:44:01] production.INFO: Scheduler Now working  
[2025-03-29 15:46:02] production.INFO: Scheduler Now working  
[2025-03-29 15:48:01] production.INFO: Scheduler Now working  
[2025-03-29 15:50:01] production.INFO: Scheduler Now working  
[2025-03-29 15:52:02] production.INFO: Scheduler Now working  
[2025-03-29 15:54:01] production.INFO: Scheduler Now working  
[2025-03-29 15:56:01] production.INFO: Scheduler Now working  
[2025-03-29 15:58:02] production.INFO: Scheduler Now working  
[2025-03-29 16:02:01] production.INFO: Scheduler Now working  
[2025-03-29 16:04:01] production.INFO: Scheduler Now working  
[2025-03-29 16:06:02] production.INFO: Scheduler Now working  
[2025-03-29 16:06:51] production.INFO: Scheduler Now working  
[2025-03-29 16:08:01] production.INFO: Scheduler Now working  
[2025-03-29 16:10:02] production.INFO: Scheduler Now working  
[2025-03-29 16:12:01] production.INFO: Scheduler Now working  
[2025-03-29 16:14:01] production.INFO: Scheduler Now working  
[2025-03-29 16:16:02] production.INFO: Scheduler Now working  
[2025-03-29 16:18:01] production.INFO: Scheduler Now working  
[2025-03-29 16:20:01] production.INFO: Scheduler Now working  
[2025-03-29 16:22:02] production.INFO: Scheduler Now working  
[2025-03-29 16:24:01] production.INFO: Scheduler Now working  
[2025-03-29 16:26:01] production.INFO: Scheduler Now working  
[2025-03-29 16:28:02] production.INFO: Scheduler Now working  
[2025-03-29 16:32:01] production.INFO: Scheduler Now working  
[2025-03-29 16:34:01] production.INFO: Scheduler Now working  
[2025-03-29 16:36:02] production.INFO: Scheduler Now working  
[2025-03-29 16:36:53] production.INFO: Scheduler Now working  
[2025-03-29 16:38:01] production.INFO: Scheduler Now working  
[2025-03-29 16:40:01] production.INFO: Scheduler Now working  
[2025-03-29 16:42:02] production.INFO: Scheduler Now working  
[2025-03-29 16:44:01] production.INFO: Scheduler Now working  
[2025-03-29 16:46:01] production.INFO: Scheduler Now working  
[2025-03-29 16:48:02] production.INFO: Scheduler Now working  
[2025-03-29 16:50:01] production.INFO: Scheduler Now working  
[2025-03-29 16:52:01] production.INFO: Scheduler Now working  
[2025-03-29 16:54:02] production.INFO: Scheduler Now working  
[2025-03-29 16:56:01] production.INFO: Scheduler Now working  
[2025-03-29 16:58:02] production.INFO: Scheduler Now working  
[2025-03-29 17:02:02] production.INFO: Scheduler Now working  
[2025-03-29 17:04:01] production.INFO: Scheduler Now working  
[2025-03-29 17:06:01] production.INFO: Scheduler Now working  
[2025-03-29 17:06:51] production.INFO: Scheduler Now working  
[2025-03-29 17:08:02] production.INFO: Scheduler Now working  
[2025-03-29 17:10:01] production.INFO: Scheduler Now working  
[2025-03-29 17:12:01] production.INFO: Scheduler Now working  
[2025-03-29 17:14:02] production.INFO: Scheduler Now working  
[2025-03-29 17:16:01] production.INFO: Scheduler Now working  
[2025-03-29 17:18:01] production.INFO: Scheduler Now working  
[2025-03-29 17:20:02] production.INFO: Scheduler Now working  
[2025-03-29 17:22:01] production.INFO: Scheduler Now working  
[2025-03-29 17:24:01] production.INFO: Scheduler Now working  
[2025-03-29 17:26:02] production.INFO: Scheduler Now working  
[2025-03-29 17:28:01] production.INFO: Scheduler Now working  
[2025-03-29 17:32:01] production.INFO: Scheduler Now working  
[2025-03-29 17:34:02] production.INFO: Scheduler Now working  
[2025-03-29 17:36:01] production.INFO: Scheduler Now working  
[2025-03-29 17:36:49] production.INFO: Scheduler Now working  
[2025-03-29 17:38:02] production.INFO: Scheduler Now working  
[2025-03-29 17:40:01] production.INFO: Scheduler Now working  
[2025-03-29 17:42:01] production.INFO: Scheduler Now working  
[2025-03-29 17:44:02] production.INFO: Scheduler Now working  
[2025-03-29 17:46:01] production.INFO: Scheduler Now working  
[2025-03-29 17:48:01] production.INFO: Scheduler Now working  
[2025-03-29 17:50:02] production.INFO: Scheduler Now working  
[2025-03-29 17:52:01] production.INFO: Scheduler Now working  
[2025-03-29 17:54:02] production.INFO: Scheduler Now working  
[2025-03-29 17:56:02] production.INFO: Scheduler Now working  
[2025-03-29 17:58:01] production.INFO: Scheduler Now working  
[2025-03-29 18:02:01] production.INFO: Scheduler Now working  
[2025-03-29 18:04:02] production.INFO: Scheduler Now working  
[2025-03-29 18:06:01] production.INFO: Scheduler Now working  
[2025-03-29 18:06:49] production.INFO: Scheduler Now working  
[2025-03-29 18:08:01] production.INFO: Scheduler Now working  
[2025-03-29 18:10:02] production.INFO: Scheduler Now working  
[2025-03-29 18:12:01] production.INFO: Scheduler Now working  
[2025-03-29 18:14:02] production.INFO: Scheduler Now working  
[2025-03-29 18:16:01] production.INFO: Scheduler Now working  
[2025-03-29 18:18:01] production.INFO: Scheduler Now working  
[2025-03-29 18:20:02] production.INFO: Scheduler Now working  
[2025-03-29 18:22:01] production.INFO: Scheduler Now working  
[2025-03-29 18:24:01] production.INFO: Scheduler Now working  
[2025-03-29 18:26:02] production.INFO: Scheduler Now working  
[2025-03-29 18:28:01] production.INFO: Scheduler Now working  
[2025-03-29 18:32:01] production.INFO: Scheduler Now working  
[2025-03-29 18:34:02] production.INFO: Scheduler Now working  
[2025-03-29 18:36:01] production.INFO: Scheduler Now working  
[2025-03-29 18:36:50] production.INFO: Scheduler Now working  
[2025-03-29 18:38:02] production.INFO: Scheduler Now working  
[2025-03-29 18:40:01] production.INFO: Scheduler Now working  
[2025-03-29 18:42:02] production.INFO: Scheduler Now working  
[2025-03-29 18:44:01] production.INFO: Scheduler Now working  
[2025-03-29 18:46:01] production.INFO: Scheduler Now working  
[2025-03-29 18:48:02] production.INFO: Scheduler Now working  
[2025-03-29 18:50:01] production.INFO: Scheduler Now working  
[2025-03-29 18:52:01] production.INFO: Scheduler Now working  
[2025-03-29 18:54:02] production.INFO: Scheduler Now working  
[2025-03-29 18:56:01] production.INFO: Scheduler Now working  
[2025-03-29 18:58:02] production.INFO: Scheduler Now working  
[2025-03-29 19:02:02] production.INFO: Scheduler Now working  
[2025-03-29 19:04:01] production.INFO: Scheduler Now working  
[2025-03-29 19:06:01] production.INFO: Scheduler Now working  
[2025-03-29 19:06:47] production.INFO: Scheduler Now working  
[2025-03-29 19:08:01] production.INFO: Scheduler Now working  
[2025-03-29 19:10:02] production.INFO: Scheduler Now working  
[2025-03-29 19:12:01] production.INFO: Scheduler Now working  
[2025-03-29 19:14:01] production.INFO: Scheduler Now working  
[2025-03-29 19:16:02] production.INFO: Scheduler Now working  
[2025-03-29 19:18:01] production.INFO: Scheduler Now working  
[2025-03-29 19:20:01] production.INFO: Scheduler Now working  
[2025-03-29 19:22:02] production.INFO: Scheduler Now working  
[2025-03-29 19:24:01] production.INFO: Scheduler Now working  
[2025-03-29 19:26:01] production.INFO: Scheduler Now working  
[2025-03-29 19:28:02] production.INFO: Scheduler Now working  
[2025-03-29 19:32:01] production.INFO: Scheduler Now working  
[2025-03-29 19:34:01] production.INFO: Scheduler Now working  
[2025-03-29 19:36:02] production.INFO: Scheduler Now working  
[2025-03-29 19:36:51] production.INFO: Scheduler Now working  
[2025-03-29 19:38:02] production.INFO: Scheduler Now working  
[2025-03-29 19:40:01] production.INFO: Scheduler Now working  
[2025-03-29 19:42:01] production.INFO: Scheduler Now working  
[2025-03-29 19:44:02] production.INFO: Scheduler Now working  
[2025-03-29 19:46:01] production.INFO: Scheduler Now working  
[2025-03-29 19:48:01] production.INFO: Scheduler Now working  
[2025-03-29 19:50:02] production.INFO: Scheduler Now working  
[2025-03-29 19:52:01] production.INFO: Scheduler Now working  
[2025-03-29 19:54:02] production.INFO: Scheduler Now working  
[2025-03-29 19:56:01] production.INFO: Scheduler Now working  
[2025-03-29 19:58:01] production.INFO: Scheduler Now working  
[2025-03-29 20:02:01] production.INFO: Scheduler Now working  
[2025-03-29 20:04:02] production.INFO: Scheduler Now working  
[2025-03-29 20:06:01] production.INFO: Scheduler Now working  
[2025-03-29 20:06:54] production.INFO: Scheduler Now working  
[2025-03-29 20:08:01] production.INFO: Scheduler Now working  
[2025-03-29 20:10:02] production.INFO: Scheduler Now working  
[2025-03-29 20:12:01] production.INFO: Scheduler Now working  
[2025-03-29 20:14:02] production.INFO: Scheduler Now working  
[2025-03-29 20:16:02] production.INFO: Scheduler Now working  
[2025-03-29 20:18:01] production.INFO: Scheduler Now working  
[2025-03-29 20:20:02] production.INFO: Scheduler Now working  
[2025-03-29 20:22:01] production.INFO: Scheduler Now working  
[2025-03-29 20:24:01] production.INFO: Scheduler Now working  
[2025-03-29 20:26:02] production.INFO: Scheduler Now working  
[2025-03-29 20:28:01] production.INFO: Scheduler Now working  
[2025-03-29 20:32:01] production.INFO: Scheduler Now working  
[2025-03-29 20:34:02] production.INFO: Scheduler Now working  
[2025-03-29 20:36:01] production.INFO: Scheduler Now working  
[2025-03-29 20:36:53] production.INFO: Scheduler Now working  
[2025-03-29 20:38:01] production.INFO: Scheduler Now working  
[2025-03-29 20:40:02] production.INFO: Scheduler Now working  
[2025-03-29 20:42:01] production.INFO: Scheduler Now working  
[2025-03-29 20:44:01] production.INFO: Scheduler Now working  
[2025-03-29 20:46:02] production.INFO: Scheduler Now working  
[2025-03-29 20:48:01] production.INFO: Scheduler Now working  
[2025-03-29 20:50:01] production.INFO: Scheduler Now working  
[2025-03-29 20:52:02] production.INFO: Scheduler Now working  
[2025-03-29 20:54:01] production.INFO: Scheduler Now working  
[2025-03-29 20:56:01] production.INFO: Scheduler Now working  
[2025-03-29 20:58:02] production.INFO: Scheduler Now working  
[2025-03-29 21:02:01] production.INFO: Scheduler Now working  
[2025-03-29 21:04:01] production.INFO: Scheduler Now working  
[2025-03-29 21:06:02] production.INFO: Scheduler Now working  
[2025-03-29 21:06:52] production.INFO: Scheduler Now working  
[2025-03-29 21:08:01] production.INFO: Scheduler Now working  
[2025-03-29 21:10:01] production.INFO: Scheduler Now working  
[2025-03-29 21:12:02] production.INFO: Scheduler Now working  
[2025-03-29 21:14:01] production.INFO: Scheduler Now working  
[2025-03-29 21:16:02] production.INFO: Scheduler Now working  
[2025-03-29 21:18:01] production.INFO: Scheduler Now working  
[2025-03-29 21:20:01] production.INFO: Scheduler Now working  
[2025-03-29 21:22:02] production.INFO: Scheduler Now working  
[2025-03-29 21:24:01] production.INFO: Scheduler Now working  
[2025-03-29 21:26:01] production.INFO: Scheduler Now working  
[2025-03-29 21:28:02] production.INFO: Scheduler Now working  
[2025-03-29 21:32:01] production.INFO: Scheduler Now working  
[2025-03-29 21:34:01] production.INFO: Scheduler Now working  
[2025-03-29 21:36:02] production.INFO: Scheduler Now working  
[2025-03-29 21:36:53] production.INFO: Scheduler Now working  
[2025-03-29 21:38:02] production.INFO: Scheduler Now working  
[2025-03-29 21:40:01] production.INFO: Scheduler Now working  
[2025-03-29 21:42:02] production.INFO: Scheduler Now working  
[2025-03-29 21:44:01] production.INFO: Scheduler Now working  
[2025-03-29 21:46:01] production.INFO: Scheduler Now working  
[2025-03-29 21:48:02] production.INFO: Scheduler Now working  
[2025-03-29 21:50:01] production.INFO: Scheduler Now working  
[2025-03-29 21:52:01] production.INFO: Scheduler Now working  
[2025-03-29 21:54:02] production.INFO: Scheduler Now working  
[2025-03-29 21:56:01] production.INFO: Scheduler Now working  
[2025-03-29 21:58:01] production.INFO: Scheduler Now working  
[2025-03-29 22:02:02] production.INFO: Scheduler Now working  
[2025-03-29 22:04:01] production.INFO: Scheduler Now working  
[2025-03-29 22:06:01] production.INFO: Scheduler Now working  
[2025-03-29 22:06:54] production.INFO: Scheduler Now working  
[2025-03-29 22:08:01] production.INFO: Scheduler Now working  
[2025-03-29 22:10:02] production.INFO: Scheduler Now working  
[2025-03-29 22:12:01] production.INFO: Scheduler Now working  
[2025-03-29 22:14:01] production.INFO: Scheduler Now working  
[2025-03-29 22:16:02] production.INFO: Scheduler Now working  
[2025-03-29 22:18:01] production.INFO: Scheduler Now working  
[2025-03-29 22:20:01] production.INFO: Scheduler Now working  
[2025-03-29 22:22:02] production.INFO: Scheduler Now working  
[2025-03-29 22:24:01] production.INFO: Scheduler Now working  
[2025-03-29 22:26:01] production.INFO: Scheduler Now working  
[2025-03-29 22:28:02] production.INFO: Scheduler Now working  
[2025-03-29 22:32:01] production.INFO: Scheduler Now working  
[2025-03-29 22:34:01] production.INFO: Scheduler Now working  
[2025-03-29 22:36:02] production.INFO: Scheduler Now working  
[2025-03-29 22:36:57] production.INFO: Scheduler Now working  
[2025-03-29 22:38:01] production.INFO: Scheduler Now working  
[2025-03-29 22:40:01] production.INFO: Scheduler Now working  
[2025-03-29 22:42:02] production.INFO: Scheduler Now working  
[2025-03-29 22:44:01] production.INFO: Scheduler Now working  
[2025-03-29 22:46:01] production.INFO: Scheduler Now working  
[2025-03-29 22:48:02] production.INFO: Scheduler Now working  
[2025-03-29 22:50:01] production.INFO: Scheduler Now working  
[2025-03-29 22:52:01] production.INFO: Scheduler Now working  
[2025-03-29 22:54:02] production.INFO: Scheduler Now working  
[2025-03-29 22:56:01] production.INFO: Scheduler Now working  
[2025-03-29 22:58:02] production.INFO: Scheduler Now working  
[2025-03-29 23:02:02] production.INFO: Scheduler Now working  
[2025-03-29 23:04:01] production.INFO: Scheduler Now working  
[2025-03-29 23:06:01] production.INFO: Scheduler Now working  
[2025-03-29 23:06:51] production.INFO: Scheduler Now working  
[2025-03-29 23:08:01] production.INFO: Scheduler Now working  
[2025-03-29 23:10:02] production.INFO: Scheduler Now working  
[2025-03-29 23:12:01] production.INFO: Scheduler Now working  
[2025-03-29 23:14:02] production.INFO: Scheduler Now working  
[2025-03-29 23:16:02] production.INFO: Scheduler Now working  
[2025-03-29 23:18:01] production.INFO: Scheduler Now working  
[2025-03-29 23:20:02] production.INFO: Scheduler Now working  
[2025-03-29 23:22:01] production.INFO: Scheduler Now working  
[2025-03-29 23:24:01] production.INFO: Scheduler Now working  
[2025-03-29 23:26:02] production.INFO: Scheduler Now working  
[2025-03-29 23:28:01] production.INFO: Scheduler Now working  
[2025-03-29 23:32:01] production.INFO: Scheduler Now working  
[2025-03-29 23:34:01] production.INFO: Scheduler Now working  
[2025-03-29 23:36:02] production.INFO: Scheduler Now working  
[2025-03-29 23:36:45] production.INFO: Scheduler Now working  
[2025-03-29 23:38:01] production.INFO: Scheduler Now working  
[2025-03-29 23:40:02] production.INFO: Scheduler Now working  
[2025-03-29 23:42:02] production.INFO: Scheduler Now working  
[2025-03-29 23:44:01] production.INFO: Scheduler Now working  
[2025-03-29 23:46:02] production.INFO: Scheduler Now working  
[2025-03-29 23:48:01] production.INFO: Scheduler Now working  
[2025-03-29 23:50:01] production.INFO: Scheduler Now working  
[2025-03-29 23:52:02] production.INFO: Scheduler Now working  
[2025-03-29 23:54:01] production.INFO: Scheduler Now working  
[2025-03-29 23:56:01] production.INFO: Scheduler Now working  
[2025-03-29 23:58:02] production.INFO: Scheduler Now working  
