[2025-04-02 00:02:02] production.INFO: Scheduler Now working  
[2025-04-02 00:04:01] production.INFO: Scheduler Now working  
[2025-04-02 00:06:02] production.INFO: Scheduler Now working  
[2025-04-02 00:06:47] production.INFO: Scheduler Now working  
[2025-04-02 00:08:01] production.INFO: Scheduler Now working  
[2025-04-02 00:10:01] production.INFO: Scheduler Now working  
[2025-04-02 00:12:02] production.INFO: Scheduler Now working  
[2025-04-02 00:14:01] production.INFO: Scheduler Now working  
[2025-04-02 00:16:02] production.INFO: Scheduler Now working  
[2025-04-02 00:18:01] production.INFO: Scheduler Now working  
[2025-04-02 00:20:01] production.INFO: Scheduler Now working  
[2025-04-02 00:22:02] production.INFO: Scheduler Now working  
[2025-04-02 00:24:01] production.INFO: Scheduler Now working  
[2025-04-02 00:26:01] production.INFO: Scheduler Now working  
[2025-04-02 00:28:02] production.INFO: Scheduler Now working  
[2025-04-02 00:32:02] production.INFO: Scheduler Now working  
[2025-04-02 00:34:01] production.INFO: Scheduler Now working  
[2025-04-02 00:36:02] production.INFO: Scheduler Now working  
[2025-04-02 00:36:49] production.INFO: Scheduler Now working  
[2025-04-02 00:38:01] production.INFO: Scheduler Now working  
[2025-04-02 00:40:02] production.INFO: Scheduler Now working  
[2025-04-02 00:42:01] production.INFO: Scheduler Now working  
[2025-04-02 00:44:02] production.INFO: Scheduler Now working  
[2025-04-02 00:46:01] production.INFO: Scheduler Now working  
[2025-04-02 00:48:01] production.INFO: Scheduler Now working  
[2025-04-02 00:50:02] production.INFO: Scheduler Now working  
[2025-04-02 00:52:01] production.INFO: Scheduler Now working  
[2025-04-02 00:54:01] production.INFO: Scheduler Now working  
[2025-04-02 00:56:02] production.INFO: Scheduler Now working  
[2025-04-02 00:58:01] production.INFO: Scheduler Now working  
[2025-04-02 01:02:01] production.INFO: Scheduler Now working  
[2025-04-02 01:04:02] production.INFO: Scheduler Now working  
[2025-04-02 01:06:01] production.INFO: Scheduler Now working  
[2025-04-02 01:06:42] production.INFO: Scheduler Now working  
[2025-04-02 01:08:01] production.INFO: Scheduler Now working  
[2025-04-02 01:10:02] production.INFO: Scheduler Now working  
[2025-04-02 01:12:01] production.INFO: Scheduler Now working  
[2025-04-02 01:14:01] production.INFO: Scheduler Now working  
[2025-04-02 01:16:02] production.INFO: Scheduler Now working  
[2025-04-02 01:18:01] production.INFO: Scheduler Now working  
[2025-04-02 01:20:01] production.INFO: Scheduler Now working  
[2025-04-02 01:22:02] production.INFO: Scheduler Now working  
[2025-04-02 01:24:01] production.INFO: Scheduler Now working  
[2025-04-02 01:26:01] production.INFO: Scheduler Now working  
[2025-04-02 01:28:02] production.INFO: Scheduler Now working  
[2025-04-02 01:32:01] production.INFO: Scheduler Now working  
[2025-04-02 01:34:01] production.INFO: Scheduler Now working  
[2025-04-02 01:36:02] production.INFO: Scheduler Now working  
[2025-04-02 01:36:46] production.INFO: Scheduler Now working  
[2025-04-02 01:38:01] production.INFO: Scheduler Now working  
[2025-04-02 01:40:01] production.INFO: Scheduler Now working  
[2025-04-02 01:42:02] production.INFO: Scheduler Now working  
[2025-04-02 01:44:01] production.INFO: Scheduler Now working  
[2025-04-02 01:46:02] production.INFO: Scheduler Now working  
[2025-04-02 01:48:01] production.INFO: Scheduler Now working  
[2025-04-02 01:50:01] production.INFO: Scheduler Now working  
[2025-04-02 01:52:02] production.INFO: Scheduler Now working  
[2025-04-02 01:54:01] production.INFO: Scheduler Now working  
[2025-04-02 01:56:01] production.INFO: Scheduler Now working  
[2025-04-02 01:58:02] production.INFO: Scheduler Now working  
[2025-04-02 02:02:01] production.INFO: Scheduler Now working  
[2025-04-02 02:04:01] production.INFO: Scheduler Now working  
[2025-04-02 02:06:02] production.INFO: Scheduler Now working  
[2025-04-02 02:06:42] production.INFO: Scheduler Now working  
[2025-04-02 02:08:01] production.INFO: Scheduler Now working  
[2025-04-02 02:10:01] production.INFO: Scheduler Now working  
[2025-04-02 02:12:02] production.INFO: Scheduler Now working  
[2025-04-02 02:14:01] production.INFO: Scheduler Now working  
[2025-04-02 02:16:01] production.INFO: Scheduler Now working  
[2025-04-02 02:18:02] production.INFO: Scheduler Now working  
[2025-04-02 02:20:01] production.INFO: Scheduler Now working  
[2025-04-02 02:22:02] production.INFO: Scheduler Now working  
[2025-04-02 02:24:01] production.INFO: Scheduler Now working  
[2025-04-02 02:26:01] production.INFO: Scheduler Now working  
[2025-04-02 02:28:02] production.INFO: Scheduler Now working  
[2025-04-02 02:32:02] production.INFO: Scheduler Now working  
[2025-04-02 02:34:01] production.INFO: Scheduler Now working  
[2025-04-02 02:36:02] production.INFO: Scheduler Now working  
[2025-04-02 02:36:46] production.INFO: Scheduler Now working  
[2025-04-02 02:38:01] production.INFO: Scheduler Now working  
[2025-04-02 02:40:02] production.INFO: Scheduler Now working  
[2025-04-02 02:42:01] production.INFO: Scheduler Now working  
[2025-04-02 02:44:01] production.INFO: Scheduler Now working  
[2025-04-02 02:46:02] production.INFO: Scheduler Now working  
[2025-04-02 02:48:01] production.INFO: Scheduler Now working  
[2025-04-02 02:50:01] production.INFO: Scheduler Now working  
[2025-04-02 02:52:02] production.INFO: Scheduler Now working  
[2025-04-02 02:54:01] production.INFO: Scheduler Now working  
[2025-04-02 02:56:01] production.INFO: Scheduler Now working  
[2025-04-02 02:58:02] production.INFO: Scheduler Now working  
[2025-04-02 03:02:01] production.INFO: Scheduler Now working  
[2025-04-02 03:04:01] production.INFO: Scheduler Now working  
[2025-04-02 03:06:02] production.INFO: Scheduler Now working  
[2025-04-02 03:06:41] production.INFO: Scheduler Now working  
[2025-04-02 03:08:01] production.INFO: Scheduler Now working  
[2025-04-02 03:10:01] production.INFO: Scheduler Now working  
[2025-04-02 03:12:02] production.INFO: Scheduler Now working  
[2025-04-02 03:14:01] production.INFO: Scheduler Now working  
[2025-04-02 03:16:02] production.INFO: Scheduler Now working  
[2025-04-02 03:18:01] production.INFO: Scheduler Now working  
[2025-04-02 03:20:01] production.INFO: Scheduler Now working  
[2025-04-02 03:22:02] production.INFO: Scheduler Now working  
[2025-04-02 03:24:01] production.INFO: Scheduler Now working  
[2025-04-02 03:26:01] production.INFO: Scheduler Now working  
[2025-04-02 03:28:02] production.INFO: Scheduler Now working  
[2025-04-02 03:32:01] production.INFO: Scheduler Now working  
[2025-04-02 03:34:01] production.INFO: Scheduler Now working  
[2025-04-02 03:36:02] production.INFO: Scheduler Now working  
[2025-04-02 03:36:37] production.INFO: Scheduler Now working  
[2025-04-02 03:38:02] production.INFO: Scheduler Now working  
[2025-04-02 03:40:01] production.INFO: Scheduler Now working  
[2025-04-02 03:42:01] production.INFO: Scheduler Now working  
[2025-04-02 03:44:02] production.INFO: Scheduler Now working  
[2025-04-02 03:46:01] production.INFO: Scheduler Now working  
[2025-04-02 03:48:02] production.INFO: Scheduler Now working  
[2025-04-02 03:50:01] production.INFO: Scheduler Now working  
[2025-04-02 03:52:01] production.INFO: Scheduler Now working  
[2025-04-02 03:54:02] production.INFO: Scheduler Now working  
[2025-04-02 03:56:01] production.INFO: Scheduler Now working  
[2025-04-02 03:58:01] production.INFO: Scheduler Now working  
[2025-04-02 04:02:02] production.INFO: Scheduler Now working  
[2025-04-02 04:04:01] production.INFO: Scheduler Now working  
[2025-04-02 04:06:01] production.INFO: Scheduler Now working  
[2025-04-02 04:06:37] production.INFO: Scheduler Now working  
[2025-04-02 04:08:01] production.INFO: Scheduler Now working  
[2025-04-02 04:10:02] production.INFO: Scheduler Now working  
[2025-04-02 04:12:01] production.INFO: Scheduler Now working  
[2025-04-02 04:14:01] production.INFO: Scheduler Now working  
[2025-04-02 04:16:02] production.INFO: Scheduler Now working  
[2025-04-02 04:18:01] production.INFO: Scheduler Now working  
[2025-04-02 04:20:02] production.INFO: Scheduler Now working  
[2025-04-02 04:22:01] production.INFO: Scheduler Now working  
[2025-04-02 04:24:01] production.INFO: Scheduler Now working  
[2025-04-02 04:26:02] production.INFO: Scheduler Now working  
[2025-04-02 04:28:01] production.INFO: Scheduler Now working  
[2025-04-02 04:32:01] production.INFO: Scheduler Now working  
[2025-04-02 04:34:02] production.INFO: Scheduler Now working  
[2025-04-02 04:36:01] production.INFO: Scheduler Now working  
[2025-04-02 04:36:40] production.INFO: Scheduler Now working  
[2025-04-02 04:38:01] production.INFO: Scheduler Now working  
[2025-04-02 04:40:02] production.INFO: Scheduler Now working  
[2025-04-02 04:42:01] production.INFO: Scheduler Now working  
[2025-04-02 04:44:01] production.INFO: Scheduler Now working  
[2025-04-02 04:46:02] production.INFO: Scheduler Now working  
[2025-04-02 04:48:01] production.INFO: Scheduler Now working  
[2025-04-02 04:50:02] production.INFO: Scheduler Now working  
[2025-04-02 04:52:01] production.INFO: Scheduler Now working  
[2025-04-02 04:54:01] production.INFO: Scheduler Now working  
[2025-04-02 04:56:02] production.INFO: Scheduler Now working  
[2025-04-02 04:58:01] production.INFO: Scheduler Now working  
[2025-04-02 05:02:01] production.INFO: Scheduler Now working  
[2025-04-02 05:04:02] production.INFO: Scheduler Now working  
[2025-04-02 05:06:01] production.INFO: Scheduler Now working  
[2025-04-02 05:06:40] production.INFO: Scheduler Now working  
[2025-04-02 05:06:41] production.ERROR: SQLSTATE[23000]: Integrity constraint violation: 1048 Column 'payment_id' cannot be null (Connection: mysql, SQL: insert into `successful_payment_collections` (`user_id`, `payment_id`, `order_amount`, `amount`, `charges`, `gst`, `updated_at`, `created_at`) values (2, ?, 799, 780.1436, 15.98, 2.8764, 2025-04-02 05:06:41, 2025-04-02 05:06:41)) {"exception":"[object] (Illuminate\\Database\\QueryException(code: 23000): SQLSTATE[23000]: Integrity constraint violation: 1048 Column 'payment_id' cannot be null (Connection: mysql, SQL: insert into `successful_payment_collections` (`user_id`, `payment_id`, `order_amount`, `amount`, `charges`, `gst`, `updated_at`, `created_at`) values (2, ?, 799, 780.1436, 15.98, 2.8764, 2025-04-02 05:06:41, 2025-04-02 05:06:41)) at /var/www/groscope/vendor/laravel/framework/src/Illuminate/Database/Connection.php:829)
[stacktrace]
#0 /var/www/groscope/vendor/laravel/framework/src/Illuminate/Database/Connection.php(783): Illuminate\\Database\\Connection->runQueryCallback()
#1 /var/www/groscope/vendor/laravel/framework/src/Illuminate/Database/MySqlConnection.php(34): Illuminate\\Database\\Connection->run()
#2 /var/www/groscope/vendor/laravel/framework/src/Illuminate/Database/Query/Processors/MySqlProcessor.php(35): Illuminate\\Database\\MySqlConnection->insert()
#3 /var/www/groscope/vendor/laravel/framework/src/Illuminate/Database/Query/Builder.php(3549): Illuminate\\Database\\Query\\Processors\\MySqlProcessor->processInsertGetId()
#4 /var/www/groscope/vendor/laravel/framework/src/Illuminate/Database/Eloquent/Builder.php(1982): Illuminate\\Database\\Query\\Builder->insertGetId()
#5 /var/www/groscope/vendor/laravel/framework/src/Illuminate/Database/Eloquent/Model.php(1334): Illuminate\\Database\\Eloquent\\Builder->__call()
#6 /var/www/groscope/vendor/laravel/framework/src/Illuminate/Database/Eloquent/Model.php(1299): Illuminate\\Database\\Eloquent\\Model->insertAndSetId()
#7 /var/www/groscope/vendor/laravel/framework/src/Illuminate/Database/Eloquent/Model.php(1138): Illuminate\\Database\\Eloquent\\Model->performInsert()
#8 /var/www/groscope/vendor/laravel/framework/src/Illuminate/Database/Eloquent/Builder.php(1025): Illuminate\\Database\\Eloquent\\Model->save()
#9 /var/www/groscope/vendor/laravel/framework/src/Illuminate/Support/helpers.php(320): Illuminate\\Database\\Eloquent\\Builder->Illuminate\\Database\\Eloquent\\{closure}()
#10 /var/www/groscope/vendor/laravel/framework/src/Illuminate/Database/Eloquent/Builder.php(1024): tap()
#11 /var/www/groscope/vendor/laravel/framework/src/Illuminate/Support/Traits/ForwardsCalls.php(23): Illuminate\\Database\\Eloquent\\Builder->create()
#12 /var/www/groscope/vendor/laravel/framework/src/Illuminate/Database/Eloquent/Model.php(2335): Illuminate\\Database\\Eloquent\\Model->forwardCallTo()
#13 /var/www/groscope/vendor/laravel/framework/src/Illuminate/Database/Eloquent/Model.php(2347): Illuminate\\Database\\Eloquent\\Model->__call()
#14 /var/www/groscope/app/Console/Commands/GetSuccessfullyPaymentCollectionCommand.php(33): Illuminate\\Database\\Eloquent\\Model::__callStatic()
#15 /var/www/groscope/vendor/laravel/framework/src/Illuminate/Container/BoundMethod.php(36): App\\Console\\Commands\\GetSuccessfullyPaymentCollectionCommand->handle()
#16 /var/www/groscope/vendor/laravel/framework/src/Illuminate/Container/Util.php(41): Illuminate\\Container\\BoundMethod::Illuminate\\Container\\{closure}()
#17 /var/www/groscope/vendor/laravel/framework/src/Illuminate/Container/BoundMethod.php(93): Illuminate\\Container\\Util::unwrapIfClosure()
#18 /var/www/groscope/vendor/laravel/framework/src/Illuminate/Container/BoundMethod.php(35): Illuminate\\Container\\BoundMethod::callBoundMethod()
#19 /var/www/groscope/vendor/laravel/framework/src/Illuminate/Container/Container.php(662): Illuminate\\Container\\BoundMethod::call()
#20 /var/www/groscope/vendor/laravel/framework/src/Illuminate/Console/Command.php(211): Illuminate\\Container\\Container->call()
#21 /var/www/groscope/vendor/symfony/console/Command/Command.php(326): Illuminate\\Console\\Command->execute()
#22 /var/www/groscope/vendor/laravel/framework/src/Illuminate/Console/Command.php(180): Symfony\\Component\\Console\\Command\\Command->run()
#23 /var/www/groscope/vendor/symfony/console/Application.php(1096): Illuminate\\Console\\Command->run()
#24 /var/www/groscope/vendor/symfony/console/Application.php(324): Symfony\\Component\\Console\\Application->doRunCommand()
#25 /var/www/groscope/vendor/symfony/console/Application.php(175): Symfony\\Component\\Console\\Application->doRun()
#26 /var/www/groscope/vendor/laravel/framework/src/Illuminate/Foundation/Console/Kernel.php(201): Symfony\\Component\\Console\\Application->run()
#27 /var/www/groscope/artisan(35): Illuminate\\Foundation\\Console\\Kernel->handle()
#28 {main}

[previous exception] [object] (PDOException(code: 23000): SQLSTATE[23000]: Integrity constraint violation: 1048 Column 'payment_id' cannot be null at /var/www/groscope/vendor/laravel/framework/src/Illuminate/Database/MySqlConnection.php:45)
[stacktrace]
#0 /var/www/groscope/vendor/laravel/framework/src/Illuminate/Database/MySqlConnection.php(45): PDOStatement->execute()
#1 /var/www/groscope/vendor/laravel/framework/src/Illuminate/Database/Connection.php(816): Illuminate\\Database\\MySqlConnection->Illuminate\\Database\\{closure}()
#2 /var/www/groscope/vendor/laravel/framework/src/Illuminate/Database/Connection.php(783): Illuminate\\Database\\Connection->runQueryCallback()
#3 /var/www/groscope/vendor/laravel/framework/src/Illuminate/Database/MySqlConnection.php(34): Illuminate\\Database\\Connection->run()
#4 /var/www/groscope/vendor/laravel/framework/src/Illuminate/Database/Query/Processors/MySqlProcessor.php(35): Illuminate\\Database\\MySqlConnection->insert()
#5 /var/www/groscope/vendor/laravel/framework/src/Illuminate/Database/Query/Builder.php(3549): Illuminate\\Database\\Query\\Processors\\MySqlProcessor->processInsertGetId()
#6 /var/www/groscope/vendor/laravel/framework/src/Illuminate/Database/Eloquent/Builder.php(1982): Illuminate\\Database\\Query\\Builder->insertGetId()
#7 /var/www/groscope/vendor/laravel/framework/src/Illuminate/Database/Eloquent/Model.php(1334): Illuminate\\Database\\Eloquent\\Builder->__call()
#8 /var/www/groscope/vendor/laravel/framework/src/Illuminate/Database/Eloquent/Model.php(1299): Illuminate\\Database\\Eloquent\\Model->insertAndSetId()
#9 /var/www/groscope/vendor/laravel/framework/src/Illuminate/Database/Eloquent/Model.php(1138): Illuminate\\Database\\Eloquent\\Model->performInsert()
#10 /var/www/groscope/vendor/laravel/framework/src/Illuminate/Database/Eloquent/Builder.php(1025): Illuminate\\Database\\Eloquent\\Model->save()
#11 /var/www/groscope/vendor/laravel/framework/src/Illuminate/Support/helpers.php(320): Illuminate\\Database\\Eloquent\\Builder->Illuminate\\Database\\Eloquent\\{closure}()
#12 /var/www/groscope/vendor/laravel/framework/src/Illuminate/Database/Eloquent/Builder.php(1024): tap()
#13 /var/www/groscope/vendor/laravel/framework/src/Illuminate/Support/Traits/ForwardsCalls.php(23): Illuminate\\Database\\Eloquent\\Builder->create()
#14 /var/www/groscope/vendor/laravel/framework/src/Illuminate/Database/Eloquent/Model.php(2335): Illuminate\\Database\\Eloquent\\Model->forwardCallTo()
#15 /var/www/groscope/vendor/laravel/framework/src/Illuminate/Database/Eloquent/Model.php(2347): Illuminate\\Database\\Eloquent\\Model->__call()
#16 /var/www/groscope/app/Console/Commands/GetSuccessfullyPaymentCollectionCommand.php(33): Illuminate\\Database\\Eloquent\\Model::__callStatic()
#17 /var/www/groscope/vendor/laravel/framework/src/Illuminate/Container/BoundMethod.php(36): App\\Console\\Commands\\GetSuccessfullyPaymentCollectionCommand->handle()
#18 /var/www/groscope/vendor/laravel/framework/src/Illuminate/Container/Util.php(41): Illuminate\\Container\\BoundMethod::Illuminate\\Container\\{closure}()
#19 /var/www/groscope/vendor/laravel/framework/src/Illuminate/Container/BoundMethod.php(93): Illuminate\\Container\\Util::unwrapIfClosure()
#20 /var/www/groscope/vendor/laravel/framework/src/Illuminate/Container/BoundMethod.php(35): Illuminate\\Container\\BoundMethod::callBoundMethod()
#21 /var/www/groscope/vendor/laravel/framework/src/Illuminate/Container/Container.php(662): Illuminate\\Container\\BoundMethod::call()
#22 /var/www/groscope/vendor/laravel/framework/src/Illuminate/Console/Command.php(211): Illuminate\\Container\\Container->call()
#23 /var/www/groscope/vendor/symfony/console/Command/Command.php(326): Illuminate\\Console\\Command->execute()
#24 /var/www/groscope/vendor/laravel/framework/src/Illuminate/Console/Command.php(180): Symfony\\Component\\Console\\Command\\Command->run()
#25 /var/www/groscope/vendor/symfony/console/Application.php(1096): Illuminate\\Console\\Command->run()
#26 /var/www/groscope/vendor/symfony/console/Application.php(324): Symfony\\Component\\Console\\Application->doRunCommand()
#27 /var/www/groscope/vendor/symfony/console/Application.php(175): Symfony\\Component\\Console\\Application->doRun()
#28 /var/www/groscope/vendor/laravel/framework/src/Illuminate/Foundation/Console/Kernel.php(201): Symfony\\Component\\Console\\Application->run()
#29 /var/www/groscope/artisan(35): Illuminate\\Foundation\\Console\\Kernel->handle()
#30 {main}
"} 
[2025-04-02 05:08:02] production.INFO: Scheduler Now working  
[2025-04-02 05:10:01] production.INFO: Scheduler Now working  
[2025-04-02 05:12:02] production.INFO: Scheduler Now working  
[2025-04-02 05:14:01] production.INFO: Scheduler Now working  
[2025-04-02 05:16:01] production.INFO: Scheduler Now working  
[2025-04-02 05:18:02] production.INFO: Scheduler Now working  
[2025-04-02 05:20:01] production.INFO: Scheduler Now working  
[2025-04-02 05:22:01] production.INFO: Scheduler Now working  
[2025-04-02 05:24:02] production.INFO: Scheduler Now working  
[2025-04-02 05:26:01] production.INFO: Scheduler Now working  
[2025-04-02 05:28:02] production.INFO: Scheduler Now working  
[2025-04-02 05:32:02] production.INFO: Scheduler Now working  
[2025-04-02 05:34:01] production.INFO: Scheduler Now working  
[2025-04-02 05:36:01] production.INFO: Scheduler Now working  
[2025-04-02 05:36:43] production.INFO: Scheduler Now working  
[2025-04-02 05:38:02] production.INFO: Scheduler Now working  
[2025-04-02 05:40:01] production.INFO: Scheduler Now working  
[2025-04-02 05:42:01] production.INFO: Scheduler Now working  
[2025-04-02 05:44:02] production.INFO: Scheduler Now working  
[2025-04-02 05:46:01] production.INFO: Scheduler Now working  
[2025-04-02 05:48:02] production.INFO: Scheduler Now working  
[2025-04-02 05:50:01] production.INFO: Scheduler Now working  
[2025-04-02 05:52:01] production.INFO: Scheduler Now working  
[2025-04-02 05:54:02] production.INFO: Scheduler Now working  
[2025-04-02 05:56:01] production.INFO: Scheduler Now working  
[2025-04-02 05:58:01] production.INFO: Scheduler Now working  
[2025-04-02 06:02:02] production.INFO: Scheduler Now working  
[2025-04-02 06:04:01] production.INFO: Scheduler Now working  
[2025-04-02 06:06:01] production.INFO: Scheduler Now working  
[2025-04-02 06:06:38] production.INFO: Scheduler Now working  
[2025-04-02 06:08:01] production.INFO: Scheduler Now working  
[2025-04-02 06:10:02] production.INFO: Scheduler Now working  
[2025-04-02 06:12:01] production.INFO: Scheduler Now working  
[2025-04-02 06:14:02] production.INFO: Scheduler Now working  
[2025-04-02 06:16:01] production.INFO: Scheduler Now working  
[2025-04-02 06:18:01] production.INFO: Scheduler Now working  
[2025-04-02 06:20:02] production.INFO: Scheduler Now working  
[2025-04-02 06:22:01] production.INFO: Scheduler Now working  
[2025-04-02 06:24:01] production.INFO: Scheduler Now working  
[2025-04-02 06:26:02] production.INFO: Scheduler Now working  
[2025-04-02 06:28:01] production.INFO: Scheduler Now working  
[2025-04-02 06:32:01] production.INFO: Scheduler Now working  
[2025-04-02 06:34:02] production.INFO: Scheduler Now working  
[2025-04-02 06:36:01] production.INFO: Scheduler Now working  
[2025-04-02 06:36:40] production.INFO: Scheduler Now working  
[2025-04-02 06:38:01] production.INFO: Scheduler Now working  
[2025-04-02 06:40:02] production.INFO: Scheduler Now working  
[2025-04-02 06:42:01] production.INFO: Scheduler Now working  
[2025-04-02 06:44:01] production.INFO: Scheduler Now working  
[2025-04-02 06:46:02] production.INFO: Scheduler Now working  
[2025-04-02 06:48:01] production.INFO: Scheduler Now working  
[2025-04-02 06:50:02] production.INFO: Scheduler Now working  
[2025-04-02 06:52:01] production.INFO: Scheduler Now working  
[2025-04-02 06:54:01] production.INFO: Scheduler Now working  
[2025-04-02 06:56:02] production.INFO: Scheduler Now working  
[2025-04-02 06:58:01] production.INFO: Scheduler Now working  
[2025-04-02 07:02:01] production.INFO: Scheduler Now working  
[2025-04-02 07:04:02] production.INFO: Scheduler Now working  
[2025-04-02 07:06:01] production.INFO: Scheduler Now working  
[2025-04-02 07:06:41] production.INFO: Scheduler Now working  
[2025-04-02 07:08:01] production.INFO: Scheduler Now working  
[2025-04-02 07:10:02] production.INFO: Scheduler Now working  
[2025-04-02 07:12:01] production.INFO: Scheduler Now working  
[2025-04-02 07:14:01] production.INFO: Scheduler Now working  
[2025-04-02 07:16:02] production.INFO: Scheduler Now working  
[2025-04-02 07:18:01] production.INFO: Scheduler Now working  
[2025-04-02 07:20:02] production.INFO: Scheduler Now working  
[2025-04-02 07:22:01] production.INFO: Scheduler Now working  
[2025-04-02 07:24:01] production.INFO: Scheduler Now working  
[2025-04-02 07:26:02] production.INFO: Scheduler Now working  
[2025-04-02 07:28:01] production.INFO: Scheduler Now working  
[2025-04-02 07:32:01] production.INFO: Scheduler Now working  
[2025-04-02 07:34:02] production.INFO: Scheduler Now working  
[2025-04-02 07:36:01] production.INFO: Scheduler Now working  
[2025-04-02 07:36:42] production.INFO: Scheduler Now working  
[2025-04-02 07:38:01] production.INFO: Scheduler Now working  
[2025-04-02 07:40:01] production.INFO: Scheduler Now working  
[2025-04-02 07:42:02] production.INFO: Scheduler Now working  
[2025-04-02 07:44:01] production.INFO: Scheduler Now working  
[2025-04-02 07:46:02] production.INFO: Scheduler Now working  
[2025-04-02 07:48:01] production.INFO: Scheduler Now working  
[2025-04-02 07:50:01] production.INFO: Scheduler Now working  
[2025-04-02 07:52:02] production.INFO: Scheduler Now working  
[2025-04-02 07:54:01] production.INFO: Scheduler Now working  
[2025-04-02 07:56:01] production.INFO: Scheduler Now working  
[2025-04-02 07:58:02] production.INFO: Scheduler Now working  
[2025-04-02 08:02:01] production.INFO: Scheduler Now working  
[2025-04-02 08:04:01] production.INFO: Scheduler Now working  
[2025-04-02 08:06:02] production.INFO: Scheduler Now working  
[2025-04-02 08:06:49] production.INFO: Scheduler Now working  
[2025-04-02 08:08:01] production.INFO: Scheduler Now working  
[2025-04-02 08:10:02] production.INFO: Scheduler Now working  
[2025-04-02 08:12:01] production.INFO: Scheduler Now working  
[2025-04-02 08:14:01] production.INFO: Scheduler Now working  
[2025-04-02 08:16:02] production.INFO: Scheduler Now working  
[2025-04-02 08:18:01] production.INFO: Scheduler Now working  
[2025-04-02 08:20:02] production.INFO: Scheduler Now working  
[2025-04-02 08:22:01] production.INFO: Scheduler Now working  
[2025-04-02 08:24:01] production.INFO: Scheduler Now working  
[2025-04-02 08:26:02] production.INFO: Scheduler Now working  
[2025-04-02 08:28:01] production.INFO: Scheduler Now working  
[2025-04-02 08:32:01] production.INFO: Scheduler Now working  
[2025-04-02 08:34:02] production.INFO: Scheduler Now working  
[2025-04-02 08:36:01] production.INFO: Scheduler Now working  
[2025-04-02 08:36:50] production.INFO: Scheduler Now working  
[2025-04-02 08:38:01] production.INFO: Scheduler Now working  
[2025-04-02 08:40:01] production.INFO: Scheduler Now working  
[2025-04-02 08:42:02] production.INFO: Scheduler Now working  
[2025-04-02 08:44:01] production.INFO: Scheduler Now working  
[2025-04-02 08:46:02] production.INFO: Scheduler Now working  
[2025-04-02 08:48:01] production.INFO: Scheduler Now working  
[2025-04-02 08:50:01] production.INFO: Scheduler Now working  
[2025-04-02 08:52:01] production.INFO: Scheduler Now working  
[2025-04-02 08:54:02] production.INFO: Scheduler Now working  
[2025-04-02 08:56:01] production.INFO: Scheduler Now working  
[2025-04-02 08:58:01] production.INFO: Scheduler Now working  
[2025-04-02 09:02:01] production.INFO: Scheduler Now working  
[2025-04-02 09:04:02] production.INFO: Scheduler Now working  
[2025-04-02 09:06:01] production.INFO: Scheduler Now working  
[2025-04-02 09:06:53] production.INFO: Scheduler Now working  
[2025-04-02 09:08:01] production.INFO: Scheduler Now working  
[2025-04-02 09:10:01] production.INFO: Scheduler Now working  
[2025-04-02 09:12:02] production.INFO: Scheduler Now working  
[2025-04-02 09:14:01] production.INFO: Scheduler Now working  
[2025-04-02 09:16:01] production.INFO: Scheduler Now working  
[2025-04-02 09:18:02] production.INFO: Scheduler Now working  
[2025-04-02 09:20:01] production.INFO: Scheduler Now working  
[2025-04-02 09:22:02] production.INFO: Scheduler Now working  
[2025-04-02 09:24:01] production.INFO: Scheduler Now working  
[2025-04-02 09:26:01] production.INFO: Scheduler Now working  
[2025-04-02 09:28:02] production.INFO: Scheduler Now working  
[2025-04-02 09:32:02] production.INFO: Scheduler Now working  
[2025-04-02 09:34:01] production.INFO: Scheduler Now working  
[2025-04-02 09:36:02] production.INFO: Scheduler Now working  
[2025-04-02 09:36:54] production.INFO: Scheduler Now working  
[2025-04-02 09:38:01] production.INFO: Scheduler Now working  
[2025-04-02 09:40:02] production.INFO: Scheduler Now working  
[2025-04-02 09:42:01] production.INFO: Scheduler Now working  
[2025-04-02 09:44:01] production.INFO: Scheduler Now working  
[2025-04-02 09:46:02] production.INFO: Scheduler Now working  
[2025-04-02 09:48:01] production.INFO: Scheduler Now working  
[2025-04-02 09:50:02] production.INFO: Scheduler Now working  
[2025-04-02 09:52:02] production.INFO: Scheduler Now working  
[2025-04-02 09:54:01] production.INFO: Scheduler Now working  
[2025-04-02 09:56:02] production.INFO: Scheduler Now working  
[2025-04-02 09:58:01] production.INFO: Scheduler Now working  
[2025-04-02 10:02:01] production.INFO: Scheduler Now working  
[2025-04-02 10:04:02] production.INFO: Scheduler Now working  
[2025-04-02 10:06:01] production.INFO: Scheduler Now working  
[2025-04-02 10:06:53] production.INFO: Scheduler Now working  
[2025-04-02 10:08:01] production.INFO: Scheduler Now working  
[2025-04-02 10:10:02] production.INFO: Scheduler Now working  
[2025-04-02 10:12:01] production.INFO: Scheduler Now working  
[2025-04-02 10:14:02] production.INFO: Scheduler Now working  
[2025-04-02 10:16:01] production.INFO: Scheduler Now working  
[2025-04-02 10:18:01] production.INFO: Scheduler Now working  
[2025-04-02 10:20:02] production.INFO: Scheduler Now working  
[2025-04-02 10:22:01] production.INFO: Scheduler Now working  
[2025-04-02 10:24:01] production.INFO: Scheduler Now working  
[2025-04-02 10:26:02] production.INFO: Scheduler Now working  
[2025-04-02 10:28:01] production.INFO: Scheduler Now working  
[2025-04-02 10:32:01] production.INFO: Scheduler Now working  
[2025-04-02 10:34:02] production.INFO: Scheduler Now working  
[2025-04-02 10:36:01] production.INFO: Scheduler Now working  
[2025-04-02 10:37:02] production.INFO: Scheduler Now working  
[2025-04-02 10:38:02] production.INFO: Scheduler Now working  
[2025-04-02 10:40:01] production.INFO: Scheduler Now working  
[2025-04-02 10:42:01] production.INFO: Scheduler Now working  
[2025-04-02 10:44:02] production.INFO: Scheduler Now working  
[2025-04-02 10:46:01] production.INFO: Scheduler Now working  
[2025-04-02 10:48:02] production.INFO: Scheduler Now working  
[2025-04-02 10:50:02] production.INFO: Scheduler Now working  
[2025-04-02 10:52:01] production.INFO: Scheduler Now working  
[2025-04-02 10:54:02] production.INFO: Scheduler Now working  
[2025-04-02 10:56:01] production.INFO: Scheduler Now working  
[2025-04-02 10:58:01] production.INFO: Scheduler Now working  
[2025-04-02 11:02:01] production.INFO: Scheduler Now working  
[2025-04-02 11:04:02] production.INFO: Scheduler Now working  
[2025-04-02 11:06:01] production.INFO: Scheduler Now working  
[2025-04-02 11:06:56] production.INFO: Scheduler Now working  
[2025-04-02 11:08:01] production.INFO: Scheduler Now working  
[2025-04-02 11:10:02] production.INFO: Scheduler Now working  
[2025-04-02 11:12:01] production.INFO: Scheduler Now working  
[2025-04-02 11:14:01] production.INFO: Scheduler Now working  
[2025-04-02 11:16:02] production.INFO: Scheduler Now working  
[2025-04-02 11:18:01] production.INFO: Scheduler Now working  
[2025-04-02 11:20:01] production.INFO: Scheduler Now working  
[2025-04-02 11:22:02] production.INFO: Scheduler Now working  
[2025-04-02 11:24:01] production.INFO: Scheduler Now working  
[2025-04-02 11:26:01] production.INFO: Scheduler Now working  
[2025-04-02 11:28:02] production.INFO: Scheduler Now working  
[2025-04-02 11:32:01] production.INFO: Scheduler Now working  
[2025-04-02 11:34:01] production.INFO: Scheduler Now working  
[2025-04-02 11:36:02] production.INFO: Scheduler Now working  
[2025-04-02 11:36:56] production.INFO: Scheduler Now working  
[2025-04-02 11:38:02] production.INFO: Scheduler Now working  
[2025-04-02 11:40:02] production.INFO: Scheduler Now working  
[2025-04-02 11:42:01] production.INFO: Scheduler Now working  
[2025-04-02 11:44:02] production.INFO: Scheduler Now working  
[2025-04-02 11:46:01] production.INFO: Scheduler Now working  
[2025-04-02 11:48:01] production.INFO: Scheduler Now working  
[2025-04-02 11:50:02] production.INFO: Scheduler Now working  
[2025-04-02 11:52:01] production.INFO: Scheduler Now working  
[2025-04-02 11:54:01] production.INFO: Scheduler Now working  
[2025-04-02 11:56:02] production.INFO: Scheduler Now working  
[2025-04-02 11:58:01] production.INFO: Scheduler Now working  
[2025-04-02 12:02:01] production.INFO: Scheduler Now working  
[2025-04-02 12:04:02] production.INFO: Scheduler Now working  
[2025-04-02 12:06:01] production.INFO: Scheduler Now working  
[2025-04-02 12:07:02] production.INFO: Scheduler Now working  
[2025-04-02 12:08:02] production.INFO: Scheduler Now working  
[2025-04-02 12:10:01] production.INFO: Scheduler Now working  
[2025-04-02 12:12:01] production.INFO: Scheduler Now working  
[2025-04-02 12:14:02] production.INFO: Scheduler Now working  
[2025-04-02 12:16:01] production.INFO: Scheduler Now working  
[2025-04-02 12:18:01] production.INFO: Scheduler Now working  
[2025-04-02 12:20:02] production.INFO: Scheduler Now working  
[2025-04-02 12:22:01] production.INFO: Scheduler Now working  
[2025-04-02 12:24:01] production.INFO: Scheduler Now working  
[2025-04-02 12:26:02] production.INFO: Scheduler Now working  
[2025-04-02 12:28:01] production.INFO: Scheduler Now working  
[2025-04-02 12:32:01] production.INFO: Scheduler Now working  
[2025-04-02 12:34:02] production.INFO: Scheduler Now working  
[2025-04-02 12:36:01] production.INFO: Scheduler Now working  
[2025-04-02 12:37:01] production.INFO: Scheduler Now working  
[2025-04-02 12:38:02] production.INFO: Scheduler Now working  
[2025-04-02 12:40:01] production.INFO: Scheduler Now working  
[2025-04-02 12:42:01] production.INFO: Scheduler Now working  
[2025-04-02 12:44:02] production.INFO: Scheduler Now working  
[2025-04-02 12:46:01] production.INFO: Scheduler Now working  
[2025-04-02 12:48:02] production.INFO: Scheduler Now working  
[2025-04-02 12:50:01] production.INFO: Scheduler Now working  
[2025-04-02 12:52:01] production.INFO: Scheduler Now working  
[2025-04-02 12:54:02] production.INFO: Scheduler Now working  
[2025-04-02 12:56:01] production.INFO: Scheduler Now working  
[2025-04-02 12:58:01] production.INFO: Scheduler Now working  
[2025-04-02 13:02:02] production.INFO: Scheduler Now working  
[2025-04-02 13:04:01] production.INFO: Scheduler Now working  
[2025-04-02 13:06:01] production.INFO: Scheduler Now working  
[2025-04-02 13:07:01] production.INFO: Scheduler Now working  
[2025-04-02 13:08:02] production.INFO: Scheduler Now working  
[2025-04-02 13:10:01] production.INFO: Scheduler Now working  
[2025-04-02 13:12:02] production.INFO: Scheduler Now working  
[2025-04-02 13:14:01] production.INFO: Scheduler Now working  
[2025-04-02 13:16:01] production.INFO: Scheduler Now working  
[2025-04-02 13:18:02] production.INFO: Scheduler Now working  
[2025-04-02 13:20:01] production.INFO: Scheduler Now working  
[2025-04-02 13:22:01] production.INFO: Scheduler Now working  
[2025-04-02 13:24:02] production.INFO: Scheduler Now working  
[2025-04-02 13:26:01] production.INFO: Scheduler Now working  
[2025-04-02 13:28:02] production.INFO: Scheduler Now working  
[2025-04-02 13:32:02] production.INFO: Scheduler Now working  
[2025-04-02 13:34:01] production.INFO: Scheduler Now working  
[2025-04-02 13:36:01] production.INFO: Scheduler Now working  
[2025-04-02 13:36:56] production.INFO: Scheduler Now working  
[2025-04-02 13:38:02] production.INFO: Scheduler Now working  
[2025-04-02 13:40:01] production.INFO: Scheduler Now working  
[2025-04-02 13:42:01] production.INFO: Scheduler Now working  
[2025-04-02 13:44:02] production.INFO: Scheduler Now working  
[2025-04-02 13:46:01] production.INFO: Scheduler Now working  
[2025-04-02 13:48:02] production.INFO: Scheduler Now working  
[2025-04-02 13:50:01] production.INFO: Scheduler Now working  
[2025-04-02 13:52:01] production.INFO: Scheduler Now working  
[2025-04-02 13:54:02] production.INFO: Scheduler Now working  
[2025-04-02 13:56:01] production.INFO: Scheduler Now working  
[2025-04-02 13:58:01] production.INFO: Scheduler Now working  
[2025-04-02 14:02:02] production.INFO: Scheduler Now working  
[2025-04-02 14:04:01] production.INFO: Scheduler Now working  
[2025-04-02 14:06:01] production.INFO: Scheduler Now working  
[2025-04-02 14:06:50] production.INFO: Scheduler Now working  
[2025-04-02 14:08:02] production.INFO: Scheduler Now working  
[2025-04-02 14:10:01] production.INFO: Scheduler Now working  
[2025-04-02 14:12:01] production.INFO: Scheduler Now working  
[2025-04-02 14:14:02] production.INFO: Scheduler Now working  
[2025-04-02 14:16:01] production.INFO: Scheduler Now working  
[2025-04-02 14:18:01] production.INFO: Scheduler Now working  
[2025-04-02 14:20:02] production.INFO: Scheduler Now working  
[2025-04-02 14:22:01] production.INFO: Scheduler Now working  
[2025-04-02 14:24:01] production.INFO: Scheduler Now working  
[2025-04-02 14:26:02] production.INFO: Scheduler Now working  
[2025-04-02 14:28:01] production.INFO: Scheduler Now working  
[2025-04-02 14:32:01] production.INFO: Scheduler Now working  
[2025-04-02 14:34:02] production.INFO: Scheduler Now working  
[2025-04-02 14:36:01] production.INFO: Scheduler Now working  
[2025-04-02 14:36:55] production.INFO: Scheduler Now working  
[2025-04-02 14:38:02] production.INFO: Scheduler Now working  
[2025-04-02 14:40:01] production.INFO: Scheduler Now working  
[2025-04-02 14:42:02] production.INFO: Scheduler Now working  
[2025-04-02 14:44:01] production.INFO: Scheduler Now working  
[2025-04-02 14:46:01] production.INFO: Scheduler Now working  
[2025-04-02 14:48:02] production.INFO: Scheduler Now working  
[2025-04-02 14:50:01] production.INFO: Scheduler Now working  
[2025-04-02 14:52:01] production.INFO: Scheduler Now working  
[2025-04-02 14:54:02] production.INFO: Scheduler Now working  
[2025-04-02 14:56:01] production.INFO: Scheduler Now working  
[2025-04-02 14:58:01] production.INFO: Scheduler Now working  
[2025-04-02 15:02:02] production.INFO: Scheduler Now working  
[2025-04-02 15:04:01] production.INFO: Scheduler Now working  
[2025-04-02 15:06:01] production.INFO: Scheduler Now working  
[2025-04-02 15:06:54] production.INFO: Scheduler Now working  
[2025-04-02 15:08:01] production.INFO: Scheduler Now working  
[2025-04-02 15:10:01] production.INFO: Scheduler Now working  
[2025-04-02 15:12:02] production.INFO: Scheduler Now working  
[2025-04-02 15:14:01] production.INFO: Scheduler Now working  
[2025-04-02 15:16:01] production.INFO: Scheduler Now working  
[2025-04-02 15:18:02] production.INFO: Scheduler Now working  
[2025-04-02 15:20:01] production.INFO: Scheduler Now working  
[2025-04-02 15:22:01] production.INFO: Scheduler Now working  
[2025-04-02 15:24:02] production.INFO: Scheduler Now working  
[2025-04-02 15:26:01] production.INFO: Scheduler Now working  
[2025-04-02 15:28:02] production.INFO: Scheduler Now working  
[2025-04-02 15:32:02] production.INFO: Scheduler Now working  
[2025-04-02 15:34:01] production.INFO: Scheduler Now working  
[2025-04-02 15:36:01] production.INFO: Scheduler Now working  
[2025-04-02 15:36:55] production.INFO: Scheduler Now working  
[2025-04-02 15:38:01] production.INFO: Scheduler Now working  
[2025-04-02 15:40:02] production.INFO: Scheduler Now working  
[2025-04-02 15:42:01] production.INFO: Scheduler Now working  
[2025-04-02 15:44:01] production.INFO: Scheduler Now working  
[2025-04-02 15:46:02] production.INFO: Scheduler Now working  
[2025-04-02 15:48:01] production.INFO: Scheduler Now working  
[2025-04-02 15:50:01] production.INFO: Scheduler Now working  
[2025-04-02 15:52:02] production.INFO: Scheduler Now working  
[2025-04-02 15:54:01] production.INFO: Scheduler Now working  
[2025-04-02 15:56:02] production.INFO: Scheduler Now working  
[2025-04-02 15:58:01] production.INFO: Scheduler Now working  
[2025-04-02 16:02:01] production.INFO: Scheduler Now working  
[2025-04-02 16:04:01] production.INFO: Scheduler Now working  
[2025-04-02 16:06:02] production.INFO: Scheduler Now working  
[2025-04-02 16:06:58] production.INFO: Scheduler Now working  
[2025-04-02 16:08:02] production.INFO: Scheduler Now working  
[2025-04-02 16:10:01] production.INFO: Scheduler Now working  
[2025-04-02 16:12:01] production.INFO: Scheduler Now working  
[2025-04-02 16:14:02] production.INFO: Scheduler Now working  
[2025-04-02 16:16:01] production.INFO: Scheduler Now working  
[2025-04-02 16:18:01] production.INFO: Scheduler Now working  
[2025-04-02 16:20:02] production.INFO: Scheduler Now working  
[2025-04-02 16:22:01] production.INFO: Scheduler Now working  
[2025-04-02 16:24:01] production.INFO: Scheduler Now working  
[2025-04-02 16:26:02] production.INFO: Scheduler Now working  
[2025-04-02 16:28:01] production.INFO: Scheduler Now working  
[2025-04-02 16:32:01] production.INFO: Scheduler Now working  
[2025-04-02 16:34:02] production.INFO: Scheduler Now working  
[2025-04-02 16:36:01] production.INFO: Scheduler Now working  
[2025-04-02 16:36:59] production.INFO: Scheduler Now working  
[2025-04-02 16:38:01] production.INFO: Scheduler Now working  
[2025-04-02 16:40:01] production.INFO: Scheduler Now working  
[2025-04-02 16:42:02] production.INFO: Scheduler Now working  
[2025-04-02 16:44:01] production.INFO: Scheduler Now working  
[2025-04-02 16:46:01] production.INFO: Scheduler Now working  
[2025-04-02 16:48:02] production.INFO: Scheduler Now working  
[2025-04-02 16:50:01] production.INFO: Scheduler Now working  
[2025-04-02 16:52:01] production.INFO: Scheduler Now working  
[2025-04-02 16:54:02] production.INFO: Scheduler Now working  
[2025-04-02 16:56:01] production.INFO: Scheduler Now working  
[2025-04-02 16:58:01] production.INFO: Scheduler Now working  
[2025-04-02 17:02:02] production.INFO: Scheduler Now working  
[2025-04-02 17:04:01] production.INFO: Scheduler Now working  
[2025-04-02 17:06:01] production.INFO: Scheduler Now working  
[2025-04-02 17:06:56] production.INFO: Scheduler Now working  
[2025-04-02 17:08:01] production.INFO: Scheduler Now working  
[2025-04-02 17:10:02] production.INFO: Scheduler Now working  
[2025-04-02 17:12:01] production.INFO: Scheduler Now working  
[2025-04-02 17:14:01] production.INFO: Scheduler Now working  
[2025-04-02 17:16:02] production.INFO: Scheduler Now working  
[2025-04-02 17:18:01] production.INFO: Scheduler Now working  
[2025-04-02 17:20:01] production.INFO: Scheduler Now working  
[2025-04-02 17:22:02] production.INFO: Scheduler Now working  
[2025-04-02 17:24:01] production.INFO: Scheduler Now working  
[2025-04-02 17:26:01] production.INFO: Scheduler Now working  
[2025-04-02 17:28:02] production.INFO: Scheduler Now working  
[2025-04-02 17:32:01] production.INFO: Scheduler Now working  
[2025-04-02 17:34:01] production.INFO: Scheduler Now working  
[2025-04-02 17:36:02] production.INFO: Scheduler Now working  
[2025-04-02 17:36:54] production.INFO: Scheduler Now working  
[2025-04-02 17:38:01] production.INFO: Scheduler Now working  
[2025-04-02 17:40:02] production.INFO: Scheduler Now working  
[2025-04-02 17:42:01] production.INFO: Scheduler Now working  
[2025-04-02 17:44:02] production.INFO: Scheduler Now working  
[2025-04-02 17:46:01] production.INFO: Scheduler Now working  
[2025-04-02 17:48:01] production.INFO: Scheduler Now working  
[2025-04-02 17:50:02] production.INFO: Scheduler Now working  
[2025-04-02 17:52:01] production.INFO: Scheduler Now working  
[2025-04-02 17:54:01] production.INFO: Scheduler Now working  
[2025-04-02 17:56:02] production.INFO: Scheduler Now working  
[2025-04-02 17:58:01] production.INFO: Scheduler Now working  
[2025-04-02 18:02:01] production.INFO: Scheduler Now working  
[2025-04-02 18:04:02] production.INFO: Scheduler Now working  
[2025-04-02 18:06:01] production.INFO: Scheduler Now working  
[2025-04-02 18:06:57] production.INFO: Scheduler Now working  
[2025-04-02 18:08:01] production.INFO: Scheduler Now working  
[2025-04-02 18:10:02] production.INFO: Scheduler Now working  
[2025-04-02 18:12:01] production.INFO: Scheduler Now working  
[2025-04-02 18:14:01] production.INFO: Scheduler Now working  
[2025-04-02 18:16:02] production.INFO: Scheduler Now working  
[2025-04-02 18:18:01] production.INFO: Scheduler Now working  
[2025-04-02 18:20:02] production.INFO: Scheduler Now working  
[2025-04-02 18:22:02] production.INFO: Scheduler Now working  
[2025-04-02 18:24:01] production.INFO: Scheduler Now working  
[2025-04-02 18:26:02] production.INFO: Scheduler Now working  
[2025-04-02 18:28:01] production.INFO: Scheduler Now working  
[2025-04-02 18:32:01] production.INFO: Scheduler Now working  
[2025-04-02 18:34:02] production.INFO: Scheduler Now working  
[2025-04-02 18:36:01] production.INFO: Scheduler Now working  
[2025-04-02 18:36:55] production.INFO: Scheduler Now working  
[2025-04-02 18:38:01] production.INFO: Scheduler Now working  
[2025-04-02 18:40:01] production.INFO: Scheduler Now working  
[2025-04-02 18:42:02] production.INFO: Scheduler Now working  
[2025-04-02 18:44:01] production.INFO: Scheduler Now working  
[2025-04-02 18:46:01] production.INFO: Scheduler Now working  
[2025-04-02 18:48:02] production.INFO: Scheduler Now working  
[2025-04-02 18:50:01] production.INFO: Scheduler Now working  
[2025-04-02 18:52:02] production.INFO: Scheduler Now working  
[2025-04-02 18:54:01] production.INFO: Scheduler Now working  
[2025-04-02 18:56:01] production.INFO: Scheduler Now working  
[2025-04-02 18:58:02] production.INFO: Scheduler Now working  
[2025-04-02 19:02:02] production.INFO: Scheduler Now working  
[2025-04-02 19:04:01] production.INFO: Scheduler Now working  
[2025-04-02 19:06:02] production.INFO: Scheduler Now working  
[2025-04-02 19:06:57] production.INFO: Scheduler Now working  
[2025-04-02 19:08:02] production.INFO: Scheduler Now working  
[2025-04-02 19:10:01] production.INFO: Scheduler Now working  
[2025-04-02 19:12:02] production.INFO: Scheduler Now working  
[2025-04-02 19:14:01] production.INFO: Scheduler Now working  
[2025-04-02 19:16:01] production.INFO: Scheduler Now working  
[2025-04-02 19:18:02] production.INFO: Scheduler Now working  
[2025-04-02 19:20:01] production.INFO: Scheduler Now working  
[2025-04-02 19:22:01] production.INFO: Scheduler Now working  
[2025-04-02 19:24:02] production.INFO: Scheduler Now working  
[2025-04-02 19:26:01] production.INFO: Scheduler Now working  
[2025-04-02 19:28:01] production.INFO: Scheduler Now working  
[2025-04-02 19:32:02] production.INFO: Scheduler Now working  
[2025-04-02 19:34:01] production.INFO: Scheduler Now working  
[2025-04-02 19:36:01] production.INFO: Scheduler Now working  
[2025-04-02 19:36:55] production.INFO: Scheduler Now working  
[2025-04-02 19:38:01] production.INFO: Scheduler Now working  
[2025-04-02 19:40:01] production.INFO: Scheduler Now working  
[2025-04-02 19:42:02] production.INFO: Scheduler Now working  
[2025-04-02 19:44:01] production.INFO: Scheduler Now working  
[2025-04-02 19:46:01] production.INFO: Scheduler Now working  
[2025-04-02 19:48:02] production.INFO: Scheduler Now working  
[2025-04-02 19:50:01] production.INFO: Scheduler Now working  
[2025-04-02 19:52:01] production.INFO: Scheduler Now working  
[2025-04-02 19:54:02] production.INFO: Scheduler Now working  
[2025-04-02 19:55:19] production.INFO: array (
  0 => '[]',
)  
[2025-04-02 19:55:19] production.ERROR: Undefined array key "authorization" {"exception":"[object] (ErrorException(code: 0): Undefined array key \"authorization\" at /var/www/groscope/app/Http/Controllers/Admin/WebHookController.php:18)
[stacktrace]
#0 /var/www/groscope/vendor/laravel/framework/src/Illuminate/Foundation/Bootstrap/HandleExceptions.php(255): Illuminate\\Foundation\\Bootstrap\\HandleExceptions->handleError()
#1 /var/www/groscope/app/Http/Controllers/Admin/WebHookController.php(18): Illuminate\\Foundation\\Bootstrap\\HandleExceptions->Illuminate\\Foundation\\Bootstrap\\{closure}()
#2 /var/www/groscope/vendor/laravel/framework/src/Illuminate/Routing/Controller.php(54): App\\Http\\Controllers\\Admin\\WebHookController->phonePeCallBack()
#3 /var/www/groscope/vendor/laravel/framework/src/Illuminate/Routing/ControllerDispatcher.php(43): Illuminate\\Routing\\Controller->callAction()
#4 /var/www/groscope/vendor/laravel/framework/src/Illuminate/Routing/Route.php(259): Illuminate\\Routing\\ControllerDispatcher->dispatch()
#5 /var/www/groscope/vendor/laravel/framework/src/Illuminate/Routing/Route.php(205): Illuminate\\Routing\\Route->runController()
#6 /var/www/groscope/vendor/laravel/framework/src/Illuminate/Routing/Router.php(806): Illuminate\\Routing\\Route->run()
#7 /var/www/groscope/vendor/laravel/framework/src/Illuminate/Pipeline/Pipeline.php(144): Illuminate\\Routing\\Router->Illuminate\\Routing\\{closure}()
#8 /var/www/groscope/app/Http/Middleware/CheckLoginSessionMiddleware.php(29): Illuminate\\Pipeline\\Pipeline->Illuminate\\Pipeline\\{closure}()
#9 /var/www/groscope/vendor/laravel/framework/src/Illuminate/Pipeline/Pipeline.php(183): App\\Http\\Middleware\\CheckLoginSessionMiddleware->handle()
#10 /var/www/groscope/app/Http/Middleware/SessionTimeOutHandleMiddleware.php(39): Illuminate\\Pipeline\\Pipeline->Illuminate\\Pipeline\\{closure}()
#11 /var/www/groscope/vendor/laravel/framework/src/Illuminate/Pipeline/Pipeline.php(183): App\\Http\\Middleware\\SessionTimeOutHandleMiddleware->handle()
#12 /var/www/groscope/vendor/laravel/framework/src/Illuminate/Routing/Middleware/SubstituteBindings.php(50): Illuminate\\Pipeline\\Pipeline->Illuminate\\Pipeline\\{closure}()
#13 /var/www/groscope/vendor/laravel/framework/src/Illuminate/Pipeline/Pipeline.php(183): Illuminate\\Routing\\Middleware\\SubstituteBindings->handle()
#14 /var/www/groscope/vendor/laravel/framework/src/Illuminate/View/Middleware/ShareErrorsFromSession.php(49): Illuminate\\Pipeline\\Pipeline->Illuminate\\Pipeline\\{closure}()
#15 /var/www/groscope/vendor/laravel/framework/src/Illuminate/Pipeline/Pipeline.php(183): Illuminate\\View\\Middleware\\ShareErrorsFromSession->handle()
#16 /var/www/groscope/vendor/laravel/framework/src/Illuminate/Session/Middleware/StartSession.php(121): Illuminate\\Pipeline\\Pipeline->Illuminate\\Pipeline\\{closure}()
#17 /var/www/groscope/vendor/laravel/framework/src/Illuminate/Session/Middleware/StartSession.php(64): Illuminate\\Session\\Middleware\\StartSession->handleStatefulRequest()
#18 /var/www/groscope/vendor/laravel/framework/src/Illuminate/Pipeline/Pipeline.php(183): Illuminate\\Session\\Middleware\\StartSession->handle()
#19 /var/www/groscope/vendor/laravel/framework/src/Illuminate/Cookie/Middleware/AddQueuedCookiesToResponse.php(37): Illuminate\\Pipeline\\Pipeline->Illuminate\\Pipeline\\{closure}()
#20 /var/www/groscope/vendor/laravel/framework/src/Illuminate/Pipeline/Pipeline.php(183): Illuminate\\Cookie\\Middleware\\AddQueuedCookiesToResponse->handle()
#21 /var/www/groscope/vendor/laravel/framework/src/Illuminate/Cookie/Middleware/EncryptCookies.php(67): Illuminate\\Pipeline\\Pipeline->Illuminate\\Pipeline\\{closure}()
#22 /var/www/groscope/vendor/laravel/framework/src/Illuminate/Pipeline/Pipeline.php(183): Illuminate\\Cookie\\Middleware\\EncryptCookies->handle()
#23 /var/www/groscope/vendor/laravel/framework/src/Illuminate/Pipeline/Pipeline.php(119): Illuminate\\Pipeline\\Pipeline->Illuminate\\Pipeline\\{closure}()
#24 /var/www/groscope/vendor/laravel/framework/src/Illuminate/Routing/Router.php(805): Illuminate\\Pipeline\\Pipeline->then()
#25 /var/www/groscope/vendor/laravel/framework/src/Illuminate/Routing/Router.php(784): Illuminate\\Routing\\Router->runRouteWithinStack()
#26 /var/www/groscope/vendor/laravel/framework/src/Illuminate/Routing/Router.php(748): Illuminate\\Routing\\Router->runRoute()
#27 /var/www/groscope/vendor/laravel/framework/src/Illuminate/Routing/Router.php(737): Illuminate\\Routing\\Router->dispatchToRoute()
#28 /var/www/groscope/vendor/laravel/framework/src/Illuminate/Foundation/Http/Kernel.php(200): Illuminate\\Routing\\Router->dispatch()
#29 /var/www/groscope/vendor/laravel/framework/src/Illuminate/Pipeline/Pipeline.php(144): Illuminate\\Foundation\\Http\\Kernel->Illuminate\\Foundation\\Http\\{closure}()
#30 /var/www/groscope/vendor/livewire/livewire/src/Features/SupportDisablingBackButtonCache/DisableBackButtonCacheMiddleware.php(19): Illuminate\\Pipeline\\Pipeline->Illuminate\\Pipeline\\{closure}()
#31 /var/www/groscope/vendor/laravel/framework/src/Illuminate/Pipeline/Pipeline.php(183): Livewire\\Features\\SupportDisablingBackButtonCache\\DisableBackButtonCacheMiddleware->handle()
#32 /var/www/groscope/vendor/laravel/framework/src/Illuminate/Foundation/Http/Middleware/TransformsRequest.php(21): Illuminate\\Pipeline\\Pipeline->Illuminate\\Pipeline\\{closure}()
#33 /var/www/groscope/vendor/laravel/framework/src/Illuminate/Foundation/Http/Middleware/ConvertEmptyStringsToNull.php(31): Illuminate\\Foundation\\Http\\Middleware\\TransformsRequest->handle()
#34 /var/www/groscope/vendor/laravel/framework/src/Illuminate/Pipeline/Pipeline.php(183): Illuminate\\Foundation\\Http\\Middleware\\ConvertEmptyStringsToNull->handle()
#35 /var/www/groscope/vendor/laravel/framework/src/Illuminate/Foundation/Http/Middleware/TransformsRequest.php(21): Illuminate\\Pipeline\\Pipeline->Illuminate\\Pipeline\\{closure}()
#36 /var/www/groscope/vendor/laravel/framework/src/Illuminate/Foundation/Http/Middleware/TrimStrings.php(40): Illuminate\\Foundation\\Http\\Middleware\\TransformsRequest->handle()
#37 /var/www/groscope/vendor/laravel/framework/src/Illuminate/Pipeline/Pipeline.php(183): Illuminate\\Foundation\\Http\\Middleware\\TrimStrings->handle()
#38 /var/www/groscope/vendor/laravel/framework/src/Illuminate/Foundation/Http/Middleware/ValidatePostSize.php(27): Illuminate\\Pipeline\\Pipeline->Illuminate\\Pipeline\\{closure}()
#39 /var/www/groscope/vendor/laravel/framework/src/Illuminate/Pipeline/Pipeline.php(183): Illuminate\\Foundation\\Http\\Middleware\\ValidatePostSize->handle()
#40 /var/www/groscope/vendor/laravel/framework/src/Illuminate/Foundation/Http/Middleware/PreventRequestsDuringMaintenance.php(99): Illuminate\\Pipeline\\Pipeline->Illuminate\\Pipeline\\{closure}()
#41 /var/www/groscope/vendor/laravel/framework/src/Illuminate/Pipeline/Pipeline.php(183): Illuminate\\Foundation\\Http\\Middleware\\PreventRequestsDuringMaintenance->handle()
#42 /var/www/groscope/vendor/laravel/framework/src/Illuminate/Http/Middleware/HandleCors.php(49): Illuminate\\Pipeline\\Pipeline->Illuminate\\Pipeline\\{closure}()
#43 /var/www/groscope/vendor/laravel/framework/src/Illuminate/Pipeline/Pipeline.php(183): Illuminate\\Http\\Middleware\\HandleCors->handle()
#44 /var/www/groscope/vendor/laravel/framework/src/Illuminate/Http/Middleware/TrustProxies.php(39): Illuminate\\Pipeline\\Pipeline->Illuminate\\Pipeline\\{closure}()
#45 /var/www/groscope/vendor/laravel/framework/src/Illuminate/Pipeline/Pipeline.php(183): Illuminate\\Http\\Middleware\\TrustProxies->handle()
#46 /var/www/groscope/vendor/laravel/framework/src/Illuminate/Pipeline/Pipeline.php(119): Illuminate\\Pipeline\\Pipeline->Illuminate\\Pipeline\\{closure}()
#47 /var/www/groscope/vendor/laravel/framework/src/Illuminate/Foundation/Http/Kernel.php(175): Illuminate\\Pipeline\\Pipeline->then()
#48 /var/www/groscope/vendor/laravel/framework/src/Illuminate/Foundation/Http/Kernel.php(144): Illuminate\\Foundation\\Http\\Kernel->sendRequestThroughRouter()
#49 /var/www/groscope/public/index.php(51): Illuminate\\Foundation\\Http\\Kernel->handle()
#50 {main}
"} 
[2025-04-02 19:56:01] production.INFO: Scheduler Now working  
[2025-04-02 19:58:02] production.INFO: Scheduler Now working  
[2025-04-02 19:59:01] production.INFO: array (
  'request_data' => '[]',
)  
[2025-04-02 19:59:01] production.ERROR: Class "App\Http\Controllers\Admin\Exception" not found {"exception":"[object] (Error(code: 0): Class \"App\\Http\\Controllers\\Admin\\Exception\" not found at /var/www/groscope/app/Http/Controllers/Admin/WebHookController.php:70)
[stacktrace]
#0 /var/www/groscope/vendor/laravel/framework/src/Illuminate/Routing/Controller.php(54): App\\Http\\Controllers\\Admin\\WebHookController->phonePeCallBack()
#1 /var/www/groscope/vendor/laravel/framework/src/Illuminate/Routing/ControllerDispatcher.php(43): Illuminate\\Routing\\Controller->callAction()
#2 /var/www/groscope/vendor/laravel/framework/src/Illuminate/Routing/Route.php(259): Illuminate\\Routing\\ControllerDispatcher->dispatch()
#3 /var/www/groscope/vendor/laravel/framework/src/Illuminate/Routing/Route.php(205): Illuminate\\Routing\\Route->runController()
#4 /var/www/groscope/vendor/laravel/framework/src/Illuminate/Routing/Router.php(806): Illuminate\\Routing\\Route->run()
#5 /var/www/groscope/vendor/laravel/framework/src/Illuminate/Pipeline/Pipeline.php(144): Illuminate\\Routing\\Router->Illuminate\\Routing\\{closure}()
#6 /var/www/groscope/app/Http/Middleware/CheckLoginSessionMiddleware.php(29): Illuminate\\Pipeline\\Pipeline->Illuminate\\Pipeline\\{closure}()
#7 /var/www/groscope/vendor/laravel/framework/src/Illuminate/Pipeline/Pipeline.php(183): App\\Http\\Middleware\\CheckLoginSessionMiddleware->handle()
#8 /var/www/groscope/app/Http/Middleware/SessionTimeOutHandleMiddleware.php(39): Illuminate\\Pipeline\\Pipeline->Illuminate\\Pipeline\\{closure}()
#9 /var/www/groscope/vendor/laravel/framework/src/Illuminate/Pipeline/Pipeline.php(183): App\\Http\\Middleware\\SessionTimeOutHandleMiddleware->handle()
#10 /var/www/groscope/vendor/laravel/framework/src/Illuminate/Routing/Middleware/SubstituteBindings.php(50): Illuminate\\Pipeline\\Pipeline->Illuminate\\Pipeline\\{closure}()
#11 /var/www/groscope/vendor/laravel/framework/src/Illuminate/Pipeline/Pipeline.php(183): Illuminate\\Routing\\Middleware\\SubstituteBindings->handle()
#12 /var/www/groscope/vendor/laravel/framework/src/Illuminate/View/Middleware/ShareErrorsFromSession.php(49): Illuminate\\Pipeline\\Pipeline->Illuminate\\Pipeline\\{closure}()
#13 /var/www/groscope/vendor/laravel/framework/src/Illuminate/Pipeline/Pipeline.php(183): Illuminate\\View\\Middleware\\ShareErrorsFromSession->handle()
#14 /var/www/groscope/vendor/laravel/framework/src/Illuminate/Session/Middleware/StartSession.php(121): Illuminate\\Pipeline\\Pipeline->Illuminate\\Pipeline\\{closure}()
#15 /var/www/groscope/vendor/laravel/framework/src/Illuminate/Session/Middleware/StartSession.php(64): Illuminate\\Session\\Middleware\\StartSession->handleStatefulRequest()
#16 /var/www/groscope/vendor/laravel/framework/src/Illuminate/Pipeline/Pipeline.php(183): Illuminate\\Session\\Middleware\\StartSession->handle()
#17 /var/www/groscope/vendor/laravel/framework/src/Illuminate/Cookie/Middleware/AddQueuedCookiesToResponse.php(37): Illuminate\\Pipeline\\Pipeline->Illuminate\\Pipeline\\{closure}()
#18 /var/www/groscope/vendor/laravel/framework/src/Illuminate/Pipeline/Pipeline.php(183): Illuminate\\Cookie\\Middleware\\AddQueuedCookiesToResponse->handle()
#19 /var/www/groscope/vendor/laravel/framework/src/Illuminate/Cookie/Middleware/EncryptCookies.php(67): Illuminate\\Pipeline\\Pipeline->Illuminate\\Pipeline\\{closure}()
#20 /var/www/groscope/vendor/laravel/framework/src/Illuminate/Pipeline/Pipeline.php(183): Illuminate\\Cookie\\Middleware\\EncryptCookies->handle()
#21 /var/www/groscope/vendor/laravel/framework/src/Illuminate/Pipeline/Pipeline.php(119): Illuminate\\Pipeline\\Pipeline->Illuminate\\Pipeline\\{closure}()
#22 /var/www/groscope/vendor/laravel/framework/src/Illuminate/Routing/Router.php(805): Illuminate\\Pipeline\\Pipeline->then()
#23 /var/www/groscope/vendor/laravel/framework/src/Illuminate/Routing/Router.php(784): Illuminate\\Routing\\Router->runRouteWithinStack()
#24 /var/www/groscope/vendor/laravel/framework/src/Illuminate/Routing/Router.php(748): Illuminate\\Routing\\Router->runRoute()
#25 /var/www/groscope/vendor/laravel/framework/src/Illuminate/Routing/Router.php(737): Illuminate\\Routing\\Router->dispatchToRoute()
#26 /var/www/groscope/vendor/laravel/framework/src/Illuminate/Foundation/Http/Kernel.php(200): Illuminate\\Routing\\Router->dispatch()
#27 /var/www/groscope/vendor/laravel/framework/src/Illuminate/Pipeline/Pipeline.php(144): Illuminate\\Foundation\\Http\\Kernel->Illuminate\\Foundation\\Http\\{closure}()
#28 /var/www/groscope/vendor/livewire/livewire/src/Features/SupportDisablingBackButtonCache/DisableBackButtonCacheMiddleware.php(19): Illuminate\\Pipeline\\Pipeline->Illuminate\\Pipeline\\{closure}()
#29 /var/www/groscope/vendor/laravel/framework/src/Illuminate/Pipeline/Pipeline.php(183): Livewire\\Features\\SupportDisablingBackButtonCache\\DisableBackButtonCacheMiddleware->handle()
#30 /var/www/groscope/vendor/laravel/framework/src/Illuminate/Foundation/Http/Middleware/TransformsRequest.php(21): Illuminate\\Pipeline\\Pipeline->Illuminate\\Pipeline\\{closure}()
#31 /var/www/groscope/vendor/laravel/framework/src/Illuminate/Foundation/Http/Middleware/ConvertEmptyStringsToNull.php(31): Illuminate\\Foundation\\Http\\Middleware\\TransformsRequest->handle()
#32 /var/www/groscope/vendor/laravel/framework/src/Illuminate/Pipeline/Pipeline.php(183): Illuminate\\Foundation\\Http\\Middleware\\ConvertEmptyStringsToNull->handle()
#33 /var/www/groscope/vendor/laravel/framework/src/Illuminate/Foundation/Http/Middleware/TransformsRequest.php(21): Illuminate\\Pipeline\\Pipeline->Illuminate\\Pipeline\\{closure}()
#34 /var/www/groscope/vendor/laravel/framework/src/Illuminate/Foundation/Http/Middleware/TrimStrings.php(40): Illuminate\\Foundation\\Http\\Middleware\\TransformsRequest->handle()
#35 /var/www/groscope/vendor/laravel/framework/src/Illuminate/Pipeline/Pipeline.php(183): Illuminate\\Foundation\\Http\\Middleware\\TrimStrings->handle()
#36 /var/www/groscope/vendor/laravel/framework/src/Illuminate/Foundation/Http/Middleware/ValidatePostSize.php(27): Illuminate\\Pipeline\\Pipeline->Illuminate\\Pipeline\\{closure}()
#37 /var/www/groscope/vendor/laravel/framework/src/Illuminate/Pipeline/Pipeline.php(183): Illuminate\\Foundation\\Http\\Middleware\\ValidatePostSize->handle()
#38 /var/www/groscope/vendor/laravel/framework/src/Illuminate/Foundation/Http/Middleware/PreventRequestsDuringMaintenance.php(99): Illuminate\\Pipeline\\Pipeline->Illuminate\\Pipeline\\{closure}()
#39 /var/www/groscope/vendor/laravel/framework/src/Illuminate/Pipeline/Pipeline.php(183): Illuminate\\Foundation\\Http\\Middleware\\PreventRequestsDuringMaintenance->handle()
#40 /var/www/groscope/vendor/laravel/framework/src/Illuminate/Http/Middleware/HandleCors.php(49): Illuminate\\Pipeline\\Pipeline->Illuminate\\Pipeline\\{closure}()
#41 /var/www/groscope/vendor/laravel/framework/src/Illuminate/Pipeline/Pipeline.php(183): Illuminate\\Http\\Middleware\\HandleCors->handle()
#42 /var/www/groscope/vendor/laravel/framework/src/Illuminate/Http/Middleware/TrustProxies.php(39): Illuminate\\Pipeline\\Pipeline->Illuminate\\Pipeline\\{closure}()
#43 /var/www/groscope/vendor/laravel/framework/src/Illuminate/Pipeline/Pipeline.php(183): Illuminate\\Http\\Middleware\\TrustProxies->handle()
#44 /var/www/groscope/vendor/laravel/framework/src/Illuminate/Pipeline/Pipeline.php(119): Illuminate\\Pipeline\\Pipeline->Illuminate\\Pipeline\\{closure}()
#45 /var/www/groscope/vendor/laravel/framework/src/Illuminate/Foundation/Http/Kernel.php(175): Illuminate\\Pipeline\\Pipeline->then()
#46 /var/www/groscope/vendor/laravel/framework/src/Illuminate/Foundation/Http/Kernel.php(144): Illuminate\\Foundation\\Http\\Kernel->sendRequestThroughRouter()
#47 /var/www/groscope/public/index.php(51): Illuminate\\Foundation\\Http\\Kernel->handle()
#48 {main}
"} 
[2025-04-02 19:59:43] production.INFO: array (
  'request_data' => '[]',
)  
[2025-04-02 19:59:43] production.ERROR: Payment Processing Error: Missing authorization header.  
[2025-04-02 20:02:02] production.INFO: Scheduler Now working  
[2025-04-02 20:04:01] production.INFO: Scheduler Now working  
[2025-04-02 20:05:48] production.INFO: array (
  'request_data' => '[]',
)  
[2025-04-02 20:05:48] production.ERROR: Payment Processing Error: Invalid payload structure.  
[2025-04-02 20:06:02] production.INFO: Scheduler Now working  
[2025-04-02 20:06:33] production.INFO: array (
  'request_data' => '{"event":"checkout.order.completed","payload":{"orderId":"OMO2403282020198641071317","merchantId":"merchantId","merchantOrderId":"merchantOrderId","state":"COMPLETED","amount":10000,"expireAt":1724866793837,"metaInfo":{"udf1":null,"udf2":null,"udf3":null,"udf4":null},"paymentDetails":[{"paymentMode":"UPI_QR","transactionId":"OM12334","timestamp":1724866793837,"amount":10000,"state":"COMPLETED","splitInstruments":[{"amount":10000,"rail":{"type":"UPI","upiTransactionId":"upi12313","vpa":"abcd@ybl"},"instrument":{"type":"ACCOUNT","accountType":"SAVINGS","accountNumber":"121212121212"}}]}]}}',
)  
[2025-04-02 20:06:49] production.INFO: Scheduler Now working  
[2025-04-02 20:08:01] production.INFO: Scheduler Now working  
[2025-04-02 20:10:02] production.INFO: Scheduler Now working  
[2025-04-02 20:12:01] production.INFO: Scheduler Now working  
[2025-04-02 20:14:01] production.INFO: Scheduler Now working  
[2025-04-02 20:16:02] production.INFO: Scheduler Now working  
[2025-04-02 20:18:01] production.INFO: Scheduler Now working  
[2025-04-02 20:20:01] production.INFO: Scheduler Now working  
[2025-04-02 20:22:02] production.INFO: Scheduler Now working  
[2025-04-02 20:24:01] production.INFO: Scheduler Now working  
[2025-04-02 20:26:01] production.INFO: Scheduler Now working  
[2025-04-02 20:28:02] production.INFO: Scheduler Now working  
[2025-04-02 20:28:19] production.INFO: array (
  'request_data' => '{"type":"CHECKOUT_ORDER_FAILED","event":"checkout.order.failed","payload":{"merchantId":"GROSCOONLINE","merchantOrderId":"GROSC353849984037","orderId":"OMO2504022008172485923655","state":"FAILED","amount":1000,"expireAt":1743605897247,"errorCode":"TXN_NOT_COMPLETED","detailedErrorCode":"U69","paymentDetails":[{"transactionId":"OM2504022010281270353552","paymentMode":"UPI_COLLECT","timestamp":1743604828176,"amount":1000,"payableAmount":1000,"feeAmount":0,"state":"FAILED","errorCode":"TXN_NOT_COMPLETED","detailedErrorCode":"U69"}]}}',
)  
[2025-04-02 20:28:21] production.INFO: Webhook Url Not a registerd  
[2025-04-02 20:32:01] production.INFO: Scheduler Now working  
[2025-04-02 20:34:01] production.INFO: Scheduler Now working  
[2025-04-02 20:36:02] production.INFO: Scheduler Now working  
[2025-04-02 20:36:51] production.INFO: Scheduler Now working  
[2025-04-02 20:38:01] production.INFO: Scheduler Now working  
[2025-04-02 20:40:02] production.INFO: Scheduler Now working  
[2025-04-02 20:42:01] production.INFO: Scheduler Now working  
[2025-04-02 20:44:02] production.INFO: Scheduler Now working  
[2025-04-02 20:46:01] production.INFO: Scheduler Now working  
[2025-04-02 20:48:01] production.INFO: Scheduler Now working  
[2025-04-02 20:50:02] production.INFO: Scheduler Now working  
[2025-04-02 20:52:01] production.INFO: Scheduler Now working  
[2025-04-02 20:54:01] production.INFO: Scheduler Now working  
[2025-04-02 20:56:02] production.INFO: Scheduler Now working  
[2025-04-02 20:58:01] production.INFO: Scheduler Now working  
[2025-04-02 21:02:01] production.INFO: Scheduler Now working  
[2025-04-02 21:04:02] production.INFO: Scheduler Now working  
[2025-04-02 21:06:01] production.INFO: Scheduler Now working  
[2025-04-02 21:06:52] production.INFO: Scheduler Now working  
[2025-04-02 21:08:01] production.INFO: Scheduler Now working  
[2025-04-02 21:10:02] production.INFO: Scheduler Now working  
[2025-04-02 21:12:01] production.INFO: Scheduler Now working  
[2025-04-02 21:14:01] production.INFO: Scheduler Now working  
[2025-04-02 21:16:02] production.INFO: Scheduler Now working  
[2025-04-02 21:18:01] production.INFO: Scheduler Now working  
[2025-04-02 21:20:01] production.INFO: Scheduler Now working  
[2025-04-02 21:22:02] production.INFO: Scheduler Now working  
[2025-04-02 21:24:01] production.INFO: Scheduler Now working  
[2025-04-02 21:26:01] production.INFO: Scheduler Now working  
[2025-04-02 21:28:02] production.INFO: Scheduler Now working  
[2025-04-02 21:32:01] production.INFO: Scheduler Now working  
[2025-04-02 21:34:01] production.INFO: Scheduler Now working  
[2025-04-02 21:36:02] production.INFO: Scheduler Now working  
[2025-04-02 21:36:56] production.INFO: Scheduler Now working  
[2025-04-02 21:38:02] production.INFO: Scheduler Now working  
[2025-04-02 21:40:01] production.INFO: Scheduler Now working  
[2025-04-02 21:42:01] production.INFO: Scheduler Now working  
[2025-04-02 21:44:02] production.INFO: Scheduler Now working  
[2025-04-02 21:46:01] production.INFO: Scheduler Now working  
[2025-04-02 21:48:01] production.INFO: Scheduler Now working  
[2025-04-02 21:50:02] production.INFO: Scheduler Now working  
[2025-04-02 21:52:01] production.INFO: Scheduler Now working  
[2025-04-02 21:54:02] production.INFO: Scheduler Now working  
[2025-04-02 21:56:01] production.INFO: Scheduler Now working  
[2025-04-02 21:58:01] production.INFO: Scheduler Now working  
[2025-04-02 22:02:01] production.INFO: Scheduler Now working  
[2025-04-02 22:04:02] production.INFO: Scheduler Now working  
[2025-04-02 22:06:01] production.INFO: Scheduler Now working  
[2025-04-02 22:06:54] production.INFO: Scheduler Now working  
[2025-04-02 22:08:01] production.INFO: Scheduler Now working  
[2025-04-02 22:10:02] production.INFO: Scheduler Now working  
[2025-04-02 22:12:01] production.INFO: Scheduler Now working  
[2025-04-02 22:14:01] production.INFO: Scheduler Now working  
[2025-04-02 22:16:02] production.INFO: Scheduler Now working  
[2025-04-02 22:18:01] production.INFO: Scheduler Now working  
[2025-04-02 22:20:01] production.INFO: Scheduler Now working  
[2025-04-02 22:22:02] production.INFO: Scheduler Now working  
[2025-04-02 22:24:01] production.INFO: Scheduler Now working  
[2025-04-02 22:26:02] production.INFO: Scheduler Now working  
[2025-04-02 22:28:01] production.INFO: Scheduler Now working  
[2025-04-02 22:32:01] production.INFO: Scheduler Now working  
[2025-04-02 22:34:02] production.INFO: Scheduler Now working  
[2025-04-02 22:36:01] production.INFO: Scheduler Now working  
[2025-04-02 22:36:49] production.INFO: Scheduler Now working  
[2025-04-02 22:38:01] production.INFO: Scheduler Now working  
[2025-04-02 22:40:02] production.INFO: Scheduler Now working  
[2025-04-02 22:42:01] production.INFO: Scheduler Now working  
[2025-04-02 22:44:01] production.INFO: Scheduler Now working  
[2025-04-02 22:46:02] production.INFO: Scheduler Now working  
[2025-04-02 22:48:01] production.INFO: Scheduler Now working  
[2025-04-02 22:50:02] production.INFO: Scheduler Now working  
[2025-04-02 22:52:01] production.INFO: Scheduler Now working  
[2025-04-02 22:54:01] production.INFO: Scheduler Now working  
[2025-04-02 22:56:02] production.INFO: Scheduler Now working  
[2025-04-02 22:58:01] production.INFO: Scheduler Now working  
[2025-04-02 23:00:44] production.INFO: array (
  'request_data' => '{"type":"CHECKOUT_ORDER_COMPLETED","event":"checkout.order.completed","payload":{"merchantId":"GROSCOONLINE","merchantOrderId":"GROSC321798748256","orderId":"OMO2504022300082055204162","state":"COMPLETED","amount":1000,"expireAt":1743616208204,"paymentDetails":[{"transactionId":"OM2504022300220404821501","paymentMode":"UPI_QR","timestamp":1743615022077,"amount":1000,"payableAmount":1000,"feeAmount":0,"state":"COMPLETED","instrument":{"type":"ACCOUNT","maskedAccountNumber":"XXXXXXXXXXXX3762","ifsc":"AUBL0002216","accountType":"SAVINGS"},"rail":{"type":"UPI","utr":"080766944386","upiTransactionId":"YBL5d64a5f2dea7419da310d56bd6112c3d"},"splitInstruments":[{"instrument":{"type":"ACCOUNT","maskedAccountNumber":"XXXXXXXXXXXX3762","ifsc":"AUBL0002216","accountType":"SAVINGS"},"rail":{"type":"UPI","utr":"080766944386","upiTransactionId":"YBL5d64a5f2dea7419da310d56bd6112c3d"},"amount":1000}]}]}}',
)  
[2025-04-02 23:00:47] production.INFO: Webhook Url Not a registerd  
[2025-04-02 23:02:01] production.INFO: Scheduler Now working  
[2025-04-02 23:04:02] production.INFO: Scheduler Now working  
[2025-04-02 23:04:30] production.INFO: array (
  'request_data' => '{"type":"CHECKOUT_ORDER_COMPLETED","event":"checkout.order.completed","payload":{"merchantId":"GROSCOONLINE","merchantOrderId":"GROSC583147683514","orderId":"OMO2504022302586245923045","state":"COMPLETED","amount":1000,"expireAt":1743616378623,"paymentDetails":[{"transactionId":"OM2504022304054592325162","paymentMode":"UPI_COLLECT","timestamp":1743615245505,"amount":1000,"payableAmount":1000,"feeAmount":0,"state":"COMPLETED","instrument":{"type":"ACCOUNT","maskedAccountNumber":"XXXXXXXXXXXX3762","ifsc":"AUBL0002216","accountType":"SAVINGS"},"rail":{"type":"UPI","utr":"002412902299","upiTransactionId":"YBL6dfb1fb886a0405cb9b5e16bf831be95"},"splitInstruments":[{"instrument":{"type":"ACCOUNT","maskedAccountNumber":"XXXXXXXXXXXX3762","ifsc":"AUBL0002216","accountType":"SAVINGS"},"rail":{"type":"UPI","utr":"002412902299","upiTransactionId":"YBL6dfb1fb886a0405cb9b5e16bf831be95"},"amount":1000}]}]}}',
)  
[2025-04-02 23:04:33] production.INFO: Webhook Url Not a registerd  
[2025-04-02 23:06:01] production.INFO: Scheduler Now working  
[2025-04-02 23:06:48] production.INFO: Scheduler Now working  
[2025-04-02 23:08:01] production.INFO: Scheduler Now working  
[2025-04-02 23:10:02] production.INFO: Scheduler Now working  
[2025-04-02 23:10:03] production.INFO: array (
  'request_data' => '{"type":"CHECKOUT_ORDER_COMPLETED","event":"checkout.order.completed","payload":{"merchantId":"GROSCOONLINE","merchantOrderId":"GROSC472921815478","orderId":"OMO2504022309284847167187","state":"COMPLETED","amount":1000,"expireAt":1743616768483,"paymentDetails":[{"transactionId":"OM2504022309401442325256","paymentMode":"UPI_QR","timestamp":1743615580175,"amount":1000,"payableAmount":1000,"feeAmount":0,"state":"COMPLETED","instrument":{"type":"ACCOUNT","maskedAccountNumber":"XXXXXXXXXXXX3762","ifsc":"AUBL0002216","accountType":"SAVINGS"},"rail":{"type":"UPI","utr":"184581121651","upiTransactionId":"YBL5068f1b20d9a47c1871026891c4c2c8c"},"splitInstruments":[{"instrument":{"type":"ACCOUNT","maskedAccountNumber":"XXXXXXXXXXXX3762","ifsc":"AUBL0002216","accountType":"SAVINGS"},"rail":{"type":"UPI","utr":"184581121651","upiTransactionId":"YBL5068f1b20d9a47c1871026891c4c2c8c"},"amount":1000}]}]}}',
)  
[2025-04-02 23:10:04] production.INFO: Webhook Url Not a registerd  
[2025-04-02 23:12:01] production.INFO: Scheduler Now working  
[2025-04-02 23:14:01] production.INFO: Scheduler Now working  
[2025-04-02 23:16:02] production.INFO: Scheduler Now working  
[2025-04-02 23:18:01] production.INFO: Scheduler Now working  
[2025-04-02 23:20:02] production.INFO: Scheduler Now working  
[2025-04-02 23:22:02] production.INFO: Scheduler Now working  
[2025-04-02 23:24:01] production.INFO: Scheduler Now working  
[2025-04-02 23:26:02] production.INFO: Scheduler Now working  
[2025-04-02 23:28:01] production.INFO: Scheduler Now working  
[2025-04-02 23:32:01] production.INFO: Scheduler Now working  
[2025-04-02 23:34:01] production.INFO: Scheduler Now working  
[2025-04-02 23:36:02] production.INFO: Scheduler Now working  
[2025-04-02 23:36:49] production.INFO: Scheduler Now working  
[2025-04-02 23:38:01] production.INFO: Scheduler Now working  
[2025-04-02 23:40:02] production.INFO: Scheduler Now working  
[2025-04-02 23:40:52] production.INFO: array (
  'request_data' => '{"type":"CHECKOUT_ORDER_COMPLETED","event":"checkout.order.completed","payload":{"merchantId":"GROSCOONLINE","merchantOrderId":"GROSC779206168243","orderId":"OMO2504022339000110127764","state":"COMPLETED","amount":10000,"expireAt":1743618540010,"paymentDetails":[{"transactionId":"OM2504022340173550245092","paymentMode":"UPI_INTENT","timestamp":1743617417384,"amount":10000,"payableAmount":10000,"feeAmount":0,"state":"COMPLETED","instrument":{"type":"ACCOUNT","ifsc":"IDFB0040101","accountType":"SAVINGS"},"rail":{"type":"UPI","utr":"509281651234","upiTransactionId":"IDFOP5642vBTQaFIou5yJ9DzZ9zQmw1TM7o"},"splitInstruments":[{"instrument":{"type":"ACCOUNT","ifsc":"IDFB0040101","accountType":"SAVINGS"},"rail":{"type":"UPI","utr":"509281651234","upiTransactionId":"IDFOP5642vBTQaFIou5yJ9DzZ9zQmw1TM7o"},"amount":10000}]}]}}',
)  
[2025-04-02 23:40:54] production.INFO: Webhook Url Not a registerd  
[2025-04-02 23:42:01] production.INFO: Scheduler Now working  
[2025-04-02 23:44:01] production.INFO: Scheduler Now working  
[2025-04-02 23:46:02] production.INFO: Scheduler Now working  
[2025-04-02 23:48:01] production.INFO: Scheduler Now working  
[2025-04-02 23:50:02] production.INFO: Scheduler Now working  
[2025-04-02 23:52:01] production.INFO: Scheduler Now working  
[2025-04-02 23:54:01] production.INFO: Scheduler Now working  
[2025-04-02 23:56:02] production.INFO: Scheduler Now working  
[2025-04-02 23:58:01] production.INFO: Scheduler Now working  
[2025-04-02 23:59:02] production.ERROR: Attempt to read property "id" on null {"exception":"[object] (ErrorException(code: 0): Attempt to read property \"id\" on null at /var/www/groscope/app/Traits/LoginSessionTraits.php:36)
[stacktrace]
#0 /var/www/groscope/vendor/laravel/framework/src/Illuminate/Foundation/Bootstrap/HandleExceptions.php(255): Illuminate\\Foundation\\Bootstrap\\HandleExceptions->handleError()
#1 /var/www/groscope/app/Traits/LoginSessionTraits.php(36): Illuminate\\Foundation\\Bootstrap\\HandleExceptions->Illuminate\\Foundation\\Bootstrap\\{closure}()
#2 /var/www/groscope/app/Livewire/Admin/Auth/AuthComponent.php(35): App\\Livewire\\Admin\\Auth\\AuthComponent->checkLastUserActivity()
#3 /var/www/groscope/vendor/laravel/framework/src/Illuminate/Container/BoundMethod.php(36): App\\Livewire\\Admin\\Auth\\AuthComponent->doLogin()
#4 /var/www/groscope/vendor/laravel/framework/src/Illuminate/Container/Util.php(41): Illuminate\\Container\\BoundMethod::Illuminate\\Container\\{closure}()
#5 /var/www/groscope/vendor/laravel/framework/src/Illuminate/Container/BoundMethod.php(93): Illuminate\\Container\\Util::unwrapIfClosure()
#6 /var/www/groscope/vendor/laravel/framework/src/Illuminate/Container/BoundMethod.php(35): Illuminate\\Container\\BoundMethod::callBoundMethod()
#7 /var/www/groscope/vendor/livewire/livewire/src/Wrapped.php(23): Illuminate\\Container\\BoundMethod::call()
#8 /var/www/groscope/vendor/livewire/livewire/src/Mechanisms/HandleComponents/HandleComponents.php(474): Livewire\\Wrapped->__call()
#9 /var/www/groscope/vendor/livewire/livewire/src/Mechanisms/HandleComponents/HandleComponents.php(101): Livewire\\Mechanisms\\HandleComponents\\HandleComponents->callMethods()
#10 /var/www/groscope/vendor/livewire/livewire/src/LivewireManager.php(97): Livewire\\Mechanisms\\HandleComponents\\HandleComponents->update()
#11 /var/www/groscope/vendor/livewire/livewire/src/Mechanisms/HandleRequests/HandleRequests.php(94): Livewire\\LivewireManager->update()
#12 /var/www/groscope/vendor/laravel/framework/src/Illuminate/Routing/ControllerDispatcher.php(46): Livewire\\Mechanisms\\HandleRequests\\HandleRequests->handleUpdate()
#13 /var/www/groscope/vendor/laravel/framework/src/Illuminate/Routing/Route.php(259): Illuminate\\Routing\\ControllerDispatcher->dispatch()
#14 /var/www/groscope/vendor/laravel/framework/src/Illuminate/Routing/Route.php(205): Illuminate\\Routing\\Route->runController()
#15 /var/www/groscope/vendor/laravel/framework/src/Illuminate/Routing/Router.php(806): Illuminate\\Routing\\Route->run()
#16 /var/www/groscope/vendor/laravel/framework/src/Illuminate/Pipeline/Pipeline.php(144): Illuminate\\Routing\\Router->Illuminate\\Routing\\{closure}()
#17 /var/www/groscope/app/Http/Middleware/CheckLoginSessionMiddleware.php(29): Illuminate\\Pipeline\\Pipeline->Illuminate\\Pipeline\\{closure}()
#18 /var/www/groscope/vendor/laravel/framework/src/Illuminate/Pipeline/Pipeline.php(183): App\\Http\\Middleware\\CheckLoginSessionMiddleware->handle()
#19 /var/www/groscope/app/Http/Middleware/SessionTimeOutHandleMiddleware.php(39): Illuminate\\Pipeline\\Pipeline->Illuminate\\Pipeline\\{closure}()
#20 /var/www/groscope/vendor/laravel/framework/src/Illuminate/Pipeline/Pipeline.php(183): App\\Http\\Middleware\\SessionTimeOutHandleMiddleware->handle()
#21 /var/www/groscope/vendor/laravel/framework/src/Illuminate/Routing/Middleware/SubstituteBindings.php(50): Illuminate\\Pipeline\\Pipeline->Illuminate\\Pipeline\\{closure}()
#22 /var/www/groscope/vendor/laravel/framework/src/Illuminate/Pipeline/Pipeline.php(183): Illuminate\\Routing\\Middleware\\SubstituteBindings->handle()
#23 /var/www/groscope/vendor/laravel/framework/src/Illuminate/Foundation/Http/Middleware/VerifyCsrfToken.php(78): Illuminate\\Pipeline\\Pipeline->Illuminate\\Pipeline\\{closure}()
#24 /var/www/groscope/vendor/laravel/framework/src/Illuminate/Pipeline/Pipeline.php(183): Illuminate\\Foundation\\Http\\Middleware\\VerifyCsrfToken->handle()
#25 /var/www/groscope/vendor/laravel/framework/src/Illuminate/View/Middleware/ShareErrorsFromSession.php(49): Illuminate\\Pipeline\\Pipeline->Illuminate\\Pipeline\\{closure}()
#26 /var/www/groscope/vendor/laravel/framework/src/Illuminate/Pipeline/Pipeline.php(183): Illuminate\\View\\Middleware\\ShareErrorsFromSession->handle()
#27 /var/www/groscope/vendor/laravel/framework/src/Illuminate/Session/Middleware/StartSession.php(121): Illuminate\\Pipeline\\Pipeline->Illuminate\\Pipeline\\{closure}()
#28 /var/www/groscope/vendor/laravel/framework/src/Illuminate/Session/Middleware/StartSession.php(64): Illuminate\\Session\\Middleware\\StartSession->handleStatefulRequest()
#29 /var/www/groscope/vendor/laravel/framework/src/Illuminate/Pipeline/Pipeline.php(183): Illuminate\\Session\\Middleware\\StartSession->handle()
#30 /var/www/groscope/vendor/laravel/framework/src/Illuminate/Cookie/Middleware/AddQueuedCookiesToResponse.php(37): Illuminate\\Pipeline\\Pipeline->Illuminate\\Pipeline\\{closure}()
#31 /var/www/groscope/vendor/laravel/framework/src/Illuminate/Pipeline/Pipeline.php(183): Illuminate\\Cookie\\Middleware\\AddQueuedCookiesToResponse->handle()
#32 /var/www/groscope/vendor/laravel/framework/src/Illuminate/Cookie/Middleware/EncryptCookies.php(67): Illuminate\\Pipeline\\Pipeline->Illuminate\\Pipeline\\{closure}()
#33 /var/www/groscope/vendor/laravel/framework/src/Illuminate/Pipeline/Pipeline.php(183): Illuminate\\Cookie\\Middleware\\EncryptCookies->handle()
#34 /var/www/groscope/vendor/laravel/framework/src/Illuminate/Pipeline/Pipeline.php(119): Illuminate\\Pipeline\\Pipeline->Illuminate\\Pipeline\\{closure}()
#35 /var/www/groscope/vendor/laravel/framework/src/Illuminate/Routing/Router.php(805): Illuminate\\Pipeline\\Pipeline->then()
#36 /var/www/groscope/vendor/laravel/framework/src/Illuminate/Routing/Router.php(784): Illuminate\\Routing\\Router->runRouteWithinStack()
#37 /var/www/groscope/vendor/laravel/framework/src/Illuminate/Routing/Router.php(748): Illuminate\\Routing\\Router->runRoute()
#38 /var/www/groscope/vendor/laravel/framework/src/Illuminate/Routing/Router.php(737): Illuminate\\Routing\\Router->dispatchToRoute()
#39 /var/www/groscope/vendor/laravel/framework/src/Illuminate/Foundation/Http/Kernel.php(200): Illuminate\\Routing\\Router->dispatch()
#40 /var/www/groscope/vendor/laravel/framework/src/Illuminate/Pipeline/Pipeline.php(144): Illuminate\\Foundation\\Http\\Kernel->Illuminate\\Foundation\\Http\\{closure}()
#41 /var/www/groscope/vendor/livewire/livewire/src/Features/SupportDisablingBackButtonCache/DisableBackButtonCacheMiddleware.php(19): Illuminate\\Pipeline\\Pipeline->Illuminate\\Pipeline\\{closure}()
#42 /var/www/groscope/vendor/laravel/framework/src/Illuminate/Pipeline/Pipeline.php(183): Livewire\\Features\\SupportDisablingBackButtonCache\\DisableBackButtonCacheMiddleware->handle()
#43 /var/www/groscope/vendor/laravel/framework/src/Illuminate/Foundation/Http/Middleware/ConvertEmptyStringsToNull.php(27): Illuminate\\Pipeline\\Pipeline->Illuminate\\Pipeline\\{closure}()
#44 /var/www/groscope/vendor/laravel/framework/src/Illuminate/Pipeline/Pipeline.php(183): Illuminate\\Foundation\\Http\\Middleware\\ConvertEmptyStringsToNull->handle()
#45 /var/www/groscope/vendor/laravel/framework/src/Illuminate/Foundation/Http/Middleware/TrimStrings.php(36): Illuminate\\Pipeline\\Pipeline->Illuminate\\Pipeline\\{closure}()
#46 /var/www/groscope/vendor/laravel/framework/src/Illuminate/Pipeline/Pipeline.php(183): Illuminate\\Foundation\\Http\\Middleware\\TrimStrings->handle()
#47 /var/www/groscope/vendor/laravel/framework/src/Illuminate/Foundation/Http/Middleware/ValidatePostSize.php(27): Illuminate\\Pipeline\\Pipeline->Illuminate\\Pipeline\\{closure}()
#48 /var/www/groscope/vendor/laravel/framework/src/Illuminate/Pipeline/Pipeline.php(183): Illuminate\\Foundation\\Http\\Middleware\\ValidatePostSize->handle()
#49 /var/www/groscope/vendor/laravel/framework/src/Illuminate/Foundation/Http/Middleware/PreventRequestsDuringMaintenance.php(99): Illuminate\\Pipeline\\Pipeline->Illuminate\\Pipeline\\{closure}()
#50 /var/www/groscope/vendor/laravel/framework/src/Illuminate/Pipeline/Pipeline.php(183): Illuminate\\Foundation\\Http\\Middleware\\PreventRequestsDuringMaintenance->handle()
#51 /var/www/groscope/vendor/laravel/framework/src/Illuminate/Http/Middleware/HandleCors.php(49): Illuminate\\Pipeline\\Pipeline->Illuminate\\Pipeline\\{closure}()
#52 /var/www/groscope/vendor/laravel/framework/src/Illuminate/Pipeline/Pipeline.php(183): Illuminate\\Http\\Middleware\\HandleCors->handle()
#53 /var/www/groscope/vendor/laravel/framework/src/Illuminate/Http/Middleware/TrustProxies.php(39): Illuminate\\Pipeline\\Pipeline->Illuminate\\Pipeline\\{closure}()
#54 /var/www/groscope/vendor/laravel/framework/src/Illuminate/Pipeline/Pipeline.php(183): Illuminate\\Http\\Middleware\\TrustProxies->handle()
#55 /var/www/groscope/vendor/laravel/framework/src/Illuminate/Pipeline/Pipeline.php(119): Illuminate\\Pipeline\\Pipeline->Illuminate\\Pipeline\\{closure}()
#56 /var/www/groscope/vendor/laravel/framework/src/Illuminate/Foundation/Http/Kernel.php(175): Illuminate\\Pipeline\\Pipeline->then()
#57 /var/www/groscope/vendor/laravel/framework/src/Illuminate/Foundation/Http/Kernel.php(144): Illuminate\\Foundation\\Http\\Kernel->sendRequestThroughRouter()
#58 /var/www/groscope/public/index.php(51): Illuminate\\Foundation\\Http\\Kernel->handle()
#59 {main}
"} 
